[ 2015-04-18T09:10:05+08:00 ] 192.168.99.44 /zmjh/
INFO: [ app_init ] --START--
INFO: Run Behavior\BuildLiteBehavior [ RunTime:0.000020s ]
INFO: Run Common\Behavior\InitHookBehavior [ RunTime:0.033000s ]
INFO: [ app_init ] --END-- [ RunTime:0.033379s ]
INFO: [ app_begin ] --START--
INFO: Run Behavior\ReadHtmlCacheBehavior [ RunTime:0.000657s ]
INFO: [ app_begin ] --END-- [ RunTime:0.000718s ]
INFO: [ app_exec_start ] --START--
INFO: Run Common\Behavior\ExtendBehavior [ RunTime:0.003055s ]
INFO: [ app_exec_start ] --END-- [ RunTime:0.003114s ]
INFO: [ view_parse ] --START--
INFO: [ template_filter ] --START--
INFO: Run Behavior\ContentReplaceBehavior [ RunTime:0.000145s ]
INFO: [ template_filter ] --END-- [ RunTime:0.000215s ]
NOTIC: [8] Undefined variable: rootNav /Users/tiptimes/Desktop/www/zmjh/Runtime/Cache/Home/d47a95e26afad0914a77b8d51ce79b85.php 第 116 行.
NOTIC: [8192] mysql_connect(): The mysql extension is deprecated and will be removed in the future: use mysqli or PDO instead /Users/tiptimes/Desktop/www/zmjh/ThinkPHP/Library/Think/Db/Driver/Mysql.class.php 第 52 行.
SQL: SHOW COLUMNS FROM `jdi_node` [ RunTime:0.017628s ]
SQL: SELECT * FROM `jdi_node` WHERE `status` = 1 AND `type` IN ('1','2','3') AND `pid` = 0 AND `index_show` = 1 ORDER BY sort  [ RunTime:0.012636s ]
SQL: SELECT COUNT(*) AS tp_count FROM `jdi_node` WHERE `pid` = 1 AND `status` = 1 AND `type` IN ('1','2','3') AND `index_show` = 1 LIMIT 1   [ RunTime:0.000168s ]
SQL: SELECT COUNT(*) AS tp_count FROM `jdi_node` WHERE `pid` = 2 AND `status` = 1 AND `type` IN ('1','2','3') AND `index_show` = 1 LIMIT 1   [ RunTime:0.000176s ]
SQL: SELECT COUNT(*) AS tp_count FROM `jdi_node` WHERE `pid` = 3 AND `status` = 1 AND `type` IN ('1','2','3') AND `index_show` = 1 LIMIT 1   [ RunTime:0.000153s ]
SQL: SELECT COUNT(*) AS tp_count FROM `jdi_node` WHERE `pid` = 4 AND `status` = 1 AND `type` IN ('1','2','3') AND `index_show` = 1 LIMIT 1   [ RunTime:0.000168s ]
SQL: SELECT COUNT(*) AS tp_count FROM `jdi_node` WHERE `pid` = 5 AND `status` = 1 AND `type` IN ('1','2','3') AND `index_show` = 1 LIMIT 1   [ RunTime:0.000101s ]
SQL: SELECT COUNT(*) AS tp_count FROM `jdi_node` WHERE `pid` = 6 AND `status` = 1 AND `type` IN ('1','2','3') AND `index_show` = 1 LIMIT 1   [ RunTime:0.000096s ]
INFO: [ pageFooter ] --START--
SQL: SHOW COLUMNS FROM `jdi_addons` [ RunTime:0.056510s ]
SQL: SELECT `config` FROM `jdi_addons` WHERE `name` = 'IPlistener' AND `status` = 1 LIMIT 1   [ RunTime:0.000377s ]
INFO: [ view_parse ] --START--
INFO: [ template_filter ] --START--
INFO: Run Behavior\ContentReplaceBehavior [ RunTime:0.000045s ]
INFO: [ template_filter ] --END-- [ RunTime:-0.148635s ]
INFO: Run Behavior\ParseTemplateBehavior [ RunTime:0.017665s ]
INFO: [ view_parse ] --END-- [ RunTime:0.017737s ]
INFO: [ view_filter ] --START--
INFO: Run Behavior\WriteHtmlCacheBehavior [ RunTime:0.029567s ]
INFO: [ view_filter ] --END-- [ RunTime:0.029642s ]
INFO: Run Addons\IPlistener\IPlistenerAddon [ RunTime:0.134497s ]
INFO: [ pageFooter ] --END-- [ RunTime:0.134539s ]
INFO: Run Behavior\ParseTemplateBehavior [ RunTime:0.047489s ]
INFO: [ view_parse ] --END-- [ RunTime:0.017737s ]
INFO: [ view_filter ] --START--
INFO: Run Behavior\WriteHtmlCacheBehavior [ RunTime:0.000014s ]
INFO: [ view_filter ] --END-- [ RunTime:-0.000163s ]
INFO: [ app_end ] --START--
INFO: Run Behavior\ShowPageTraceBehavior [ RunTime:0.000755s ]
INFO: [ app_end ] --END-- [ RunTime:0.000813s ]

[ 2015-04-18T09:10:06+08:00 ] 192.168.99.44 /zmjh/index.php/Home/Index/index/_extend/addons/_addons/IPlistener/_controller/IPlistener/_action/updateIp.html
INFO: [ app_init ] --START--
INFO: Run Behavior\BuildLiteBehavior [ RunTime:0.000015s ]
INFO: Run Common\Behavior\InitHookBehavior [ RunTime:0.001073s ]
INFO: [ app_init ] --END-- [ RunTime:0.001409s ]
INFO: [ app_begin ] --START--
INFO: Run Behavior\ReadHtmlCacheBehavior [ RunTime:0.000425s ]
INFO: [ app_begin ] --END-- [ RunTime:0.000473s ]
INFO: [ app_exec_start ] --START--
NOTIC: [8192] mysql_connect(): The mysql extension is deprecated and will be removed in the future: use mysqli or PDO instead /Users/tiptimes/Desktop/www/zmjh/ThinkPHP/Library/Think/Db/Driver/Mysql.class.php 第 52 行.
SQL: SHOW COLUMNS FROM `jdi_addons` [ RunTime:0.001616s ]
SQL: SELECT * FROM `jdi_addons` WHERE `name` = 'IPlistener' LIMIT 1   [ RunTime:0.000161s ]
SQL: SHOW COLUMNS FROM `jdi_iplistener` [ RunTime:0.055183s ]
SQL: INSERT INTO `jdi_iplistener` (`ip`,`visit_time`,`visit_url`,`city`,`isp`) VALUES ('192.168.99.44',1429319406,'http://192.168.99.31/zmjh/','未分配或者内网IP','') [ RunTime:0.000215s ]

[ 2015-04-18T10:10:04+08:00 ] 192.168.99.27 /zmjh/
INFO: [ app_init ] --START--
INFO: Run Behavior\BuildLiteBehavior [ RunTime:0.000018s ]
INFO: Run Common\Behavior\InitHookBehavior [ RunTime:0.001100s ]
INFO: [ app_init ] --END-- [ RunTime:0.001442s ]
INFO: [ app_begin ] --START--
INFO: Run Behavior\ReadHtmlCacheBehavior [ RunTime:0.000447s ]
INFO: [ app_begin ] --END-- [ RunTime:0.000500s ]
INFO: [ app_exec_start ] --START--
INFO: Run Common\Behavior\ExtendBehavior [ RunTime:0.002899s ]
INFO: [ app_exec_start ] --END-- [ RunTime:0.002955s ]
INFO: [ view_parse ] --START--
INFO: [ template_filter ] --START--
INFO: Run Behavior\ContentReplaceBehavior [ RunTime:0.000114s ]
INFO: [ template_filter ] --END-- [ RunTime:0.000179s ]
NOTIC: [8] Undefined variable: rootNav /Users/tiptimes/Desktop/www/zmjh/Runtime/Cache/Home/d47a95e26afad0914a77b8d51ce79b85.php 第 116 行.
NOTIC: [8192] mysql_connect(): The mysql extension is deprecated and will be removed in the future: use mysqli or PDO instead /Users/tiptimes/Desktop/www/zmjh/ThinkPHP/Library/Think/Db/Driver/Mysql.class.php 第 52 行.
SQL: SHOW COLUMNS FROM `jdi_node` [ RunTime:0.012842s ]
SQL: SELECT * FROM `jdi_node` WHERE `status` = 1 AND `type` IN ('1','2','3') AND `pid` = 0 AND `index_show` = 1 ORDER BY sort  [ RunTime:0.000246s ]
SQL: SELECT COUNT(*) AS tp_count FROM `jdi_node` WHERE `pid` = 1 AND `status` = 1 AND `type` IN ('1','2','3') AND `index_show` = 1 LIMIT 1   [ RunTime:0.000252s ]
SQL: SELECT COUNT(*) AS tp_count FROM `jdi_node` WHERE `pid` = 2 AND `status` = 1 AND `type` IN ('1','2','3') AND `index_show` = 1 LIMIT 1   [ RunTime:0.000103s ]
SQL: SELECT COUNT(*) AS tp_count FROM `jdi_node` WHERE `pid` = 3 AND `status` = 1 AND `type` IN ('1','2','3') AND `index_show` = 1 LIMIT 1   [ RunTime:0.000099s ]
SQL: SELECT COUNT(*) AS tp_count FROM `jdi_node` WHERE `pid` = 4 AND `status` = 1 AND `type` IN ('1','2','3') AND `index_show` = 1 LIMIT 1   [ RunTime:0.000114s ]
SQL: SELECT COUNT(*) AS tp_count FROM `jdi_node` WHERE `pid` = 5 AND `status` = 1 AND `type` IN ('1','2','3') AND `index_show` = 1 LIMIT 1   [ RunTime:0.000111s ]
SQL: SELECT COUNT(*) AS tp_count FROM `jdi_node` WHERE `pid` = 6 AND `status` = 1 AND `type` IN ('1','2','3') AND `index_show` = 1 LIMIT 1   [ RunTime:0.000110s ]
INFO: [ pageFooter ] --START--
SQL: SHOW COLUMNS FROM `jdi_addons` [ RunTime:0.006136s ]
SQL: SELECT `config` FROM `jdi_addons` WHERE `name` = 'IPlistener' AND `status` = 1 LIMIT 1   [ RunTime:0.000108s ]
INFO: [ view_parse ] --START--
INFO: [ template_filter ] --START--
INFO: Run Behavior\ContentReplaceBehavior [ RunTime:0.000040s ]
INFO: [ template_filter ] --END-- [ RunTime:-0.036169s ]
INFO: Run Behavior\ParseTemplateBehavior [ RunTime:0.006993s ]
INFO: [ view_parse ] --END-- [ RunTime:0.007049s ]
INFO: [ view_filter ] --START--
INFO: Run Behavior\WriteHtmlCacheBehavior [ RunTime:0.000120s ]
INFO: [ view_filter ] --END-- [ RunTime:0.000163s ]
INFO: Run Addons\IPlistener\IPlistenerAddon [ RunTime:0.014837s ]
INFO: [ pageFooter ] --END-- [ RunTime:0.014880s ]
INFO: Run Behavior\ParseTemplateBehavior [ RunTime:0.007298s ]
INFO: [ view_parse ] --END-- [ RunTime:0.007049s ]
INFO: [ view_filter ] --START--
INFO: Run Behavior\WriteHtmlCacheBehavior [ RunTime:0.000011s ]
INFO: [ view_filter ] --END-- [ RunTime:-0.000134s ]
INFO: [ app_end ] --START--
INFO: Run Behavior\ShowPageTraceBehavior [ RunTime:0.000458s ]
INFO: [ app_end ] --END-- [ RunTime:0.000510s ]

[ 2015-04-18T10:10:05+08:00 ] 192.168.99.27 /zmjh/index.php/Home/Index/index/_extend/addons/_addons/IPlistener/_controller/IPlistener/_action/updateIp.html
INFO: [ app_init ] --START--
INFO: Run Behavior\BuildLiteBehavior [ RunTime:0.000014s ]
INFO: Run Common\Behavior\InitHookBehavior [ RunTime:0.001048s ]
INFO: [ app_init ] --END-- [ RunTime:0.001376s ]
INFO: [ app_begin ] --START--
INFO: Run Behavior\ReadHtmlCacheBehavior [ RunTime:0.000380s ]
INFO: [ app_begin ] --END-- [ RunTime:0.000429s ]
INFO: [ app_exec_start ] --START--
NOTIC: [8192] mysql_connect(): The mysql extension is deprecated and will be removed in the future: use mysqli or PDO instead /Users/tiptimes/Desktop/www/zmjh/ThinkPHP/Library/Think/Db/Driver/Mysql.class.php 第 52 行.
SQL: SHOW COLUMNS FROM `jdi_addons` [ RunTime:0.001272s ]
SQL: SELECT * FROM `jdi_addons` WHERE `name` = 'IPlistener' LIMIT 1   [ RunTime:0.000118s ]
SQL: SHOW COLUMNS FROM `jdi_iplistener` [ RunTime:0.006372s ]
SQL: INSERT INTO `jdi_iplistener` (`ip`,`visit_time`,`visit_url`,`city`,`isp`) VALUES ('192.168.99.27',1429323004,'http://192.168.99.31/zmjh/','未分配或者内网IP','') [ RunTime:0.000118s ]

