[ 2015-01-29T16:11:02+08:00 ] ::1 /jdicms/
INFO: [ app_init ] --START--
INFO: Run Behavior\BuildLiteBehavior [ RunTime:0.000014s ]
INFO: Run Common\Behavior\InitHookBehavior [ RunTime:0.001200s ]
INFO: [ app_init ] --END-- [ RunTime:0.001538s ]
INFO: [ app_begin ] --START--
INFO: Run Behavior\ReadHtmlCacheBehavior [ RunTime:0.000993s ]
INFO: [ app_begin ] --END-- [ RunTime:0.001110s ]

[ 2015-01-29T18:50:43+08:00 ] ::1 /jdicms/
INFO: [ app_init ] --START--
INFO: Run Behavior\BuildLiteBehavior [ RunTime:0.000021s ]
INFO: Run Common\Behavior\InitHookBehavior [ RunTime:0.004219s ]
INFO: [ app_init ] --END-- [ RunTime:0.005043s ]
INFO: [ app_begin ] --START--
INFO: Run Behavior\ReadHtmlCacheBehavior [ RunTime:0.000811s ]
INFO: [ app_begin ] --END-- [ RunTime:0.000898s ]

[ 2015-01-29T18:52:55+08:00 ] ::1 /jdicms/
INFO: [ app_init ] --START--
INFO: Run Behavior\BuildLiteBehavior [ RunTime:0.000036s ]
INFO: Run Common\Behavior\InitHookBehavior [ RunTime:0.003401s ]
INFO: [ app_init ] --END-- [ RunTime:0.004326s ]
INFO: [ app_begin ] --START--
INFO: Run Behavior\ReadHtmlCacheBehavior [ RunTime:0.001889s ]
INFO: [ app_begin ] --END-- [ RunTime:0.002069s ]

[ 2015-01-29T18:55:39+08:00 ] ::1 /jdicms/
INFO: [ app_init ] --START--
INFO: Run Behavior\BuildLiteBehavior [ RunTime:0.000016s ]
INFO: Run Common\Behavior\InitHookBehavior [ RunTime:0.001192s ]
INFO: [ app_init ] --END-- [ RunTime:0.001564s ]
INFO: [ app_begin ] --START--
INFO: Run Behavior\ReadHtmlCacheBehavior [ RunTime:0.000456s ]
INFO: [ app_begin ] --END-- [ RunTime:0.000516s ]

[ 2015-01-29T18:55:39+08:00 ] ::1 /jdicms/dispatch-execute_addons-_addons-Webim-_controller-Webim-_action-boot.html
INFO: [ app_init ] --START--
INFO: Run Behavior\BuildLiteBehavior [ RunTime:0.000032s ]
INFO: Run Common\Behavior\InitHookBehavior [ RunTime:0.002047s ]
INFO: [ app_init ] --END-- [ RunTime:0.002786s ]
INFO: [ app_begin ] --START--
INFO: Run Behavior\ReadHtmlCacheBehavior [ RunTime:0.000802s ]
INFO: [ app_begin ] --END-- [ RunTime:0.000950s ]

[ 2015-01-29T18:55:51+08:00 ] ::1 /jdicms/
INFO: [ app_init ] --START--
INFO: Run Behavior\BuildLiteBehavior [ RunTime:0.000016s ]
INFO: Run Common\Behavior\InitHookBehavior [ RunTime:0.001211s ]
INFO: [ app_init ] --END-- [ RunTime:0.001611s ]
INFO: [ app_begin ] --START--
INFO: Run Behavior\ReadHtmlCacheBehavior [ RunTime:0.000446s ]
INFO: [ app_begin ] --END-- [ RunTime:0.000504s ]

[ 2015-01-29T18:55:51+08:00 ] ::1 /jdicms/dispatch-execute_addons-_addons-Webim-_controller-Webim-_action-boot.html
INFO: [ app_init ] --START--
INFO: Run Behavior\BuildLiteBehavior [ RunTime:0.000042s ]
INFO: Run Common\Behavior\InitHookBehavior [ RunTime:0.002867s ]
INFO: [ app_init ] --END-- [ RunTime:0.004212s ]
INFO: [ app_begin ] --START--
INFO: Run Behavior\ReadHtmlCacheBehavior [ RunTime:0.001909s ]
INFO: [ app_begin ] --END-- [ RunTime:0.002036s ]

[ 2015-01-29T18:55:59+08:00 ] ::1 /jdicms/
INFO: [ app_init ] --START--
INFO: Run Behavior\BuildLiteBehavior [ RunTime:0.000016s ]
INFO: Run Common\Behavior\InitHookBehavior [ RunTime:0.001250s ]
INFO: [ app_init ] --END-- [ RunTime:0.001604s ]
INFO: [ app_begin ] --START--
INFO: Run Behavior\ReadHtmlCacheBehavior [ RunTime:0.000504s ]
INFO: [ app_begin ] --END-- [ RunTime:0.000573s ]

[ 2015-01-29T18:55:59+08:00 ] ::1 /jdicms/dispatch-execute_addons-_addons-Webim-_controller-Webim-_action-boot.html
INFO: [ app_init ] --START--
INFO: Run Behavior\BuildLiteBehavior [ RunTime:0.000050s ]
INFO: Run Common\Behavior\InitHookBehavior [ RunTime:0.005627s ]
INFO: [ app_init ] --END-- [ RunTime:0.006574s ]
INFO: [ app_begin ] --START--
INFO: Run Behavior\ReadHtmlCacheBehavior [ RunTime:0.001680s ]
INFO: [ app_begin ] --END-- [ RunTime:0.002189s ]

[ 2015-01-29T18:56:28+08:00 ] ::1 /jdicms/
INFO: [ app_init ] --START--
INFO: Run Behavior\BuildLiteBehavior [ RunTime:0.000016s ]
INFO: Run Common\Behavior\InitHookBehavior [ RunTime:0.001445s ]
INFO: [ app_init ] --END-- [ RunTime:0.001816s ]
INFO: [ app_begin ] --START--
INFO: Run Behavior\ReadHtmlCacheBehavior [ RunTime:0.000431s ]
INFO: [ app_begin ] --END-- [ RunTime:0.000492s ]

[ 2015-01-29T18:56:28+08:00 ] ::1 /jdicms/dispatch-execute_addons-_addons-Webim-_controller-Webim-_action-boot.html
INFO: [ app_init ] --START--
INFO: Run Behavior\BuildLiteBehavior [ RunTime:0.000031s ]
INFO: Run Common\Behavior\InitHookBehavior [ RunTime:0.003909s ]
INFO: [ app_init ] --END-- [ RunTime:0.004988s ]
INFO: [ app_begin ] --START--
INFO: Run Behavior\ReadHtmlCacheBehavior [ RunTime:0.004150s ]
INFO: [ app_begin ] --END-- [ RunTime:0.004440s ]

[ 2015-01-29T18:57:38+08:00 ] ::1 /jdicms/
INFO: [ app_init ] --START--
INFO: Run Behavior\BuildLiteBehavior [ RunTime:0.000045s ]
INFO: Run Common\Behavior\InitHookBehavior [ RunTime:0.003269s ]
INFO: [ app_init ] --END-- [ RunTime:0.004055s ]
INFO: [ app_begin ] --START--
INFO: Run Behavior\ReadHtmlCacheBehavior [ RunTime:0.000804s ]
INFO: [ app_begin ] --END-- [ RunTime:0.000892s ]
NOTIC: [2] session_start(): Cannot send session cache limiter - headers already sent (output started at /Users/haoli/Desktop/www/jdicms/ThinkPHP/Library/Think/Hook.class.php:119) /Users/haoli/Desktop/www/jdicms/ThinkPHP/Common/functions.php 第 1192 行.

[ 2015-01-29T18:57:38+08:00 ] ::1 /jdicms/dispatch-execute_addons-_addons-Webim-_controller-Webim-_action-boot.html
INFO: [ app_init ] --START--
INFO: Run Behavior\BuildLiteBehavior [ RunTime:0.000064s ]
INFO: Run Common\Behavior\InitHookBehavior [ RunTime:0.010802s ]
INFO: [ app_init ] --END-- [ RunTime:0.011499s ]
INFO: [ app_begin ] --START--
INFO: Run Behavior\ReadHtmlCacheBehavior [ RunTime:0.000774s ]
INFO: [ app_begin ] --END-- [ RunTime:0.000880s ]
NOTIC: [2] session_start(): Cannot send session cache limiter - headers already sent (output started at /Users/haoli/Desktop/www/jdicms/ThinkPHP/Library/Think/Hook.class.php:119) /Users/haoli/Desktop/www/jdicms/ThinkPHP/Common/functions.php 第 1192 行.

[ 2015-01-29T18:58:04+08:00 ] ::1 /jdicms/
INFO: [ app_init ] --START--
INFO: Run Behavior\BuildLiteBehavior [ RunTime:0.000037s ]
INFO: Run Common\Behavior\InitHookBehavior [ RunTime:0.001503s ]
INFO: [ app_init ] --END-- [ RunTime:0.001950s ]
INFO: [ app_begin ] --START--
INFO: Run Behavior\ReadHtmlCacheBehavior [ RunTime:0.000505s ]
INFO: [ app_begin ] --END-- [ RunTime:0.000593s ]
NOTIC: [2] session_start(): Cannot send session cache limiter - headers already sent (output started at /Users/haoli/Desktop/www/jdicms/ThinkPHP/Library/Think/Hook.class.php:119) /Users/haoli/Desktop/www/jdicms/ThinkPHP/Common/functions.php 第 1192 行.

[ 2015-01-29T18:58:04+08:00 ] ::1 /jdicms/dispatch-execute_addons-_addons-Webim-_controller-Webim-_action-boot.html
INFO: [ app_init ] --START--
INFO: Run Behavior\BuildLiteBehavior [ RunTime:0.000062s ]
INFO: Run Common\Behavior\InitHookBehavior [ RunTime:0.003873s ]
INFO: [ app_init ] --END-- [ RunTime:0.004832s ]
INFO: [ app_begin ] --START--
INFO: Run Behavior\ReadHtmlCacheBehavior [ RunTime:0.006733s ]
INFO: [ app_begin ] --END-- [ RunTime:0.006882s ]
NOTIC: [2] session_start(): Cannot send session cache limiter - headers already sent (output started at /Users/haoli/Desktop/www/jdicms/ThinkPHP/Library/Think/Hook.class.php:119) /Users/haoli/Desktop/www/jdicms/ThinkPHP/Common/functions.php 第 1192 行.

[ 2015-01-29T18:58:44+08:00 ] ::1 /jdicms/
INFO: [ app_init ] --START--
INFO: Run Behavior\BuildLiteBehavior [ RunTime:0.000015s ]
INFO: Run Common\Behavior\InitHookBehavior [ RunTime:0.001085s ]
INFO: [ app_init ] --END-- [ RunTime:0.001435s ]
INFO: [ app_begin ] --START--
INFO: Run Behavior\ReadHtmlCacheBehavior [ RunTime:0.000386s ]
INFO: [ app_begin ] --END-- [ RunTime:0.000442s ]
NOTIC: [2] session_start(): Cannot send session cache limiter - headers already sent (output started at /Users/haoli/Desktop/www/jdicms/ThinkPHP/Library/Think/Hook.class.php:88) /Users/haoli/Desktop/www/jdicms/ThinkPHP/Common/functions.php 第 1192 行.

[ 2015-01-29T18:58:44+08:00 ] ::1 /jdicms/dispatch-execute_addons-_addons-Webim-_controller-Webim-_action-boot.html
INFO: [ app_init ] --START--
INFO: Run Behavior\BuildLiteBehavior [ RunTime:0.000026s ]
INFO: Run Common\Behavior\InitHookBehavior [ RunTime:0.003797s ]
INFO: [ app_init ] --END-- [ RunTime:0.004437s ]
INFO: [ app_begin ] --START--
INFO: Run Behavior\ReadHtmlCacheBehavior [ RunTime:0.000776s ]
INFO: [ app_begin ] --END-- [ RunTime:0.001014s ]
NOTIC: [2] session_start(): Cannot send session cache limiter - headers already sent (output started at /Users/haoli/Desktop/www/jdicms/ThinkPHP/Library/Think/Hook.class.php:88) /Users/haoli/Desktop/www/jdicms/ThinkPHP/Common/functions.php 第 1192 行.

[ 2015-01-29T18:59:30+08:00 ] ::1 /jdicms/
INFO: [ app_init ] --START--
INFO: Run Behavior\BuildLiteBehavior [ RunTime:0.000027s ]
INFO: Run Common\Behavior\InitHookBehavior [ RunTime:0.001469s ]
INFO: [ app_init ] --END-- [ RunTime:0.001961s ]
INFO: [ app_begin ] --START--
INFO: Run Behavior\ReadHtmlCacheBehavior [ RunTime:0.000469s ]
INFO: [ app_begin ] --END-- [ RunTime:0.000553s ]

[ 2015-01-29T18:59:30+08:00 ] ::1 /jdicms/dispatch-execute_addons-_addons-Webim-_controller-Webim-_action-boot.html
INFO: [ app_init ] --START--
INFO: Run Behavior\BuildLiteBehavior [ RunTime:0.000028s ]
INFO: Run Common\Behavior\InitHookBehavior [ RunTime:0.007948s ]
INFO: [ app_init ] --END-- [ RunTime:0.008940s ]
INFO: [ app_begin ] --START--
INFO: Run Behavior\ReadHtmlCacheBehavior [ RunTime:0.001191s ]
INFO: [ app_begin ] --END-- [ RunTime:0.001396s ]

[ 2015-01-29T18:59:36+08:00 ] ::1 /jdicms/
INFO: [ app_init ] --START--
INFO: Run Behavior\BuildLiteBehavior [ RunTime:0.000016s ]
INFO: Run Common\Behavior\InitHookBehavior [ RunTime:0.001424s ]
INFO: [ app_init ] --END-- [ RunTime:0.001803s ]
INFO: [ app_begin ] --START--
INFO: Run Behavior\ReadHtmlCacheBehavior [ RunTime:0.000452s ]
INFO: [ app_begin ] --END-- [ RunTime:0.000515s ]

[ 2015-01-29T18:59:37+08:00 ] ::1 /jdicms/dispatch-execute_addons-_addons-Webim-_controller-Webim-_action-boot.html
INFO: [ app_init ] --START--
INFO: Run Behavior\BuildLiteBehavior [ RunTime:0.000028s ]
INFO: Run Common\Behavior\InitHookBehavior [ RunTime:0.003324s ]
INFO: [ app_init ] --END-- [ RunTime:0.004256s ]
INFO: [ app_begin ] --START--
INFO: Run Behavior\ReadHtmlCacheBehavior [ RunTime:0.000938s ]
INFO: [ app_begin ] --END-- [ RunTime:0.001137s ]

[ 2015-01-29T19:00:49+08:00 ] ::1 /jdicms/
INFO: [ app_init ] --START--
INFO: Run Behavior\BuildLiteBehavior [ RunTime:0.000022s ]
INFO: Run Common\Behavior\InitHookBehavior [ RunTime:0.003234s ]
INFO: [ app_init ] --END-- [ RunTime:0.004074s ]
INFO: [ app_begin ] --START--
INFO: Run Behavior\ReadHtmlCacheBehavior [ RunTime:0.000893s ]
INFO: [ app_begin ] --END-- [ RunTime:0.000990s ]

[ 2015-01-29T19:00:50+08:00 ] ::1 /jdicms/dispatch-execute_addons-_addons-Webim-_controller-Webim-_action-boot.html
INFO: [ app_init ] --START--
INFO: Run Behavior\BuildLiteBehavior [ RunTime:0.000026s ]
INFO: Run Common\Behavior\InitHookBehavior [ RunTime:0.004623s ]
INFO: [ app_init ] --END-- [ RunTime:0.005776s ]
INFO: [ app_begin ] --START--
INFO: Run Behavior\ReadHtmlCacheBehavior [ RunTime:0.002056s ]
INFO: [ app_begin ] --END-- [ RunTime:0.002687s ]

[ 2015-01-29T19:02:24+08:00 ] ::1 /jdicms/
INFO: [ app_init ] --START--
INFO: Run Behavior\BuildLiteBehavior [ RunTime:0.000015s ]
INFO: Run Common\Behavior\InitHookBehavior [ RunTime:0.001621s ]
INFO: [ app_init ] --END-- [ RunTime:0.002005s ]
INFO: [ app_begin ] --START--
INFO: Run Behavior\ReadHtmlCacheBehavior [ RunTime:0.001903s ]
INFO: [ app_begin ] --END-- [ RunTime:0.002083s ]

[ 2015-01-29T19:02:24+08:00 ] ::1 /jdicms/dispatch-execute_addons-_addons-Webim-_controller-Webim-_action-boot.html
INFO: [ app_init ] --START--
INFO: Run Behavior\BuildLiteBehavior [ RunTime:0.000023s ]
INFO: Run Common\Behavior\InitHookBehavior [ RunTime:0.009137s ]
INFO: [ app_init ] --END-- [ RunTime:0.009795s ]
INFO: [ app_begin ] --START--
INFO: Run Behavior\ReadHtmlCacheBehavior [ RunTime:0.000959s ]
INFO: [ app_begin ] --END-- [ RunTime:0.001107s ]

[ 2015-01-29T19:34:14+08:00 ] ::1 /jdicms/
INFO: [ app_init ] --START--
INFO: Run Behavior\BuildLiteBehavior [ RunTime:0.000032s ]
INFO: Run Common\Behavior\InitHookBehavior [ RunTime:0.003688s ]
INFO: [ app_init ] --END-- [ RunTime:0.004779s ]
INFO: [ app_begin ] --START--
INFO: Run Behavior\ReadHtmlCacheBehavior [ RunTime:0.000984s ]
INFO: [ app_begin ] --END-- [ RunTime:0.001079s ]

[ 2015-01-29T19:34:15+08:00 ] ::1 /jdicms/dispatch-execute_addons-_addons-Webim-_controller-Webim-_action-boot.html
INFO: [ app_init ] --START--
INFO: Run Behavior\BuildLiteBehavior [ RunTime:0.000034s ]
INFO: Run Common\Behavior\InitHookBehavior [ RunTime:0.002626s ]
INFO: [ app_init ] --END-- [ RunTime:0.003417s ]
INFO: [ app_begin ] --START--
INFO: Run Behavior\ReadHtmlCacheBehavior [ RunTime:0.000868s ]
INFO: [ app_begin ] --END-- [ RunTime:0.001058s ]

[ 2015-01-29T19:35:00+08:00 ] ::1 /jdicms/
INFO: [ app_init ] --START--
INFO: Run Behavior\BuildLiteBehavior [ RunTime:0.000081s ]
INFO: Run Common\Behavior\InitHookBehavior [ RunTime:0.004568s ]
INFO: [ app_init ] --END-- [ RunTime:0.005828s ]
INFO: [ app_begin ] --START--
INFO: Run Behavior\ReadHtmlCacheBehavior [ RunTime:0.000800s ]
INFO: [ app_begin ] --END-- [ RunTime:0.000885s ]

[ 2015-01-29T19:35:01+08:00 ] ::1 /jdicms/dispatch-execute_addons-_addons-Webim-_controller-Webim-_action-boot.html
INFO: [ app_init ] --START--
INFO: Run Behavior\BuildLiteBehavior [ RunTime:0.000059s ]
INFO: Run Common\Behavior\InitHookBehavior [ RunTime:0.003790s ]
INFO: [ app_init ] --END-- [ RunTime:0.006372s ]
INFO: [ app_begin ] --START--
INFO: Run Behavior\ReadHtmlCacheBehavior [ RunTime:0.003908s ]
INFO: [ app_begin ] --END-- [ RunTime:0.007046s ]

[ 2015-01-29T19:36:12+08:00 ] ::1 /jdicms/
INFO: [ app_init ] --START--
INFO: Run Behavior\BuildLiteBehavior [ RunTime:0.000026s ]
INFO: Run Common\Behavior\InitHookBehavior [ RunTime:0.001670s ]
INFO: [ app_init ] --END-- [ RunTime:0.002153s ]
INFO: [ app_begin ] --START--
INFO: Run Behavior\ReadHtmlCacheBehavior [ RunTime:0.000470s ]
INFO: [ app_begin ] --END-- [ RunTime:0.000542s ]

[ 2015-01-29T19:36:12+08:00 ] ::1 /jdicms/dispatch-execute_addons-_addons-Webim-_controller-Webim-_action-boot.html
INFO: [ app_init ] --START--
INFO: Run Behavior\BuildLiteBehavior [ RunTime:0.000017s ]
INFO: Run Common\Behavior\InitHookBehavior [ RunTime:0.002467s ]
INFO: [ app_init ] --END-- [ RunTime:0.002854s ]
INFO: [ app_begin ] --START--
INFO: Run Behavior\ReadHtmlCacheBehavior [ RunTime:0.044186s ]
INFO: [ app_begin ] --END-- [ RunTime:0.044428s ]

[ 2015-01-29T19:36:25+08:00 ] ::1 /jdicms/
INFO: [ app_init ] --START--
INFO: Run Behavior\BuildLiteBehavior [ RunTime:0.000015s ]
INFO: Run Common\Behavior\InitHookBehavior [ RunTime:0.001140s ]
INFO: [ app_init ] --END-- [ RunTime:0.001538s ]
INFO: [ app_begin ] --START--
INFO: Run Behavior\ReadHtmlCacheBehavior [ RunTime:0.000390s ]
INFO: [ app_begin ] --END-- [ RunTime:0.000443s ]

[ 2015-01-29T19:36:25+08:00 ] ::1 /jdicms/dispatch-execute_addons-_addons-Webim-_controller-Webim-_action-boot.html
INFO: [ app_init ] --START--
INFO: Run Behavior\BuildLiteBehavior [ RunTime:0.000029s ]
INFO: Run Common\Behavior\InitHookBehavior [ RunTime:0.003562s ]
INFO: [ app_init ] --END-- [ RunTime:0.004442s ]
INFO: [ app_begin ] --START--
INFO: Run Behavior\ReadHtmlCacheBehavior [ RunTime:0.000956s ]
INFO: [ app_begin ] --END-- [ RunTime:0.001226s ]

[ 2015-01-29T19:36:42+08:00 ] ::1 /jdicms/
INFO: [ app_init ] --START--
INFO: Run Behavior\BuildLiteBehavior [ RunTime:0.000014s ]
INFO: Run Common\Behavior\InitHookBehavior [ RunTime:0.001128s ]
INFO: [ app_init ] --END-- [ RunTime:0.001508s ]
INFO: [ app_begin ] --START--
INFO: Run Behavior\ReadHtmlCacheBehavior [ RunTime:0.000490s ]
INFO: [ app_begin ] --END-- [ RunTime:0.000602s ]

[ 2015-01-29T19:36:42+08:00 ] ::1 /jdicms/dispatch-execute_addons-_addons-Webim-_controller-Webim-_action-boot.html
INFO: [ app_init ] --START--
INFO: Run Behavior\BuildLiteBehavior [ RunTime:0.000044s ]
INFO: Run Common\Behavior\InitHookBehavior [ RunTime:0.002374s ]
INFO: [ app_init ] --END-- [ RunTime:0.003844s ]
INFO: [ app_begin ] --START--
INFO: Run Behavior\ReadHtmlCacheBehavior [ RunTime:0.002094s ]
INFO: [ app_begin ] --END-- [ RunTime:0.002405s ]

[ 2015-01-29T19:37:49+08:00 ] ::1 /jdicms/
INFO: [ app_init ] --START--
INFO: Run Behavior\BuildLiteBehavior [ RunTime:0.000061s ]
INFO: Run Common\Behavior\InitHookBehavior [ RunTime:0.003761s ]
INFO: [ app_init ] --END-- [ RunTime:0.004895s ]
INFO: [ app_begin ] --START--
INFO: Run Behavior\ReadHtmlCacheBehavior [ RunTime:0.000493s ]
INFO: [ app_begin ] --END-- [ RunTime:0.000560s ]

[ 2015-01-29T19:37:49+08:00 ] ::1 /jdicms/dispatch-execute_addons-_addons-Webim-_controller-Webim-_action-boot.html
INFO: [ app_init ] --START--
INFO: Run Behavior\BuildLiteBehavior [ RunTime:0.000018s ]
INFO: Run Common\Behavior\InitHookBehavior [ RunTime:0.001120s ]
INFO: [ app_init ] --END-- [ RunTime:0.001511s ]
INFO: [ app_begin ] --START--
INFO: Run Behavior\ReadHtmlCacheBehavior [ RunTime:0.000503s ]
INFO: [ app_begin ] --END-- [ RunTime:0.000568s ]
NOTIC: [8] Use of undefined constant ONETHINK_ADDON_PATH - assumed 'ONETHINK_ADDON_PATH' /Users/haoli/Desktop/www/jdicms/Addons/Webim/Controller/WebimController.class.php 第 73 行.
NOTIC: [8192] mysql_connect(): The mysql extension is deprecated and will be removed in the future: use mysqli or PDO instead /Users/haoli/Desktop/www/jdicms/ThinkPHP/Library/Think/Db/Driver/Mysql.class.php 第 52 行.
SQL: SHOW COLUMNS FROM `jdi_addons` [ RunTime:0.003144s ]
SQL: SELECT `config` FROM `jdi_addons` WHERE `name` = 'Webim' AND `status` = 1 LIMIT 1   [ RunTime:0.000477s ]
SQL: SHOW COLUMNS FROM `jdi_webim_settings` [ RunTime:0.007777s ]
SQL: SHOW COLUMNS FROM `jdi_webim_histories` [ RunTime:0.002602s ]
SQL: SHOW COLUMNS FROM `jdi_webim_visitors` [ RunTime:0.002869s ]
SQL: SHOW COLUMNS FROM `jdi_webim_rooms` [ RunTime:0.003664s ]
NOTIC: [2048] Declaration of Addons\Webim\Model\MemberModel::join() should be compatible with Think\Model::join($join, $type = 'INNER') /Users/haoli/Desktop/www/jdicms/Addons/Webim/Model/MemberModel.class.php 第 77 行.
SQL: SHOW COLUMNS FROM `jdi_webim_members` [ RunTime:0.002376s ]
SQL: SHOW COLUMNS FROM `jdi_webim_blocked` [ RunTime:0.002654s ]

[ 2015-01-29T19:38:02+08:00 ] ::1 /jdicms/
INFO: [ app_init ] --START--
INFO: Run Behavior\BuildLiteBehavior [ RunTime:0.000111s ]
INFO: Run Common\Behavior\InitHookBehavior [ RunTime:0.005164s ]
INFO: [ app_init ] --END-- [ RunTime:0.007528s ]
INFO: [ app_begin ] --START--
INFO: Run Behavior\ReadHtmlCacheBehavior [ RunTime:0.000726s ]
INFO: [ app_begin ] --END-- [ RunTime:0.000807s ]

[ 2015-01-29T19:38:02+08:00 ] ::1 /jdicms/dispatch-execute_addons-_addons-Webim-_controller-Webim-_action-boot.html
INFO: [ app_init ] --START--
INFO: Run Behavior\BuildLiteBehavior [ RunTime:0.000037s ]
INFO: Run Common\Behavior\InitHookBehavior [ RunTime:0.008478s ]
INFO: [ app_init ] --END-- [ RunTime:0.017461s ]
INFO: [ app_begin ] --START--
INFO: Run Behavior\ReadHtmlCacheBehavior [ RunTime:0.003094s ]
INFO: [ app_begin ] --END-- [ RunTime:0.004883s ]
NOTIC: [8] Use of undefined constant ONETHINK_ADDON_PATH - assumed 'ONETHINK_ADDON_PATH' /Users/haoli/Desktop/www/jdicms/Addons/Webim/Controller/WebimController.class.php 第 73 行.
NOTIC: [8192] mysql_connect(): The mysql extension is deprecated and will be removed in the future: use mysqli or PDO instead /Users/haoli/Desktop/www/jdicms/ThinkPHP/Library/Think/Db/Driver/Mysql.class.php 第 52 行.
SQL: SHOW COLUMNS FROM `jdi_addons` [ RunTime:0.001212s ]
SQL: SELECT `config` FROM `jdi_addons` WHERE `name` = 'Webim' AND `status` = 1 LIMIT 1   [ RunTime:0.000503s ]
SQL: SHOW COLUMNS FROM `jdi_webim_settings` [ RunTime:0.000943s ]
SQL: SHOW COLUMNS FROM `jdi_webim_histories` [ RunTime:0.003158s ]
SQL: SHOW COLUMNS FROM `jdi_webim_visitors` [ RunTime:0.001136s ]
SQL: SHOW COLUMNS FROM `jdi_webim_rooms` [ RunTime:0.001122s ]
NOTIC: [2048] Declaration of Addons\Webim\Model\MemberModel::join() should be compatible with Think\Model::join($join, $type = 'INNER') /Users/haoli/Desktop/www/jdicms/Addons/Webim/Model/MemberModel.class.php 第 77 行.
SQL: SHOW COLUMNS FROM `jdi_webim_members` [ RunTime:0.001159s ]
SQL: SHOW COLUMNS FROM `jdi_webim_blocked` [ RunTime:0.000838s ]

[ 2015-01-29T19:40:02+08:00 ] ::1 /jdicms/
INFO: [ app_init ] --START--
INFO: Run Behavior\BuildLiteBehavior [ RunTime:0.000017s ]
INFO: Run Common\Behavior\InitHookBehavior [ RunTime:0.001987s ]
INFO: [ app_init ] --END-- [ RunTime:0.002437s ]
INFO: [ app_begin ] --START--
INFO: Run Behavior\ReadHtmlCacheBehavior [ RunTime:0.000894s ]
INFO: [ app_begin ] --END-- [ RunTime:0.000980s ]

[ 2015-01-29T19:40:02+08:00 ] ::1 /jdicms/dispatch-execute_addons-_addons-Webim-_controller-Webim-_action-boot.html
INFO: [ app_init ] --START--
INFO: Run Behavior\BuildLiteBehavior [ RunTime:0.000034s ]
INFO: Run Common\Behavior\InitHookBehavior [ RunTime:0.001898s ]
INFO: [ app_init ] --END-- [ RunTime:0.002579s ]
INFO: [ app_begin ] --START--
INFO: Run Behavior\ReadHtmlCacheBehavior [ RunTime:0.006311s ]
INFO: [ app_begin ] --END-- [ RunTime:0.009374s ]
NOTIC: [8] Use of undefined constant ONETHINK_ADDON_PATH - assumed 'ONETHINK_ADDON_PATH' /Users/haoli/Desktop/www/jdicms/Addons/Webim/Controller/WebimController.class.php 第 73 行.
NOTIC: [8192] mysql_connect(): The mysql extension is deprecated and will be removed in the future: use mysqli or PDO instead /Users/haoli/Desktop/www/jdicms/ThinkPHP/Library/Think/Db/Driver/Mysql.class.php 第 52 行.
SQL: SHOW COLUMNS FROM `jdi_addons` [ RunTime:0.001573s ]
SQL: SELECT `config` FROM `jdi_addons` WHERE `name` = 'Webim' AND `status` = 1 LIMIT 1   [ RunTime:0.000773s ]
SQL: SHOW COLUMNS FROM `jdi_webim_settings` [ RunTime:0.001260s ]
SQL: SHOW COLUMNS FROM `jdi_webim_histories` [ RunTime:0.001513s ]
SQL: SHOW COLUMNS FROM `jdi_webim_visitors` [ RunTime:0.000933s ]
SQL: SHOW COLUMNS FROM `jdi_webim_rooms` [ RunTime:0.004948s ]
NOTIC: [2048] Declaration of Addons\Webim\Model\MemberModel::join() should be compatible with Think\Model::join($join, $type = 'INNER') /Users/haoli/Desktop/www/jdicms/Addons/Webim/Model/MemberModel.class.php 第 77 行.
SQL: SHOW COLUMNS FROM `jdi_webim_members` [ RunTime:0.002916s ]
SQL: SHOW COLUMNS FROM `jdi_webim_blocked` [ RunTime:0.002610s ]
SQL: SHOW COLUMNS FROM `jdi_member` [ RunTime:0.001334s ]
SQL: SELECT `username` FROM `jdi_member` WHERE `id` = 1 LIMIT 1   [ RunTime:0.000431s ]
SQL: SELECT * FROM `jdi_webim_settings` WHERE ( uid='1' ) LIMIT 1   [ RunTime:0.000167s ]
NOTIC: [2] Cannot modify header information - headers already sent by (output started at /Users/haoli/Desktop/www/jdicms/Application/Home/Controller/DispatchController.class.php:26) /Users/haoli/Desktop/www/jdicms/Addons/Webim/Controller/WebimController.class.php 第 182 行.
NOTIC: [2] Cannot modify header information - headers already sent by (output started at /Users/haoli/Desktop/www/jdicms/Application/Home/Controller/DispatchController.class.php:26) /Users/haoli/Desktop/www/jdicms/Addons/Webim/Controller/WebimController.class.php 第 183 行.

[ 2015-01-29T19:40:26+08:00 ] ::1 /jdicms/
INFO: [ app_init ] --START--
INFO: Run Behavior\BuildLiteBehavior [ RunTime:0.000031s ]
INFO: Run Common\Behavior\InitHookBehavior [ RunTime:0.003637s ]
INFO: [ app_init ] --END-- [ RunTime:0.004263s ]
INFO: [ app_begin ] --START--
INFO: Run Behavior\ReadHtmlCacheBehavior [ RunTime:0.000454s ]
INFO: [ app_begin ] --END-- [ RunTime:0.000525s ]

[ 2015-01-29T19:40:27+08:00 ] ::1 /jdicms/dispatch-execute_addons-_addons-Webim-_controller-Webim-_action-boot.html
INFO: [ app_init ] --START--
INFO: Run Behavior\BuildLiteBehavior [ RunTime:0.000032s ]
INFO: Run Common\Behavior\InitHookBehavior [ RunTime:0.002334s ]
INFO: [ app_init ] --END-- [ RunTime:0.003502s ]
INFO: [ app_begin ] --START--
INFO: Run Behavior\ReadHtmlCacheBehavior [ RunTime:0.001513s ]
INFO: [ app_begin ] --END-- [ RunTime:0.001665s ]
NOTIC: [8] Use of undefined constant ONETHINK_ADDON_PATH - assumed 'ONETHINK_ADDON_PATH' /Users/haoli/Desktop/www/jdicms/Addons/Webim/Controller/WebimController.class.php 第 73 行.
NOTIC: [8192] mysql_connect(): The mysql extension is deprecated and will be removed in the future: use mysqli or PDO instead /Users/haoli/Desktop/www/jdicms/ThinkPHP/Library/Think/Db/Driver/Mysql.class.php 第 52 行.
SQL: SHOW COLUMNS FROM `jdi_addons` [ RunTime:0.001370s ]
SQL: SELECT `config` FROM `jdi_addons` WHERE `name` = 'Webim' AND `status` = 1 LIMIT 1   [ RunTime:0.000222s ]
SQL: SHOW COLUMNS FROM `jdi_webim_settings` [ RunTime:0.001247s ]
SQL: SHOW COLUMNS FROM `jdi_webim_histories` [ RunTime:0.004949s ]
SQL: SHOW COLUMNS FROM `jdi_webim_visitors` [ RunTime:0.001420s ]
SQL: SHOW COLUMNS FROM `jdi_webim_rooms` [ RunTime:0.001723s ]
NOTIC: [2048] Declaration of Addons\Webim\Model\MemberModel::join() should be compatible with Think\Model::join($join, $type = 'INNER') /Users/haoli/Desktop/www/jdicms/Addons/Webim/Model/MemberModel.class.php 第 77 行.
SQL: SHOW COLUMNS FROM `jdi_webim_members` [ RunTime:0.004573s ]
SQL: SHOW COLUMNS FROM `jdi_webim_blocked` [ RunTime:0.000905s ]
SQL: SELECT * FROM `jdi_webim_settings` WHERE ( uid='1' ) LIMIT 1   [ RunTime:0.000183s ]
NOTIC: [2] Cannot modify header information - headers already sent by (output started at /Users/haoli/Desktop/www/jdicms/Addons/Webim/Controller/WebimController.class.php:175) /Users/haoli/Desktop/www/jdicms/Addons/Webim/Controller/WebimController.class.php 第 182 行.
NOTIC: [2] Cannot modify header information - headers already sent by (output started at /Users/haoli/Desktop/www/jdicms/Addons/Webim/Controller/WebimController.class.php:175) /Users/haoli/Desktop/www/jdicms/Addons/Webim/Controller/WebimController.class.php 第 183 行.

[ 2015-01-29T19:40:27+08:00 ] ::1 /jdicms/ONETHINK_ADDON_PATHWebim/static/webim.js?5.8
INFO: [ app_init ] --START--
INFO: Run Behavior\BuildLiteBehavior [ RunTime:0.000029s ]
INFO: Run Common\Behavior\InitHookBehavior [ RunTime:0.001562s ]
INFO: [ app_init ] --END-- [ RunTime:0.003646s ]
INFO: [ app_begin ] --START--
INFO: Run Behavior\ReadHtmlCacheBehavior [ RunTime:0.000569s ]
INFO: [ app_begin ] --END-- [ RunTime:0.000650s ]

[ 2015-01-29T19:40:27+08:00 ] ::1 /jdicms/ONETHINK_ADDON_PATHWebim/static/webim.onethink.js?vsn=5.8
INFO: [ app_init ] --START--
INFO: Run Behavior\BuildLiteBehavior [ RunTime:0.000377s ]
INFO: Run Common\Behavior\InitHookBehavior [ RunTime:0.002474s ]
INFO: [ app_init ] --END-- [ RunTime:0.005604s ]
INFO: [ app_begin ] --START--
INFO: Run Behavior\ReadHtmlCacheBehavior [ RunTime:0.000616s ]
INFO: [ app_begin ] --END-- [ RunTime:0.000707s ]

[ 2015-01-29T19:40:27+08:00 ] ::1 /jdicms/ONETHINK_ADDON_PATHWebim/static/i18n/webim-zh-CN.js?5.8
INFO: [ app_init ] --START--
INFO: Run Behavior\BuildLiteBehavior [ RunTime:0.000019s ]
INFO: Run Common\Behavior\InitHookBehavior [ RunTime:0.002092s ]
INFO: [ app_init ] --END-- [ RunTime:0.002599s ]
INFO: [ app_begin ] --START--
INFO: Run Behavior\ReadHtmlCacheBehavior [ RunTime:0.000712s ]
INFO: [ app_begin ] --END-- [ RunTime:0.003408s ]

[ 2015-01-29T19:40:27+08:00 ] ::1 /jdicms/ONETHINK_ADDON_PATHWebim/static/themes/base/jquery.ui.theme.css?5.8
INFO: [ app_init ] --START--
INFO: Run Behavior\BuildLiteBehavior [ RunTime:0.000023s ]
INFO: Run Common\Behavior\InitHookBehavior [ RunTime:0.001715s ]
INFO: [ app_init ] --END-- [ RunTime:0.002305s ]
INFO: [ app_begin ] --START--
INFO: Run Behavior\ReadHtmlCacheBehavior [ RunTime:0.000789s ]
INFO: [ app_begin ] --END-- [ RunTime:0.000930s ]

[ 2015-01-29T19:40:27+08:00 ] ::1 /jdicms/ONETHINK_ADDON_PATHWebim/static/webim.css?5.8
INFO: [ app_init ] --START--
INFO: Run Behavior\BuildLiteBehavior [ RunTime:0.000025s ]
INFO: Run Common\Behavior\InitHookBehavior [ RunTime:0.001828s ]
INFO: [ app_init ] --END-- [ RunTime:0.002533s ]
INFO: [ app_begin ] --START--
INFO: Run Behavior\ReadHtmlCacheBehavior [ RunTime:0.000554s ]
INFO: [ app_begin ] --END-- [ RunTime:0.000649s ]

[ 2015-01-29T19:40:47+08:00 ] ::1 /jdicms/ONETHINK_ADDON_PATHWebim/static/webim.js?5.8
INFO: [ app_init ] --START--
INFO: Run Behavior\BuildLiteBehavior [ RunTime:0.000017s ]
INFO: Run Common\Behavior\InitHookBehavior [ RunTime:0.001642s ]
INFO: [ app_init ] --END-- [ RunTime:0.002237s ]
INFO: [ app_begin ] --START--
INFO: Run Behavior\ReadHtmlCacheBehavior [ RunTime:0.000651s ]
INFO: [ app_begin ] --END-- [ RunTime:0.000715s ]

[ 2015-01-29T19:41:21+08:00 ] ::1 /jdicms/
INFO: [ app_init ] --START--
INFO: Run Behavior\BuildLiteBehavior [ RunTime:0.000016s ]
INFO: Run Common\Behavior\InitHookBehavior [ RunTime:0.001240s ]
INFO: [ app_init ] --END-- [ RunTime:0.001627s ]
INFO: [ app_begin ] --START--
INFO: Run Behavior\ReadHtmlCacheBehavior [ RunTime:0.000418s ]
INFO: [ app_begin ] --END-- [ RunTime:0.000483s ]

[ 2015-01-29T19:41:21+08:00 ] ::1 /jdicms/dispatch-execute_addons-_addons-Webim-_controller-Webim-_action-boot.html
INFO: [ app_init ] --START--
INFO: Run Behavior\BuildLiteBehavior [ RunTime:0.000039s ]
INFO: Run Common\Behavior\InitHookBehavior [ RunTime:0.007145s ]
INFO: [ app_init ] --END-- [ RunTime:0.014523s ]
INFO: [ app_begin ] --START--
INFO: Run Behavior\ReadHtmlCacheBehavior [ RunTime:0.000878s ]
INFO: [ app_begin ] --END-- [ RunTime:0.001270s ]
NOTIC: [8192] mysql_connect(): The mysql extension is deprecated and will be removed in the future: use mysqli or PDO instead /Users/haoli/Desktop/www/jdicms/ThinkPHP/Library/Think/Db/Driver/Mysql.class.php 第 52 行.
SQL: SHOW COLUMNS FROM `jdi_addons` [ RunTime:0.001298s ]
SQL: SELECT `config` FROM `jdi_addons` WHERE `name` = 'Webim' AND `status` = 1 LIMIT 1   [ RunTime:0.000138s ]
SQL: SHOW COLUMNS FROM `jdi_webim_settings` [ RunTime:0.000836s ]
SQL: SHOW COLUMNS FROM `jdi_webim_histories` [ RunTime:0.001084s ]
SQL: SHOW COLUMNS FROM `jdi_webim_visitors` [ RunTime:0.001036s ]
SQL: SHOW COLUMNS FROM `jdi_webim_rooms` [ RunTime:0.001029s ]
NOTIC: [2048] Declaration of Addons\Webim\Model\MemberModel::join() should be compatible with Think\Model::join($join, $type = 'INNER') /Users/haoli/Desktop/www/jdicms/Addons/Webim/Model/MemberModel.class.php 第 77 行.
SQL: SHOW COLUMNS FROM `jdi_webim_members` [ RunTime:0.000759s ]
SQL: SHOW COLUMNS FROM `jdi_webim_blocked` [ RunTime:0.001001s ]
SQL: SELECT * FROM `jdi_webim_settings` WHERE ( uid='1' ) LIMIT 1   [ RunTime:0.000207s ]
NOTIC: [2] Cannot modify header information - headers already sent by (output started at /Users/haoli/Desktop/www/jdicms/Addons/Webim/Controller/WebimController.class.php:175) /Users/haoli/Desktop/www/jdicms/Addons/Webim/Controller/WebimController.class.php 第 182 行.
NOTIC: [2] Cannot modify header information - headers already sent by (output started at /Users/haoli/Desktop/www/jdicms/Addons/Webim/Controller/WebimController.class.php:175) /Users/haoli/Desktop/www/jdicms/Addons/Webim/Controller/WebimController.class.php 第 183 行.

[ 2015-01-29T19:41:24+08:00 ] ::1 /jdicms/dispatch-execute_addons-_addons-Webim-_controller-Webim/_action/online
INFO: [ app_init ] --START--
INFO: Run Behavior\BuildLiteBehavior [ RunTime:0.000015s ]
INFO: Run Common\Behavior\InitHookBehavior [ RunTime:0.001202s ]
INFO: [ app_init ] --END-- [ RunTime:0.001577s ]
INFO: [ app_begin ] --START--
INFO: Run Behavior\ReadHtmlCacheBehavior [ RunTime:0.001059s ]
INFO: [ app_begin ] --END-- [ RunTime:0.001141s ]
NOTIC: [8192] mysql_connect(): The mysql extension is deprecated and will be removed in the future: use mysqli or PDO instead /Users/haoli/Desktop/www/jdicms/ThinkPHP/Library/Think/Db/Driver/Mysql.class.php 第 52 行.
SQL: SHOW COLUMNS FROM `jdi_addons` [ RunTime:0.001230s ]
SQL: SELECT `config` FROM `jdi_addons` WHERE `name` = 'Webim' AND `status` = 1 LIMIT 1   [ RunTime:0.002420s ]
SQL: SHOW COLUMNS FROM `jdi_webim_settings` [ RunTime:0.002908s ]
SQL: SHOW COLUMNS FROM `jdi_webim_histories` [ RunTime:0.001220s ]
SQL: SHOW COLUMNS FROM `jdi_webim_visitors` [ RunTime:0.000919s ]
SQL: SHOW COLUMNS FROM `jdi_webim_rooms` [ RunTime:0.001542s ]
NOTIC: [2048] Declaration of Addons\Webim\Model\MemberModel::join() should be compatible with Think\Model::join($join, $type = 'INNER') /Users/haoli/Desktop/www/jdicms/Addons/Webim/Model/MemberModel.class.php 第 77 行.
SQL: SHOW COLUMNS FROM `jdi_webim_members` [ RunTime:0.002024s ]
SQL: SHOW COLUMNS FROM `jdi_webim_blocked` [ RunTime:0.001113s ]
SQL: SELECT * FROM `jdi_webim_histories` WHERE ( `to`='1' and send != 1 ) ORDER BY timestamp DESC  LIMIT 0,50   [ RunTime:0.000156s ]
NOTIC: [2] array_map(): Argument #2 should be an array /Users/haoli/Desktop/www/jdicms/Addons/Webim/Model/HistoryModel.class.php 第 57 行.
NOTIC: [2] array_reverse() expects parameter 1 to be array, null given /Users/haoli/Desktop/www/jdicms/Addons/Webim/Model/HistoryModel.class.php 第 57 行.
NOTIC: [2] Invalid argument supplied for foreach() /Users/haoli/Desktop/www/jdicms/Addons/Webim/Controller/WebimController.class.php 第 267 行.
SQL: SHOW COLUMNS FROM `jdi_member` [ RunTime:0.001141s ]
SQL: SELECT * FROM `jdi_member`  [ RunTime:0.000127s ]
NOTIC: [8] Undefined index: uid /Users/haoli/Desktop/www/jdicms/Addons/Webim/WebimPlugin.class.php 第 120 行.
NOTIC: [8] Undefined index: sex /Users/haoli/Desktop/www/jdicms/Addons/Webim/WebimPlugin.class.php 第 126 行.
NOTIC: [8] Undefined index: uid /Users/haoli/Desktop/www/jdicms/Addons/Webim/WebimPlugin.class.php 第 120 行.
NOTIC: [8] Undefined index: sex /Users/haoli/Desktop/www/jdicms/Addons/Webim/WebimPlugin.class.php 第 126 行.
SQL: SELECT * FROM `jdi_webim_members` WHERE ( uid = '1' )  [ RunTime:0.000086s ]
NOTIC: [2] Invalid argument supplied for foreach() /Users/haoli/Desktop/www/jdicms/Addons/Webim/Model/MemberModel.class.php 第 59 行.
SQL: UPDATE `jdi_webim_histories` SET `send`=1 WHERE ( `to`='1' and send=0 ) [ RunTime:0.000298s ]

[ 2015-01-29T19:41:24+08:00 ] ::1 /jdicms/dispatch-execute_addons-_addons-Webim-_controller-Webim/_action/notifications?_=1422531683504
INFO: [ app_init ] --START--
INFO: Run Behavior\BuildLiteBehavior [ RunTime:0.000014s ]
INFO: Run Common\Behavior\InitHookBehavior [ RunTime:0.001056s ]
INFO: [ app_init ] --END-- [ RunTime:0.001438s ]
INFO: [ app_begin ] --START--
INFO: Run Behavior\ReadHtmlCacheBehavior [ RunTime:0.000423s ]
INFO: [ app_begin ] --END-- [ RunTime:0.000475s ]
NOTIC: [8192] mysql_connect(): The mysql extension is deprecated and will be removed in the future: use mysqli or PDO instead /Users/haoli/Desktop/www/jdicms/ThinkPHP/Library/Think/Db/Driver/Mysql.class.php 第 52 行.
SQL: SHOW COLUMNS FROM `jdi_addons` [ RunTime:0.002146s ]
SQL: SELECT `config` FROM `jdi_addons` WHERE `name` = 'Webim' AND `status` = 1 LIMIT 1   [ RunTime:0.000169s ]
SQL: SHOW COLUMNS FROM `jdi_webim_settings` [ RunTime:0.000877s ]
SQL: SHOW COLUMNS FROM `jdi_webim_histories` [ RunTime:0.001163s ]
SQL: SHOW COLUMNS FROM `jdi_webim_visitors` [ RunTime:0.000960s ]
SQL: SHOW COLUMNS FROM `jdi_webim_rooms` [ RunTime:0.000913s ]
NOTIC: [2048] Declaration of Addons\Webim\Model\MemberModel::join() should be compatible with Think\Model::join($join, $type = 'INNER') /Users/haoli/Desktop/www/jdicms/Addons/Webim/Model/MemberModel.class.php 第 77 行.
SQL: SHOW COLUMNS FROM `jdi_webim_members` [ RunTime:0.000918s ]
SQL: SHOW COLUMNS FROM `jdi_webim_blocked` [ RunTime:0.000899s ]

[ 2015-01-29T19:43:31+08:00 ] 192.168.0.113 /jdicms/
INFO: [ app_init ] --START--
INFO: Run Behavior\BuildLiteBehavior [ RunTime:0.000013s ]
INFO: Run Common\Behavior\InitHookBehavior [ RunTime:0.001674s ]
INFO: [ app_init ] --END-- [ RunTime:0.002034s ]
INFO: [ app_begin ] --START--
INFO: Run Behavior\ReadHtmlCacheBehavior [ RunTime:0.000461s ]
INFO: [ app_begin ] --END-- [ RunTime:0.000526s ]

[ 2015-01-29T19:43:31+08:00 ] 192.168.0.113 /jdicms/dispatch-execute_addons-_addons-Webim-_controller-Webim-_action-boot.html
INFO: [ app_init ] --START--
INFO: Run Behavior\BuildLiteBehavior [ RunTime:0.000017s ]
INFO: Run Common\Behavior\InitHookBehavior [ RunTime:0.001971s ]
INFO: [ app_init ] --END-- [ RunTime:0.002387s ]
INFO: [ app_begin ] --START--
INFO: Run Behavior\ReadHtmlCacheBehavior [ RunTime:0.000473s ]
INFO: [ app_begin ] --END-- [ RunTime:0.000539s ]
NOTIC: [8192] mysql_connect(): The mysql extension is deprecated and will be removed in the future: use mysqli or PDO instead /Users/haoli/Desktop/www/jdicms/ThinkPHP/Library/Think/Db/Driver/Mysql.class.php 第 52 行.
SQL: SHOW COLUMNS FROM `jdi_addons` [ RunTime:0.001161s ]
SQL: SELECT `config` FROM `jdi_addons` WHERE `name` = 'Webim' AND `status` = 1 LIMIT 1   [ RunTime:0.000189s ]
SQL: SHOW COLUMNS FROM `jdi_webim_settings` [ RunTime:0.001164s ]
SQL: SHOW COLUMNS FROM `jdi_webim_histories` [ RunTime:0.001080s ]
SQL: SHOW COLUMNS FROM `jdi_webim_visitors` [ RunTime:0.001076s ]
SQL: SHOW COLUMNS FROM `jdi_webim_rooms` [ RunTime:0.000930s ]
NOTIC: [2048] Declaration of Addons\Webim\Model\MemberModel::join() should be compatible with Think\Model::join($join, $type = 'INNER') /Users/haoli/Desktop/www/jdicms/Addons/Webim/Model/MemberModel.class.php 第 77 行.
SQL: SHOW COLUMNS FROM `jdi_webim_members` [ RunTime:0.001031s ]
SQL: SHOW COLUMNS FROM `jdi_webim_blocked` [ RunTime:0.000841s ]
SQL: SELECT * FROM `jdi_webim_visitors` WHERE ( name='vid:e33d66c' ) LIMIT 1   [ RunTime:0.000143s ]
SQL: INSERT INTO `jdi_webim_visitors` (`name`,`ipaddr`,`url`,`referer`,`location`,`created`) VALUES ('vid:e33d66c','192.168.0.113','/jdicms/dispatch-execute_addons-_addons-Webim-_controller-Webim-_action-boot.html','http://192.168.0.107/jdicms/','局域网局域网','2015-01-29 19:43:31') [ RunTime:0.000819s ]
SQL: SELECT * FROM `jdi_webim_settings` WHERE ( uid='vid:e33d66c' ) LIMIT 1   [ RunTime:0.000190s ]
NOTIC: [2] Cannot modify header information - headers already sent by (output started at /Users/haoli/Desktop/www/jdicms/Addons/Webim/Controller/WebimController.class.php:175) /Users/haoli/Desktop/www/jdicms/Addons/Webim/Controller/WebimController.class.php 第 182 行.
NOTIC: [2] Cannot modify header information - headers already sent by (output started at /Users/haoli/Desktop/www/jdicms/Addons/Webim/Controller/WebimController.class.php:175) /Users/haoli/Desktop/www/jdicms/Addons/Webim/Controller/WebimController.class.php 第 183 行.

[ 2015-01-29T19:43:35+08:00 ] 192.168.0.113 /jdicms/dispatch-execute_addons-_addons-Webim-_controller-Webim/_action/online
INFO: [ app_init ] --START--
INFO: Run Behavior\BuildLiteBehavior [ RunTime:0.000015s ]
INFO: Run Common\Behavior\InitHookBehavior [ RunTime:0.001104s ]
INFO: [ app_init ] --END-- [ RunTime:0.001450s ]
INFO: [ app_begin ] --START--
INFO: Run Behavior\ReadHtmlCacheBehavior [ RunTime:0.000389s ]
INFO: [ app_begin ] --END-- [ RunTime:0.000438s ]
NOTIC: [8192] mysql_connect(): The mysql extension is deprecated and will be removed in the future: use mysqli or PDO instead /Users/haoli/Desktop/www/jdicms/ThinkPHP/Library/Think/Db/Driver/Mysql.class.php 第 52 行.
SQL: SHOW COLUMNS FROM `jdi_addons` [ RunTime:0.001123s ]
SQL: SELECT `config` FROM `jdi_addons` WHERE `name` = 'Webim' AND `status` = 1 LIMIT 1   [ RunTime:0.000140s ]
SQL: SHOW COLUMNS FROM `jdi_webim_settings` [ RunTime:0.000922s ]
SQL: SHOW COLUMNS FROM `jdi_webim_histories` [ RunTime:0.001067s ]
SQL: SHOW COLUMNS FROM `jdi_webim_visitors` [ RunTime:0.001016s ]
SQL: SHOW COLUMNS FROM `jdi_webim_rooms` [ RunTime:0.000921s ]
NOTIC: [2048] Declaration of Addons\Webim\Model\MemberModel::join() should be compatible with Think\Model::join($join, $type = 'INNER') /Users/haoli/Desktop/www/jdicms/Addons/Webim/Model/MemberModel.class.php 第 77 行.
SQL: SHOW COLUMNS FROM `jdi_webim_members` [ RunTime:0.000815s ]
SQL: SHOW COLUMNS FROM `jdi_webim_blocked` [ RunTime:0.000885s ]
SQL: SELECT * FROM `jdi_webim_visitors` WHERE ( name='vid:e33d66c' ) LIMIT 1   [ RunTime:0.000132s ]
SQL: SELECT * FROM `jdi_webim_histories` WHERE ( `to`='vid:e33d66c' and send != 1 ) ORDER BY timestamp DESC  LIMIT 0,50   [ RunTime:0.000109s ]
NOTIC: [2] array_map(): Argument #2 should be an array /Users/haoli/Desktop/www/jdicms/Addons/Webim/Model/HistoryModel.class.php 第 57 行.
NOTIC: [2] array_reverse() expects parameter 1 to be array, null given /Users/haoli/Desktop/www/jdicms/Addons/Webim/Model/HistoryModel.class.php 第 57 行.
NOTIC: [2] Invalid argument supplied for foreach() /Users/haoli/Desktop/www/jdicms/Addons/Webim/Controller/WebimController.class.php 第 267 行.
SQL: SHOW COLUMNS FROM `jdi_member` [ RunTime:0.001025s ]
SQL: SELECT * FROM `jdi_member`  [ RunTime:0.000120s ]
NOTIC: [8] Undefined index: uid /Users/haoli/Desktop/www/jdicms/Addons/Webim/WebimPlugin.class.php 第 120 行.
NOTIC: [8] Undefined index: sex /Users/haoli/Desktop/www/jdicms/Addons/Webim/WebimPlugin.class.php 第 126 行.
NOTIC: [8] Undefined index: uid /Users/haoli/Desktop/www/jdicms/Addons/Webim/WebimPlugin.class.php 第 120 行.
NOTIC: [8] Undefined index: sex /Users/haoli/Desktop/www/jdicms/Addons/Webim/WebimPlugin.class.php 第 126 行.
SQL: SELECT * FROM `jdi_webim_members` WHERE ( uid = 'vid:e33d66c' )  [ RunTime:0.000091s ]
NOTIC: [2] Invalid argument supplied for foreach() /Users/haoli/Desktop/www/jdicms/Addons/Webim/Model/MemberModel.class.php 第 59 行.
SQL: UPDATE `jdi_webim_histories` SET `send`=1 WHERE ( `to`='vid:e33d66c' and send=0 ) [ RunTime:0.000235s ]

[ 2015-01-29T19:44:19+08:00 ] 192.168.0.113 /jdicms/
INFO: [ app_init ] --START--
INFO: Run Behavior\BuildLiteBehavior [ RunTime:0.000015s ]
INFO: Run Common\Behavior\InitHookBehavior [ RunTime:0.001229s ]
INFO: [ app_init ] --END-- [ RunTime:0.001613s ]
INFO: [ app_begin ] --START--
INFO: Run Behavior\ReadHtmlCacheBehavior [ RunTime:0.000448s ]
INFO: [ app_begin ] --END-- [ RunTime:0.000510s ]

[ 2015-01-29T19:44:19+08:00 ] 192.168.0.113 /jdicms/dispatch-execute_addons-_addons-Webim-_controller-Webim-_action-boot.html
INFO: [ app_init ] --START--
INFO: Run Behavior\BuildLiteBehavior [ RunTime:0.000018s ]
INFO: Run Common\Behavior\InitHookBehavior [ RunTime:0.001196s ]
INFO: [ app_init ] --END-- [ RunTime:0.001580s ]
INFO: [ app_begin ] --START--
INFO: Run Behavior\ReadHtmlCacheBehavior [ RunTime:0.000482s ]
INFO: [ app_begin ] --END-- [ RunTime:0.000556s ]
NOTIC: [8192] mysql_connect(): The mysql extension is deprecated and will be removed in the future: use mysqli or PDO instead /Users/haoli/Desktop/www/jdicms/ThinkPHP/Library/Think/Db/Driver/Mysql.class.php 第 52 行.
SQL: SHOW COLUMNS FROM `jdi_addons` [ RunTime:0.001642s ]
SQL: SELECT `config` FROM `jdi_addons` WHERE `name` = 'Webim' AND `status` = 1 LIMIT 1   [ RunTime:0.000125s ]
SQL: SHOW COLUMNS FROM `jdi_webim_settings` [ RunTime:0.000907s ]
SQL: SHOW COLUMNS FROM `jdi_webim_histories` [ RunTime:0.001091s ]
SQL: SHOW COLUMNS FROM `jdi_webim_visitors` [ RunTime:0.000968s ]
SQL: SHOW COLUMNS FROM `jdi_webim_rooms` [ RunTime:0.000841s ]
NOTIC: [2048] Declaration of Addons\Webim\Model\MemberModel::join() should be compatible with Think\Model::join($join, $type = 'INNER') /Users/haoli/Desktop/www/jdicms/Addons/Webim/Model/MemberModel.class.php 第 77 行.
SQL: SHOW COLUMNS FROM `jdi_webim_members` [ RunTime:0.000911s ]
SQL: SHOW COLUMNS FROM `jdi_webim_blocked` [ RunTime:0.000903s ]
SQL: SHOW COLUMNS FROM `jdi_member` [ RunTime:0.001114s ]
SQL: SELECT `username` FROM `jdi_member` WHERE `id` = 36 LIMIT 1   [ RunTime:0.000122s ]
SQL: SELECT * FROM `jdi_webim_settings` WHERE ( uid='36' ) LIMIT 1   [ RunTime:0.000109s ]
NOTIC: [2] Cannot modify header information - headers already sent by (output started at /Users/haoli/Desktop/www/jdicms/Addons/Webim/Controller/WebimController.class.php:175) /Users/haoli/Desktop/www/jdicms/Addons/Webim/Controller/WebimController.class.php 第 182 行.
NOTIC: [2] Cannot modify header information - headers already sent by (output started at /Users/haoli/Desktop/www/jdicms/Addons/Webim/Controller/WebimController.class.php:175) /Users/haoli/Desktop/www/jdicms/Addons/Webim/Controller/WebimController.class.php 第 183 行.

[ 2015-01-29T19:44:19+08:00 ] 192.168.0.113 /jdicms/dispatch-execute_addons-_addons-Webim-_controller-Webim/_action/online
INFO: [ app_init ] --START--
INFO: Run Behavior\BuildLiteBehavior [ RunTime:0.000016s ]
INFO: Run Common\Behavior\InitHookBehavior [ RunTime:0.001192s ]
INFO: [ app_init ] --END-- [ RunTime:0.001548s ]
INFO: [ app_begin ] --START--
INFO: Run Behavior\ReadHtmlCacheBehavior [ RunTime:0.000416s ]
INFO: [ app_begin ] --END-- [ RunTime:0.000473s ]
NOTIC: [8192] mysql_connect(): The mysql extension is deprecated and will be removed in the future: use mysqli or PDO instead /Users/haoli/Desktop/www/jdicms/ThinkPHP/Library/Think/Db/Driver/Mysql.class.php 第 52 行.
SQL: SHOW COLUMNS FROM `jdi_addons` [ RunTime:0.001138s ]
SQL: SELECT `config` FROM `jdi_addons` WHERE `name` = 'Webim' AND `status` = 1 LIMIT 1   [ RunTime:0.000139s ]
SQL: SHOW COLUMNS FROM `jdi_webim_settings` [ RunTime:0.000836s ]
SQL: SHOW COLUMNS FROM `jdi_webim_histories` [ RunTime:0.001048s ]
SQL: SHOW COLUMNS FROM `jdi_webim_visitors` [ RunTime:0.000933s ]
SQL: SHOW COLUMNS FROM `jdi_webim_rooms` [ RunTime:0.000888s ]
NOTIC: [2048] Declaration of Addons\Webim\Model\MemberModel::join() should be compatible with Think\Model::join($join, $type = 'INNER') /Users/haoli/Desktop/www/jdicms/Addons/Webim/Model/MemberModel.class.php 第 77 行.
SQL: SHOW COLUMNS FROM `jdi_webim_members` [ RunTime:0.000757s ]
SQL: SHOW COLUMNS FROM `jdi_webim_blocked` [ RunTime:0.000994s ]
SQL: SELECT * FROM `jdi_webim_histories` WHERE ( `to`='36' and send != 1 ) ORDER BY timestamp DESC  LIMIT 0,50   [ RunTime:0.000148s ]
NOTIC: [2] array_map(): Argument #2 should be an array /Users/haoli/Desktop/www/jdicms/Addons/Webim/Model/HistoryModel.class.php 第 57 行.
NOTIC: [2] array_reverse() expects parameter 1 to be array, null given /Users/haoli/Desktop/www/jdicms/Addons/Webim/Model/HistoryModel.class.php 第 57 行.
NOTIC: [2] Invalid argument supplied for foreach() /Users/haoli/Desktop/www/jdicms/Addons/Webim/Controller/WebimController.class.php 第 267 行.
SQL: SHOW COLUMNS FROM `jdi_member` [ RunTime:0.001149s ]
SQL: SELECT * FROM `jdi_member`  [ RunTime:0.000121s ]
NOTIC: [8] Undefined index: uid /Users/haoli/Desktop/www/jdicms/Addons/Webim/WebimPlugin.class.php 第 120 行.
NOTIC: [8] Undefined index: sex /Users/haoli/Desktop/www/jdicms/Addons/Webim/WebimPlugin.class.php 第 126 行.
NOTIC: [8] Undefined index: uid /Users/haoli/Desktop/www/jdicms/Addons/Webim/WebimPlugin.class.php 第 120 行.
NOTIC: [8] Undefined index: sex /Users/haoli/Desktop/www/jdicms/Addons/Webim/WebimPlugin.class.php 第 126 行.
SQL: SELECT * FROM `jdi_webim_members` WHERE ( uid = '36' )  [ RunTime:0.000097s ]
NOTIC: [2] Invalid argument supplied for foreach() /Users/haoli/Desktop/www/jdicms/Addons/Webim/Model/MemberModel.class.php 第 59 行.
SQL: UPDATE `jdi_webim_histories` SET `send`=1 WHERE ( `to`='36' and send=0 ) [ RunTime:0.000227s ]

[ 2015-01-29T19:44:21+08:00 ] 192.168.0.113 /jdicms/dispatch-execute_addons-_addons-Webim-_controller-Webim/_action/notifications?_=1422532001975
INFO: [ app_init ] --START--
INFO: Run Behavior\BuildLiteBehavior [ RunTime:0.000022s ]
INFO: Run Common\Behavior\InitHookBehavior [ RunTime:0.001318s ]
INFO: [ app_init ] --END-- [ RunTime:0.001713s ]
INFO: [ app_begin ] --START--
INFO: Run Behavior\ReadHtmlCacheBehavior [ RunTime:0.000706s ]
INFO: [ app_begin ] --END-- [ RunTime:0.000797s ]
NOTIC: [8192] mysql_connect(): The mysql extension is deprecated and will be removed in the future: use mysqli or PDO instead /Users/haoli/Desktop/www/jdicms/ThinkPHP/Library/Think/Db/Driver/Mysql.class.php 第 52 行.
SQL: SHOW COLUMNS FROM `jdi_addons` [ RunTime:0.001120s ]
SQL: SELECT `config` FROM `jdi_addons` WHERE `name` = 'Webim' AND `status` = 1 LIMIT 1   [ RunTime:0.000136s ]
SQL: SHOW COLUMNS FROM `jdi_webim_settings` [ RunTime:0.000885s ]
SQL: SHOW COLUMNS FROM `jdi_webim_histories` [ RunTime:0.001085s ]
SQL: SHOW COLUMNS FROM `jdi_webim_visitors` [ RunTime:0.000998s ]
SQL: SHOW COLUMNS FROM `jdi_webim_rooms` [ RunTime:0.000875s ]
NOTIC: [2048] Declaration of Addons\Webim\Model\MemberModel::join() should be compatible with Think\Model::join($join, $type = 'INNER') /Users/haoli/Desktop/www/jdicms/Addons/Webim/Model/MemberModel.class.php 第 77 行.
SQL: SHOW COLUMNS FROM `jdi_webim_members` [ RunTime:0.000944s ]
SQL: SHOW COLUMNS FROM `jdi_webim_blocked` [ RunTime:0.000954s ]

[ 2015-01-29T20:09:56+08:00 ] ::1 /jdicms/dispatch-execute_addons-_addons-Webim-_controller-Webim/_action/buddies?_=1422533393640&ids=vid%3A51e8c4f&csrf_token=
INFO: [ app_init ] --START--
INFO: Run Behavior\BuildLiteBehavior [ RunTime:0.000085s ]
INFO: Run Common\Behavior\InitHookBehavior [ RunTime:0.005347s ]
INFO: [ app_init ] --END-- [ RunTime:0.007880s ]
INFO: [ app_begin ] --START--
INFO: Run Behavior\ReadHtmlCacheBehavior [ RunTime:0.000969s ]
INFO: [ app_begin ] --END-- [ RunTime:0.001056s ]
NOTIC: [8192] mysql_connect(): The mysql extension is deprecated and will be removed in the future: use mysqli or PDO instead /Users/haoli/Desktop/www/jdicms/ThinkPHP/Library/Think/Db/Driver/Mysql.class.php 第 52 行.
SQL: SHOW COLUMNS FROM `jdi_addons` [ RunTime:0.001595s ]
SQL: SELECT `config` FROM `jdi_addons` WHERE `name` = 'Webim' AND `status` = 1 LIMIT 1   [ RunTime:0.000208s ]
NOTIC: [8] Undefined index: value /Users/haoli/Desktop/www/jdicms/Application/Common/Controller/Addon.class.php 第 132 行.
SQL: SHOW COLUMNS FROM `jdi_webim_settings` [ RunTime:0.000803s ]
ERR: 1146:Table 'jdicms.jdi_webim_settings' doesn't exist
 [ SQL语句 ] : SHOW COLUMNS FROM `jdi_webim_settings`
SQL: SHOW COLUMNS FROM `jdi_webim_histories` [ RunTime:0.000887s ]
ERR: 1146:Table 'jdicms.jdi_webim_histories' doesn't exist
 [ SQL语句 ] : SHOW COLUMNS FROM `jdi_webim_histories`
SQL: SHOW COLUMNS FROM `jdi_webim_visitors` [ RunTime:0.000788s ]
ERR: 1146:Table 'jdicms.jdi_webim_visitors' doesn't exist
 [ SQL语句 ] : SHOW COLUMNS FROM `jdi_webim_visitors`
SQL: SHOW COLUMNS FROM `jdi_webim_rooms` [ RunTime:0.000717s ]
ERR: 1146:Table 'jdicms.jdi_webim_rooms' doesn't exist
 [ SQL语句 ] : SHOW COLUMNS FROM `jdi_webim_rooms`
NOTIC: [2048] Declaration of Addons\Webim\Model\MemberModel::join() should be compatible with Think\Model::join($join, $type = 'INNER') /Users/haoli/Desktop/www/jdicms/Addons/Webim/Model/MemberModel.class.php 第 77 行.
SQL: SHOW COLUMNS FROM `jdi_webim_members` [ RunTime:0.000732s ]
ERR: 1146:Table 'jdicms.jdi_webim_members' doesn't exist
 [ SQL语句 ] : SHOW COLUMNS FROM `jdi_webim_members`
SQL: SHOW COLUMNS FROM `jdi_webim_blocked` [ RunTime:0.000786s ]
ERR: 1146:Table 'jdicms.jdi_webim_blocked' doesn't exist
 [ SQL语句 ] : SHOW COLUMNS FROM `jdi_webim_blocked`
SQL: SELECT * FROM `jdi_webim_visitors` WHERE ( name in ('vid:51e8c4f') )  [ RunTime:0.000275s ]
ERR: 1146:Table 'jdicms.jdi_webim_visitors' doesn't exist
 [ SQL语句 ] : SELECT * FROM `jdi_webim_visitors` WHERE ( name in ('vid:51e8c4f') ) 
NOTIC: [2] Invalid argument supplied for foreach() /Users/haoli/Desktop/www/jdicms/Addons/Webim/Model/VisitorModel.class.php 第 91 行.

[ 2015-01-29T20:11:22+08:00 ] ::1 /jdicms/
INFO: [ app_init ] --START--
INFO: Run Behavior\BuildLiteBehavior [ RunTime:0.000019s ]
INFO: Run Common\Behavior\InitHookBehavior [ RunTime:0.001692s ]
INFO: [ app_init ] --END-- [ RunTime:0.002283s ]
INFO: [ app_begin ] --START--
INFO: Run Behavior\ReadHtmlCacheBehavior [ RunTime:0.000434s ]
INFO: [ app_begin ] --END-- [ RunTime:0.000508s ]

[ 2015-01-29T20:13:37+08:00 ] ::1 /jdicms/dispatch-execute_addons-_addons-Webim-_controller-Webim/_action/buddies?_=1422533615390&ids=vid%3Ae8b1252&csrf_token=
INFO: [ app_init ] --START--
INFO: Run Behavior\BuildLiteBehavior [ RunTime:0.000024s ]
INFO: Run Common\Behavior\InitHookBehavior [ RunTime:0.001567s ]
INFO: [ app_init ] --END-- [ RunTime:0.002074s ]
INFO: [ app_begin ] --START--
INFO: Run Behavior\ReadHtmlCacheBehavior [ RunTime:0.000776s ]
INFO: [ app_begin ] --END-- [ RunTime:0.000874s ]
NOTIC: [8192] mysql_connect(): The mysql extension is deprecated and will be removed in the future: use mysqli or PDO instead /Users/haoli/Desktop/www/jdicms/ThinkPHP/Library/Think/Db/Driver/Mysql.class.php 第 52 行.
SQL: SHOW COLUMNS FROM `jdi_addons` [ RunTime:0.001076s ]
SQL: SELECT `config` FROM `jdi_addons` WHERE `name` = 'Webim' AND `status` = 1 LIMIT 1   [ RunTime:0.000131s ]
NOTIC: [8] Undefined index: value /Users/haoli/Desktop/www/jdicms/Application/Common/Controller/Addon.class.php 第 132 行.
SQL: SHOW COLUMNS FROM `jdi_webim_settings` [ RunTime:0.000537s ]
ERR: 1146:Table 'jdicms.jdi_webim_settings' doesn't exist
 [ SQL语句 ] : SHOW COLUMNS FROM `jdi_webim_settings`
SQL: SHOW COLUMNS FROM `jdi_webim_histories` [ RunTime:0.000482s ]
ERR: 1146:Table 'jdicms.jdi_webim_histories' doesn't exist
 [ SQL语句 ] : SHOW COLUMNS FROM `jdi_webim_histories`
SQL: SHOW COLUMNS FROM `jdi_webim_visitors` [ RunTime:0.000590s ]
ERR: 1146:Table 'jdicms.jdi_webim_visitors' doesn't exist
 [ SQL语句 ] : SHOW COLUMNS FROM `jdi_webim_visitors`
SQL: SHOW COLUMNS FROM `jdi_webim_rooms` [ RunTime:0.000702s ]
ERR: 1146:Table 'jdicms.jdi_webim_rooms' doesn't exist
 [ SQL语句 ] : SHOW COLUMNS FROM `jdi_webim_rooms`
NOTIC: [2048] Declaration of Addons\Webim\Model\MemberModel::join() should be compatible with Think\Model::join($join, $type = 'INNER') /Users/haoli/Desktop/www/jdicms/Addons/Webim/Model/MemberModel.class.php 第 77 行.
SQL: SHOW COLUMNS FROM `jdi_webim_members` [ RunTime:0.000625s ]
ERR: 1146:Table 'jdicms.jdi_webim_members' doesn't exist
 [ SQL语句 ] : SHOW COLUMNS FROM `jdi_webim_members`
SQL: SHOW COLUMNS FROM `jdi_webim_blocked` [ RunTime:0.000575s ]
ERR: 1146:Table 'jdicms.jdi_webim_blocked' doesn't exist
 [ SQL语句 ] : SHOW COLUMNS FROM `jdi_webim_blocked`
SQL: SELECT * FROM `jdi_webim_visitors` WHERE ( name in ('vid:e8b1252') )  [ RunTime:0.000164s ]
ERR: 1146:Table 'jdicms.jdi_webim_visitors' doesn't exist
 [ SQL语句 ] : SELECT * FROM `jdi_webim_visitors` WHERE ( name in ('vid:e8b1252') ) 
NOTIC: [2] Invalid argument supplied for foreach() /Users/haoli/Desktop/www/jdicms/Addons/Webim/Model/VisitorModel.class.php 第 91 行.

[ 2015-01-29T20:15:07+08:00 ] ::1 /jdicms/Index-content-id-MDAwMDAwMDAwMIWCcqI-catid-MDAwMDAwMDAwMIWocqI.html
INFO: [ app_init ] --START--
INFO: Run Behavior\BuildLiteBehavior [ RunTime:0.000016s ]
INFO: Run Common\Behavior\InitHookBehavior [ RunTime:0.001319s ]
INFO: [ app_init ] --END-- [ RunTime:0.001694s ]
INFO: [ app_begin ] --START--
INFO: Run Behavior\ReadHtmlCacheBehavior [ RunTime:0.001070s ]
INFO: [ app_begin ] --END-- [ RunTime:0.001304s ]

[ 2015-01-29T20:18:35+08:00 ] ::1 /jdicms/Index-content-id-MDAwMDAwMDAwMIWCcqI-catid-MDAwMDAwMDAwMIWocqI.html
INFO: [ app_init ] --START--
INFO: Run Behavior\BuildLiteBehavior [ RunTime:0.000040s ]
INFO: Run Common\Behavior\InitHookBehavior [ RunTime:0.001561s ]
INFO: [ app_init ] --END-- [ RunTime:0.002147s ]
INFO: [ app_begin ] --START--
INFO: Run Behavior\ReadHtmlCacheBehavior [ RunTime:0.000829s ]
INFO: [ app_begin ] --END-- [ RunTime:0.000939s ]

[ 2015-01-29T20:22:05+08:00 ] ::1 /jdicms/Index-content-id-MDAwMDAwMDAwMIWCcqI-catid-MDAwMDAwMDAwMIWocqI.html
INFO: [ app_init ] --START--
INFO: Run Behavior\BuildLiteBehavior [ RunTime:0.000016s ]
INFO: Run Common\Behavior\InitHookBehavior [ RunTime:0.001394s ]
INFO: [ app_init ] --END-- [ RunTime:0.001801s ]
INFO: [ app_begin ] --START--
INFO: Run Behavior\ReadHtmlCacheBehavior [ RunTime:0.000612s ]
INFO: [ app_begin ] --END-- [ RunTime:0.000724s ]

[ 2015-01-29T20:25:49+08:00 ] ::1 /jdicms/Index-content-id-MDAwMDAwMDAwMIWCcqI-catid-MDAwMDAwMDAwMIWocqI.html
INFO: [ app_init ] --START--
INFO: Run Behavior\BuildLiteBehavior [ RunTime:0.000057s ]
INFO: Run Common\Behavior\InitHookBehavior [ RunTime:0.003201s ]
INFO: [ app_init ] --END-- [ RunTime:0.003877s ]
INFO: [ app_begin ] --START--
INFO: Run Behavior\ReadHtmlCacheBehavior [ RunTime:0.000466s ]
INFO: [ app_begin ] --END-- [ RunTime:0.000537s ]

[ 2015-01-29T21:31:13+08:00 ] ::1 /jdicms/Index-content-id-MDAwMDAwMDAwMIWCcqI-catid-MDAwMDAwMDAwMIWocqI.html
INFO: [ app_init ] --START--
INFO: Run Behavior\BuildLiteBehavior [ RunTime:0.000032s ]
INFO: Run Common\Behavior\InitHookBehavior [ RunTime:0.003977s ]
INFO: [ app_init ] --END-- [ RunTime:0.005047s ]
INFO: [ app_begin ] --START--
INFO: Run Behavior\ReadHtmlCacheBehavior [ RunTime:0.000983s ]
INFO: [ app_begin ] --END-- [ RunTime:0.001076s ]

[ 2015-01-29T23:35:47+08:00 ] ::1 /jdicms/Index-content-id-MDAwMDAwMDAwMIWCcqI-catid-MDAwMDAwMDAwMIWocqI.html
INFO: [ app_init ] --START--
INFO: Run Behavior\BuildLiteBehavior [ RunTime:0.000017s ]
INFO: Run Common\Behavior\InitHookBehavior [ RunTime:0.002106s ]
INFO: [ app_init ] --END-- [ RunTime:0.002684s ]
INFO: [ app_begin ] --START--
INFO: Run Behavior\ReadHtmlCacheBehavior [ RunTime:0.000494s ]
INFO: [ app_begin ] --END-- [ RunTime:0.000578s ]

[ 2015-01-29T23:39:55+08:00 ] ::1 /jdicms/Index-content-id-MDAwMDAwMDAwMIWCcqI-catid-MDAwMDAwMDAwMIWocqI.html
INFO: [ app_init ] --START--
INFO: Run Behavior\BuildLiteBehavior [ RunTime:0.000027s ]
INFO: Run Common\Behavior\InitHookBehavior [ RunTime:0.001555s ]
INFO: [ app_init ] --END-- [ RunTime:0.002100s ]
INFO: [ app_begin ] --START--
INFO: Run Behavior\ReadHtmlCacheBehavior [ RunTime:0.000672s ]
INFO: [ app_begin ] --END-- [ RunTime:0.000818s ]

[ 2015-01-29T23:40:25+08:00 ] ::1 /jdicms/Index-content-id-MDAwMDAwMDAwMIWCcqI-catid-MDAwMDAwMDAwMIWocqI.html
INFO: [ app_init ] --START--
INFO: Run Behavior\BuildLiteBehavior [ RunTime:0.000014s ]
INFO: Run Common\Behavior\InitHookBehavior [ RunTime:0.001305s ]
INFO: [ app_init ] --END-- [ RunTime:0.001700s ]
INFO: [ app_begin ] --START--
INFO: Run Behavior\ReadHtmlCacheBehavior [ RunTime:0.001141s ]
INFO: [ app_begin ] --END-- [ RunTime:0.001306s ]

[ 2015-01-29T23:41:11+08:00 ] ::1 /jdicms/Index-content-id-MDAwMDAwMDAwMIWCcqI-catid-MDAwMDAwMDAwMIWocqI.html
INFO: [ app_init ] --START--
INFO: Run Behavior\BuildLiteBehavior [ RunTime:0.000014s ]
INFO: Run Common\Behavior\InitHookBehavior [ RunTime:0.001054s ]
INFO: [ app_init ] --END-- [ RunTime:0.001381s ]
INFO: [ app_begin ] --START--
INFO: Run Behavior\ReadHtmlCacheBehavior [ RunTime:0.000382s ]
INFO: [ app_begin ] --END-- [ RunTime:0.000433s ]

[ 2015-01-29T23:42:23+08:00 ] ::1 /jdicms/Index-content-id-MDAwMDAwMDAwMIWCcqI-catid-MDAwMDAwMDAwMIWocqI.html
INFO: [ app_init ] --START--
INFO: Run Behavior\BuildLiteBehavior [ RunTime:0.000026s ]
INFO: Run Common\Behavior\InitHookBehavior [ RunTime:0.001316s ]
INFO: [ app_init ] --END-- [ RunTime:0.001803s ]
INFO: [ app_begin ] --START--
INFO: Run Behavior\ReadHtmlCacheBehavior [ RunTime:0.000577s ]
INFO: [ app_begin ] --END-- [ RunTime:0.000643s ]

[ 2015-01-29T23:42:32+08:00 ] ::1 /jdicms/Index-content-id-MDAwMDAwMDAwMIWCcqI-catid-MDAwMDAwMDAwMIWocqI.html
INFO: [ app_init ] --START--
INFO: Run Behavior\BuildLiteBehavior [ RunTime:0.000047s ]
INFO: Run Common\Behavior\InitHookBehavior [ RunTime:0.002474s ]
INFO: [ app_init ] --END-- [ RunTime:0.003289s ]
INFO: [ app_begin ] --START--
INFO: Run Behavior\ReadHtmlCacheBehavior [ RunTime:0.000670s ]
INFO: [ app_begin ] --END-- [ RunTime:0.000774s ]

[ 2015-01-29T23:43:12+08:00 ] ::1 /jdicms/Index-content-id-MDAwMDAwMDAwMIWCcqI-catid-MDAwMDAwMDAwMIWocqI.html
INFO: [ app_init ] --START--
INFO: Run Behavior\BuildLiteBehavior [ RunTime:0.000015s ]
INFO: Run Common\Behavior\InitHookBehavior [ RunTime:0.001260s ]
INFO: [ app_init ] --END-- [ RunTime:0.001653s ]
INFO: [ app_begin ] --START--
INFO: Run Behavior\ReadHtmlCacheBehavior [ RunTime:0.000435s ]
INFO: [ app_begin ] --END-- [ RunTime:0.000491s ]

[ 2015-01-29T23:43:24+08:00 ] ::1 /jdicms/Index-content-id-MDAwMDAwMDAwMIWCcqI-catid-MDAwMDAwMDAwMIWocqI.html
INFO: [ app_init ] --START--
INFO: Run Behavior\BuildLiteBehavior [ RunTime:0.000018s ]
INFO: Run Common\Behavior\InitHookBehavior [ RunTime:0.001309s ]
INFO: [ app_init ] --END-- [ RunTime:0.001752s ]
INFO: [ app_begin ] --START--
INFO: Run Behavior\ReadHtmlCacheBehavior [ RunTime:0.000414s ]
INFO: [ app_begin ] --END-- [ RunTime:0.000470s ]

[ 2015-01-29T23:54:10+08:00 ] ::1 /jdicms/Index-content-id-MDAwMDAwMDAwMIWCcqI-catid-MDAwMDAwMDAwMIWocqI.html
INFO: [ app_init ] --START--
INFO: Run Behavior\BuildLiteBehavior [ RunTime:0.000038s ]
INFO: Run Common\Behavior\InitHookBehavior [ RunTime:0.002153s ]
INFO: [ app_init ] --END-- [ RunTime:0.002716s ]
INFO: [ app_begin ] --START--
INFO: Run Behavior\ReadHtmlCacheBehavior [ RunTime:0.000527s ]
INFO: [ app_begin ] --END-- [ RunTime:0.000605s ]

