[ 2015-03-25T11:19:07+08:00 ] ::1 /jdicms/
INFO: [ app_init ] --START--
INFO: Run Behavior\BuildLiteBehavior [ RunTime:0.000014s ]
INFO: Run Common\Behavior\InitHookBehavior [ RunTime:0.001159s ]
INFO: [ app_init ] --END-- [ RunTime:0.001499s ]
INFO: [ app_begin ] --START--
INFO: Run Behavior\ReadHtmlCacheBehavior [ RunTime:0.000397s ]
INFO: [ app_begin ] --END-- [ RunTime:0.000452s ]

[ 2015-03-25T11:19:08+08:00 ] ::1 /jdicms/index.php/Home/dispatch/execute_addons/_addons/IPlistener/_controller/IPlistener/_action/updateIp.html
INFO: [ app_init ] --START--
INFO: Run Behavior\BuildLiteBehavior [ RunTime:0.000284s ]
INFO: Run Common\Behavior\InitHookBehavior [ RunTime:0.002267s ]
INFO: [ app_init ] --END-- [ RunTime:0.003137s ]
INFO: [ app_begin ] --START--
INFO: Run Behavior\ReadHtmlCacheBehavior [ RunTime:0.001111s ]
INFO: [ app_begin ] --END-- [ RunTime:0.001319s ]
NOTIC: [8192] mysql_connect(): The mysql extension is deprecated and will be removed in the future: use mysqli or PDO instead /Users/haoli/Desktop/www/jdicms/ThinkPHP/Library/Think/Db/Driver/Mysql.class.php 第 52 行.
SQL: SHOW COLUMNS FROM `jdi_addons` [ RunTime:0.001791s ]
SQL: SELECT * FROM `jdi_addons` WHERE `name` = 'IPlistener' LIMIT 1   [ RunTime:0.000155s ]
SQL: SHOW COLUMNS FROM `jdi_iplistener` [ RunTime:0.002037s ]
SQL: INSERT INTO `jdi_iplistener` (`ip`,`visit_time`,`visit_url`,`city`,`isp`) VALUES ('::1',1427253547,'http://localhost/jdicms/','未知','未知') [ RunTime:0.000465s ]

[ 2015-03-25T11:24:48+08:00 ] ::1 /jdicms/
INFO: [ app_init ] --START--
INFO: Run Behavior\BuildLiteBehavior [ RunTime:0.000025s ]
INFO: Run Common\Behavior\InitHookBehavior [ RunTime:0.001433s ]
INFO: [ app_init ] --END-- [ RunTime:0.001942s ]
INFO: [ app_begin ] --START--
INFO: Run Behavior\ReadHtmlCacheBehavior [ RunTime:0.000488s ]
INFO: [ app_begin ] --END-- [ RunTime:0.000550s ]

[ 2015-03-25T11:24:48+08:00 ] ::1 /jdicms/index.php/Home/dispatch/execute_addons/_addons/IPlistener/_controller/IPlistener/_action/updateIp.html
INFO: [ app_init ] --START--
INFO: Run Behavior\BuildLiteBehavior [ RunTime:0.000026s ]
INFO: Run Common\Behavior\InitHookBehavior [ RunTime:0.001823s ]
INFO: [ app_init ] --END-- [ RunTime:0.002396s ]
INFO: [ app_begin ] --START--
INFO: Run Behavior\ReadHtmlCacheBehavior [ RunTime:0.000741s ]
INFO: [ app_begin ] --END-- [ RunTime:0.000878s ]
NOTIC: [8192] mysql_connect(): The mysql extension is deprecated and will be removed in the future: use mysqli or PDO instead /Users/haoli/Desktop/www/jdicms/ThinkPHP/Library/Think/Db/Driver/Mysql.class.php 第 52 行.
SQL: SHOW COLUMNS FROM `jdi_addons` [ RunTime:0.001980s ]
SQL: SELECT * FROM `jdi_addons` WHERE `name` = 'IPlistener' LIMIT 1   [ RunTime:0.000449s ]
SQL: SHOW COLUMNS FROM `jdi_iplistener` [ RunTime:0.002067s ]
SQL: INSERT INTO `jdi_iplistener` (`ip`,`visit_time`,`visit_url`,`city`,`isp`) VALUES ('::1',1427253888,'http://localhost/jdicms/','未知','未知') [ RunTime:0.000191s ]

[ 2015-03-25T11:27:01+08:00 ] ::1 /jdicms/
INFO: [ app_init ] --START--
INFO: Run Behavior\BuildLiteBehavior [ RunTime:0.000023s ]
INFO: Run Common\Behavior\InitHookBehavior [ RunTime:0.001263s ]
INFO: [ app_init ] --END-- [ RunTime:0.001702s ]
INFO: [ app_begin ] --START--
INFO: Run Behavior\ReadHtmlCacheBehavior [ RunTime:0.000427s ]
INFO: [ app_begin ] --END-- [ RunTime:0.000485s ]

[ 2015-03-25T11:27:02+08:00 ] ::1 /jdicms/index.php/Home/dispatch/execute_addons/_addons/IPlistener/_controller/IPlistener/_action/updateIp.html
INFO: [ app_init ] --START--
INFO: Run Behavior\BuildLiteBehavior [ RunTime:0.000015s ]
INFO: Run Common\Behavior\InitHookBehavior [ RunTime:0.001219s ]
INFO: [ app_init ] --END-- [ RunTime:0.001610s ]
INFO: [ app_begin ] --START--
INFO: Run Behavior\ReadHtmlCacheBehavior [ RunTime:0.000467s ]
INFO: [ app_begin ] --END-- [ RunTime:0.000547s ]
NOTIC: [8192] mysql_connect(): The mysql extension is deprecated and will be removed in the future: use mysqli or PDO instead /Users/haoli/Desktop/www/jdicms/ThinkPHP/Library/Think/Db/Driver/Mysql.class.php 第 52 行.
SQL: SHOW COLUMNS FROM `jdi_addons` [ RunTime:0.003364s ]
SQL: SELECT * FROM `jdi_addons` WHERE `name` = 'IPlistener' LIMIT 1   [ RunTime:0.001201s ]
SQL: SHOW COLUMNS FROM `jdi_iplistener` [ RunTime:0.002100s ]
SQL: INSERT INTO `jdi_iplistener` (`ip`,`visit_time`,`visit_url`,`city`,`isp`) VALUES ('::1',1427254021,'http://localhost/jdicms/','未知','未知') [ RunTime:0.000179s ]

[ 2015-03-25T11:28:38+08:00 ] ::1 /jdicms/
INFO: [ app_init ] --START--
INFO: Run Behavior\BuildLiteBehavior [ RunTime:0.000025s ]
INFO: Run Common\Behavior\InitHookBehavior [ RunTime:0.001619s ]
INFO: [ app_init ] --END-- [ RunTime:0.002263s ]
INFO: [ app_begin ] --START--
INFO: Run Behavior\ReadHtmlCacheBehavior [ RunTime:0.000484s ]
INFO: [ app_begin ] --END-- [ RunTime:0.000552s ]

[ 2015-03-25T11:28:39+08:00 ] ::1 /jdicms/index.php/Home/dispatch/execute_addons/_addons/IPlistener/_controller/IPlistener/_action/updateIp.html
INFO: [ app_init ] --START--
INFO: Run Behavior\BuildLiteBehavior [ RunTime:0.000029s ]
INFO: Run Common\Behavior\InitHookBehavior [ RunTime:0.001813s ]
INFO: [ app_init ] --END-- [ RunTime:0.005160s ]
INFO: [ app_begin ] --START--
INFO: Run Behavior\ReadHtmlCacheBehavior [ RunTime:0.000447s ]
INFO: [ app_begin ] --END-- [ RunTime:0.000515s ]
NOTIC: [8192] mysql_connect(): The mysql extension is deprecated and will be removed in the future: use mysqli or PDO instead /Users/haoli/Desktop/www/jdicms/ThinkPHP/Library/Think/Db/Driver/Mysql.class.php 第 52 行.
SQL: SHOW COLUMNS FROM `jdi_addons` [ RunTime:0.001549s ]
SQL: SELECT * FROM `jdi_addons` WHERE `name` = 'IPlistener' LIMIT 1   [ RunTime:0.000327s ]
SQL: SHOW COLUMNS FROM `jdi_iplistener` [ RunTime:0.002049s ]
SQL: INSERT INTO `jdi_iplistener` (`ip`,`visit_time`,`visit_url`,`city`,`isp`) VALUES ('::1',1427254119,'http://localhost/jdicms/','未知','未知') [ RunTime:0.000251s ]

[ 2015-03-25T11:32:31+08:00 ] ::1 /jdicms/
INFO: [ app_init ] --START--
INFO: Run Behavior\BuildLiteBehavior [ RunTime:0.000014s ]
INFO: Run Common\Behavior\InitHookBehavior [ RunTime:0.001284s ]
INFO: [ app_init ] --END-- [ RunTime:0.001625s ]
INFO: [ app_begin ] --START--
INFO: Run Behavior\ReadHtmlCacheBehavior [ RunTime:0.000429s ]
INFO: [ app_begin ] --END-- [ RunTime:0.000492s ]

[ 2015-03-25T11:32:32+08:00 ] ::1 /jdicms/index.php/Home/dispatch/execute_addons/_addons/IPlistener/_controller/IPlistener/_action/updateIp.html
INFO: [ app_init ] --START--
INFO: Run Behavior\BuildLiteBehavior [ RunTime:0.000070s ]
INFO: Run Common\Behavior\InitHookBehavior [ RunTime:0.002473s ]
INFO: [ app_init ] --END-- [ RunTime:0.003322s ]
INFO: [ app_begin ] --START--
INFO: Run Behavior\ReadHtmlCacheBehavior [ RunTime:0.001017s ]
INFO: [ app_begin ] --END-- [ RunTime:0.001182s ]
NOTIC: [8192] mysql_connect(): The mysql extension is deprecated and will be removed in the future: use mysqli or PDO instead /Users/haoli/Desktop/www/jdicms/ThinkPHP/Library/Think/Db/Driver/Mysql.class.php 第 52 行.
SQL: SHOW COLUMNS FROM `jdi_addons` [ RunTime:0.004382s ]
SQL: SELECT * FROM `jdi_addons` WHERE `name` = 'IPlistener' LIMIT 1   [ RunTime:0.000191s ]
SQL: SHOW COLUMNS FROM `jdi_iplistener` [ RunTime:0.001691s ]
SQL: INSERT INTO `jdi_iplistener` (`ip`,`visit_time`,`visit_url`,`city`,`isp`) VALUES ('::1',1427254351,'http://localhost/jdicms/','未知','未知') [ RunTime:0.000122s ]

[ 2015-03-25T11:32:43+08:00 ] ::1 /jdicms/
INFO: [ app_init ] --START--
INFO: Run Behavior\BuildLiteBehavior [ RunTime:0.000025s ]
INFO: Run Common\Behavior\InitHookBehavior [ RunTime:0.001727s ]
INFO: [ app_init ] --END-- [ RunTime:0.002279s ]
INFO: [ app_begin ] --START--
INFO: Run Behavior\ReadHtmlCacheBehavior [ RunTime:0.000458s ]
INFO: [ app_begin ] --END-- [ RunTime:0.000531s ]

[ 2015-03-25T11:32:44+08:00 ] ::1 /jdicms/index.php/Home/dispatch/execute_addons/_addons/IPlistener/_controller/IPlistener/_action/updateIp.html
INFO: [ app_init ] --START--
INFO: Run Behavior\BuildLiteBehavior [ RunTime:0.000017s ]
INFO: Run Common\Behavior\InitHookBehavior [ RunTime:0.001150s ]
INFO: [ app_init ] --END-- [ RunTime:0.001656s ]
INFO: [ app_begin ] --START--
INFO: Run Behavior\ReadHtmlCacheBehavior [ RunTime:0.000397s ]
INFO: [ app_begin ] --END-- [ RunTime:0.000453s ]
NOTIC: [8192] mysql_connect(): The mysql extension is deprecated and will be removed in the future: use mysqli or PDO instead /Users/haoli/Desktop/www/jdicms/ThinkPHP/Library/Think/Db/Driver/Mysql.class.php 第 52 行.
SQL: SHOW COLUMNS FROM `jdi_addons` [ RunTime:0.002847s ]
SQL: SELECT * FROM `jdi_addons` WHERE `name` = 'IPlistener' LIMIT 1   [ RunTime:0.000487s ]
SQL: SHOW COLUMNS FROM `jdi_iplistener` [ RunTime:0.002022s ]
SQL: INSERT INTO `jdi_iplistener` (`ip`,`visit_time`,`visit_url`,`city`,`isp`) VALUES ('::1',1427254364,'http://localhost/jdicms/','未知','未知') [ RunTime:0.000183s ]

[ 2015-03-25T11:36:18+08:00 ] ::1 /jdicms/
INFO: [ app_init ] --START--
INFO: Run Behavior\BuildLiteBehavior [ RunTime:0.000016s ]
INFO: Run Common\Behavior\InitHookBehavior [ RunTime:0.001051s ]
INFO: [ app_init ] --END-- [ RunTime:0.001393s ]
INFO: [ app_begin ] --START--
INFO: Run Behavior\ReadHtmlCacheBehavior [ RunTime:0.000386s ]
INFO: [ app_begin ] --END-- [ RunTime:0.000439s ]

[ 2015-03-25T11:36:19+08:00 ] ::1 /jdicms/index.php/Home/dispatch/execute_addons/_addons/IPlistener/_controller/IPlistener/_action/updateIp.html
INFO: [ app_init ] --START--
INFO: Run Behavior\BuildLiteBehavior [ RunTime:0.000018s ]
INFO: Run Common\Behavior\InitHookBehavior [ RunTime:0.001847s ]
INFO: [ app_init ] --END-- [ RunTime:0.002530s ]
INFO: [ app_begin ] --START--
INFO: Run Behavior\ReadHtmlCacheBehavior [ RunTime:0.001251s ]
INFO: [ app_begin ] --END-- [ RunTime:0.001434s ]
NOTIC: [8192] mysql_connect(): The mysql extension is deprecated and will be removed in the future: use mysqli or PDO instead /Users/haoli/Desktop/www/jdicms/ThinkPHP/Library/Think/Db/Driver/Mysql.class.php 第 52 行.
SQL: SHOW COLUMNS FROM `jdi_addons` [ RunTime:0.002506s ]
SQL: SELECT * FROM `jdi_addons` WHERE `name` = 'IPlistener' LIMIT 1   [ RunTime:0.000175s ]
SQL: SHOW COLUMNS FROM `jdi_iplistener` [ RunTime:0.001493s ]
SQL: INSERT INTO `jdi_iplistener` (`ip`,`visit_time`,`visit_url`,`city`,`isp`) VALUES ('::1',1427254578,'http://localhost/jdicms/','未知','未知') [ RunTime:0.000173s ]

[ 2015-03-25T11:37:19+08:00 ] ::1 /jdicms/
INFO: [ app_init ] --START--
INFO: Run Behavior\BuildLiteBehavior [ RunTime:0.000016s ]
INFO: Run Common\Behavior\InitHookBehavior [ RunTime:0.001110s ]
INFO: [ app_init ] --END-- [ RunTime:0.001506s ]
INFO: [ app_begin ] --START--
INFO: Run Behavior\ReadHtmlCacheBehavior [ RunTime:0.000480s ]
INFO: [ app_begin ] --END-- [ RunTime:0.000540s ]

[ 2015-03-25T11:37:19+08:00 ] ::1 /jdicms/index.php/Home/dispatch/execute_addons/_addons/IPlistener/_controller/IPlistener/_action/updateIp.html
INFO: [ app_init ] --START--
INFO: Run Behavior\BuildLiteBehavior [ RunTime:0.000028s ]
INFO: Run Common\Behavior\InitHookBehavior [ RunTime:0.001900s ]
INFO: [ app_init ] --END-- [ RunTime:0.002568s ]
INFO: [ app_begin ] --START--
INFO: Run Behavior\ReadHtmlCacheBehavior [ RunTime:0.002457s ]
INFO: [ app_begin ] --END-- [ RunTime:0.002721s ]
NOTIC: [8192] mysql_connect(): The mysql extension is deprecated and will be removed in the future: use mysqli or PDO instead /Users/haoli/Desktop/www/jdicms/ThinkPHP/Library/Think/Db/Driver/Mysql.class.php 第 52 行.
SQL: SHOW COLUMNS FROM `jdi_addons` [ RunTime:0.001958s ]
SQL: SELECT * FROM `jdi_addons` WHERE `name` = 'IPlistener' LIMIT 1   [ RunTime:0.000165s ]
SQL: SHOW COLUMNS FROM `jdi_iplistener` [ RunTime:0.001990s ]
SQL: INSERT INTO `jdi_iplistener` (`ip`,`visit_time`,`visit_url`,`city`,`isp`) VALUES ('::1',1427254639,'http://localhost/jdicms/','未知','未知') [ RunTime:0.000176s ]

[ 2015-03-25T11:37:21+08:00 ] ::1 /jdicms/
INFO: [ app_init ] --START--
INFO: Run Behavior\BuildLiteBehavior [ RunTime:0.000016s ]
INFO: Run Common\Behavior\InitHookBehavior [ RunTime:0.001069s ]
INFO: [ app_init ] --END-- [ RunTime:0.001427s ]
INFO: [ app_begin ] --START--
INFO: Run Behavior\ReadHtmlCacheBehavior [ RunTime:0.000397s ]
INFO: [ app_begin ] --END-- [ RunTime:0.000450s ]

[ 2015-03-25T11:37:29+08:00 ] ::1 /jdicms/
INFO: [ app_init ] --START--
INFO: Run Behavior\BuildLiteBehavior [ RunTime:0.000016s ]
INFO: Run Common\Behavior\InitHookBehavior [ RunTime:0.001184s ]
INFO: [ app_init ] --END-- [ RunTime:0.001555s ]
INFO: [ app_begin ] --START--
INFO: Run Behavior\ReadHtmlCacheBehavior [ RunTime:0.000390s ]
INFO: [ app_begin ] --END-- [ RunTime:0.000443s ]

[ 2015-03-25T11:37:30+08:00 ] ::1 /jdicms/index.php/Home/dispatch/execute_addons/_addons/IPlistener/_controller/IPlistener/_action/updateIp.html
INFO: [ app_init ] --START--
INFO: Run Behavior\BuildLiteBehavior [ RunTime:0.000025s ]
INFO: Run Common\Behavior\InitHookBehavior [ RunTime:0.001375s ]
INFO: [ app_init ] --END-- [ RunTime:0.001856s ]
INFO: [ app_begin ] --START--
INFO: Run Behavior\ReadHtmlCacheBehavior [ RunTime:0.000457s ]
INFO: [ app_begin ] --END-- [ RunTime:0.000554s ]
NOTIC: [8192] mysql_connect(): The mysql extension is deprecated and will be removed in the future: use mysqli or PDO instead /Users/haoli/Desktop/www/jdicms/ThinkPHP/Library/Think/Db/Driver/Mysql.class.php 第 52 行.
SQL: SHOW COLUMNS FROM `jdi_addons` [ RunTime:0.001797s ]
SQL: SELECT * FROM `jdi_addons` WHERE `name` = 'IPlistener' LIMIT 1   [ RunTime:0.000139s ]
SQL: SHOW COLUMNS FROM `jdi_iplistener` [ RunTime:0.001924s ]
SQL: INSERT INTO `jdi_iplistener` (`ip`,`visit_time`,`visit_url`,`city`,`isp`) VALUES ('::1',1427254649,'http://localhost/jdicms/','未知','未知') [ RunTime:0.000171s ]

[ 2015-03-25T11:37:31+08:00 ] ::1 /jdicms/
INFO: [ app_init ] --START--
INFO: Run Behavior\BuildLiteBehavior [ RunTime:0.000019s ]
INFO: Run Common\Behavior\InitHookBehavior [ RunTime:0.001206s ]
INFO: [ app_init ] --END-- [ RunTime:0.001591s ]
INFO: [ app_begin ] --START--
INFO: Run Behavior\ReadHtmlCacheBehavior [ RunTime:0.000520s ]
INFO: [ app_begin ] --END-- [ RunTime:0.000595s ]

[ 2015-03-25T11:37:35+08:00 ] ::1 /jdicms/
INFO: [ app_init ] --START--
INFO: Run Behavior\BuildLiteBehavior [ RunTime:0.000020s ]
INFO: Run Common\Behavior\InitHookBehavior [ RunTime:0.001239s ]
INFO: [ app_init ] --END-- [ RunTime:0.001719s ]
INFO: [ app_begin ] --START--
INFO: Run Behavior\ReadHtmlCacheBehavior [ RunTime:0.000455s ]
INFO: [ app_begin ] --END-- [ RunTime:0.000518s ]

[ 2015-03-25T11:37:37+08:00 ] ::1 /jdicms/
INFO: [ app_init ] --START--
INFO: Run Behavior\BuildLiteBehavior [ RunTime:0.000015s ]
INFO: Run Common\Behavior\InitHookBehavior [ RunTime:0.001079s ]
INFO: [ app_init ] --END-- [ RunTime:0.001428s ]
INFO: [ app_begin ] --START--
INFO: Run Behavior\ReadHtmlCacheBehavior [ RunTime:0.000389s ]
INFO: [ app_begin ] --END-- [ RunTime:0.000443s ]

[ 2015-03-25T11:37:45+08:00 ] ::1 /jdicms/index.php/Home/index/index.html
INFO: [ app_init ] --START--
INFO: Run Behavior\BuildLiteBehavior [ RunTime:0.000015s ]
INFO: Run Common\Behavior\InitHookBehavior [ RunTime:0.001486s ]
INFO: [ app_init ] --END-- [ RunTime:0.001837s ]
INFO: [ app_begin ] --START--
INFO: Run Behavior\ReadHtmlCacheBehavior [ RunTime:0.000408s ]
INFO: [ app_begin ] --END-- [ RunTime:0.000472s ]

[ 2015-03-25T11:37:45+08:00 ] ::1 /jdicms/index.php/Home/dispatch/execute_addons/_addons/IPlistener/_controller/IPlistener/_action/updateIp.html
INFO: [ app_init ] --START--
INFO: Run Behavior\BuildLiteBehavior [ RunTime:0.000016s ]
INFO: Run Common\Behavior\InitHookBehavior [ RunTime:0.002635s ]
INFO: [ app_init ] --END-- [ RunTime:0.003024s ]
INFO: [ app_begin ] --START--
INFO: Run Behavior\ReadHtmlCacheBehavior [ RunTime:0.000491s ]
INFO: [ app_begin ] --END-- [ RunTime:0.000567s ]
NOTIC: [8192] mysql_connect(): The mysql extension is deprecated and will be removed in the future: use mysqli or PDO instead /Users/haoli/Desktop/www/jdicms/ThinkPHP/Library/Think/Db/Driver/Mysql.class.php 第 52 行.
SQL: SHOW COLUMNS FROM `jdi_addons` [ RunTime:0.001192s ]
SQL: SELECT * FROM `jdi_addons` WHERE `name` = 'IPlistener' LIMIT 1   [ RunTime:0.000150s ]
SQL: SHOW COLUMNS FROM `jdi_iplistener` [ RunTime:0.001784s ]
SQL: INSERT INTO `jdi_iplistener` (`ip`,`visit_time`,`visit_url`,`city`,`isp`) VALUES ('::1',1427254665,'http://localhost/jdicms/index.php/Home/index/index.html','未知','未知') [ RunTime:0.000182s ]

[ 2015-03-25T11:38:05+08:00 ] ::1 /jdicms/index.php/Home/index/category/cate/xiazai/p/1.html
INFO: [ app_init ] --START--
INFO: Run Behavior\BuildLiteBehavior [ RunTime:0.000015s ]
INFO: Run Common\Behavior\InitHookBehavior [ RunTime:0.001266s ]
INFO: [ app_init ] --END-- [ RunTime:0.001622s ]
INFO: [ app_begin ] --START--
INFO: Run Behavior\ReadHtmlCacheBehavior [ RunTime:0.000448s ]
INFO: [ app_begin ] --END-- [ RunTime:0.000509s ]

[ 2015-03-25T11:38:05+08:00 ] ::1 /jdicms/index.php/Home/dispatch/execute_addons/_addons/IPlistener/_controller/IPlistener/_action/updateIp.html
INFO: [ app_init ] --START--
INFO: Run Behavior\BuildLiteBehavior [ RunTime:0.000024s ]
INFO: Run Common\Behavior\InitHookBehavior [ RunTime:0.002948s ]
INFO: [ app_init ] --END-- [ RunTime:0.003559s ]
INFO: [ app_begin ] --START--
INFO: Run Behavior\ReadHtmlCacheBehavior [ RunTime:0.001220s ]
INFO: [ app_begin ] --END-- [ RunTime:0.001378s ]
NOTIC: [8192] mysql_connect(): The mysql extension is deprecated and will be removed in the future: use mysqli or PDO instead /Users/haoli/Desktop/www/jdicms/ThinkPHP/Library/Think/Db/Driver/Mysql.class.php 第 52 行.
SQL: SHOW COLUMNS FROM `jdi_addons` [ RunTime:0.001390s ]
SQL: SELECT * FROM `jdi_addons` WHERE `name` = 'IPlistener' LIMIT 1   [ RunTime:0.000161s ]
SQL: SHOW COLUMNS FROM `jdi_iplistener` [ RunTime:0.002086s ]
SQL: INSERT INTO `jdi_iplistener` (`ip`,`visit_time`,`visit_url`,`city`,`isp`) VALUES ('::1',1427254685,'http://localhost/jdicms/index.php/Home/index/category/cate/xiazai/p/1.html','未知','未知') [ RunTime:0.000230s ]

[ 2015-03-25T11:43:30+08:00 ] ::1 /jdicms/index.php/Home/index/index.html
INFO: [ app_init ] --START--
INFO: Run Behavior\BuildLiteBehavior [ RunTime:0.000026s ]
INFO: Run Common\Behavior\InitHookBehavior [ RunTime:0.001404s ]
INFO: [ app_init ] --END-- [ RunTime:0.001895s ]
INFO: [ app_begin ] --START--
INFO: Run Behavior\ReadHtmlCacheBehavior [ RunTime:0.000600s ]
INFO: [ app_begin ] --END-- [ RunTime:0.000687s ]

[ 2015-03-25T11:43:31+08:00 ] ::1 /jdicms/index.php/Home/dispatch/execute_addons/_addons/IPlistener/_controller/IPlistener/_action/updateIp.html
INFO: [ app_init ] --START--
INFO: Run Behavior\BuildLiteBehavior [ RunTime:0.000042s ]
INFO: Run Common\Behavior\InitHookBehavior [ RunTime:0.003122s ]
INFO: [ app_init ] --END-- [ RunTime:0.003992s ]
INFO: [ app_begin ] --START--
INFO: Run Behavior\ReadHtmlCacheBehavior [ RunTime:0.000897s ]
INFO: [ app_begin ] --END-- [ RunTime:0.001042s ]
NOTIC: [8192] mysql_connect(): The mysql extension is deprecated and will be removed in the future: use mysqli or PDO instead /Users/haoli/Desktop/www/jdicms/ThinkPHP/Library/Think/Db/Driver/Mysql.class.php 第 52 行.
SQL: SHOW COLUMNS FROM `jdi_addons` [ RunTime:0.008852s ]
SQL: SELECT * FROM `jdi_addons` WHERE `name` = 'IPlistener' LIMIT 1   [ RunTime:0.000343s ]
SQL: SHOW COLUMNS FROM `jdi_iplistener` [ RunTime:0.001894s ]
SQL: INSERT INTO `jdi_iplistener` (`ip`,`visit_time`,`visit_url`,`city`,`isp`) VALUES ('::1',1427255011,'http://localhost/jdicms/index.php/Home/index/index.html','未知','未知') [ RunTime:0.000159s ]

[ 2015-03-25T11:43:38+08:00 ] ::1 /jdicms/index.php/Home/index/category/cate/erjifenlei/p/1.html
INFO: [ app_init ] --START--
INFO: Run Behavior\BuildLiteBehavior [ RunTime:0.000015s ]
INFO: Run Common\Behavior\InitHookBehavior [ RunTime:0.001106s ]
INFO: [ app_init ] --END-- [ RunTime:0.001465s ]
INFO: [ app_begin ] --START--
INFO: Run Behavior\ReadHtmlCacheBehavior [ RunTime:0.000636s ]
INFO: [ app_begin ] --END-- [ RunTime:0.000744s ]

[ 2015-03-25T11:56:04+08:00 ] ::1 /jdicms/index.php/Home/index/index.html
INFO: [ app_init ] --START--
INFO: Run Behavior\BuildLiteBehavior [ RunTime:0.000019s ]
INFO: Run Common\Behavior\InitHookBehavior [ RunTime:0.001838s ]
INFO: [ app_init ] --END-- [ RunTime:0.002281s ]
INFO: [ app_begin ] --START--
INFO: Run Behavior\ReadHtmlCacheBehavior [ RunTime:0.000812s ]
INFO: [ app_begin ] --END-- [ RunTime:0.000979s ]

[ 2015-03-25T11:56:05+08:00 ] ::1 /jdicms/index.php/Home/dispatch/execute_addons/_addons/IPlistener/_controller/IPlistener/_action/updateIp.html
INFO: [ app_init ] --START--
INFO: Run Behavior\BuildLiteBehavior [ RunTime:0.000017s ]
INFO: Run Common\Behavior\InitHookBehavior [ RunTime:0.001466s ]
INFO: [ app_init ] --END-- [ RunTime:0.001874s ]
INFO: [ app_begin ] --START--
INFO: Run Behavior\ReadHtmlCacheBehavior [ RunTime:0.000402s ]
INFO: [ app_begin ] --END-- [ RunTime:0.000463s ]
NOTIC: [8192] mysql_connect(): The mysql extension is deprecated and will be removed in the future: use mysqli or PDO instead /Users/haoli/Desktop/www/jdicms/ThinkPHP/Library/Think/Db/Driver/Mysql.class.php 第 52 行.
SQL: SHOW COLUMNS FROM `jdi_addons` [ RunTime:0.002551s ]
SQL: SELECT * FROM `jdi_addons` WHERE `name` = 'IPlistener' LIMIT 1   [ RunTime:0.000235s ]
SQL: SHOW COLUMNS FROM `jdi_iplistener` [ RunTime:0.002017s ]
SQL: INSERT INTO `jdi_iplistener` (`ip`,`visit_time`,`visit_url`,`city`,`isp`) VALUES ('::1',1427255764,'http://localhost/jdicms/index.php/Home/index/index.html','未知','未知') [ RunTime:0.000178s ]

[ 2015-03-25T11:56:10+08:00 ] ::1 /jdicms/index.php/Home/index/content/cate/wo/id/1.html
INFO: [ app_init ] --START--
INFO: Run Behavior\BuildLiteBehavior [ RunTime:0.000023s ]
INFO: Run Common\Behavior\InitHookBehavior [ RunTime:0.001301s ]
INFO: [ app_init ] --END-- [ RunTime:0.001746s ]
INFO: [ app_begin ] --START--
INFO: Run Behavior\ReadHtmlCacheBehavior [ RunTime:0.000591s ]
INFO: [ app_begin ] --END-- [ RunTime:0.000703s ]

[ 2015-03-25T11:57:36+08:00 ] ::1 /jdicms/index.php/Home/index/category/cate/xiazai/p/1.html
INFO: [ app_init ] --START--
INFO: Run Behavior\BuildLiteBehavior [ RunTime:0.000038s ]
INFO: Run Common\Behavior\InitHookBehavior [ RunTime:0.002183s ]
INFO: [ app_init ] --END-- [ RunTime:0.003259s ]
INFO: [ app_begin ] --START--
INFO: Run Behavior\ReadHtmlCacheBehavior [ RunTime:0.000661s ]
INFO: [ app_begin ] --END-- [ RunTime:0.000783s ]

[ 2015-03-25T11:57:37+08:00 ] ::1 /jdicms/index.php/Home/dispatch/execute_addons/_addons/IPlistener/_controller/IPlistener/_action/updateIp.html
INFO: [ app_init ] --START--
INFO: Run Behavior\BuildLiteBehavior [ RunTime:0.000031s ]
INFO: Run Common\Behavior\InitHookBehavior [ RunTime:0.004995s ]
INFO: [ app_init ] --END-- [ RunTime:0.005876s ]
INFO: [ app_begin ] --START--
INFO: Run Behavior\ReadHtmlCacheBehavior [ RunTime:0.000635s ]
INFO: [ app_begin ] --END-- [ RunTime:0.000738s ]
NOTIC: [8192] mysql_connect(): The mysql extension is deprecated and will be removed in the future: use mysqli or PDO instead /Users/haoli/Desktop/www/jdicms/ThinkPHP/Library/Think/Db/Driver/Mysql.class.php 第 52 行.
SQL: SHOW COLUMNS FROM `jdi_addons` [ RunTime:0.001620s ]
SQL: SELECT * FROM `jdi_addons` WHERE `name` = 'IPlistener' LIMIT 1   [ RunTime:0.000489s ]
SQL: SHOW COLUMNS FROM `jdi_iplistener` [ RunTime:0.002067s ]
SQL: INSERT INTO `jdi_iplistener` (`ip`,`visit_time`,`visit_url`,`city`,`isp`) VALUES ('::1',1427255857,'http://localhost/jdicms/index.php/Home/index/category/cate/xiazai/p/1.html','未知','未知') [ RunTime:0.000180s ]

[ 2015-03-25T11:57:44+08:00 ] ::1 /jdicms/index.php/Home/index/content/cate/xiazai/id/3.html
INFO: [ app_init ] --START--
INFO: Run Behavior\BuildLiteBehavior [ RunTime:0.000016s ]
INFO: Run Common\Behavior\InitHookBehavior [ RunTime:0.001206s ]
INFO: [ app_init ] --END-- [ RunTime:0.001626s ]
INFO: [ app_begin ] --START--
INFO: Run Behavior\ReadHtmlCacheBehavior [ RunTime:0.000397s ]
INFO: [ app_begin ] --END-- [ RunTime:0.000455s ]

[ 2015-03-25T11:57:50+08:00 ] ::1 /jdicms/index.php/Home/index/content/cate/xiazai/id/2.html
INFO: [ app_init ] --START--
INFO: Run Behavior\BuildLiteBehavior [ RunTime:0.000035s ]
INFO: Run Common\Behavior\InitHookBehavior [ RunTime:0.001783s ]
INFO: [ app_init ] --END-- [ RunTime:0.003033s ]
INFO: [ app_begin ] --START--
INFO: Run Behavior\ReadHtmlCacheBehavior [ RunTime:0.000592s ]
INFO: [ app_begin ] --END-- [ RunTime:0.000677s ]

[ 2015-03-25T11:57:52+08:00 ] ::1 /jdicms/index.php/Home/index/content/cate/xiazai/id/1.html
INFO: [ app_init ] --START--
INFO: Run Behavior\BuildLiteBehavior [ RunTime:0.000013s ]
INFO: Run Common\Behavior\InitHookBehavior [ RunTime:0.001052s ]
INFO: [ app_init ] --END-- [ RunTime:0.001383s ]
INFO: [ app_begin ] --START--
INFO: Run Behavior\ReadHtmlCacheBehavior [ RunTime:0.000387s ]
INFO: [ app_begin ] --END-- [ RunTime:0.000446s ]

[ 2015-03-25T11:57:56+08:00 ] ::1 /jdicms/index.php/Home/dispatch/execute_addons/_addons/IPlistener/_controller/IPlistener/_action/updateIp.html
INFO: [ app_init ] --START--
INFO: Run Behavior\BuildLiteBehavior [ RunTime:0.000015s ]
INFO: Run Common\Behavior\InitHookBehavior [ RunTime:0.001088s ]
INFO: [ app_init ] --END-- [ RunTime:0.001452s ]
INFO: [ app_begin ] --START--
INFO: Run Behavior\ReadHtmlCacheBehavior [ RunTime:0.000380s ]
INFO: [ app_begin ] --END-- [ RunTime:0.000432s ]
NOTIC: [8192] mysql_connect(): The mysql extension is deprecated and will be removed in the future: use mysqli or PDO instead /Users/haoli/Desktop/www/jdicms/ThinkPHP/Library/Think/Db/Driver/Mysql.class.php 第 52 行.
SQL: SHOW COLUMNS FROM `jdi_addons` [ RunTime:0.001715s ]
SQL: SELECT * FROM `jdi_addons` WHERE `name` = 'IPlistener' LIMIT 1   [ RunTime:0.000176s ]
SQL: SHOW COLUMNS FROM `jdi_iplistener` [ RunTime:0.002125s ]
SQL: INSERT INTO `jdi_iplistener` (`ip`,`visit_time`,`visit_url`,`city`,`isp`) VALUES ('::1',1427255876,'http://localhost/jdicms/index.php/Home/index/category/cate/xiazai/p/1.html','未知','未知') [ RunTime:0.000207s ]

[ 2015-03-25T11:58:39+08:00 ] ::1 /jdicms/index.php/Home/index/category/cate/xiazai/p/1.html
INFO: [ app_init ] --START--
INFO: Run Behavior\BuildLiteBehavior [ RunTime:0.000016s ]
INFO: Run Common\Behavior\InitHookBehavior [ RunTime:0.001476s ]
INFO: [ app_init ] --END-- [ RunTime:0.001865s ]
INFO: [ app_begin ] --START--
INFO: Run Behavior\ReadHtmlCacheBehavior [ RunTime:0.000703s ]
INFO: [ app_begin ] --END-- [ RunTime:0.000807s ]

[ 2015-03-25T11:58:39+08:00 ] ::1 /jdicms/index.php/Home/dispatch/execute_addons/_addons/IPlistener/_controller/IPlistener/_action/updateIp.html
INFO: [ app_init ] --START--
INFO: Run Behavior\BuildLiteBehavior [ RunTime:0.000017s ]
INFO: Run Common\Behavior\InitHookBehavior [ RunTime:0.001112s ]
INFO: [ app_init ] --END-- [ RunTime:0.001768s ]
INFO: [ app_begin ] --START--
INFO: Run Behavior\ReadHtmlCacheBehavior [ RunTime:0.000436s ]
INFO: [ app_begin ] --END-- [ RunTime:0.000504s ]
NOTIC: [8192] mysql_connect(): The mysql extension is deprecated and will be removed in the future: use mysqli or PDO instead /Users/haoli/Desktop/www/jdicms/ThinkPHP/Library/Think/Db/Driver/Mysql.class.php 第 52 行.
SQL: SHOW COLUMNS FROM `jdi_addons` [ RunTime:0.001790s ]
SQL: SELECT * FROM `jdi_addons` WHERE `name` = 'IPlistener' LIMIT 1   [ RunTime:0.000515s ]
SQL: SHOW COLUMNS FROM `jdi_iplistener` [ RunTime:0.002128s ]
SQL: INSERT INTO `jdi_iplistener` (`ip`,`visit_time`,`visit_url`,`city`,`isp`) VALUES ('::1',1427255919,'http://localhost/jdicms/index.php/Home/index/category/cate/xiazai/p/1.html','未知','未知') [ RunTime:0.000190s ]

[ 2015-03-25T11:58:43+08:00 ] ::1 /jdicms/index.php/Home/index/content/cate/xiazai/id/3.html
INFO: [ app_init ] --START--
INFO: Run Behavior\BuildLiteBehavior [ RunTime:0.000016s ]
INFO: Run Common\Behavior\InitHookBehavior [ RunTime:0.001351s ]
INFO: [ app_init ] --END-- [ RunTime:0.001789s ]
INFO: [ app_begin ] --START--
INFO: Run Behavior\ReadHtmlCacheBehavior [ RunTime:0.001398s ]
INFO: [ app_begin ] --END-- [ RunTime:0.001625s ]

[ 2015-03-25T12:00:38+08:00 ] ::1 /jdicms/index.php/Home/index/content/cate/xiazai/id/3.html
INFO: [ app_init ] --START--
INFO: Run Behavior\BuildLiteBehavior [ RunTime:0.000014s ]
INFO: Run Common\Behavior\InitHookBehavior [ RunTime:0.001201s ]
INFO: [ app_init ] --END-- [ RunTime:0.001623s ]
INFO: [ app_begin ] --START--
INFO: Run Behavior\ReadHtmlCacheBehavior [ RunTime:0.000651s ]
INFO: [ app_begin ] --END-- [ RunTime:0.000779s ]

[ 2015-03-25T12:00:56+08:00 ] ::1 /jdicms/index.php/Home/index/category/cate/xiazai/p/1.html
INFO: [ app_init ] --START--
INFO: Run Behavior\BuildLiteBehavior [ RunTime:0.000016s ]
INFO: Run Common\Behavior\InitHookBehavior [ RunTime:0.001164s ]
INFO: [ app_init ] --END-- [ RunTime:0.001548s ]
INFO: [ app_begin ] --START--
INFO: Run Behavior\ReadHtmlCacheBehavior [ RunTime:0.000449s ]
INFO: [ app_begin ] --END-- [ RunTime:0.000532s ]

[ 2015-03-25T12:00:57+08:00 ] ::1 /jdicms/index.php/Home/dispatch/execute_addons/_addons/IPlistener/_controller/IPlistener/_action/updateIp.html
INFO: [ app_init ] --START--
INFO: Run Behavior\BuildLiteBehavior [ RunTime:0.000023s ]
INFO: Run Common\Behavior\InitHookBehavior [ RunTime:0.002385s ]
INFO: [ app_init ] --END-- [ RunTime:0.002904s ]
INFO: [ app_begin ] --START--
INFO: Run Behavior\ReadHtmlCacheBehavior [ RunTime:0.002060s ]
INFO: [ app_begin ] --END-- [ RunTime:0.002189s ]
NOTIC: [8192] mysql_connect(): The mysql extension is deprecated and will be removed in the future: use mysqli or PDO instead /Users/haoli/Desktop/www/jdicms/ThinkPHP/Library/Think/Db/Driver/Mysql.class.php 第 52 行.
SQL: SHOW COLUMNS FROM `jdi_addons` [ RunTime:0.002946s ]
SQL: SELECT * FROM `jdi_addons` WHERE `name` = 'IPlistener' LIMIT 1   [ RunTime:0.000397s ]
SQL: SHOW COLUMNS FROM `jdi_iplistener` [ RunTime:0.001726s ]
SQL: INSERT INTO `jdi_iplistener` (`ip`,`visit_time`,`visit_url`,`city`,`isp`) VALUES ('::1',1427256057,'http://localhost/jdicms/index.php/Home/index/category/cate/xiazai/p/1.html','未知','未知') [ RunTime:0.000131s ]

[ 2015-03-25T12:01:20+08:00 ] ::1 /jdicms/index.php/Home/index/content/cate/xiazai/id/3.html
INFO: [ app_init ] --START--
INFO: Run Behavior\BuildLiteBehavior [ RunTime:0.000034s ]
INFO: Run Common\Behavior\InitHookBehavior [ RunTime:0.001904s ]
INFO: [ app_init ] --END-- [ RunTime:0.002514s ]
INFO: [ app_begin ] --START--
INFO: Run Behavior\ReadHtmlCacheBehavior [ RunTime:0.000719s ]
INFO: [ app_begin ] --END-- [ RunTime:0.000820s ]

[ 2015-03-25T12:03:01+08:00 ] ::1 /jdicms/index.php/Home/index/category/cate/xiazai/p/1.html
INFO: [ app_init ] --START--
INFO: Run Behavior\BuildLiteBehavior [ RunTime:0.000014s ]
INFO: Run Common\Behavior\InitHookBehavior [ RunTime:0.001116s ]
INFO: [ app_init ] --END-- [ RunTime:0.001454s ]
INFO: [ app_begin ] --START--
INFO: Run Behavior\ReadHtmlCacheBehavior [ RunTime:0.000451s ]
INFO: [ app_begin ] --END-- [ RunTime:0.000508s ]

[ 2015-03-25T12:03:01+08:00 ] ::1 /jdicms/index.php/Home/dispatch/execute_addons/_addons/IPlistener/_controller/IPlistener/_action/updateIp.html
INFO: [ app_init ] --START--
INFO: Run Behavior\BuildLiteBehavior [ RunTime:0.000023s ]
INFO: Run Common\Behavior\InitHookBehavior [ RunTime:0.003884s ]
INFO: [ app_init ] --END-- [ RunTime:0.004412s ]
INFO: [ app_begin ] --START--
INFO: Run Behavior\ReadHtmlCacheBehavior [ RunTime:0.003052s ]
INFO: [ app_begin ] --END-- [ RunTime:0.003174s ]
NOTIC: [8192] mysql_connect(): The mysql extension is deprecated and will be removed in the future: use mysqli or PDO instead /Users/haoli/Desktop/www/jdicms/ThinkPHP/Library/Think/Db/Driver/Mysql.class.php 第 52 行.
SQL: SHOW COLUMNS FROM `jdi_addons` [ RunTime:0.001218s ]
SQL: SELECT * FROM `jdi_addons` WHERE `name` = 'IPlistener' LIMIT 1   [ RunTime:0.000272s ]
SQL: SHOW COLUMNS FROM `jdi_iplistener` [ RunTime:0.002257s ]
SQL: INSERT INTO `jdi_iplistener` (`ip`,`visit_time`,`visit_url`,`city`,`isp`) VALUES ('::1',1427256181,'http://localhost/jdicms/index.php/Home/index/category/cate/xiazai/p/1.html','未知','未知') [ RunTime:0.000197s ]

[ 2015-03-25T12:03:03+08:00 ] ::1 /jdicms/index.php/Home/index/category/cate/xiazai/p/1.html
INFO: [ app_init ] --START--
INFO: Run Behavior\BuildLiteBehavior [ RunTime:0.000016s ]
INFO: Run Common\Behavior\InitHookBehavior [ RunTime:0.001500s ]
INFO: [ app_init ] --END-- [ RunTime:0.001910s ]
INFO: [ app_begin ] --START--
INFO: Run Behavior\ReadHtmlCacheBehavior [ RunTime:0.000980s ]
INFO: [ app_begin ] --END-- [ RunTime:0.001231s ]

[ 2015-03-25T12:03:04+08:00 ] ::1 /jdicms/index.php/Home/index/content/cate/xiazai/id/3.html
INFO: [ app_init ] --START--
INFO: Run Behavior\BuildLiteBehavior [ RunTime:0.000018s ]
INFO: Run Common\Behavior\InitHookBehavior [ RunTime:0.002613s ]
INFO: [ app_init ] --END-- [ RunTime:0.003154s ]
INFO: [ app_begin ] --START--
INFO: Run Behavior\ReadHtmlCacheBehavior [ RunTime:0.000568s ]
INFO: [ app_begin ] --END-- [ RunTime:0.000656s ]

[ 2015-03-25T12:04:37+08:00 ] ::1 /jdicms/index.php/Home/index/category/cate/erjifenlei/p/1.html
INFO: [ app_init ] --START--
INFO: Run Behavior\BuildLiteBehavior [ RunTime:0.000018s ]
INFO: Run Common\Behavior\InitHookBehavior [ RunTime:0.001476s ]
INFO: [ app_init ] --END-- [ RunTime:0.002041s ]
INFO: [ app_begin ] --START--
INFO: Run Behavior\ReadHtmlCacheBehavior [ RunTime:0.000568s ]
INFO: [ app_begin ] --END-- [ RunTime:0.000706s ]

[ 2015-03-25T12:04:37+08:00 ] ::1 /jdicms/index.php/Home/dispatch/execute_addons/_addons/IPlistener/_controller/IPlistener/_action/updateIp.html
INFO: [ app_init ] --START--
INFO: Run Behavior\BuildLiteBehavior [ RunTime:0.000022s ]
INFO: Run Common\Behavior\InitHookBehavior [ RunTime:0.001417s ]
INFO: [ app_init ] --END-- [ RunTime:0.002175s ]
INFO: [ app_begin ] --START--
INFO: Run Behavior\ReadHtmlCacheBehavior [ RunTime:0.000414s ]
INFO: [ app_begin ] --END-- [ RunTime:0.000477s ]
NOTIC: [8192] mysql_connect(): The mysql extension is deprecated and will be removed in the future: use mysqli or PDO instead /Users/haoli/Desktop/www/jdicms/ThinkPHP/Library/Think/Db/Driver/Mysql.class.php 第 52 行.
SQL: SHOW COLUMNS FROM `jdi_addons` [ RunTime:0.002293s ]
SQL: SELECT * FROM `jdi_addons` WHERE `name` = 'IPlistener' LIMIT 1   [ RunTime:0.000183s ]
SQL: SHOW COLUMNS FROM `jdi_iplistener` [ RunTime:0.002145s ]
SQL: INSERT INTO `jdi_iplistener` (`ip`,`visit_time`,`visit_url`,`city`,`isp`) VALUES ('::1',1427256277,'http://localhost/jdicms/index.php/Home/index/category/cate/erjifenlei/p/1.html','未知','未知') [ RunTime:0.000178s ]

[ 2015-03-25T12:04:39+08:00 ] ::1 /jdicms/index.php/Home/index/category/cate/erjifenlei/p/1.html
INFO: [ app_init ] --START--
INFO: Run Behavior\BuildLiteBehavior [ RunTime:0.000016s ]
INFO: Run Common\Behavior\InitHookBehavior [ RunTime:0.001088s ]
INFO: [ app_init ] --END-- [ RunTime:0.001459s ]
INFO: [ app_begin ] --START--
INFO: Run Behavior\ReadHtmlCacheBehavior [ RunTime:0.000392s ]
INFO: [ app_begin ] --END-- [ RunTime:0.000449s ]

[ 2015-03-25T12:04:40+08:00 ] ::1 /jdicms/index.php/Home/index/category/cate/erjifenlei/p/1.html
INFO: [ app_init ] --START--
INFO: Run Behavior\BuildLiteBehavior [ RunTime:0.000014s ]
INFO: Run Common\Behavior\InitHookBehavior [ RunTime:0.001091s ]
INFO: [ app_init ] --END-- [ RunTime:0.001435s ]
INFO: [ app_begin ] --START--
INFO: Run Behavior\ReadHtmlCacheBehavior [ RunTime:0.000402s ]
INFO: [ app_begin ] --END-- [ RunTime:0.000460s ]

[ 2015-03-25T12:06:26+08:00 ] ::1 /jdicms/index.php/Home/index/category/cate/erjifenlei/p/1.html
INFO: [ app_init ] --START--
INFO: Run Behavior\BuildLiteBehavior [ RunTime:0.000022s ]
INFO: Run Common\Behavior\InitHookBehavior [ RunTime:0.001260s ]
INFO: [ app_init ] --END-- [ RunTime:0.001708s ]
INFO: [ app_begin ] --START--
INFO: Run Behavior\ReadHtmlCacheBehavior [ RunTime:0.000434s ]
INFO: [ app_begin ] --END-- [ RunTime:0.000516s ]

[ 2015-03-25T12:06:26+08:00 ] ::1 /jdicms/index.php/Home/dispatch/execute_addons/_addons/IPlistener/_controller/IPlistener/_action/updateIp.html
INFO: [ app_init ] --START--
INFO: Run Behavior\BuildLiteBehavior [ RunTime:0.000027s ]
INFO: Run Common\Behavior\InitHookBehavior [ RunTime:0.002029s ]
INFO: [ app_init ] --END-- [ RunTime:0.002662s ]
INFO: [ app_begin ] --START--
INFO: Run Behavior\ReadHtmlCacheBehavior [ RunTime:0.001482s ]
INFO: [ app_begin ] --END-- [ RunTime:0.001698s ]
NOTIC: [8192] mysql_connect(): The mysql extension is deprecated and will be removed in the future: use mysqli or PDO instead /Users/haoli/Desktop/www/jdicms/ThinkPHP/Library/Think/Db/Driver/Mysql.class.php 第 52 行.
SQL: SHOW COLUMNS FROM `jdi_addons` [ RunTime:0.001288s ]
SQL: SELECT * FROM `jdi_addons` WHERE `name` = 'IPlistener' LIMIT 1   [ RunTime:0.000153s ]
SQL: SHOW COLUMNS FROM `jdi_iplistener` [ RunTime:0.002133s ]
SQL: INSERT INTO `jdi_iplistener` (`ip`,`visit_time`,`visit_url`,`city`,`isp`) VALUES ('::1',1427256386,'http://localhost/jdicms/index.php/Home/index/category/cate/erjifenlei/p/1.html','未知','未知') [ RunTime:0.000179s ]

[ 2015-03-25T12:06:55+08:00 ] ::1 /jdicms/index.php/Home/index/category/cate/erjifenlei/p/1.html
INFO: [ app_init ] --START--
INFO: Run Behavior\BuildLiteBehavior [ RunTime:0.000015s ]
INFO: Run Common\Behavior\InitHookBehavior [ RunTime:0.001085s ]
INFO: [ app_init ] --END-- [ RunTime:0.001423s ]
INFO: [ app_begin ] --START--
INFO: Run Behavior\ReadHtmlCacheBehavior [ RunTime:0.000579s ]
INFO: [ app_begin ] --END-- [ RunTime:0.000648s ]

[ 2015-03-25T12:06:55+08:00 ] ::1 /jdicms/index.php/Home/dispatch/execute_addons/_addons/IPlistener/_controller/IPlistener/_action/updateIp.html
INFO: [ app_init ] --START--
INFO: Run Behavior\BuildLiteBehavior [ RunTime:0.000048s ]
INFO: Run Common\Behavior\InitHookBehavior [ RunTime:0.001812s ]
INFO: [ app_init ] --END-- [ RunTime:0.002485s ]
INFO: [ app_begin ] --START--
INFO: Run Behavior\ReadHtmlCacheBehavior [ RunTime:0.000515s ]
INFO: [ app_begin ] --END-- [ RunTime:0.000624s ]
NOTIC: [8192] mysql_connect(): The mysql extension is deprecated and will be removed in the future: use mysqli or PDO instead /Users/haoli/Desktop/www/jdicms/ThinkPHP/Library/Think/Db/Driver/Mysql.class.php 第 52 行.
SQL: SHOW COLUMNS FROM `jdi_addons` [ RunTime:0.004043s ]
SQL: SELECT * FROM `jdi_addons` WHERE `name` = 'IPlistener' LIMIT 1   [ RunTime:0.001146s ]
SQL: SHOW COLUMNS FROM `jdi_iplistener` [ RunTime:0.002155s ]
SQL: INSERT INTO `jdi_iplistener` (`ip`,`visit_time`,`visit_url`,`city`,`isp`) VALUES ('::1',1427256415,'http://localhost/jdicms/index.php/Home/index/category/cate/erjifenlei/p/1.html','未知','未知') [ RunTime:0.000194s ]

[ 2015-03-25T12:07:14+08:00 ] ::1 /jdicms/index.php/Home/index/category/cate/erjifenlei/p/1.html
INFO: [ app_init ] --START--
INFO: Run Behavior\BuildLiteBehavior [ RunTime:0.000014s ]
INFO: Run Common\Behavior\InitHookBehavior [ RunTime:0.001083s ]
INFO: [ app_init ] --END-- [ RunTime:0.001417s ]
INFO: [ app_begin ] --START--
INFO: Run Behavior\ReadHtmlCacheBehavior [ RunTime:0.000508s ]
INFO: [ app_begin ] --END-- [ RunTime:0.000593s ]

[ 2015-03-25T12:07:15+08:00 ] ::1 /jdicms/index.php/Home/dispatch/execute_addons/_addons/IPlistener/_controller/IPlistener/_action/updateIp.html
INFO: [ app_init ] --START--
INFO: Run Behavior\BuildLiteBehavior [ RunTime:0.000027s ]
INFO: Run Common\Behavior\InitHookBehavior [ RunTime:0.001438s ]
INFO: [ app_init ] --END-- [ RunTime:0.001978s ]
INFO: [ app_begin ] --START--
INFO: Run Behavior\ReadHtmlCacheBehavior [ RunTime:0.000891s ]
INFO: [ app_begin ] --END-- [ RunTime:0.001065s ]
NOTIC: [8192] mysql_connect(): The mysql extension is deprecated and will be removed in the future: use mysqli or PDO instead /Users/haoli/Desktop/www/jdicms/ThinkPHP/Library/Think/Db/Driver/Mysql.class.php 第 52 行.
SQL: SHOW COLUMNS FROM `jdi_addons` [ RunTime:0.001946s ]
SQL: SELECT * FROM `jdi_addons` WHERE `name` = 'IPlistener' LIMIT 1   [ RunTime:0.000346s ]
SQL: SHOW COLUMNS FROM `jdi_iplistener` [ RunTime:0.001559s ]
SQL: INSERT INTO `jdi_iplistener` (`ip`,`visit_time`,`visit_url`,`city`,`isp`) VALUES ('::1',1427256434,'http://localhost/jdicms/index.php/Home/index/category/cate/erjifenlei/p/1.html','未知','未知') [ RunTime:0.000140s ]

[ 2015-03-25T12:07:28+08:00 ] ::1 /jdicms/index.php/Home/index/category/cate/erjifenlei/p/1.html
INFO: [ app_init ] --START--
INFO: Run Behavior\BuildLiteBehavior [ RunTime:0.000016s ]
INFO: Run Common\Behavior\InitHookBehavior [ RunTime:0.001210s ]
INFO: [ app_init ] --END-- [ RunTime:0.001564s ]
INFO: [ app_begin ] --START--
INFO: Run Behavior\ReadHtmlCacheBehavior [ RunTime:0.000441s ]
INFO: [ app_begin ] --END-- [ RunTime:0.000504s ]

[ 2015-03-25T12:07:28+08:00 ] ::1 /jdicms/index.php/Home/dispatch/execute_addons/_addons/IPlistener/_controller/IPlistener/_action/updateIp.html
INFO: [ app_init ] --START--
INFO: Run Behavior\BuildLiteBehavior [ RunTime:0.000017s ]
INFO: Run Common\Behavior\InitHookBehavior [ RunTime:0.001440s ]
INFO: [ app_init ] --END-- [ RunTime:0.001851s ]
INFO: [ app_begin ] --START--
INFO: Run Behavior\ReadHtmlCacheBehavior [ RunTime:0.000557s ]
INFO: [ app_begin ] --END-- [ RunTime:0.000624s ]
NOTIC: [8192] mysql_connect(): The mysql extension is deprecated and will be removed in the future: use mysqli or PDO instead /Users/haoli/Desktop/www/jdicms/ThinkPHP/Library/Think/Db/Driver/Mysql.class.php 第 52 行.
SQL: SHOW COLUMNS FROM `jdi_addons` [ RunTime:0.001706s ]
SQL: SELECT * FROM `jdi_addons` WHERE `name` = 'IPlistener' LIMIT 1   [ RunTime:0.000146s ]
SQL: SHOW COLUMNS FROM `jdi_iplistener` [ RunTime:0.001980s ]
SQL: INSERT INTO `jdi_iplistener` (`ip`,`visit_time`,`visit_url`,`city`,`isp`) VALUES ('::1',1427256448,'http://localhost/jdicms/index.php/Home/index/category/cate/erjifenlei/p/1.html','未知','未知') [ RunTime:0.000182s ]

[ 2015-03-25T12:10:02+08:00 ] ::1 /jdicms/index.php/Home/index/category/cate/erjifenlei/p/1.html
INFO: [ app_init ] --START--
INFO: Run Behavior\BuildLiteBehavior [ RunTime:0.000025s ]
INFO: Run Common\Behavior\InitHookBehavior [ RunTime:0.002759s ]
INFO: [ app_init ] --END-- [ RunTime:0.003454s ]
INFO: [ app_begin ] --START--
INFO: Run Behavior\ReadHtmlCacheBehavior [ RunTime:0.001355s ]
INFO: [ app_begin ] --END-- [ RunTime:0.001699s ]

[ 2015-03-25T12:10:36+08:00 ] ::1 /jdicms/index.php/Home/index/category/cate/erjifenlei/p/1.html
INFO: [ app_init ] --START--
INFO: Run Behavior\BuildLiteBehavior [ RunTime:0.000029s ]
INFO: Run Common\Behavior\InitHookBehavior [ RunTime:0.001894s ]
INFO: [ app_init ] --END-- [ RunTime:0.002471s ]
INFO: [ app_begin ] --START--
INFO: Run Behavior\ReadHtmlCacheBehavior [ RunTime:0.000643s ]
INFO: [ app_begin ] --END-- [ RunTime:0.000754s ]

[ 2015-03-25T12:10:44+08:00 ] ::1 /jdicms/index.php/Home/index/category/cate/erjifenlei/p/1.html
INFO: [ app_init ] --START--
INFO: Run Behavior\BuildLiteBehavior [ RunTime:0.000026s ]
INFO: Run Common\Behavior\InitHookBehavior [ RunTime:0.001568s ]
INFO: [ app_init ] --END-- [ RunTime:0.002172s ]
INFO: [ app_begin ] --START--
INFO: Run Behavior\ReadHtmlCacheBehavior [ RunTime:0.000502s ]
INFO: [ app_begin ] --END-- [ RunTime:0.000607s ]

[ 2015-03-25T12:11:14+08:00 ] ::1 /jdicms/index.php/Home/index/category/cate/erjifenlei/p/1.html
INFO: [ app_init ] --START--
INFO: Run Behavior\BuildLiteBehavior [ RunTime:0.000016s ]
INFO: Run Common\Behavior\InitHookBehavior [ RunTime:0.001523s ]
INFO: [ app_init ] --END-- [ RunTime:0.002037s ]
INFO: [ app_begin ] --START--
INFO: Run Behavior\ReadHtmlCacheBehavior [ RunTime:0.000481s ]
INFO: [ app_begin ] --END-- [ RunTime:0.000556s ]

[ 2015-03-25T12:12:34+08:00 ] ::1 /jdicms/
INFO: [ app_init ] --START--
INFO: Run Behavior\BuildLiteBehavior [ RunTime:0.000024s ]
INFO: Run Common\Behavior\InitHookBehavior [ RunTime:0.001330s ]
INFO: [ app_init ] --END-- [ RunTime:0.001793s ]
INFO: [ app_begin ] --START--
INFO: Run Behavior\ReadHtmlCacheBehavior [ RunTime:0.000796s ]
INFO: [ app_begin ] --END-- [ RunTime:0.000951s ]

[ 2015-03-25T12:12:34+08:00 ] ::1 /jdicms/index.php/Home/dispatch/execute_addons/_addons/IPlistener/_controller/IPlistener/_action/updateIp.html
INFO: [ app_init ] --START--
INFO: Run Behavior\BuildLiteBehavior [ RunTime:0.000016s ]
INFO: Run Common\Behavior\InitHookBehavior [ RunTime:0.001835s ]
INFO: [ app_init ] --END-- [ RunTime:0.002253s ]
INFO: [ app_begin ] --START--
INFO: Run Behavior\ReadHtmlCacheBehavior [ RunTime:0.000879s ]
INFO: [ app_begin ] --END-- [ RunTime:0.000989s ]
NOTIC: [8192] mysql_connect(): The mysql extension is deprecated and will be removed in the future: use mysqli or PDO instead /Users/haoli/Desktop/www/jdicms/ThinkPHP/Library/Think/Db/Driver/Mysql.class.php 第 52 行.
SQL: SHOW COLUMNS FROM `jdi_addons` [ RunTime:0.001173s ]
SQL: SELECT * FROM `jdi_addons` WHERE `name` = 'IPlistener' LIMIT 1   [ RunTime:0.000202s ]
SQL: SHOW COLUMNS FROM `jdi_iplistener` [ RunTime:0.002148s ]
SQL: INSERT INTO `jdi_iplistener` (`ip`,`visit_time`,`visit_url`,`city`,`isp`) VALUES ('::1',1427256754,'http://localhost/jdicms/','未知','未知') [ RunTime:0.000196s ]

[ 2015-03-25T12:12:35+08:00 ] ::1 /jdicms/index.php/Home/index/category/cate/erjifenlei/p/1.html
INFO: [ app_init ] --START--
INFO: Run Behavior\BuildLiteBehavior [ RunTime:0.000013s ]
INFO: Run Common\Behavior\InitHookBehavior [ RunTime:0.001480s ]
INFO: [ app_init ] --END-- [ RunTime:0.001879s ]
INFO: [ app_begin ] --START--
INFO: Run Behavior\ReadHtmlCacheBehavior [ RunTime:0.000496s ]
INFO: [ app_begin ] --END-- [ RunTime:0.000575s ]

[ 2015-03-25T12:13:10+08:00 ] ::1 /jdicms/index.php/Home/index/category/cate/erjifenlei/p/1.html
INFO: [ app_init ] --START--
INFO: Run Behavior\BuildLiteBehavior [ RunTime:0.000015s ]
INFO: Run Common\Behavior\InitHookBehavior [ RunTime:0.001135s ]
INFO: [ app_init ] --END-- [ RunTime:0.001531s ]
INFO: [ app_begin ] --START--
INFO: Run Behavior\ReadHtmlCacheBehavior [ RunTime:0.000392s ]
INFO: [ app_begin ] --END-- [ RunTime:0.000448s ]

[ 2015-03-25T12:13:10+08:00 ] ::1 /jdicms/index.php/Home/dispatch/execute_addons/_addons/IPlistener/_controller/IPlistener/_action/updateIp.html
INFO: [ app_init ] --START--
INFO: Run Behavior\BuildLiteBehavior [ RunTime:0.000027s ]
INFO: Run Common\Behavior\InitHookBehavior [ RunTime:0.002441s ]
INFO: [ app_init ] --END-- [ RunTime:0.003086s ]
INFO: [ app_begin ] --START--
INFO: Run Behavior\ReadHtmlCacheBehavior [ RunTime:0.000639s ]
INFO: [ app_begin ] --END-- [ RunTime:0.000803s ]
NOTIC: [8192] mysql_connect(): The mysql extension is deprecated and will be removed in the future: use mysqli or PDO instead /Users/haoli/Desktop/www/jdicms/ThinkPHP/Library/Think/Db/Driver/Mysql.class.php 第 52 行.
SQL: SHOW COLUMNS FROM `jdi_addons` [ RunTime:0.002088s ]
SQL: SELECT * FROM `jdi_addons` WHERE `name` = 'IPlistener' LIMIT 1   [ RunTime:0.000813s ]
SQL: SHOW COLUMNS FROM `jdi_iplistener` [ RunTime:0.001180s ]
SQL: INSERT INTO `jdi_iplistener` (`ip`,`visit_time`,`visit_url`,`city`,`isp`) VALUES ('::1',1427256790,'http://localhost/jdicms/index.php/Home/index/category/cate/erjifenlei/p/1.html','未知','未知') [ RunTime:0.000186s ]

[ 2015-03-25T12:13:14+08:00 ] ::1 /jdicms/index.php/Home/index/content/cate/erjifenlei/id/1.html
INFO: [ app_init ] --START--
INFO: Run Behavior\BuildLiteBehavior [ RunTime:0.000014s ]
INFO: Run Common\Behavior\InitHookBehavior [ RunTime:0.001399s ]
INFO: [ app_init ] --END-- [ RunTime:0.001757s ]
INFO: [ app_begin ] --START--
INFO: Run Behavior\ReadHtmlCacheBehavior [ RunTime:0.000822s ]
INFO: [ app_begin ] --END-- [ RunTime:0.000970s ]

[ 2015-03-25T12:13:14+08:00 ] ::1 /jdicms/index.php/Home/dispatch/execute_addons/_addons/IPlistener/_controller/IPlistener/_action/updateIp.html
INFO: [ app_init ] --START--
INFO: Run Behavior\BuildLiteBehavior [ RunTime:0.000016s ]
INFO: Run Common\Behavior\InitHookBehavior [ RunTime:0.001124s ]
INFO: [ app_init ] --END-- [ RunTime:0.001486s ]
INFO: [ app_begin ] --START--
INFO: Run Behavior\ReadHtmlCacheBehavior [ RunTime:0.000667s ]
INFO: [ app_begin ] --END-- [ RunTime:0.000806s ]
NOTIC: [8192] mysql_connect(): The mysql extension is deprecated and will be removed in the future: use mysqli or PDO instead /Users/haoli/Desktop/www/jdicms/ThinkPHP/Library/Think/Db/Driver/Mysql.class.php 第 52 行.
SQL: SHOW COLUMNS FROM `jdi_addons` [ RunTime:0.001038s ]
SQL: SELECT * FROM `jdi_addons` WHERE `name` = 'IPlistener' LIMIT 1   [ RunTime:0.000176s ]
SQL: SHOW COLUMNS FROM `jdi_iplistener` [ RunTime:0.002258s ]
SQL: INSERT INTO `jdi_iplistener` (`ip`,`visit_time`,`visit_url`,`city`,`isp`) VALUES ('::1',1427256794,'http://localhost/jdicms/index.php/Home/index/content/cate/erjifenlei/id/1.html','未知','未知') [ RunTime:0.000183s ]

[ 2015-03-25T12:13:25+08:00 ] ::1 /jdicms/index.php/Home/index/category/cate/erjifenlei/p/1.html
INFO: [ app_init ] --START--
INFO: Run Behavior\BuildLiteBehavior [ RunTime:0.000042s ]
INFO: Run Common\Behavior\InitHookBehavior [ RunTime:0.001451s ]
INFO: [ app_init ] --END-- [ RunTime:0.001981s ]
INFO: [ app_begin ] --START--
INFO: Run Behavior\ReadHtmlCacheBehavior [ RunTime:0.001068s ]
INFO: [ app_begin ] --END-- [ RunTime:0.001250s ]

[ 2015-03-25T12:13:26+08:00 ] ::1 /jdicms/index.php/Home/dispatch/execute_addons/_addons/IPlistener/_controller/IPlistener/_action/updateIp.html
INFO: [ app_init ] --START--
INFO: Run Behavior\BuildLiteBehavior [ RunTime:0.000020s ]
INFO: Run Common\Behavior\InitHookBehavior [ RunTime:0.001191s ]
INFO: [ app_init ] --END-- [ RunTime:0.001763s ]
INFO: [ app_begin ] --START--
INFO: Run Behavior\ReadHtmlCacheBehavior [ RunTime:0.000488s ]
INFO: [ app_begin ] --END-- [ RunTime:0.000564s ]
NOTIC: [8192] mysql_connect(): The mysql extension is deprecated and will be removed in the future: use mysqli or PDO instead /Users/haoli/Desktop/www/jdicms/ThinkPHP/Library/Think/Db/Driver/Mysql.class.php 第 52 行.
SQL: SHOW COLUMNS FROM `jdi_addons` [ RunTime:0.001168s ]
SQL: SELECT * FROM `jdi_addons` WHERE `name` = 'IPlistener' LIMIT 1   [ RunTime:0.000140s ]
SQL: SHOW COLUMNS FROM `jdi_iplistener` [ RunTime:0.002087s ]
SQL: INSERT INTO `jdi_iplistener` (`ip`,`visit_time`,`visit_url`,`city`,`isp`) VALUES ('::1',1427256805,'http://localhost/jdicms/index.php/Home/index/category/cate/erjifenlei/p/1.html','未知','未知') [ RunTime:0.002152s ]

[ 2015-03-25T12:13:43+08:00 ] ::1 /jdicms/index.php/Home/Index/search/search/a.html
INFO: [ app_init ] --START--
INFO: Run Behavior\BuildLiteBehavior [ RunTime:0.000015s ]
INFO: Run Common\Behavior\InitHookBehavior [ RunTime:0.001095s ]
INFO: [ app_init ] --END-- [ RunTime:0.001438s ]
INFO: [ app_begin ] --START--
INFO: Run Behavior\ReadHtmlCacheBehavior [ RunTime:0.000398s ]
INFO: [ app_begin ] --END-- [ RunTime:0.000456s ]

[ 2015-03-25T12:13:43+08:00 ] ::1 /jdicms/index.php/Home/dispatch/execute_addons/_addons/IPlistener/_controller/IPlistener/_action/updateIp.html
INFO: [ app_init ] --START--
INFO: Run Behavior\BuildLiteBehavior [ RunTime:0.000052s ]
INFO: Run Common\Behavior\InitHookBehavior [ RunTime:0.001838s ]
INFO: [ app_init ] --END-- [ RunTime:0.002489s ]
INFO: [ app_begin ] --START--
INFO: Run Behavior\ReadHtmlCacheBehavior [ RunTime:0.001263s ]
INFO: [ app_begin ] --END-- [ RunTime:0.001824s ]
NOTIC: [8192] mysql_connect(): The mysql extension is deprecated and will be removed in the future: use mysqli or PDO instead /Users/haoli/Desktop/www/jdicms/ThinkPHP/Library/Think/Db/Driver/Mysql.class.php 第 52 行.
SQL: SHOW COLUMNS FROM `jdi_addons` [ RunTime:0.002965s ]
SQL: SELECT * FROM `jdi_addons` WHERE `name` = 'IPlistener' LIMIT 1   [ RunTime:0.000216s ]
SQL: SHOW COLUMNS FROM `jdi_iplistener` [ RunTime:0.001373s ]
SQL: INSERT INTO `jdi_iplistener` (`ip`,`visit_time`,`visit_url`,`city`,`isp`) VALUES ('::1',1427256823,'http://localhost/jdicms/index.php/Home/Index/search/search/a.html','未知','未知') [ RunTime:0.000176s ]

[ 2015-03-25T12:13:45+08:00 ] ::1 /jdicms/index.php/Home/Index/search/search/q.html
INFO: [ app_init ] --START--
INFO: Run Behavior\BuildLiteBehavior [ RunTime:0.000018s ]
INFO: Run Common\Behavior\InitHookBehavior [ RunTime:0.001201s ]
INFO: [ app_init ] --END-- [ RunTime:0.001641s ]
INFO: [ app_begin ] --START--
INFO: Run Behavior\ReadHtmlCacheBehavior [ RunTime:0.000392s ]
INFO: [ app_begin ] --END-- [ RunTime:0.000449s ]

[ 2015-03-25T12:13:47+08:00 ] ::1 /jdicms/index.php/Home/index/index.html
INFO: [ app_init ] --START--
INFO: Run Behavior\BuildLiteBehavior [ RunTime:0.000025s ]
INFO: Run Common\Behavior\InitHookBehavior [ RunTime:0.001623s ]
INFO: [ app_init ] --END-- [ RunTime:0.002241s ]
INFO: [ app_begin ] --START--
INFO: Run Behavior\ReadHtmlCacheBehavior [ RunTime:0.000610s ]
INFO: [ app_begin ] --END-- [ RunTime:0.000704s ]

[ 2015-03-25T12:13:47+08:00 ] ::1 /jdicms/index.php/Home/dispatch/execute_addons/_addons/IPlistener/_controller/IPlistener/_action/updateIp.html
INFO: [ app_init ] --START--
INFO: Run Behavior\BuildLiteBehavior [ RunTime:0.000021s ]
INFO: Run Common\Behavior\InitHookBehavior [ RunTime:0.001657s ]
INFO: [ app_init ] --END-- [ RunTime:0.002158s ]
INFO: [ app_begin ] --START--
INFO: Run Behavior\ReadHtmlCacheBehavior [ RunTime:0.001028s ]
INFO: [ app_begin ] --END-- [ RunTime:0.001234s ]
NOTIC: [8192] mysql_connect(): The mysql extension is deprecated and will be removed in the future: use mysqli or PDO instead /Users/haoli/Desktop/www/jdicms/ThinkPHP/Library/Think/Db/Driver/Mysql.class.php 第 52 行.
SQL: SHOW COLUMNS FROM `jdi_addons` [ RunTime:0.001627s ]
SQL: SELECT * FROM `jdi_addons` WHERE `name` = 'IPlistener' LIMIT 1   [ RunTime:0.000144s ]
SQL: SHOW COLUMNS FROM `jdi_iplistener` [ RunTime:0.001820s ]
SQL: INSERT INTO `jdi_iplistener` (`ip`,`visit_time`,`visit_url`,`city`,`isp`) VALUES ('::1',1427256827,'http://localhost/jdicms/index.php/Home/index/index.html','未知','未知') [ RunTime:0.000179s ]

[ 2015-03-25T12:13:49+08:00 ] ::1 /jdicms/index.php/Home/index/content/cate/wo/id/1.html
INFO: [ app_init ] --START--
INFO: Run Behavior\BuildLiteBehavior [ RunTime:0.000014s ]
INFO: Run Common\Behavior\InitHookBehavior [ RunTime:0.001043s ]
INFO: [ app_init ] --END-- [ RunTime:0.001372s ]
INFO: [ app_begin ] --START--
INFO: Run Behavior\ReadHtmlCacheBehavior [ RunTime:0.001475s ]
INFO: [ app_begin ] --END-- [ RunTime:0.001577s ]

[ 2015-03-25T12:13:56+08:00 ] ::1 /jdicms/index.php/Home/index/category/cate/php/p/1.html
INFO: [ app_init ] --START--
INFO: Run Behavior\BuildLiteBehavior [ RunTime:0.000022s ]
INFO: Run Common\Behavior\InitHookBehavior [ RunTime:0.001270s ]
INFO: [ app_init ] --END-- [ RunTime:0.001720s ]
INFO: [ app_begin ] --START--
INFO: Run Behavior\ReadHtmlCacheBehavior [ RunTime:0.000734s ]
INFO: [ app_begin ] --END-- [ RunTime:0.000820s ]

[ 2015-03-25T12:13:57+08:00 ] ::1 /jdicms/index.php/Home/index/category/cate/xiazai/p/1.html
INFO: [ app_init ] --START--
INFO: Run Behavior\BuildLiteBehavior [ RunTime:0.000017s ]
INFO: Run Common\Behavior\InitHookBehavior [ RunTime:0.001226s ]
INFO: [ app_init ] --END-- [ RunTime:0.001620s ]
INFO: [ app_begin ] --START--
INFO: Run Behavior\ReadHtmlCacheBehavior [ RunTime:0.000501s ]
INFO: [ app_begin ] --END-- [ RunTime:0.000574s ]

[ 2015-03-25T12:13:57+08:00 ] ::1 /jdicms/index.php/Home/dispatch/execute_addons/_addons/IPlistener/_controller/IPlistener/_action/updateIp.html
INFO: [ app_init ] --START--
INFO: Run Behavior\BuildLiteBehavior [ RunTime:0.000020s ]
INFO: Run Common\Behavior\InitHookBehavior [ RunTime:0.001152s ]
INFO: [ app_init ] --END-- [ RunTime:0.001660s ]
INFO: [ app_begin ] --START--
INFO: Run Behavior\ReadHtmlCacheBehavior [ RunTime:0.000448s ]
INFO: [ app_begin ] --END-- [ RunTime:0.000516s ]
NOTIC: [8192] mysql_connect(): The mysql extension is deprecated and will be removed in the future: use mysqli or PDO instead /Users/haoli/Desktop/www/jdicms/ThinkPHP/Library/Think/Db/Driver/Mysql.class.php 第 52 行.
SQL: SHOW COLUMNS FROM `jdi_addons` [ RunTime:0.001754s ]
SQL: SELECT * FROM `jdi_addons` WHERE `name` = 'IPlistener' LIMIT 1   [ RunTime:0.000151s ]
SQL: SHOW COLUMNS FROM `jdi_iplistener` [ RunTime:0.002070s ]
SQL: INSERT INTO `jdi_iplistener` (`ip`,`visit_time`,`visit_url`,`city`,`isp`) VALUES ('::1',1427256837,'http://localhost/jdicms/index.php/Home/index/category/cate/xiazai/p/1.html','未知','未知') [ RunTime:0.000182s ]

[ 2015-03-25T12:29:16+08:00 ] ::1 /jdicms/index.php/Home/index/category/cate/erjifenlei/p/1.html
INFO: [ app_init ] --START--
INFO: Run Behavior\BuildLiteBehavior [ RunTime:0.000055s ]
INFO: Run Common\Behavior\InitHookBehavior [ RunTime:0.001601s ]
INFO: [ app_init ] --END-- [ RunTime:0.002758s ]
INFO: [ app_begin ] --START--
INFO: Run Behavior\ReadHtmlCacheBehavior [ RunTime:0.000398s ]
INFO: [ app_begin ] --END-- [ RunTime:0.000455s ]

[ 2015-03-25T12:29:16+08:00 ] ::1 /jdicms/index.php/Home/dispatch/execute_addons/_addons/IPlistener/_controller/IPlistener/_action/updateIp.html
INFO: [ app_init ] --START--
INFO: Run Behavior\BuildLiteBehavior [ RunTime:0.000016s ]
INFO: Run Common\Behavior\InitHookBehavior [ RunTime:0.002366s ]
INFO: [ app_init ] --END-- [ RunTime:0.002817s ]
INFO: [ app_begin ] --START--
INFO: Run Behavior\ReadHtmlCacheBehavior [ RunTime:0.000855s ]
INFO: [ app_begin ] --END-- [ RunTime:0.001058s ]
NOTIC: [8192] mysql_connect(): The mysql extension is deprecated and will be removed in the future: use mysqli or PDO instead /Users/haoli/Desktop/www/jdicms/ThinkPHP/Library/Think/Db/Driver/Mysql.class.php 第 52 行.
SQL: SHOW COLUMNS FROM `jdi_addons` [ RunTime:0.004111s ]
SQL: SELECT * FROM `jdi_addons` WHERE `name` = 'IPlistener' LIMIT 1   [ RunTime:0.000176s ]
SQL: SHOW COLUMNS FROM `jdi_iplistener` [ RunTime:0.002577s ]
SQL: INSERT INTO `jdi_iplistener` (`ip`,`visit_time`,`visit_url`,`city`,`isp`) VALUES ('::1',1427257756,'http://localhost/jdicms/index.php/Home/index/category/cate/erjifenlei/p/1.html','未知','未知') [ RunTime:0.000449s ]

[ 2015-03-25T12:29:18+08:00 ] ::1 /jdicms/index.php/Home/index/category/cate/php/p/1.html
INFO: [ app_init ] --START--
INFO: Run Behavior\BuildLiteBehavior [ RunTime:0.000016s ]
INFO: Run Common\Behavior\InitHookBehavior [ RunTime:0.001201s ]
INFO: [ app_init ] --END-- [ RunTime:0.001577s ]
INFO: [ app_begin ] --START--
INFO: Run Behavior\ReadHtmlCacheBehavior [ RunTime:0.000500s ]
INFO: [ app_begin ] --END-- [ RunTime:0.000560s ]

[ 2015-03-25T12:29:18+08:00 ] ::1 /jdicms/index.php/Home/dispatch/execute_addons/_addons/IPlistener/_controller/IPlistener/_action/updateIp.html
INFO: [ app_init ] --START--
INFO: Run Behavior\BuildLiteBehavior [ RunTime:0.000039s ]
INFO: Run Common\Behavior\InitHookBehavior [ RunTime:0.002827s ]
INFO: [ app_init ] --END-- [ RunTime:0.003654s ]
INFO: [ app_begin ] --START--
INFO: Run Behavior\ReadHtmlCacheBehavior [ RunTime:0.000423s ]
INFO: [ app_begin ] --END-- [ RunTime:0.000486s ]
NOTIC: [8192] mysql_connect(): The mysql extension is deprecated and will be removed in the future: use mysqli or PDO instead /Users/haoli/Desktop/www/jdicms/ThinkPHP/Library/Think/Db/Driver/Mysql.class.php 第 52 行.
SQL: SHOW COLUMNS FROM `jdi_addons` [ RunTime:0.001603s ]
SQL: SELECT * FROM `jdi_addons` WHERE `name` = 'IPlistener' LIMIT 1   [ RunTime:0.000146s ]
SQL: SHOW COLUMNS FROM `jdi_iplistener` [ RunTime:0.002025s ]
SQL: INSERT INTO `jdi_iplistener` (`ip`,`visit_time`,`visit_url`,`city`,`isp`) VALUES ('::1',1427257758,'http://localhost/jdicms/index.php/Home/index/category/cate/php/p/1.html','未知','未知') [ RunTime:0.000179s ]

[ 2015-03-25T12:29:19+08:00 ] ::1 /jdicms/index.php/Home/index/category/cate/wo/p/1.html
INFO: [ app_init ] --START--
INFO: Run Behavior\BuildLiteBehavior [ RunTime:0.000016s ]
INFO: Run Common\Behavior\InitHookBehavior [ RunTime:0.001251s ]
INFO: [ app_init ] --END-- [ RunTime:0.001650s ]
INFO: [ app_begin ] --START--
INFO: Run Behavior\ReadHtmlCacheBehavior [ RunTime:0.000781s ]
INFO: [ app_begin ] --END-- [ RunTime:0.000901s ]

[ 2015-03-25T12:29:19+08:00 ] ::1 /jdicms/index.php/Home/dispatch/execute_addons/_addons/IPlistener/_controller/IPlistener/_action/updateIp.html
INFO: [ app_init ] --START--
INFO: Run Behavior\BuildLiteBehavior [ RunTime:0.000022s ]
INFO: Run Common\Behavior\InitHookBehavior [ RunTime:0.001292s ]
INFO: [ app_init ] --END-- [ RunTime:0.001788s ]
INFO: [ app_begin ] --START--
INFO: Run Behavior\ReadHtmlCacheBehavior [ RunTime:0.000875s ]
INFO: [ app_begin ] --END-- [ RunTime:0.001018s ]
NOTIC: [8192] mysql_connect(): The mysql extension is deprecated and will be removed in the future: use mysqli or PDO instead /Users/haoli/Desktop/www/jdicms/ThinkPHP/Library/Think/Db/Driver/Mysql.class.php 第 52 行.
SQL: SHOW COLUMNS FROM `jdi_addons` [ RunTime:0.001074s ]
SQL: SELECT * FROM `jdi_addons` WHERE `name` = 'IPlistener' LIMIT 1   [ RunTime:0.000174s ]
SQL: SHOW COLUMNS FROM `jdi_iplistener` [ RunTime:0.001904s ]
SQL: INSERT INTO `jdi_iplistener` (`ip`,`visit_time`,`visit_url`,`city`,`isp`) VALUES ('::1',1427257759,'http://localhost/jdicms/index.php/Home/index/category/cate/wo/p/1.html','未知','未知') [ RunTime:0.000132s ]

[ 2015-03-25T12:29:22+08:00 ] ::1 /jdicms/index.php/Home/index/index.html
INFO: [ app_init ] --START--
INFO: Run Behavior\BuildLiteBehavior [ RunTime:0.000016s ]
INFO: Run Common\Behavior\InitHookBehavior [ RunTime:0.001447s ]
INFO: [ app_init ] --END-- [ RunTime:0.001851s ]
INFO: [ app_begin ] --START--
INFO: Run Behavior\ReadHtmlCacheBehavior [ RunTime:0.000441s ]
INFO: [ app_begin ] --END-- [ RunTime:0.000504s ]

[ 2015-03-25T12:29:23+08:00 ] ::1 /jdicms/index.php/Home/dispatch/execute_addons/_addons/IPlistener/_controller/IPlistener/_action/updateIp.html
INFO: [ app_init ] --START--
INFO: Run Behavior\BuildLiteBehavior [ RunTime:0.000042s ]
INFO: Run Common\Behavior\InitHookBehavior [ RunTime:0.001570s ]
INFO: [ app_init ] --END-- [ RunTime:0.002121s ]
INFO: [ app_begin ] --START--
INFO: Run Behavior\ReadHtmlCacheBehavior [ RunTime:0.000563s ]
INFO: [ app_begin ] --END-- [ RunTime:0.000651s ]
NOTIC: [8192] mysql_connect(): The mysql extension is deprecated and will be removed in the future: use mysqli or PDO instead /Users/haoli/Desktop/www/jdicms/ThinkPHP/Library/Think/Db/Driver/Mysql.class.php 第 52 行.
SQL: SHOW COLUMNS FROM `jdi_addons` [ RunTime:0.002156s ]
SQL: SELECT * FROM `jdi_addons` WHERE `name` = 'IPlistener' LIMIT 1   [ RunTime:0.000263s ]
SQL: SHOW COLUMNS FROM `jdi_iplistener` [ RunTime:0.001732s ]
SQL: INSERT INTO `jdi_iplistener` (`ip`,`visit_time`,`visit_url`,`city`,`isp`) VALUES ('::1',1427257762,'http://localhost/jdicms/index.php/Home/index/index.html','未知','未知') [ RunTime:0.000210s ]

