[ 2015-02-04T19:54:53+08:00 ] 127.0.0.1 /jdicms/
INFO: [ app_init ] --START--
INFO: Run Behavior\BuildLiteBehavior [ RunTime:0.000032s ]
INFO: Run Common\Behavior\InitHookBehavior [ RunTime:0.006517s ]
INFO: [ app_init ] --END-- [ RunTime:0.007521s ]
INFO: [ app_begin ] --START--
INFO: Run Behavior\ReadHtmlCacheBehavior [ RunTime:0.003847s ]
INFO: [ app_begin ] --END-- [ RunTime:0.004231s ]

[ 2015-02-04T19:54:54+08:00 ] 127.0.0.1 /jdicms/dispatch/execute_addons/_addons/IPlistener/_controller/IPlistener/_action/updateIp.html
INFO: [ app_init ] --START--
INFO: Run Behavior\BuildLiteBehavior [ RunTime:0.000049s ]
INFO: Run Common\Behavior\InitHookBehavior [ RunTime:0.001942s ]
INFO: [ app_init ] --END-- [ RunTime:0.002700s ]
INFO: [ app_begin ] --START--
INFO: Run Behavior\ReadHtmlCacheBehavior [ RunTime:0.000567s ]
INFO: [ app_begin ] --END-- [ RunTime:0.000656s ]
NOTIC: [8192] mysql_connect(): The mysql extension is deprecated and will be removed in the future: use mysqli or PDO instead /Users/haoli/Desktop/www/jdicms/ThinkPHP/Library/Think/Db/Driver/Mysql.class.php 第 52 行.
SQL: SHOW COLUMNS FROM `jdi_addons` [ RunTime:0.001244s ]
SQL: SELECT * FROM `jdi_addons` WHERE `name` = 'IPlistener' LIMIT 1   [ RunTime:0.000232s ]
SQL: SHOW COLUMNS FROM `jdi_iplistener` [ RunTime:0.003324s ]
SQL: INSERT INTO `jdi_iplistener` (`ip`,`visit_time`,`visit_url`,`city`,`isp`) VALUES ('127.0.0.1',1423050893,'http://www.nb.com/jdicms/','未分配或者内网IP','') [ RunTime:0.000735s ]

[ 2015-02-04T20:28:09+08:00 ] 192.168.1.119 /
INFO: [ app_init ] --START--
INFO: Run Behavior\BuildLiteBehavior [ RunTime:0.000041s ]
INFO: Run Common\Behavior\InitHookBehavior [ RunTime:0.005133s ]
INFO: [ app_init ] --END-- [ RunTime:0.006435s ]
INFO: [ app_begin ] --START--
INFO: Run Behavior\ReadHtmlCacheBehavior [ RunTime:0.000958s ]
INFO: [ app_begin ] --END-- [ RunTime:0.001056s ]

[ 2015-02-04T20:28:11+08:00 ] 192.168.1.119 /jdicms/Home/dispatch/execute_addons/_addons/IPlistener/_controller/IPlistener/_action/updateIp.html
INFO: [ app_init ] --START--
INFO: Run Behavior\BuildLiteBehavior [ RunTime:0.000023s ]
INFO: Run Common\Behavior\InitHookBehavior [ RunTime:0.001304s ]
INFO: [ app_init ] --END-- [ RunTime:0.001769s ]
INFO: [ app_begin ] --START--
INFO: Run Behavior\ReadHtmlCacheBehavior [ RunTime:0.000434s ]
INFO: [ app_begin ] --END-- [ RunTime:0.000490s ]
NOTIC: [8192] mysql_connect(): The mysql extension is deprecated and will be removed in the future: use mysqli or PDO instead /Users/haoli/Desktop/www/jdicms/ThinkPHP/Library/Think/Db/Driver/Mysql.class.php 第 52 行.
SQL: SHOW COLUMNS FROM `jdi_addons` [ RunTime:0.001041s ]
SQL: SELECT * FROM `jdi_addons` WHERE `name` = 'IPlistener' LIMIT 1   [ RunTime:0.000123s ]
SQL: SHOW COLUMNS FROM `jdi_iplistener` [ RunTime:0.002798s ]
SQL: INSERT INTO `jdi_iplistener` (`ip`,`visit_time`,`visit_url`,`city`,`isp`) VALUES ('192.168.1.119',1423052891,'http://192.168.1.108/','未分配或者内网IP','') [ RunTime:0.000784s ]

[ 2015-02-04T20:30:09+08:00 ] 192.168.1.119 /JDICMS/
INFO: [ app_init ] --START--
INFO: Run Behavior\BuildLiteBehavior [ RunTime:0.000022s ]
INFO: Run Common\Behavior\InitHookBehavior [ RunTime:0.001913s ]
INFO: [ app_init ] --END-- [ RunTime:0.002462s ]
INFO: [ app_begin ] --START--
INFO: Run Behavior\ReadHtmlCacheBehavior [ RunTime:0.000837s ]
INFO: [ app_begin ] --END-- [ RunTime:0.001010s ]

[ 2015-02-04T20:30:11+08:00 ] 192.168.1.119 /JDICMS/Home/dispatch/execute_addons/_addons/IPlistener/_controller/IPlistener/_action/updateIp.html
INFO: [ app_init ] --START--
INFO: Run Behavior\BuildLiteBehavior [ RunTime:0.000224s ]
INFO: Run Common\Behavior\InitHookBehavior [ RunTime:0.002925s ]
INFO: [ app_init ] --END-- [ RunTime:0.004382s ]
INFO: [ app_begin ] --START--
INFO: Run Behavior\ReadHtmlCacheBehavior [ RunTime:0.001642s ]
INFO: [ app_begin ] --END-- [ RunTime:0.001920s ]
NOTIC: [8192] mysql_connect(): The mysql extension is deprecated and will be removed in the future: use mysqli or PDO instead /Users/haoli/Desktop/www/jdicms/ThinkPHP/Library/Think/Db/Driver/Mysql.class.php 第 52 行.
SQL: SHOW COLUMNS FROM `jdi_addons` [ RunTime:0.001595s ]
SQL: SELECT * FROM `jdi_addons` WHERE `name` = 'IPlistener' LIMIT 1   [ RunTime:0.000358s ]
SQL: SHOW COLUMNS FROM `jdi_iplistener` [ RunTime:0.002251s ]
SQL: INSERT INTO `jdi_iplistener` (`ip`,`visit_time`,`visit_url`,`city`,`isp`) VALUES ('192.168.1.119',1423053010,'http://192.168.1.108/JDICMS/','未分配或者内网IP','') [ RunTime:0.000133s ]

[ 2015-02-04T20:30:22+08:00 ] 192.168.1.119 /JDICMS/
INFO: [ app_init ] --START--
INFO: Run Behavior\BuildLiteBehavior [ RunTime:0.000063s ]
INFO: Run Common\Behavior\InitHookBehavior [ RunTime:0.001852s ]
INFO: [ app_init ] --END-- [ RunTime:0.002847s ]
INFO: [ app_begin ] --START--
INFO: Run Behavior\ReadHtmlCacheBehavior [ RunTime:0.000450s ]
INFO: [ app_begin ] --END-- [ RunTime:0.000511s ]

[ 2015-02-04T20:30:23+08:00 ] 192.168.1.119 /JDICMS/Home/dispatch/execute_addons/_addons/IPlistener/_controller/IPlistener/_action/updateIp.html
INFO: [ app_init ] --START--
INFO: Run Behavior\BuildLiteBehavior [ RunTime:0.000015s ]
INFO: Run Common\Behavior\InitHookBehavior [ RunTime:0.001054s ]
INFO: [ app_init ] --END-- [ RunTime:0.001388s ]
INFO: [ app_begin ] --START--
INFO: Run Behavior\ReadHtmlCacheBehavior [ RunTime:0.000451s ]
INFO: [ app_begin ] --END-- [ RunTime:0.000503s ]
NOTIC: [8192] mysql_connect(): The mysql extension is deprecated and will be removed in the future: use mysqli or PDO instead /Users/haoli/Desktop/www/jdicms/ThinkPHP/Library/Think/Db/Driver/Mysql.class.php 第 52 行.
SQL: SHOW COLUMNS FROM `jdi_addons` [ RunTime:0.001741s ]
SQL: SELECT * FROM `jdi_addons` WHERE `name` = 'IPlistener' LIMIT 1   [ RunTime:0.000151s ]
SQL: SHOW COLUMNS FROM `jdi_iplistener` [ RunTime:0.002629s ]
SQL: INSERT INTO `jdi_iplistener` (`ip`,`visit_time`,`visit_url`,`city`,`isp`) VALUES ('192.168.1.119',1423053022,'http://192.168.1.108/JDICMS/','未分配或者内网IP','') [ RunTime:0.000201s ]

[ 2015-02-04T20:30:29+08:00 ] 192.168.1.119 /JDICMS/
INFO: [ app_init ] --START--
INFO: Run Behavior\BuildLiteBehavior [ RunTime:0.000014s ]
INFO: Run Common\Behavior\InitHookBehavior [ RunTime:0.001154s ]
INFO: [ app_init ] --END-- [ RunTime:0.001494s ]
INFO: [ app_begin ] --START--
INFO: Run Behavior\ReadHtmlCacheBehavior [ RunTime:0.000406s ]
INFO: [ app_begin ] --END-- [ RunTime:0.000459s ]

