[ 2015-04-09T09:41:52+08:00 ] ::1 /jdicms/index.php/
INFO: [ app_init ] --START--
INFO: Run Behavior\BuildLiteBehavior [ RunTime:0.000025s ]
INFO: Run Common\Behavior\InitHookBehavior [ RunTime:0.008882s ]
INFO: [ app_init ] --END-- [ RunTime:0.009528s ]
INFO: [ app_begin ] --START--
INFO: Run Behavior\ReadHtmlCacheBehavior [ RunTime:0.000629s ]
INFO: [ app_begin ] --END-- [ RunTime:0.000708s ]
INFO: [ app_exec_start ] --START--
INFO: Run Common\Behavior\ExtendBehavior [ RunTime:0.000548s ]
INFO: [ app_exec_start ] --END-- [ RunTime:0.000619s ]
INFO: [ view_parse ] --START--
INFO: [ template_filter ] --START--
INFO: Run Behavior\ContentReplaceBehavior [ RunTime:0.000135s ]
INFO: [ template_filter ] --END-- [ RunTime:0.000207s ]
NOTIC: [8] Undefined variable: rootNav /Users/tiptimes/Desktop/www/jdicms/Runtime/Cache/Home/c50d1b4cd417a3f9d3d63abb8c3e1fab.php 第 74 行.
NOTIC: [8192] mysql_connect(): The mysql extension is deprecated and will be removed in the future: use mysqli or PDO instead /Users/tiptimes/Desktop/www/jdicms/ThinkPHP/Library/Think/Db/Driver/Mysql.class.php 第 52 行.
SQL: SHOW COLUMNS FROM `jdi_node` [ RunTime:0.008216s ]
SQL: SELECT * FROM `jdi_node` WHERE `status` = 1 AND `type` IN ('1','2','3') AND `pid` = 0 AND `index_show` = 1 ORDER BY sort  [ RunTime:0.025230s ]
SQL: SELECT COUNT(*) AS tp_count FROM `jdi_node` WHERE `pid` = 17 AND `status` = 1 AND `type` IN ('1','2','3') AND `index_show` = 1 LIMIT 1   [ RunTime:0.000274s ]
SQL: SELECT COUNT(*) AS tp_count FROM `jdi_node` WHERE `pid` = 12 AND `status` = 1 AND `type` IN ('1','2','3') AND `index_show` = 1 LIMIT 1   [ RunTime:0.000147s ]
SQL: SELECT COUNT(*) AS tp_count FROM `jdi_node` WHERE `pid` = 13 AND `status` = 1 AND `type` IN ('1','2','3') AND `index_show` = 1 LIMIT 1   [ RunTime:0.000173s ]
SQL: SELECT COUNT(*) AS tp_count FROM `jdi_node` WHERE `pid` = 15 AND `status` = 1 AND `type` IN ('1','2','3') AND `index_show` = 1 LIMIT 1   [ RunTime:0.000130s ]
SQL: SELECT COUNT(*) AS tp_count FROM `jdi_node` WHERE `pid` = 9 AND `status` = 1 AND `type` IN ('1','2','3') AND `index_show` = 1 LIMIT 1   [ RunTime:0.000182s ]
SQL: SELECT COUNT(*) AS tp_count FROM `jdi_node` WHERE `pid` = 3 AND `status` = 1 AND `type` IN ('1','2','3') AND `index_show` = 1 LIMIT 1   [ RunTime:0.000176s ]
SQL: SHOW COLUMNS FROM `jdi_link` [ RunTime:0.020132s ]
SQL: SELECT * FROM `jdi_link` WHERE `status` = 1 AND `group` = 'p-1' ORDER BY sort asc,id asc  [ RunTime:0.016748s ]
SQL: SHOW COLUMNS FROM `jdi_picture` [ RunTime:0.031353s ]
SQL: SELECT * FROM `jdi_picture` WHERE `status` = 1 AND `id` = 13 LIMIT 1   [ RunTime:0.012807s ]
SQL: SELECT * FROM `jdi_picture` WHERE `status` = 1 AND `id` = 12 LIMIT 1   [ RunTime:0.000139s ]
SQL: SELECT * FROM `jdi_picture` WHERE `status` = 1 AND `id` = 11 LIMIT 1   [ RunTime:0.000134s ]
SQL: SELECT * FROM `jdi_picture` WHERE `status` = 1 AND `id` = 10 LIMIT 1   [ RunTime:0.000100s ]
SQL: SHOW COLUMNS FROM `jdi_model` [ RunTime:0.002224s ]
SQL: SELECT `name` FROM `jdi_model` WHERE `id` = 20 LIMIT 1   [ RunTime:0.000344s ]
SQL: SHOW COLUMNS FROM `jdi_article` [ RunTime:0.043206s ]
SQL: SELECT `id`,`title`,`uid`,`category_id`,`description`,`link`,`deadline`,`view`,`create_time`,`update_time`,`url`,`status`,`title_color`,`list_color`,`content`,`is_up`,`position`,`cover`,`extend`,`weight`,`keyword`,`auto_image` FROM `jdi_article` WHERE `status` = 1 AND `category_id` = 3 AND `create_time` < 1428543711 AND ( deadline <= 0 OR deadline > 1428543711 ) ORDER BY `weight` DESC, `update_time` DESC LIMIT 0,6   [ RunTime:0.012804s ]
SQL: SELECT `name` FROM `jdi_model` WHERE `id` = 20 LIMIT 1   [ RunTime:0.000189s ]
SQL: SELECT `id`,`title`,`uid`,`category_id`,`description`,`link`,`deadline`,`view`,`create_time`,`update_time`,`url`,`status`,`title_color`,`list_color`,`content`,`is_up`,`position`,`cover`,`extend`,`weight`,`keyword`,`auto_image` FROM `jdi_article` WHERE `status` = 1 AND `category_id` = 14 AND `create_time` < 1428543711 AND ( deadline <= 0 OR deadline > 1428543711 ) ORDER BY `weight` DESC, `update_time` DESC LIMIT 0,6   [ RunTime:0.000232s ]
SQL: SELECT `name` FROM `jdi_model` WHERE `id` = 20 LIMIT 1   [ RunTime:0.000129s ]
SQL: SELECT `id`,`title`,`uid`,`category_id`,`description`,`link`,`deadline`,`view`,`create_time`,`update_time`,`url`,`status`,`title_color`,`list_color`,`content`,`is_up`,`position`,`cover`,`extend`,`weight`,`keyword`,`auto_image` FROM `jdi_article` WHERE `status` = 1 AND `category_id` = 12 AND `create_time` < 1428543711 AND ( deadline <= 0 OR deadline > 1428543711 ) ORDER BY `weight` DESC, `update_time` DESC LIMIT 0,20   [ RunTime:0.000273s ]
SQL: SELECT * FROM `jdi_picture` WHERE `status` = 1 AND `id` = 9 LIMIT 1   [ RunTime:0.000117s ]
SQL: SELECT * FROM `jdi_picture` WHERE `status` = 1 AND `id` = 8 LIMIT 1   [ RunTime:0.000084s ]
SQL: SELECT * FROM `jdi_picture` WHERE `status` = 1 AND `id` = 7 LIMIT 1   [ RunTime:0.000121s ]
SQL: SELECT * FROM `jdi_picture` WHERE `status` = 1 AND `id` = 6 LIMIT 1   [ RunTime:0.000119s ]
SQL: SELECT * FROM `jdi_picture` WHERE `status` = 1 AND `id` = 5 LIMIT 1   [ RunTime:0.000113s ]
SQL: SHOW COLUMNS FROM `jdi_addons` [ RunTime:0.002541s ]
SQL: SELECT * FROM `jdi_addons` WHERE `name` = 'IPlistener' LIMIT 1   [ RunTime:0.000272s ]
SQL: SHOW COLUMNS FROM `jdi_iplistener` [ RunTime:0.036356s ]
SQL: SELECT COUNT(*) AS tp_count FROM `jdi_iplistener` WHERE `visit_time` > 1428457311 LIMIT 1   [ RunTime:0.015004s ]
SQL: SELECT COUNT(*) AS tp_count FROM `jdi_iplistener` WHERE `visit_time` > 1425951711 LIMIT 1   [ RunTime:0.000245s ]
SQL: SELECT COUNT(*) AS tp_count FROM `jdi_iplistener` LIMIT 1   [ RunTime:0.000093s ]
INFO: [ view_parse ] --START--
INFO: [ template_filter ] --START--
INFO: Run Behavior\ContentReplaceBehavior [ RunTime:0.000042s ]
INFO: [ template_filter ] --END-- [ RunTime:-0.375211s ]
INFO: Run Behavior\ParseTemplateBehavior [ RunTime:0.001710s ]
INFO: [ view_parse ] --END-- [ RunTime:0.001783s ]
INFO: [ view_filter ] --START--
INFO: Run Behavior\WriteHtmlCacheBehavior [ RunTime:0.031883s ]
INFO: [ view_filter ] --END-- [ RunTime:0.031961s ]
INFO: [ pageFooter ] --START--
SQL: SELECT `config` FROM `jdi_addons` WHERE `name` = 'IPlistener' AND `status` = 1 LIMIT 1   [ RunTime:0.000205s ]
INFO: [ view_parse ] --START--
INFO: [ template_filter ] --START--
INFO: Run Behavior\ContentReplaceBehavior [ RunTime:0.000074s ]
INFO: [ template_filter ] --END-- [ RunTime:-0.410295s ]
INFO: Run Behavior\ParseTemplateBehavior [ RunTime:0.002388s ]
INFO: [ view_parse ] --END-- [ RunTime:-0.032764s ]
INFO: [ view_filter ] --START--
INFO: Run Behavior\WriteHtmlCacheBehavior [ RunTime:0.000011s ]
INFO: [ view_filter ] --END-- [ RunTime:-0.003237s ]
INFO: Run Addons\IPlistener\IPlistenerAddon [ RunTime:0.003219s ]
INFO: [ pageFooter ] --END-- [ RunTime:0.003260s ]
INFO: Run Behavior\ParseTemplateBehavior [ RunTime:0.002620s ]
INFO: [ view_parse ] --END-- [ RunTime:-0.032764s ]
INFO: [ view_filter ] --START--
INFO: Run Behavior\WriteHtmlCacheBehavior [ RunTime:0.000009s ]
INFO: [ view_filter ] --END-- [ RunTime:-0.003464s ]
INFO: [ app_end ] --START--
INFO: Run Behavior\ShowPageTraceBehavior [ RunTime:0.000806s ]
INFO: [ app_end ] --END-- [ RunTime:0.000876s ]

[ 2015-04-09T09:41:55+08:00 ] ::1 /jdicms/index.php/Home/Index/index/_extend/addons/_addons/IPlistener/_controller/IPlistener/_action/updateIp.html
INFO: [ app_init ] --START--
INFO: Run Behavior\BuildLiteBehavior [ RunTime:0.000025s ]
INFO: Run Common\Behavior\InitHookBehavior [ RunTime:0.001414s ]
INFO: [ app_init ] --END-- [ RunTime:0.001926s ]
INFO: [ app_begin ] --START--
INFO: Run Behavior\ReadHtmlCacheBehavior [ RunTime:0.000484s ]
INFO: [ app_begin ] --END-- [ RunTime:0.000551s ]
INFO: [ app_exec_start ] --START--
NOTIC: [8192] mysql_connect(): The mysql extension is deprecated and will be removed in the future: use mysqli or PDO instead /Users/tiptimes/Desktop/www/jdicms/ThinkPHP/Library/Think/Db/Driver/Mysql.class.php 第 52 行.
SQL: SHOW COLUMNS FROM `jdi_addons` [ RunTime:0.001648s ]
SQL: SELECT * FROM `jdi_addons` WHERE `name` = 'IPlistener' LIMIT 1   [ RunTime:0.000173s ]
SQL: SHOW COLUMNS FROM `jdi_iplistener` [ RunTime:0.002569s ]
SQL: INSERT INTO `jdi_iplistener` (`ip`,`visit_time`,`visit_url`,`city`,`isp`) VALUES ('::1',1428543712,'http://localhost/jdicms/index.php/','未知','未知') [ RunTime:0.024398s ]

[ 2015-04-09T09:42:01+08:00 ] ::1 /jdicms/
INFO: [ app_init ] --START--
INFO: Run Behavior\BuildLiteBehavior [ RunTime:0.000024s ]
INFO: Run Common\Behavior\InitHookBehavior [ RunTime:0.001336s ]
INFO: [ app_init ] --END-- [ RunTime:0.001807s ]
INFO: [ app_begin ] --START--
INFO: Run Behavior\ReadHtmlCacheBehavior [ RunTime:0.000457s ]
INFO: [ app_begin ] --END-- [ RunTime:0.000519s ]
INFO: [ app_exec_start ] --START--
INFO: Run Common\Behavior\ExtendBehavior [ RunTime:0.000340s ]
INFO: [ app_exec_start ] --END-- [ RunTime:0.000398s ]
INFO: [ view_parse ] --START--
INFO: [ template_filter ] --START--
INFO: Run Behavior\ContentReplaceBehavior [ RunTime:0.000150s ]
INFO: [ template_filter ] --END-- [ RunTime:0.000228s ]
NOTIC: [8] Undefined variable: rootNav /Users/tiptimes/Desktop/www/jdicms/Runtime/Cache/Home/c50d1b4cd417a3f9d3d63abb8c3e1fab.php 第 74 行.
NOTIC: [8192] mysql_connect(): The mysql extension is deprecated and will be removed in the future: use mysqli or PDO instead /Users/tiptimes/Desktop/www/jdicms/ThinkPHP/Library/Think/Db/Driver/Mysql.class.php 第 52 行.
SQL: SHOW COLUMNS FROM `jdi_node` [ RunTime:0.010671s ]
SQL: SELECT * FROM `jdi_node` WHERE `status` = 1 AND `type` IN ('1','2','3') AND `pid` = 0 AND `index_show` = 1 ORDER BY sort  [ RunTime:0.000202s ]
SQL: SELECT COUNT(*) AS tp_count FROM `jdi_node` WHERE `pid` = 17 AND `status` = 1 AND `type` IN ('1','2','3') AND `index_show` = 1 LIMIT 1   [ RunTime:0.000146s ]
SQL: SELECT COUNT(*) AS tp_count FROM `jdi_node` WHERE `pid` = 12 AND `status` = 1 AND `type` IN ('1','2','3') AND `index_show` = 1 LIMIT 1   [ RunTime:0.000140s ]
SQL: SELECT COUNT(*) AS tp_count FROM `jdi_node` WHERE `pid` = 13 AND `status` = 1 AND `type` IN ('1','2','3') AND `index_show` = 1 LIMIT 1   [ RunTime:0.000102s ]
SQL: SELECT COUNT(*) AS tp_count FROM `jdi_node` WHERE `pid` = 15 AND `status` = 1 AND `type` IN ('1','2','3') AND `index_show` = 1 LIMIT 1   [ RunTime:0.000092s ]
SQL: SELECT COUNT(*) AS tp_count FROM `jdi_node` WHERE `pid` = 9 AND `status` = 1 AND `type` IN ('1','2','3') AND `index_show` = 1 LIMIT 1   [ RunTime:0.000088s ]
SQL: SELECT COUNT(*) AS tp_count FROM `jdi_node` WHERE `pid` = 3 AND `status` = 1 AND `type` IN ('1','2','3') AND `index_show` = 1 LIMIT 1   [ RunTime:0.000140s ]
SQL: SHOW COLUMNS FROM `jdi_link` [ RunTime:0.001263s ]
SQL: SELECT * FROM `jdi_link` WHERE `status` = 1 AND `group` = 'p-1' ORDER BY sort asc,id asc  [ RunTime:0.000152s ]
SQL: SHOW COLUMNS FROM `jdi_picture` [ RunTime:0.001045s ]
SQL: SELECT * FROM `jdi_picture` WHERE `status` = 1 AND `id` = 13 LIMIT 1   [ RunTime:0.000110s ]
SQL: SELECT * FROM `jdi_picture` WHERE `status` = 1 AND `id` = 12 LIMIT 1   [ RunTime:0.000079s ]
SQL: SELECT * FROM `jdi_picture` WHERE `status` = 1 AND `id` = 11 LIMIT 1   [ RunTime:0.000078s ]
SQL: SELECT * FROM `jdi_picture` WHERE `status` = 1 AND `id` = 10 LIMIT 1   [ RunTime:0.000083s ]
SQL: SHOW COLUMNS FROM `jdi_model` [ RunTime:0.001308s ]
SQL: SELECT `name` FROM `jdi_model` WHERE `id` = 20 LIMIT 1   [ RunTime:0.000107s ]
SQL: SHOW COLUMNS FROM `jdi_article` [ RunTime:0.001560s ]
SQL: SELECT `id`,`title`,`uid`,`category_id`,`description`,`link`,`deadline`,`view`,`create_time`,`update_time`,`url`,`status`,`title_color`,`list_color`,`content`,`is_up`,`position`,`cover`,`extend`,`weight`,`keyword`,`auto_image` FROM `jdi_article` WHERE `status` = 1 AND `category_id` = 3 AND `create_time` < 1428543721 AND ( deadline <= 0 OR deadline > 1428543721 ) ORDER BY `weight` DESC, `update_time` DESC LIMIT 0,6   [ RunTime:0.000200s ]
SQL: SELECT `name` FROM `jdi_model` WHERE `id` = 20 LIMIT 1   [ RunTime:0.000097s ]
SQL: SELECT `id`,`title`,`uid`,`category_id`,`description`,`link`,`deadline`,`view`,`create_time`,`update_time`,`url`,`status`,`title_color`,`list_color`,`content`,`is_up`,`position`,`cover`,`extend`,`weight`,`keyword`,`auto_image` FROM `jdi_article` WHERE `status` = 1 AND `category_id` = 14 AND `create_time` < 1428543721 AND ( deadline <= 0 OR deadline > 1428543721 ) ORDER BY `weight` DESC, `update_time` DESC LIMIT 0,6   [ RunTime:0.000168s ]
SQL: SELECT `name` FROM `jdi_model` WHERE `id` = 20 LIMIT 1   [ RunTime:0.000115s ]
SQL: SELECT `id`,`title`,`uid`,`category_id`,`description`,`link`,`deadline`,`view`,`create_time`,`update_time`,`url`,`status`,`title_color`,`list_color`,`content`,`is_up`,`position`,`cover`,`extend`,`weight`,`keyword`,`auto_image` FROM `jdi_article` WHERE `status` = 1 AND `category_id` = 12 AND `create_time` < 1428543721 AND ( deadline <= 0 OR deadline > 1428543721 ) ORDER BY `weight` DESC, `update_time` DESC LIMIT 0,20   [ RunTime:0.000143s ]
SQL: SELECT * FROM `jdi_picture` WHERE `status` = 1 AND `id` = 9 LIMIT 1   [ RunTime:0.000100s ]
SQL: SELECT * FROM `jdi_picture` WHERE `status` = 1 AND `id` = 8 LIMIT 1   [ RunTime:0.000089s ]
SQL: SELECT * FROM `jdi_picture` WHERE `status` = 1 AND `id` = 7 LIMIT 1   [ RunTime:0.000158s ]
SQL: SELECT * FROM `jdi_picture` WHERE `status` = 1 AND `id` = 6 LIMIT 1   [ RunTime:0.000107s ]
SQL: SELECT * FROM `jdi_picture` WHERE `status` = 1 AND `id` = 5 LIMIT 1   [ RunTime:0.000071s ]
SQL: SHOW COLUMNS FROM `jdi_addons` [ RunTime:0.001330s ]
SQL: SELECT * FROM `jdi_addons` WHERE `name` = 'IPlistener' LIMIT 1   [ RunTime:0.000166s ]
SQL: SHOW COLUMNS FROM `jdi_iplistener` [ RunTime:0.001010s ]
SQL: SELECT COUNT(*) AS tp_count FROM `jdi_iplistener` WHERE `visit_time` > 1428457321 LIMIT 1   [ RunTime:0.000169s ]
SQL: SELECT COUNT(*) AS tp_count FROM `jdi_iplistener` WHERE `visit_time` > 1425951721 LIMIT 1   [ RunTime:0.000139s ]
SQL: SELECT COUNT(*) AS tp_count FROM `jdi_iplistener` LIMIT 1   [ RunTime:0.000054s ]
INFO: [ view_parse ] --START--
INFO: [ template_filter ] --START--
INFO: Run Behavior\ContentReplaceBehavior [ RunTime:0.000037s ]
INFO: [ template_filter ] --END-- [ RunTime:-0.049100s ]
INFO: Run Behavior\ParseTemplateBehavior [ RunTime:0.001522s ]
INFO: [ view_parse ] --END-- [ RunTime:0.001595s ]
INFO: [ view_filter ] --START--
INFO: Run Behavior\WriteHtmlCacheBehavior [ RunTime:0.000141s ]
INFO: [ view_filter ] --END-- [ RunTime:0.000188s ]
INFO: [ pageFooter ] --START--
SQL: SELECT `config` FROM `jdi_addons` WHERE `name` = 'IPlistener' AND `status` = 1 LIMIT 1   [ RunTime:0.000118s ]
INFO: [ view_parse ] --START--
INFO: [ template_filter ] --START--
INFO: Run Behavior\ContentReplaceBehavior [ RunTime:0.000041s ]
INFO: [ template_filter ] --END-- [ RunTime:-0.051711s ]
INFO: Run Behavior\ParseTemplateBehavior [ RunTime:0.001809s ]
INFO: [ view_parse ] --END-- [ RunTime:-0.000756s ]
INFO: [ view_filter ] --START--
INFO: Run Behavior\WriteHtmlCacheBehavior [ RunTime:0.000012s ]
INFO: [ view_filter ] --END-- [ RunTime:-0.002429s ]
INFO: Run Addons\IPlistener\IPlistenerAddon [ RunTime:0.002436s ]
INFO: [ pageFooter ] --END-- [ RunTime:0.002476s ]
INFO: Run Behavior\ParseTemplateBehavior [ RunTime:0.002029s ]
INFO: [ view_parse ] --END-- [ RunTime:-0.000756s ]
INFO: [ view_filter ] --START--
INFO: Run Behavior\WriteHtmlCacheBehavior [ RunTime:0.000009s ]
INFO: [ view_filter ] --END-- [ RunTime:-0.002642s ]
INFO: [ app_end ] --START--
INFO: Run Behavior\ShowPageTraceBehavior [ RunTime:0.000636s ]
INFO: [ app_end ] --END-- [ RunTime:0.000711s ]

[ 2015-04-09T09:42:02+08:00 ] ::1 /jdicms/index.php/Home/Index/index/_extend/addons/_addons/IPlistener/_controller/IPlistener/_action/updateIp.html
INFO: [ app_init ] --START--
INFO: Run Behavior\BuildLiteBehavior [ RunTime:0.000015s ]
INFO: Run Common\Behavior\InitHookBehavior [ RunTime:0.001192s ]
INFO: [ app_init ] --END-- [ RunTime:0.001550s ]
INFO: [ app_begin ] --START--
INFO: Run Behavior\ReadHtmlCacheBehavior [ RunTime:0.000440s ]
INFO: [ app_begin ] --END-- [ RunTime:0.000499s ]
INFO: [ app_exec_start ] --START--
NOTIC: [8192] mysql_connect(): The mysql extension is deprecated and will be removed in the future: use mysqli or PDO instead /Users/tiptimes/Desktop/www/jdicms/ThinkPHP/Library/Think/Db/Driver/Mysql.class.php 第 52 行.
SQL: SHOW COLUMNS FROM `jdi_addons` [ RunTime:0.001656s ]
SQL: SELECT * FROM `jdi_addons` WHERE `name` = 'IPlistener' LIMIT 1   [ RunTime:0.000155s ]
SQL: SHOW COLUMNS FROM `jdi_iplistener` [ RunTime:0.001619s ]
SQL: INSERT INTO `jdi_iplistener` (`ip`,`visit_time`,`visit_url`,`city`,`isp`) VALUES ('::1',1428543721,'http://localhost/jdicms/','未知','未知') [ RunTime:0.000165s ]

[ 2015-04-09T09:47:08+08:00 ] ::1 /zmjh/
INFO: [ app_init ] --START--
INFO: Run Behavior\BuildLiteBehavior [ RunTime:0.000015s ]
INFO: Run Common\Behavior\InitHookBehavior [ RunTime:0.001128s ]
INFO: [ app_init ] --END-- [ RunTime:0.001470s ]
INFO: [ app_begin ] --START--
INFO: Run Behavior\ReadHtmlCacheBehavior [ RunTime:0.000417s ]
INFO: [ app_begin ] --END-- [ RunTime:0.000470s ]
INFO: [ app_exec_start ] --START--
INFO: Run Common\Behavior\ExtendBehavior [ RunTime:0.000303s ]
INFO: [ app_exec_start ] --END-- [ RunTime:0.000353s ]
INFO: [ view_parse ] --START--
INFO: [ template_filter ] --START--
INFO: Run Behavior\ContentReplaceBehavior [ RunTime:0.000110s ]
INFO: [ template_filter ] --END-- [ RunTime:0.000177s ]
NOTIC: [8] Undefined variable: rootNav /Users/tiptimes/Desktop/www/zmjh/Runtime/Cache/Home/c50d1b4cd417a3f9d3d63abb8c3e1fab.php 第 74 行.
NOTIC: [8192] mysql_connect(): The mysql extension is deprecated and will be removed in the future: use mysqli or PDO instead /Users/tiptimes/Desktop/www/zmjh/ThinkPHP/Library/Think/Db/Driver/Mysql.class.php 第 52 行.
SQL: SHOW COLUMNS FROM `jdi_node` [ RunTime:0.002129s ]
SQL: SELECT * FROM `jdi_node` WHERE `status` = 1 AND `type` IN ('1','2','3') AND `pid` = 0 AND `index_show` = 1 ORDER BY sort  [ RunTime:0.000250s ]
SQL: SELECT COUNT(*) AS tp_count FROM `jdi_node` WHERE `pid` = 17 AND `status` = 1 AND `type` IN ('1','2','3') AND `index_show` = 1 LIMIT 1   [ RunTime:0.000130s ]
SQL: SELECT COUNT(*) AS tp_count FROM `jdi_node` WHERE `pid` = 12 AND `status` = 1 AND `type` IN ('1','2','3') AND `index_show` = 1 LIMIT 1   [ RunTime:0.000104s ]
SQL: SELECT COUNT(*) AS tp_count FROM `jdi_node` WHERE `pid` = 13 AND `status` = 1 AND `type` IN ('1','2','3') AND `index_show` = 1 LIMIT 1   [ RunTime:0.000153s ]
SQL: SELECT COUNT(*) AS tp_count FROM `jdi_node` WHERE `pid` = 15 AND `status` = 1 AND `type` IN ('1','2','3') AND `index_show` = 1 LIMIT 1   [ RunTime:0.000137s ]
SQL: SELECT COUNT(*) AS tp_count FROM `jdi_node` WHERE `pid` = 9 AND `status` = 1 AND `type` IN ('1','2','3') AND `index_show` = 1 LIMIT 1   [ RunTime:0.000101s ]
SQL: SELECT COUNT(*) AS tp_count FROM `jdi_node` WHERE `pid` = 3 AND `status` = 1 AND `type` IN ('1','2','3') AND `index_show` = 1 LIMIT 1   [ RunTime:0.000099s ]
SQL: SHOW COLUMNS FROM `jdi_link` [ RunTime:0.001266s ]
SQL: SELECT * FROM `jdi_link` WHERE `status` = 1 AND `group` = 'p-1' ORDER BY sort asc,id asc  [ RunTime:0.000140s ]
SQL: SHOW COLUMNS FROM `jdi_picture` [ RunTime:0.001058s ]
SQL: SELECT * FROM `jdi_picture` WHERE `status` = 1 AND `id` = 13 LIMIT 1   [ RunTime:0.000113s ]
SQL: SELECT * FROM `jdi_picture` WHERE `status` = 1 AND `id` = 12 LIMIT 1   [ RunTime:0.000095s ]
SQL: SELECT * FROM `jdi_picture` WHERE `status` = 1 AND `id` = 11 LIMIT 1   [ RunTime:0.000150s ]
SQL: SELECT * FROM `jdi_picture` WHERE `status` = 1 AND `id` = 10 LIMIT 1   [ RunTime:0.000096s ]
SQL: SHOW COLUMNS FROM `jdi_model` [ RunTime:0.001811s ]
SQL: SELECT `name` FROM `jdi_model` WHERE `id` = 20 LIMIT 1   [ RunTime:0.000108s ]
SQL: SHOW COLUMNS FROM `jdi_article` [ RunTime:0.001573s ]
SQL: SELECT `id`,`title`,`uid`,`category_id`,`description`,`link`,`deadline`,`view`,`create_time`,`update_time`,`url`,`status`,`title_color`,`list_color`,`content`,`is_up`,`position`,`cover`,`extend`,`weight`,`keyword`,`auto_image` FROM `jdi_article` WHERE `status` = 1 AND `category_id` = 3 AND `create_time` < 1428544028 AND ( deadline <= 0 OR deadline > 1428544028 ) ORDER BY `weight` DESC, `update_time` DESC LIMIT 0,6   [ RunTime:0.000239s ]
SQL: SELECT `name` FROM `jdi_model` WHERE `id` = 20 LIMIT 1   [ RunTime:0.000095s ]
SQL: SELECT `id`,`title`,`uid`,`category_id`,`description`,`link`,`deadline`,`view`,`create_time`,`update_time`,`url`,`status`,`title_color`,`list_color`,`content`,`is_up`,`position`,`cover`,`extend`,`weight`,`keyword`,`auto_image` FROM `jdi_article` WHERE `status` = 1 AND `category_id` = 14 AND `create_time` < 1428544028 AND ( deadline <= 0 OR deadline > 1428544028 ) ORDER BY `weight` DESC, `update_time` DESC LIMIT 0,6   [ RunTime:0.000184s ]
SQL: SELECT `name` FROM `jdi_model` WHERE `id` = 20 LIMIT 1   [ RunTime:0.000089s ]
SQL: SELECT `id`,`title`,`uid`,`category_id`,`description`,`link`,`deadline`,`view`,`create_time`,`update_time`,`url`,`status`,`title_color`,`list_color`,`content`,`is_up`,`position`,`cover`,`extend`,`weight`,`keyword`,`auto_image` FROM `jdi_article` WHERE `status` = 1 AND `category_id` = 12 AND `create_time` < 1428544028 AND ( deadline <= 0 OR deadline > 1428544028 ) ORDER BY `weight` DESC, `update_time` DESC LIMIT 0,20   [ RunTime:0.000161s ]
SQL: SELECT * FROM `jdi_picture` WHERE `status` = 1 AND `id` = 9 LIMIT 1   [ RunTime:0.000123s ]
SQL: SELECT * FROM `jdi_picture` WHERE `status` = 1 AND `id` = 8 LIMIT 1   [ RunTime:0.000094s ]
SQL: SELECT * FROM `jdi_picture` WHERE `status` = 1 AND `id` = 7 LIMIT 1   [ RunTime:0.000094s ]
SQL: SELECT * FROM `jdi_picture` WHERE `status` = 1 AND `id` = 6 LIMIT 1   [ RunTime:0.000137s ]
SQL: SELECT * FROM `jdi_picture` WHERE `status` = 1 AND `id` = 5 LIMIT 1   [ RunTime:0.000095s ]
SQL: SHOW COLUMNS FROM `jdi_addons` [ RunTime:0.001216s ]
SQL: SELECT * FROM `jdi_addons` WHERE `name` = 'IPlistener' LIMIT 1   [ RunTime:0.000111s ]
SQL: SHOW COLUMNS FROM `jdi_iplistener` [ RunTime:0.001013s ]
SQL: SELECT COUNT(*) AS tp_count FROM `jdi_iplistener` WHERE `visit_time` > 1428457628 LIMIT 1   [ RunTime:0.000165s ]
SQL: SELECT COUNT(*) AS tp_count FROM `jdi_iplistener` WHERE `visit_time` > 1425952028 LIMIT 1   [ RunTime:0.000147s ]
SQL: SELECT COUNT(*) AS tp_count FROM `jdi_iplistener` LIMIT 1   [ RunTime:0.000063s ]
INFO: [ view_parse ] --START--
INFO: [ template_filter ] --START--
INFO: Run Behavior\ContentReplaceBehavior [ RunTime:0.000036s ]
INFO: [ template_filter ] --END-- [ RunTime:-0.037248s ]
INFO: Run Behavior\ParseTemplateBehavior [ RunTime:0.001363s ]
INFO: [ view_parse ] --END-- [ RunTime:0.001414s ]
INFO: [ view_filter ] --START--
INFO: Run Behavior\WriteHtmlCacheBehavior [ RunTime:0.000119s ]
INFO: [ view_filter ] --END-- [ RunTime:0.000163s ]
INFO: [ pageFooter ] --START--
SQL: SELECT `config` FROM `jdi_addons` WHERE `name` = 'IPlistener' AND `status` = 1 LIMIT 1   [ RunTime:0.000112s ]
INFO: [ view_parse ] --START--
INFO: [ template_filter ] --START--
INFO: Run Behavior\ContentReplaceBehavior [ RunTime:0.000036s ]
INFO: [ template_filter ] --END-- [ RunTime:-0.039544s ]
INFO: Run Behavior\ParseTemplateBehavior [ RunTime:0.001645s ]
INFO: [ view_parse ] --END-- [ RunTime:-0.000653s ]
INFO: [ view_filter ] --START--
INFO: Run Behavior\WriteHtmlCacheBehavior [ RunTime:0.000010s ]
INFO: [ view_filter ] --END-- [ RunTime:-0.002185s ]
INFO: Run Addons\IPlistener\IPlistenerAddon [ RunTime:0.002188s ]
INFO: [ pageFooter ] --END-- [ RunTime:0.002224s ]
INFO: Run Behavior\ParseTemplateBehavior [ RunTime:0.001841s ]
INFO: [ view_parse ] --END-- [ RunTime:-0.000653s ]
INFO: [ view_filter ] --START--
INFO: Run Behavior\WriteHtmlCacheBehavior [ RunTime:0.000009s ]
INFO: [ view_filter ] --END-- [ RunTime:-0.002374s ]
INFO: [ app_end ] --START--
INFO: Run Behavior\ShowPageTraceBehavior [ RunTime:0.000599s ]
INFO: [ app_end ] --END-- [ RunTime:0.000669s ]

[ 2015-04-09T09:47:10+08:00 ] ::1 /zmjh/index.php/Home/Index/index/_extend/addons/_addons/IPlistener/_controller/IPlistener/_action/updateIp.html
INFO: [ app_init ] --START--
INFO: Run Behavior\BuildLiteBehavior [ RunTime:0.000015s ]
INFO: Run Common\Behavior\InitHookBehavior [ RunTime:0.001450s ]
INFO: [ app_init ] --END-- [ RunTime:0.001817s ]
INFO: [ app_begin ] --START--
INFO: Run Behavior\ReadHtmlCacheBehavior [ RunTime:0.000465s ]
INFO: [ app_begin ] --END-- [ RunTime:0.000525s ]
INFO: [ app_exec_start ] --START--
NOTIC: [8192] mysql_connect(): The mysql extension is deprecated and will be removed in the future: use mysqli or PDO instead /Users/tiptimes/Desktop/www/zmjh/ThinkPHP/Library/Think/Db/Driver/Mysql.class.php 第 52 行.
SQL: SHOW COLUMNS FROM `jdi_addons` [ RunTime:0.001729s ]
SQL: SELECT * FROM `jdi_addons` WHERE `name` = 'IPlistener' LIMIT 1   [ RunTime:0.000152s ]
SQL: SHOW COLUMNS FROM `jdi_iplistener` [ RunTime:0.001337s ]
SQL: INSERT INTO `jdi_iplistener` (`ip`,`visit_time`,`visit_url`,`city`,`isp`) VALUES ('::1',1428544028,'http://localhost/zmjh/','未知','未知') [ RunTime:0.000114s ]

[ 2015-04-09T17:56:23+08:00 ] ::1 /zmjh/index.php/
INFO: [ app_init ] --START--
INFO: Run Behavior\BuildLiteBehavior [ RunTime:0.000014s ]
INFO: Run Common\Behavior\InitHookBehavior [ RunTime:0.001109s ]
INFO: [ app_init ] --END-- [ RunTime:0.001446s ]
INFO: [ app_begin ] --START--
INFO: Run Behavior\ReadHtmlCacheBehavior [ RunTime:0.000499s ]
INFO: [ app_begin ] --END-- [ RunTime:0.000583s ]
INFO: [ app_exec_start ] --START--
INFO: Run Common\Behavior\ExtendBehavior [ RunTime:0.000372s ]
INFO: [ app_exec_start ] --END-- [ RunTime:0.000425s ]
INFO: [ view_parse ] --START--
INFO: [ template_filter ] --START--
INFO: Run Behavior\ContentReplaceBehavior [ RunTime:0.000110s ]
INFO: [ template_filter ] --END-- [ RunTime:0.000175s ]
NOTIC: [8] Undefined variable: rootNav /Users/tiptimes/Desktop/www/zmjh/Runtime/Cache/Home/c50d1b4cd417a3f9d3d63abb8c3e1fab.php 第 74 行.
NOTIC: [8192] mysql_connect(): The mysql extension is deprecated and will be removed in the future: use mysqli or PDO instead /Users/tiptimes/Desktop/www/zmjh/ThinkPHP/Library/Think/Db/Driver/Mysql.class.php 第 52 行.
SQL: SHOW COLUMNS FROM `jdi_node` [ RunTime:0.001521s ]
SQL: SELECT * FROM `jdi_node` WHERE `status` = 1 AND `type` IN ('1','2','3') AND `pid` = 0 AND `index_show` = 1 ORDER BY sort  [ RunTime:0.000168s ]
SQL: SELECT * FROM `jdi_node` WHERE `status` = 1 AND `type` IN ('1','2','3') AND `id` = 1 LIMIT 1   [ RunTime:0.000117s ]
SQL: SELECT COUNT(*) AS tp_count FROM `jdi_node` WHERE `pid` = 1 AND `status` = 1 AND `type` IN ('1','2','3') AND `index_show` = 1 LIMIT 1   [ RunTime:0.000159s ]
SQL: SELECT * FROM `jdi_node` WHERE `status` = 1 AND `type` IN ('1','2','3') AND `id` = 2 LIMIT 1   [ RunTime:0.000122s ]
SQL: SELECT COUNT(*) AS tp_count FROM `jdi_node` WHERE `pid` = 2 AND `status` = 1 AND `type` IN ('1','2','3') AND `index_show` = 1 LIMIT 1   [ RunTime:0.000109s ]
SQL: SELECT * FROM `jdi_node` WHERE `status` = 1 AND `type` IN ('1','2','3') AND `id` = 3 LIMIT 1   [ RunTime:0.000128s ]
SQL: SELECT COUNT(*) AS tp_count FROM `jdi_node` WHERE `pid` = 3 AND `status` = 1 AND `type` IN ('1','2','3') AND `index_show` = 1 LIMIT 1   [ RunTime:0.000106s ]
SQL: SELECT * FROM `jdi_node` WHERE `status` = 1 AND `type` IN ('1','2','3') AND `id` = 4 LIMIT 1   [ RunTime:0.000107s ]
SQL: SELECT COUNT(*) AS tp_count FROM `jdi_node` WHERE `pid` = 4 AND `status` = 1 AND `type` IN ('1','2','3') AND `index_show` = 1 LIMIT 1   [ RunTime:0.000107s ]
SQL: SHOW COLUMNS FROM `jdi_link` [ RunTime:0.001010s ]
SQL: SELECT * FROM `jdi_link` WHERE `status` = 1 AND `group` = 'p-1' ORDER BY sort asc,id asc  [ RunTime:0.000101s ]
NOTIC: [2] array_slice() expects parameter 1 to be array, string given /Users/tiptimes/Desktop/www/zmjh/Application/Common/Common/function.php 第 1819 行.
SQL: SHOW COLUMNS FROM `jdi_model` [ RunTime:0.001700s ]
SQL: SELECT `name` FROM `jdi_model` WHERE `id` = 20 LIMIT 1   [ RunTime:0.000111s ]
SQL: SHOW COLUMNS FROM `jdi_article` [ RunTime:0.001570s ]
SQL: SELECT `id`,`title`,`uid`,`category_id`,`description`,`link`,`deadline`,`view`,`create_time`,`update_time`,`url`,`status`,`title_color`,`list_color`,`content`,`is_up`,`position`,`cover`,`extend`,`weight`,`keyword`,`auto_image` FROM `jdi_article` WHERE `status` = 1 AND `category_id` = 3 AND `create_time` < 1428573382 AND ( deadline <= 0 OR deadline > 1428573382 ) ORDER BY `weight` DESC, `update_time` DESC LIMIT 0,6   [ RunTime:0.000124s ]
SQL: SELECT * FROM `jdi_node` WHERE `status` = 1 AND `type` IN ('1','2','3') AND `id` = 14 LIMIT 1   [ RunTime:0.000105s ]
SQL: SELECT * FROM `jdi_node` WHERE `status` = 1 AND `type` IN ('1','2','3') AND `id` = 14 LIMIT 1   [ RunTime:0.000093s ]
NOTIC: [2] Illegal string offset 'model_id' /Users/tiptimes/Desktop/www/zmjh/Application/Common/Api/DocumentApi.class.php 第 67 行.
NOTIC: [8] Uninitialized string offset: 0 /Users/tiptimes/Desktop/www/zmjh/Application/Common/Api/DocumentApi.class.php 第 67 行.
SQL: SELECT * FROM `jdi_node` WHERE `status` = 1 AND `type` IN ('1','2','3') AND `id` = 12 LIMIT 1   [ RunTime:0.000093s ]
NOTIC: [2] Illegal string offset 'url' /Users/tiptimes/Desktop/www/zmjh/Application/Common/Common/function.php 第 1774 行.
NOTIC: [8] Uninitialized string offset: 0 /Users/tiptimes/Desktop/www/zmjh/Application/Common/Common/function.php 第 1774 行.
SQL: SELECT * FROM `jdi_node` WHERE `status` = 1 AND `type` IN ('1','2','3') AND `id` = 12 LIMIT 1   [ RunTime:0.000091s ]
NOTIC: [2] Illegal string offset 'name' /Users/tiptimes/Desktop/www/zmjh/Application/Common/Common/function.php 第 1774 行.
NOTIC: [8] Uninitialized string offset: 0 /Users/tiptimes/Desktop/www/zmjh/Application/Common/Common/function.php 第 1774 行.
SQL: SELECT * FROM `jdi_node` WHERE `status` = 1 AND `type` IN ('1','2','3') AND `id` = 12 LIMIT 1   [ RunTime:0.000092s ]
SQL: SELECT * FROM `jdi_node` WHERE `status` = 1 AND `type` IN ('1','2','3') AND `id` = 12 LIMIT 1   [ RunTime:0.000090s ]
NOTIC: [2] Illegal string offset 'model_id' /Users/tiptimes/Desktop/www/zmjh/Application/Common/Api/DocumentApi.class.php 第 67 行.
NOTIC: [8] Uninitialized string offset: 0 /Users/tiptimes/Desktop/www/zmjh/Application/Common/Api/DocumentApi.class.php 第 67 行.
SQL: SELECT * FROM `jdi_node` WHERE `status` = 1 AND `type` IN ('1','2','3') AND `id` = 16 LIMIT 1   [ RunTime:0.000114s ]
NOTIC: [2] Illegal string offset 'url' /Users/tiptimes/Desktop/www/zmjh/Application/Common/Common/function.php 第 1774 行.
NOTIC: [8] Uninitialized string offset: 0 /Users/tiptimes/Desktop/www/zmjh/Application/Common/Common/function.php 第 1774 行.
SQL: SELECT * FROM `jdi_node` WHERE `status` = 1 AND `type` IN ('1','2','3') AND `id` = 17 LIMIT 1   [ RunTime:0.000095s ]
NOTIC: [2] Illegal string offset 'url' /Users/tiptimes/Desktop/www/zmjh/Application/Common/Common/function.php 第 1774 行.
NOTIC: [8] Uninitialized string offset: 0 /Users/tiptimes/Desktop/www/zmjh/Application/Common/Common/function.php 第 1774 行.
SQL: SHOW COLUMNS FROM `jdi_addons` [ RunTime:0.001344s ]
SQL: SELECT * FROM `jdi_addons` WHERE `name` = 'IPlistener' LIMIT 1   [ RunTime:0.000119s ]
SQL: SHOW COLUMNS FROM `jdi_iplistener` [ RunTime:0.001057s ]
SQL: SELECT COUNT(*) AS tp_count FROM `jdi_iplistener` WHERE `visit_time` > 1428486982 LIMIT 1   [ RunTime:0.000090s ]
SQL: SELECT COUNT(*) AS tp_count FROM `jdi_iplistener` WHERE `visit_time` > 1425981382 LIMIT 1   [ RunTime:0.000073s ]
SQL: SELECT COUNT(*) AS tp_count FROM `jdi_iplistener` LIMIT 1   [ RunTime:0.000061s ]
INFO: [ view_parse ] --START--
INFO: [ template_filter ] --START--
INFO: Run Behavior\ContentReplaceBehavior [ RunTime:0.000038s ]
INFO: [ template_filter ] --END-- [ RunTime:-0.080143s ]
INFO: Run Behavior\ParseTemplateBehavior [ RunTime:0.001679s ]
INFO: [ view_parse ] --END-- [ RunTime:0.001732s ]
INFO: [ view_filter ] --START--
INFO: Run Behavior\WriteHtmlCacheBehavior [ RunTime:0.000124s ]
INFO: [ view_filter ] --END-- [ RunTime:0.000168s ]
INFO: [ pageFooter ] --START--
SQL: SELECT `config` FROM `jdi_addons` WHERE `name` = 'IPlistener' AND `status` = 1 LIMIT 1   [ RunTime:0.000124s ]
INFO: [ view_parse ] --START--
INFO: [ template_filter ] --START--
INFO: Run Behavior\ContentReplaceBehavior [ RunTime:0.000040s ]
INFO: [ template_filter ] --END-- [ RunTime:-0.082829s ]
INFO: Run Behavior\ParseTemplateBehavior [ RunTime:0.001978s ]
INFO: [ view_parse ] --END-- [ RunTime:-0.000734s ]
INFO: [ view_filter ] --START--
INFO: Run Behavior\WriteHtmlCacheBehavior [ RunTime:0.000011s ]
INFO: [ view_filter ] --END-- [ RunTime:-0.002576s ]
INFO: Run Addons\IPlistener\IPlistenerAddon [ RunTime:0.002581s ]
INFO: [ pageFooter ] --END-- [ RunTime:0.002617s ]
INFO: Run Behavior\ParseTemplateBehavior [ RunTime:0.002156s ]
INFO: [ view_parse ] --END-- [ RunTime:-0.000734s ]
INFO: [ view_filter ] --START--
INFO: Run Behavior\WriteHtmlCacheBehavior [ RunTime:0.000009s ]
INFO: [ view_filter ] --END-- [ RunTime:-0.002746s ]
INFO: [ app_end ] --START--
INFO: Run Behavior\ShowPageTraceBehavior [ RunTime:0.000580s ]
INFO: [ app_end ] --END-- [ RunTime:0.000646s ]

[ 2015-04-09T17:56:23+08:00 ] ::1 /zmjh/index.php/Home/Index/index/_extend/addons/_addons/IPlistener/_controller/IPlistener/_action/updateIp.html
INFO: [ app_init ] --START--
INFO: Run Behavior\BuildLiteBehavior [ RunTime:0.000014s ]
INFO: Run Common\Behavior\InitHookBehavior [ RunTime:0.001146s ]
INFO: [ app_init ] --END-- [ RunTime:0.001494s ]
INFO: [ app_begin ] --START--
INFO: Run Behavior\ReadHtmlCacheBehavior [ RunTime:0.000396s ]
INFO: [ app_begin ] --END-- [ RunTime:0.000456s ]
INFO: [ app_exec_start ] --START--
NOTIC: [8192] mysql_connect(): The mysql extension is deprecated and will be removed in the future: use mysqli or PDO instead /Users/tiptimes/Desktop/www/zmjh/ThinkPHP/Library/Think/Db/Driver/Mysql.class.php 第 52 行.
SQL: SHOW COLUMNS FROM `jdi_addons` [ RunTime:0.001646s ]
SQL: SELECT * FROM `jdi_addons` WHERE `name` = 'IPlistener' LIMIT 1   [ RunTime:0.000178s ]
SQL: SHOW COLUMNS FROM `jdi_iplistener` [ RunTime:0.001649s ]
SQL: INSERT INTO `jdi_iplistener` (`ip`,`visit_time`,`visit_url`,`city`,`isp`) VALUES ('::1',1428573383,'http://localhost/zmjh/index.php/','未知','未知') [ RunTime:0.000122s ]

[ 2015-04-09T17:56:25+08:00 ] ::1 /zmjh/index.php/Home/Index/category/cate/shixixinxi/p/1.html
INFO: [ app_init ] --START--
INFO: Run Behavior\BuildLiteBehavior [ RunTime:0.000013s ]
INFO: Run Common\Behavior\InitHookBehavior [ RunTime:0.001079s ]
INFO: [ app_init ] --END-- [ RunTime:0.001414s ]
INFO: [ app_begin ] --START--
INFO: Run Behavior\ReadHtmlCacheBehavior [ RunTime:0.000397s ]
INFO: [ app_begin ] --END-- [ RunTime:0.000450s ]
INFO: [ app_exec_start ] --START--
INFO: Run Common\Behavior\ExtendBehavior [ RunTime:0.000345s ]
INFO: [ app_exec_start ] --END-- [ RunTime:0.000395s ]
NOTIC: [8192] mysql_connect(): The mysql extension is deprecated and will be removed in the future: use mysqli or PDO instead /Users/tiptimes/Desktop/www/zmjh/ThinkPHP/Library/Think/Db/Driver/Mysql.class.php 第 52 行.
SQL: SHOW COLUMNS FROM `jdi_node` [ RunTime:0.001479s ]
SQL: SELECT * FROM `jdi_node` WHERE `status` = 1 AND `type` IN ('1','2','3') AND `symbol` = 'shixixinxi' LIMIT 1   [ RunTime:0.000150s ]
SQL: SHOW COLUMNS FROM `jdi_model` [ RunTime:0.004835s ]
SQL: SELECT `name` FROM `jdi_model` WHERE `id` = 58 LIMIT 1   [ RunTime:0.000121s ]
SQL: SHOW COLUMNS FROM `jdi_recruitment` [ RunTime:0.001573s ]
SQL: SELECT `id`,`title`,`uid`,`category_id`,`description`,`link`,`deadline`,`view`,`create_time`,`update_time`,`url`,`status`,`weight`,`position`,`salary`,`number`,`welfare`,`position_des` FROM `jdi_recruitment` WHERE `status` = 1 AND `category_id` = 1 AND `create_time` < 1428573385 AND ( deadline <= 0 OR deadline > 1428573385 ) ORDER BY `weight` DESC, `update_time` DESC LIMIT 0,10   [ RunTime:0.000144s ]
SQL: SELECT `name` FROM `jdi_model` WHERE `id` = 58 LIMIT 1   [ RunTime:0.000124s ]
SQL: SELECT COUNT(id) AS tp_count FROM `jdi_recruitment` WHERE `status` = 1 AND `category_id` = 1 AND `create_time` < 1428573385 AND ( deadline <= 0 OR deadline > 1428573385 ) LIMIT 1   [ RunTime:0.000092s ]
INFO: [ view_parse ] --START--
INFO: [ template_filter ] --START--
INFO: Run Behavior\ContentReplaceBehavior [ RunTime:0.000095s ]
INFO: [ template_filter ] --END-- [ RunTime:0.000161s ]
NOTIC: [8] Undefined variable: index_style /Users/tiptimes/Desktop/www/zmjh/Runtime/Cache/Home/394ca46ada227a535bea67931415f56a.php 第 71 行.
SQL: SELECT * FROM `jdi_node` WHERE `status` = 1 AND `type` IN ('1','2','3') AND `pid` = 0 AND `index_show` = 1 ORDER BY sort  [ RunTime:0.000316s ]
SQL: SELECT COUNT(*) AS tp_count FROM `jdi_node` WHERE `pid` = 1 AND `status` = 1 AND `type` IN ('1','2','3') AND `index_show` = 1 LIMIT 1   [ RunTime:0.000140s ]
SQL: SELECT COUNT(*) AS tp_count FROM `jdi_node` WHERE `pid` = 2 AND `status` = 1 AND `type` IN ('1','2','3') AND `index_show` = 1 LIMIT 1   [ RunTime:0.000158s ]
SQL: SELECT COUNT(*) AS tp_count FROM `jdi_node` WHERE `pid` = 3 AND `status` = 1 AND `type` IN ('1','2','3') AND `index_show` = 1 LIMIT 1   [ RunTime:0.000152s ]
SQL: SELECT COUNT(*) AS tp_count FROM `jdi_node` WHERE `pid` = 4 AND `status` = 1 AND `type` IN ('1','2','3') AND `index_show` = 1 LIMIT 1   [ RunTime:0.000107s ]
SQL: SELECT * FROM `jdi_node` WHERE `status` = 1 AND `type` IN ('1','2','3') AND `id` = 16 LIMIT 1   [ RunTime:0.000104s ]
NOTIC: [2] Illegal string offset 'url' /Users/tiptimes/Desktop/www/zmjh/Application/Common/Common/function.php 第 1774 行.
NOTIC: [8] Uninitialized string offset: 0 /Users/tiptimes/Desktop/www/zmjh/Application/Common/Common/function.php 第 1774 行.
SQL: SELECT * FROM `jdi_node` WHERE `status` = 1 AND `type` IN ('1','2','3') AND `id` = 17 LIMIT 1   [ RunTime:0.000097s ]
NOTIC: [2] Illegal string offset 'url' /Users/tiptimes/Desktop/www/zmjh/Application/Common/Common/function.php 第 1774 行.
NOTIC: [8] Uninitialized string offset: 0 /Users/tiptimes/Desktop/www/zmjh/Application/Common/Common/function.php 第 1774 行.
SQL: SHOW COLUMNS FROM `jdi_addons` [ RunTime:0.001279s ]
SQL: SELECT * FROM `jdi_addons` WHERE `name` = 'IPlistener' LIMIT 1   [ RunTime:0.000121s ]
SQL: SHOW COLUMNS FROM `jdi_iplistener` [ RunTime:0.001112s ]
SQL: SELECT COUNT(*) AS tp_count FROM `jdi_iplistener` WHERE `visit_time` > 1428486985 LIMIT 1   [ RunTime:0.000132s ]
SQL: SELECT COUNT(*) AS tp_count FROM `jdi_iplistener` WHERE `visit_time` > 1425981385 LIMIT 1   [ RunTime:0.000082s ]
SQL: SELECT COUNT(*) AS tp_count FROM `jdi_iplistener` LIMIT 1   [ RunTime:0.000061s ]
INFO: [ view_parse ] --START--
INFO: [ template_filter ] --START--
INFO: Run Behavior\ContentReplaceBehavior [ RunTime:0.000038s ]
INFO: [ template_filter ] --END-- [ RunTime:-0.012157s ]
INFO: Run Behavior\ParseTemplateBehavior [ RunTime:0.001399s ]
INFO: [ view_parse ] --END-- [ RunTime:0.001460s ]
INFO: [ view_filter ] --START--
INFO: Run Behavior\WriteHtmlCacheBehavior [ RunTime:0.000128s ]
INFO: [ view_filter ] --END-- [ RunTime:0.000172s ]
INFO: [ pageFooter ] --START--
SQL: SELECT `config` FROM `jdi_addons` WHERE `name` = 'IPlistener' AND `status` = 1 LIMIT 1   [ RunTime:0.000123s ]
INFO: [ view_parse ] --START--
INFO: [ template_filter ] --START--
INFO: Run Behavior\ContentReplaceBehavior [ RunTime:0.000041s ]
INFO: [ template_filter ] --END-- [ RunTime:-0.014697s ]
INFO: Run Behavior\ParseTemplateBehavior [ RunTime:0.001899s ]
INFO: [ view_parse ] --END-- [ RunTime:-0.000682s ]
INFO: [ view_filter ] --START--
INFO: Run Behavior\WriteHtmlCacheBehavior [ RunTime:0.000011s ]
INFO: [ view_filter ] --END-- [ RunTime:-0.002454s ]
INFO: Run Addons\IPlistener\IPlistenerAddon [ RunTime:0.002456s ]
INFO: [ pageFooter ] --END-- [ RunTime:0.002492s ]
INFO: Run Behavior\ParseTemplateBehavior [ RunTime:0.002074s ]
INFO: [ view_parse ] --END-- [ RunTime:-0.000682s ]
INFO: [ view_filter ] --START--
INFO: Run Behavior\WriteHtmlCacheBehavior [ RunTime:0.000008s ]
INFO: [ view_filter ] --END-- [ RunTime:-0.002623s ]
INFO: [ app_end ] --START--
INFO: Run Behavior\ShowPageTraceBehavior [ RunTime:0.000609s ]
INFO: [ app_end ] --END-- [ RunTime:0.000679s ]

[ 2015-04-09T18:01:43+08:00 ] ::1 /zmjh/index.php/Home/Index/category/cate/shixixinxi/p/1.html
INFO: [ app_init ] --START--
INFO: Run Behavior\BuildLiteBehavior [ RunTime:0.000013s ]
INFO: Run Common\Behavior\InitHookBehavior [ RunTime:0.001207s ]
INFO: [ app_init ] --END-- [ RunTime:0.001540s ]
INFO: [ app_begin ] --START--
INFO: Run Behavior\ReadHtmlCacheBehavior [ RunTime:0.000396s ]
INFO: [ app_begin ] --END-- [ RunTime:0.000451s ]
INFO: [ app_exec_start ] --START--
INFO: Run Common\Behavior\ExtendBehavior [ RunTime:0.000319s ]
INFO: [ app_exec_start ] --END-- [ RunTime:0.000371s ]
NOTIC: [8192] mysql_connect(): The mysql extension is deprecated and will be removed in the future: use mysqli or PDO instead /Users/tiptimes/Desktop/www/zmjh/ThinkPHP/Library/Think/Db/Driver/Mysql.class.php 第 52 行.
SQL: SHOW COLUMNS FROM `jdi_model` [ RunTime:0.001632s ]
SQL: SELECT `name` FROM `jdi_model` WHERE `id` = 58 LIMIT 1   [ RunTime:0.000116s ]
SQL: SHOW COLUMNS FROM `jdi_recruitment` [ RunTime:0.005923s ]
SQL: SELECT `id`,`title`,`uid`,`category_id`,`description`,`link`,`deadline`,`view`,`create_time`,`update_time`,`url`,`status`,`weight`,`position`,`salary`,`number`,`welfare`,`position_des` FROM `jdi_recruitment` WHERE `status` = 1 AND `category_id` = 1 AND `create_time` < 1428573703 AND ( deadline <= 0 OR deadline > 1428573703 ) ORDER BY `weight` DESC, `update_time` DESC LIMIT 0,10   [ RunTime:0.000145s ]
NOTIC: [8] Undefined index: cover /Users/tiptimes/Desktop/www/zmjh/Application/Common/Common/function.php 第 1560 行.
NOTIC: [8] Undefined index: auto_image /Users/tiptimes/Desktop/www/zmjh/Application/Common/Common/function.php 第 1562 行.
SQL: SELECT `name` FROM `jdi_model` WHERE `id` = 58 LIMIT 1   [ RunTime:0.000096s ]
SQL: SELECT COUNT(id) AS tp_count FROM `jdi_recruitment` WHERE `status` = 1 AND `category_id` = 1 AND `create_time` < 1428573703 AND ( deadline <= 0 OR deadline > 1428573703 ) LIMIT 1   [ RunTime:0.000181s ]
INFO: [ view_parse ] --START--
INFO: [ template_filter ] --START--
INFO: Run Behavior\ContentReplaceBehavior [ RunTime:0.000099s ]
INFO: [ template_filter ] --END-- [ RunTime:0.000164s ]
NOTIC: [8] Undefined variable: index_style /Users/tiptimes/Desktop/www/zmjh/Runtime/Cache/Home/394ca46ada227a535bea67931415f56a.php 第 71 行.
SQL: SHOW COLUMNS FROM `jdi_node` [ RunTime:0.001540s ]
SQL: SELECT * FROM `jdi_node` WHERE `status` = 1 AND `type` IN ('1','2','3') AND `pid` = 0 AND `index_show` = 1 ORDER BY sort  [ RunTime:0.000181s ]
SQL: SELECT COUNT(*) AS tp_count FROM `jdi_node` WHERE `pid` = 1 AND `status` = 1 AND `type` IN ('1','2','3') AND `index_show` = 1 LIMIT 1   [ RunTime:0.000120s ]
SQL: SELECT COUNT(*) AS tp_count FROM `jdi_node` WHERE `pid` = 2 AND `status` = 1 AND `type` IN ('1','2','3') AND `index_show` = 1 LIMIT 1   [ RunTime:0.000105s ]
SQL: SELECT COUNT(*) AS tp_count FROM `jdi_node` WHERE `pid` = 3 AND `status` = 1 AND `type` IN ('1','2','3') AND `index_show` = 1 LIMIT 1   [ RunTime:0.000101s ]
SQL: SELECT COUNT(*) AS tp_count FROM `jdi_node` WHERE `pid` = 4 AND `status` = 1 AND `type` IN ('1','2','3') AND `index_show` = 1 LIMIT 1   [ RunTime:0.000101s ]
SQL: SELECT * FROM `jdi_node` WHERE `status` = 1 AND `type` IN ('1','2','3') AND `id` = 16 LIMIT 1   [ RunTime:0.000100s ]
NOTIC: [2] Illegal string offset 'url' /Users/tiptimes/Desktop/www/zmjh/Application/Common/Common/function.php 第 1774 行.
NOTIC: [8] Uninitialized string offset: 0 /Users/tiptimes/Desktop/www/zmjh/Application/Common/Common/function.php 第 1774 行.
SQL: SELECT * FROM `jdi_node` WHERE `status` = 1 AND `type` IN ('1','2','3') AND `id` = 17 LIMIT 1   [ RunTime:0.000094s ]
NOTIC: [2] Illegal string offset 'url' /Users/tiptimes/Desktop/www/zmjh/Application/Common/Common/function.php 第 1774 行.
NOTIC: [8] Uninitialized string offset: 0 /Users/tiptimes/Desktop/www/zmjh/Application/Common/Common/function.php 第 1774 行.
SQL: SHOW COLUMNS FROM `jdi_addons` [ RunTime:0.001337s ]
SQL: SELECT * FROM `jdi_addons` WHERE `name` = 'IPlistener' LIMIT 1   [ RunTime:0.000133s ]
SQL: SHOW COLUMNS FROM `jdi_iplistener` [ RunTime:0.001096s ]
SQL: SELECT COUNT(*) AS tp_count FROM `jdi_iplistener` WHERE `visit_time` > 1428487303 LIMIT 1   [ RunTime:0.000167s ]
SQL: SELECT COUNT(*) AS tp_count FROM `jdi_iplistener` WHERE `visit_time` > 1425981703 LIMIT 1   [ RunTime:0.000132s ]
SQL: SELECT COUNT(*) AS tp_count FROM `jdi_iplistener` LIMIT 1   [ RunTime:0.000081s ]
INFO: [ view_parse ] --START--
INFO: [ template_filter ] --START--
INFO: Run Behavior\ContentReplaceBehavior [ RunTime:0.000039s ]
INFO: [ template_filter ] --END-- [ RunTime:-0.014189s ]
INFO: Run Behavior\ParseTemplateBehavior [ RunTime:0.001696s ]
INFO: [ view_parse ] --END-- [ RunTime:0.001754s ]
INFO: [ view_filter ] --START--
INFO: Run Behavior\WriteHtmlCacheBehavior [ RunTime:0.000138s ]
INFO: [ view_filter ] --END-- [ RunTime:0.000184s ]
INFO: [ pageFooter ] --START--
SQL: SELECT `config` FROM `jdi_addons` WHERE `name` = 'IPlistener' AND `status` = 1 LIMIT 1   [ RunTime:0.000141s ]
INFO: [ view_parse ] --START--
INFO: [ template_filter ] --START--
INFO: Run Behavior\ContentReplaceBehavior [ RunTime:0.000039s ]
INFO: [ template_filter ] --END-- [ RunTime:-0.016778s ]
INFO: Run Behavior\ParseTemplateBehavior [ RunTime:0.001728s ]
INFO: [ view_parse ] --END-- [ RunTime:-0.000734s ]
INFO: [ view_filter ] --START--
INFO: Run Behavior\WriteHtmlCacheBehavior [ RunTime:0.000010s ]
INFO: [ view_filter ] --END-- [ RunTime:-0.002324s ]
INFO: Run Addons\IPlistener\IPlistenerAddon [ RunTime:0.002324s ]
INFO: [ pageFooter ] --END-- [ RunTime:0.002361s ]
INFO: Run Behavior\ParseTemplateBehavior [ RunTime:0.001905s ]
INFO: [ view_parse ] --END-- [ RunTime:-0.000734s ]
INFO: [ view_filter ] --START--
INFO: Run Behavior\WriteHtmlCacheBehavior [ RunTime:0.000008s ]
INFO: [ view_filter ] --END-- [ RunTime:-0.002493s ]
INFO: [ app_end ] --START--
INFO: Run Behavior\ShowPageTraceBehavior [ RunTime:0.000606s ]
INFO: [ app_end ] --END-- [ RunTime:0.000674s ]

[ 2015-04-09T18:01:43+08:00 ] ::1 /zmjh/index.php/Home/Index/category/_extend/addons/_addons/IPlistener/_controller/IPlistener/_action/updateIp.html
INFO: [ app_init ] --START--
INFO: Run Behavior\BuildLiteBehavior [ RunTime:0.000016s ]
INFO: Run Common\Behavior\InitHookBehavior [ RunTime:0.001228s ]
INFO: [ app_init ] --END-- [ RunTime:0.001618s ]
INFO: [ app_begin ] --START--
INFO: Run Behavior\ReadHtmlCacheBehavior [ RunTime:0.000434s ]
INFO: [ app_begin ] --END-- [ RunTime:0.000494s ]
INFO: [ app_exec_start ] --START--
NOTIC: [8192] mysql_connect(): The mysql extension is deprecated and will be removed in the future: use mysqli or PDO instead /Users/tiptimes/Desktop/www/zmjh/ThinkPHP/Library/Think/Db/Driver/Mysql.class.php 第 52 行.
SQL: SHOW COLUMNS FROM `jdi_addons` [ RunTime:0.001620s ]
SQL: SELECT * FROM `jdi_addons` WHERE `name` = 'IPlistener' LIMIT 1   [ RunTime:0.000183s ]
SQL: SHOW COLUMNS FROM `jdi_iplistener` [ RunTime:0.001632s ]
SQL: INSERT INTO `jdi_iplistener` (`ip`,`visit_time`,`visit_url`,`city`,`isp`) VALUES ('::1',1428573703,'http://localhost/zmjh/index.php/Home/Index/category/cate/shixixinxi/p/1.html','未知','未知') [ RunTime:0.000113s ]

[ 2015-04-09T18:01:45+08:00 ] ::1 /zmjh/index.php/Home/Index/content/cate/shixixinxi/id/1.htmll
INFO: [ app_init ] --START--
INFO: Run Behavior\BuildLiteBehavior [ RunTime:0.000014s ]
INFO: Run Common\Behavior\InitHookBehavior [ RunTime:0.001155s ]
INFO: [ app_init ] --END-- [ RunTime:0.001492s ]
INFO: [ app_begin ] --START--
INFO: Run Behavior\ReadHtmlCacheBehavior [ RunTime:0.000399s ]
INFO: [ app_begin ] --END-- [ RunTime:0.000454s ]
INFO: [ app_exec_start ] --START--
INFO: Run Common\Behavior\ExtendBehavior [ RunTime:0.000308s ]
INFO: [ app_exec_start ] --END-- [ RunTime:0.000357s ]
NOTIC: [8192] mysql_connect(): The mysql extension is deprecated and will be removed in the future: use mysqli or PDO instead /Users/tiptimes/Desktop/www/zmjh/ThinkPHP/Library/Think/Db/Driver/Mysql.class.php 第 52 行.
SQL: SHOW COLUMNS FROM `jdi_model` [ RunTime:0.001783s ]
SQL: SELECT `name` FROM `jdi_model` WHERE `id` = 58 LIMIT 1   [ RunTime:0.000125s ]
SQL: SHOW COLUMNS FROM `jdi_recruitment` [ RunTime:0.005288s ]
SQL: SELECT * FROM `jdi_recruitment` WHERE `status` = 1 AND `category_id` = 1 AND `create_time` < 1428573705 AND ( deadline <= 0 OR deadline > 1428573705 ) AND `id` = 1 LIMIT 1   [ RunTime:0.000156s ]
SQL: UPDATE `jdi_recruitment` SET `view`=view+1 WHERE `status` = 1 AND `category_id` = 1 AND `create_time` < 1428573705 AND ( deadline <= 0 OR deadline > 1428573705 ) AND `id` = 1 [ RunTime:0.000133s ]
NOTIC: [8] Undefined index: cover /Users/tiptimes/Desktop/www/zmjh/Application/Common/Common/function.php 第 1609 行.
NOTIC: [8] Undefined index: auto_image /Users/tiptimes/Desktop/www/zmjh/Application/Common/Common/function.php 第 1611 行.
INFO: [ view_parse ] --START--
INFO: [ template_filter ] --START--
INFO: Run Behavior\ContentReplaceBehavior [ RunTime:0.000110s ]
INFO: [ template_filter ] --END-- [ RunTime:0.000186s ]
NOTIC: [8] Undefined variable: index_style /Users/tiptimes/Desktop/www/zmjh/Runtime/Cache/Home/949c268ee4285e5223f913c11fcb640f.php 第 71 行.
SQL: SHOW COLUMNS FROM `jdi_node` [ RunTime:0.001506s ]
SQL: SELECT * FROM `jdi_node` WHERE `status` = 1 AND `type` IN ('1','2','3') AND `pid` = 0 AND `index_show` = 1 ORDER BY sort  [ RunTime:0.000213s ]
SQL: SELECT COUNT(*) AS tp_count FROM `jdi_node` WHERE `pid` = 1 AND `status` = 1 AND `type` IN ('1','2','3') AND `index_show` = 1 LIMIT 1   [ RunTime:0.000123s ]
SQL: SELECT COUNT(*) AS tp_count FROM `jdi_node` WHERE `pid` = 2 AND `status` = 1 AND `type` IN ('1','2','3') AND `index_show` = 1 LIMIT 1   [ RunTime:0.000101s ]
SQL: SELECT COUNT(*) AS tp_count FROM `jdi_node` WHERE `pid` = 3 AND `status` = 1 AND `type` IN ('1','2','3') AND `index_show` = 1 LIMIT 1   [ RunTime:0.000099s ]
SQL: SELECT COUNT(*) AS tp_count FROM `jdi_node` WHERE `pid` = 4 AND `status` = 1 AND `type` IN ('1','2','3') AND `index_show` = 1 LIMIT 1   [ RunTime:0.000097s ]
NOTIC: [8] Use of undefined constant info - assumed 'info' /Users/tiptimes/Desktop/www/zmjh/Runtime/Cache/Home/949c268ee4285e5223f913c11fcb640f.php 第 125 行.
NOTIC: [8] Use of undefined constant title_color - assumed 'title_color' /Users/tiptimes/Desktop/www/zmjh/Runtime/Cache/Home/949c268ee4285e5223f913c11fcb640f.php 第 125 行.
NOTIC: [8] Undefined index: title_color /Users/tiptimes/Desktop/www/zmjh/Runtime/Cache/Home/949c268ee4285e5223f913c11fcb640f.php 第 127 行.
SQL: SHOW COLUMNS FROM `jdi_member` [ RunTime:0.001481s ]
SQL: SELECT * FROM `jdi_member` WHERE `id` = 1 LIMIT 1   [ RunTime:0.000146s ]
SQL: SHOW COLUMNS FROM `jdi_addons` [ RunTime:0.001273s ]
SQL: SELECT * FROM `jdi_addons` WHERE `name` = 'SocialShare' LIMIT 1   [ RunTime:0.000119s ]
NOTIC: [8] Undefined index: content /Users/tiptimes/Desktop/www/zmjh/Runtime/Cache/Home/949c268ee4285e5223f913c11fcb640f.php 第 140 行.
SQL: SELECT * FROM `jdi_addons` WHERE `name` = 'SocialButton' LIMIT 1   [ RunTime:0.000242s ]
SQL: SELECT `name` FROM `jdi_model` WHERE `id` = 58 LIMIT 1   [ RunTime:0.000138s ]
SQL: SELECT `id`,`title`,`uid`,`category_id`,`description`,`link`,`deadline`,`view`,`create_time`,`update_time`,`url`,`status`,`weight`,`position`,`salary`,`number`,`welfare`,`position_des` FROM `jdi_recruitment` WHERE `id` > '1' AND `category_id` = 1 AND `status` = 1 AND `create_time` < 1428573705 AND ( deadline <= 0 OR deadline > 1428573705 ) ORDER BY `id` asc LIMIT 1   [ RunTime:0.000134s ]
SQL: SELECT `name` FROM `jdi_model` WHERE `id` = 58 LIMIT 1   [ RunTime:0.000086s ]
SQL: SELECT `id`,`title`,`uid`,`category_id`,`description`,`link`,`deadline`,`view`,`create_time`,`update_time`,`url`,`status`,`weight`,`position`,`salary`,`number`,`welfare`,`position_des` FROM `jdi_recruitment` WHERE `id` < '1' AND `category_id` = 1 AND `status` = 1 AND `create_time` < 1428573705 AND ( deadline <= 0 OR deadline > 1428573705 ) ORDER BY `id` Desc LIMIT 1   [ RunTime:0.000116s ]
SQL: SELECT * FROM `jdi_node` WHERE `status` = 1 AND `type` IN ('1','2','3') AND `id` = 16 LIMIT 1   [ RunTime:0.000099s ]
NOTIC: [2] Illegal string offset 'url' /Users/tiptimes/Desktop/www/zmjh/Application/Common/Common/function.php 第 1774 行.
NOTIC: [8] Uninitialized string offset: 0 /Users/tiptimes/Desktop/www/zmjh/Application/Common/Common/function.php 第 1774 行.
SQL: SELECT * FROM `jdi_node` WHERE `status` = 1 AND `type` IN ('1','2','3') AND `id` = 17 LIMIT 1   [ RunTime:0.000092s ]
NOTIC: [2] Illegal string offset 'url' /Users/tiptimes/Desktop/www/zmjh/Application/Common/Common/function.php 第 1774 行.
NOTIC: [8] Uninitialized string offset: 0 /Users/tiptimes/Desktop/www/zmjh/Application/Common/Common/function.php 第 1774 行.
SQL: SELECT * FROM `jdi_addons` WHERE `name` = 'IPlistener' LIMIT 1   [ RunTime:0.000104s ]
SQL: SHOW COLUMNS FROM `jdi_iplistener` [ RunTime:0.001131s ]
SQL: SELECT COUNT(*) AS tp_count FROM `jdi_iplistener` WHERE `visit_time` > 1428487305 LIMIT 1   [ RunTime:0.000108s ]
SQL: SELECT COUNT(*) AS tp_count FROM `jdi_iplistener` WHERE `visit_time` > 1425981705 LIMIT 1   [ RunTime:0.000084s ]
SQL: SELECT COUNT(*) AS tp_count FROM `jdi_iplistener` LIMIT 1   [ RunTime:0.000061s ]
INFO: [ view_parse ] --START--
INFO: [ template_filter ] --START--
INFO: Run Behavior\ContentReplaceBehavior [ RunTime:0.000037s ]
INFO: [ template_filter ] --END-- [ RunTime:-0.041036s ]
INFO: Run Behavior\ParseTemplateBehavior [ RunTime:0.001439s ]
INFO: [ view_parse ] --END-- [ RunTime:0.001490s ]
INFO: [ view_filter ] --START--
INFO: Run Behavior\WriteHtmlCacheBehavior [ RunTime:0.000120s ]
INFO: [ view_filter ] --END-- [ RunTime:0.000164s ]
INFO: [ pageFooter ] --START--
SQL: SELECT `config` FROM `jdi_addons` WHERE `name` = 'IPlistener' AND `status` = 1 LIMIT 1   [ RunTime:0.000123s ]
INFO: [ view_parse ] --START--
INFO: [ template_filter ] --START--
INFO: Run Behavior\ContentReplaceBehavior [ RunTime:0.000038s ]
INFO: [ template_filter ] --END-- [ RunTime:-0.043433s ]
INFO: Run Behavior\ParseTemplateBehavior [ RunTime:0.001732s ]
INFO: [ view_parse ] --END-- [ RunTime:-0.000677s ]
INFO: [ view_filter ] --START--
INFO: Run Behavior\WriteHtmlCacheBehavior [ RunTime:0.000011s ]
INFO: [ view_filter ] --END-- [ RunTime:-0.002297s ]
INFO: Run Addons\IPlistener\IPlistenerAddon [ RunTime:0.002321s ]
INFO: [ pageFooter ] --END-- [ RunTime:0.002358s ]
INFO: Run Behavior\ParseTemplateBehavior [ RunTime:0.001934s ]
INFO: [ view_parse ] --END-- [ RunTime:-0.000677s ]
INFO: [ view_filter ] --START--
INFO: Run Behavior\WriteHtmlCacheBehavior [ RunTime:0.000009s ]
INFO: [ view_filter ] --END-- [ RunTime:-0.002489s ]
INFO: [ app_end ] --START--
INFO: Run Behavior\ShowPageTraceBehavior [ RunTime:0.000550s ]
INFO: [ app_end ] --END-- [ RunTime:0.000621s ]

[ 2015-04-09T18:01:46+08:00 ] ::1 /zmjh/index.php/Home/Index/content/_extend/addons/_addons/IPlistener/_controller/IPlistener/_action/updateIp.html
INFO: [ app_init ] --START--
INFO: Run Behavior\BuildLiteBehavior [ RunTime:0.000014s ]
INFO: Run Common\Behavior\InitHookBehavior [ RunTime:0.001081s ]
INFO: [ app_init ] --END-- [ RunTime:0.001418s ]
INFO: [ app_begin ] --START--
INFO: Run Behavior\ReadHtmlCacheBehavior [ RunTime:0.000527s ]
INFO: [ app_begin ] --END-- [ RunTime:0.000598s ]
INFO: [ app_exec_start ] --START--
NOTIC: [8192] mysql_connect(): The mysql extension is deprecated and will be removed in the future: use mysqli or PDO instead /Users/tiptimes/Desktop/www/zmjh/ThinkPHP/Library/Think/Db/Driver/Mysql.class.php 第 52 行.
SQL: SHOW COLUMNS FROM `jdi_addons` [ RunTime:0.001919s ]
SQL: SELECT * FROM `jdi_addons` WHERE `name` = 'IPlistener' LIMIT 1   [ RunTime:0.000186s ]
SQL: SHOW COLUMNS FROM `jdi_iplistener` [ RunTime:0.001435s ]
SQL: INSERT INTO `jdi_iplistener` (`ip`,`visit_time`,`visit_url`,`city`,`isp`) VALUES ('::1',1428573705,'http://localhost/zmjh/index.php/Home/Index/content/cate/shixixinxi/id/1.htmll','未知','未知') [ RunTime:0.000109s ]

[ 2015-04-09T18:01:48+08:00 ] ::1 /zmjh/index.php/Home/Index/index.html
INFO: [ app_init ] --START--
INFO: Run Behavior\BuildLiteBehavior [ RunTime:0.000013s ]
INFO: Run Common\Behavior\InitHookBehavior [ RunTime:0.001071s ]
INFO: [ app_init ] --END-- [ RunTime:0.001398s ]
INFO: [ app_begin ] --START--
INFO: Run Behavior\ReadHtmlCacheBehavior [ RunTime:0.000571s ]
INFO: [ app_begin ] --END-- [ RunTime:0.000636s ]
INFO: [ app_exec_start ] --START--
INFO: Run Common\Behavior\ExtendBehavior [ RunTime:0.000333s ]
INFO: [ app_exec_start ] --END-- [ RunTime:0.000393s ]
INFO: [ view_parse ] --START--
INFO: [ template_filter ] --START--
INFO: Run Behavior\ContentReplaceBehavior [ RunTime:0.000109s ]
INFO: [ template_filter ] --END-- [ RunTime:0.000170s ]
NOTIC: [8] Undefined variable: rootNav /Users/tiptimes/Desktop/www/zmjh/Runtime/Cache/Home/c50d1b4cd417a3f9d3d63abb8c3e1fab.php 第 74 行.
NOTIC: [8192] mysql_connect(): The mysql extension is deprecated and will be removed in the future: use mysqli or PDO instead /Users/tiptimes/Desktop/www/zmjh/ThinkPHP/Library/Think/Db/Driver/Mysql.class.php 第 52 行.
SQL: SHOW COLUMNS FROM `jdi_node` [ RunTime:0.001453s ]
SQL: SELECT * FROM `jdi_node` WHERE `status` = 1 AND `type` IN ('1','2','3') AND `pid` = 0 AND `index_show` = 1 ORDER BY sort  [ RunTime:0.000174s ]
SQL: SELECT COUNT(*) AS tp_count FROM `jdi_node` WHERE `pid` = 1 AND `status` = 1 AND `type` IN ('1','2','3') AND `index_show` = 1 LIMIT 1   [ RunTime:0.000116s ]
SQL: SELECT COUNT(*) AS tp_count FROM `jdi_node` WHERE `pid` = 2 AND `status` = 1 AND `type` IN ('1','2','3') AND `index_show` = 1 LIMIT 1   [ RunTime:0.000101s ]
SQL: SELECT COUNT(*) AS tp_count FROM `jdi_node` WHERE `pid` = 3 AND `status` = 1 AND `type` IN ('1','2','3') AND `index_show` = 1 LIMIT 1   [ RunTime:0.000357s ]
SQL: SELECT COUNT(*) AS tp_count FROM `jdi_node` WHERE `pid` = 4 AND `status` = 1 AND `type` IN ('1','2','3') AND `index_show` = 1 LIMIT 1   [ RunTime:0.000119s ]
SQL: SHOW COLUMNS FROM `jdi_link` [ RunTime:0.004953s ]
SQL: SELECT * FROM `jdi_link` WHERE `status` = 1 AND `group` = 'p-1' ORDER BY sort asc,id asc  [ RunTime:0.000108s ]
NOTIC: [2] array_slice() expects parameter 1 to be array, string given /Users/tiptimes/Desktop/www/zmjh/Application/Common/Common/function.php 第 1819 行.
SQL: SHOW COLUMNS FROM `jdi_model` [ RunTime:0.001520s ]
SQL: SELECT `name` FROM `jdi_model` WHERE `id` = 20 LIMIT 1   [ RunTime:0.000112s ]
SQL: SHOW COLUMNS FROM `jdi_article` [ RunTime:0.001576s ]
SQL: SELECT `id`,`title`,`uid`,`category_id`,`description`,`link`,`deadline`,`view`,`create_time`,`update_time`,`url`,`status`,`title_color`,`list_color`,`content`,`is_up`,`position`,`cover`,`extend`,`weight`,`keyword`,`auto_image` FROM `jdi_article` WHERE `status` = 1 AND `category_id` = 3 AND `create_time` < 1428573708 AND ( deadline <= 0 OR deadline > 1428573708 ) ORDER BY `weight` DESC, `update_time` DESC LIMIT 0,6   [ RunTime:0.000140s ]
SQL: SELECT * FROM `jdi_node` WHERE `status` = 1 AND `type` IN ('1','2','3') AND `id` = 14 LIMIT 1   [ RunTime:0.000118s ]
SQL: SELECT * FROM `jdi_node` WHERE `status` = 1 AND `type` IN ('1','2','3') AND `id` = 14 LIMIT 1   [ RunTime:0.000096s ]
NOTIC: [2] Illegal string offset 'model_id' /Users/tiptimes/Desktop/www/zmjh/Application/Common/Api/DocumentApi.class.php 第 67 行.
NOTIC: [8] Uninitialized string offset: 0 /Users/tiptimes/Desktop/www/zmjh/Application/Common/Api/DocumentApi.class.php 第 67 行.
SQL: SELECT * FROM `jdi_node` WHERE `status` = 1 AND `type` IN ('1','2','3') AND `id` = 12 LIMIT 1   [ RunTime:0.000093s ]
NOTIC: [2] Illegal string offset 'url' /Users/tiptimes/Desktop/www/zmjh/Application/Common/Common/function.php 第 1774 行.
NOTIC: [8] Uninitialized string offset: 0 /Users/tiptimes/Desktop/www/zmjh/Application/Common/Common/function.php 第 1774 行.
SQL: SELECT * FROM `jdi_node` WHERE `status` = 1 AND `type` IN ('1','2','3') AND `id` = 12 LIMIT 1   [ RunTime:0.000092s ]
NOTIC: [2] Illegal string offset 'name' /Users/tiptimes/Desktop/www/zmjh/Application/Common/Common/function.php 第 1774 行.
NOTIC: [8] Uninitialized string offset: 0 /Users/tiptimes/Desktop/www/zmjh/Application/Common/Common/function.php 第 1774 行.
SQL: SELECT * FROM `jdi_node` WHERE `status` = 1 AND `type` IN ('1','2','3') AND `id` = 12 LIMIT 1   [ RunTime:0.000111s ]
SQL: SELECT * FROM `jdi_node` WHERE `status` = 1 AND `type` IN ('1','2','3') AND `id` = 12 LIMIT 1   [ RunTime:0.000094s ]
NOTIC: [2] Illegal string offset 'model_id' /Users/tiptimes/Desktop/www/zmjh/Application/Common/Api/DocumentApi.class.php 第 67 行.
NOTIC: [8] Uninitialized string offset: 0 /Users/tiptimes/Desktop/www/zmjh/Application/Common/Api/DocumentApi.class.php 第 67 行.
SQL: SELECT * FROM `jdi_node` WHERE `status` = 1 AND `type` IN ('1','2','3') AND `id` = 16 LIMIT 1   [ RunTime:0.000095s ]
NOTIC: [2] Illegal string offset 'url' /Users/tiptimes/Desktop/www/zmjh/Application/Common/Common/function.php 第 1774 行.
NOTIC: [8] Uninitialized string offset: 0 /Users/tiptimes/Desktop/www/zmjh/Application/Common/Common/function.php 第 1774 行.
SQL: SELECT * FROM `jdi_node` WHERE `status` = 1 AND `type` IN ('1','2','3') AND `id` = 17 LIMIT 1   [ RunTime:0.000134s ]
NOTIC: [2] Illegal string offset 'url' /Users/tiptimes/Desktop/www/zmjh/Application/Common/Common/function.php 第 1774 行.
NOTIC: [8] Uninitialized string offset: 0 /Users/tiptimes/Desktop/www/zmjh/Application/Common/Common/function.php 第 1774 行.
SQL: SHOW COLUMNS FROM `jdi_addons` [ RunTime:0.001284s ]
SQL: SELECT * FROM `jdi_addons` WHERE `name` = 'IPlistener' LIMIT 1   [ RunTime:0.000110s ]
SQL: SHOW COLUMNS FROM `jdi_iplistener` [ RunTime:0.001070s ]
SQL: SELECT COUNT(*) AS tp_count FROM `jdi_iplistener` WHERE `visit_time` > 1428487308 LIMIT 1   [ RunTime:0.000105s ]
SQL: SELECT COUNT(*) AS tp_count FROM `jdi_iplistener` WHERE `visit_time` > 1425981708 LIMIT 1   [ RunTime:0.000125s ]
SQL: SELECT COUNT(*) AS tp_count FROM `jdi_iplistener` LIMIT 1   [ RunTime:0.000061s ]
INFO: [ view_parse ] --START--
INFO: [ template_filter ] --START--
INFO: Run Behavior\ContentReplaceBehavior [ RunTime:0.000035s ]
INFO: [ template_filter ] --END-- [ RunTime:-0.034628s ]
INFO: Run Behavior\ParseTemplateBehavior [ RunTime:0.001336s ]
INFO: [ view_parse ] --END-- [ RunTime:0.001387s ]
INFO: [ view_filter ] --START--
INFO: Run Behavior\WriteHtmlCacheBehavior [ RunTime:0.000113s ]
INFO: [ view_filter ] --END-- [ RunTime:0.000156s ]
INFO: [ pageFooter ] --START--
SQL: SELECT `config` FROM `jdi_addons` WHERE `name` = 'IPlistener' AND `status` = 1 LIMIT 1   [ RunTime:0.000105s ]
INFO: [ view_parse ] --START--
INFO: [ template_filter ] --START--
INFO: Run Behavior\ContentReplaceBehavior [ RunTime:0.000036s ]
INFO: [ template_filter ] --END-- [ RunTime:-0.036869s ]
INFO: Run Behavior\ParseTemplateBehavior [ RunTime:0.001646s ]
INFO: [ view_parse ] --END-- [ RunTime:-0.000635s ]
INFO: [ view_filter ] --START--
INFO: Run Behavior\WriteHtmlCacheBehavior [ RunTime:0.000011s ]
INFO: [ view_filter ] --END-- [ RunTime:-0.002169s ]
INFO: Run Addons\IPlistener\IPlistenerAddon [ RunTime:0.002168s ]
INFO: [ pageFooter ] --END-- [ RunTime:0.002208s ]
INFO: Run Behavior\ParseTemplateBehavior [ RunTime:0.001820s ]
INFO: [ view_parse ] --END-- [ RunTime:-0.000635s ]
INFO: [ view_filter ] --START--
INFO: Run Behavior\WriteHtmlCacheBehavior [ RunTime:0.000009s ]
INFO: [ view_filter ] --END-- [ RunTime:-0.002334s ]
INFO: [ app_end ] --START--
INFO: Run Behavior\ShowPageTraceBehavior [ RunTime:0.000544s ]
INFO: [ app_end ] --END-- [ RunTime:0.000616s ]

[ 2015-04-09T18:01:48+08:00 ] ::1 /zmjh/index.php/Home/Index/index/_extend/addons/_addons/IPlistener/_controller/IPlistener/_action/updateIp.html
INFO: [ app_init ] --START--
INFO: Run Behavior\BuildLiteBehavior [ RunTime:0.000016s ]
INFO: Run Common\Behavior\InitHookBehavior [ RunTime:0.001133s ]
INFO: [ app_init ] --END-- [ RunTime:0.001509s ]
INFO: [ app_begin ] --START--
INFO: Run Behavior\ReadHtmlCacheBehavior [ RunTime:0.000412s ]
INFO: [ app_begin ] --END-- [ RunTime:0.000466s ]
INFO: [ app_exec_start ] --START--
NOTIC: [8192] mysql_connect(): The mysql extension is deprecated and will be removed in the future: use mysqli or PDO instead /Users/tiptimes/Desktop/www/zmjh/ThinkPHP/Library/Think/Db/Driver/Mysql.class.php 第 52 行.
SQL: SHOW COLUMNS FROM `jdi_addons` [ RunTime:0.001681s ]
SQL: SELECT * FROM `jdi_addons` WHERE `name` = 'IPlistener' LIMIT 1   [ RunTime:0.000149s ]
SQL: SHOW COLUMNS FROM `jdi_iplistener` [ RunTime:0.001594s ]
SQL: INSERT INTO `jdi_iplistener` (`ip`,`visit_time`,`visit_url`,`city`,`isp`) VALUES ('::1',1428573708,'http://localhost/zmjh/index.php/Home/Index/index.html','未知','未知') [ RunTime:0.000112s ]

[ 2015-04-09T18:01:50+08:00 ] ::1 /zmjh/index.php/Home/Index/category/cate/shixixinxi/p/1.html
INFO: [ app_init ] --START--
INFO: Run Behavior\BuildLiteBehavior [ RunTime:0.000013s ]
INFO: Run Common\Behavior\InitHookBehavior [ RunTime:0.001054s ]
INFO: [ app_init ] --END-- [ RunTime:0.001382s ]
INFO: [ app_begin ] --START--
INFO: Run Behavior\ReadHtmlCacheBehavior [ RunTime:0.000449s ]
INFO: [ app_begin ] --END-- [ RunTime:0.000506s ]
INFO: [ app_exec_start ] --START--
INFO: Run Common\Behavior\ExtendBehavior [ RunTime:0.000309s ]
INFO: [ app_exec_start ] --END-- [ RunTime:0.000360s ]
NOTIC: [8192] mysql_connect(): The mysql extension is deprecated and will be removed in the future: use mysqli or PDO instead /Users/tiptimes/Desktop/www/zmjh/ThinkPHP/Library/Think/Db/Driver/Mysql.class.php 第 52 行.
SQL: SHOW COLUMNS FROM `jdi_model` [ RunTime:0.001882s ]
SQL: SELECT `name` FROM `jdi_model` WHERE `id` = 58 LIMIT 1   [ RunTime:0.000133s ]
SQL: SHOW COLUMNS FROM `jdi_recruitment` [ RunTime:0.002320s ]
SQL: SELECT `id`,`title`,`uid`,`category_id`,`description`,`link`,`deadline`,`view`,`create_time`,`update_time`,`url`,`status`,`weight`,`position`,`salary`,`number`,`welfare`,`position_des` FROM `jdi_recruitment` WHERE `status` = 1 AND `category_id` = 1 AND `create_time` < 1428573710 AND ( deadline <= 0 OR deadline > 1428573710 ) ORDER BY `weight` DESC, `update_time` DESC LIMIT 0,10   [ RunTime:0.000145s ]
NOTIC: [8] Undefined index: cover /Users/tiptimes/Desktop/www/zmjh/Application/Common/Common/function.php 第 1560 行.
NOTIC: [8] Undefined index: auto_image /Users/tiptimes/Desktop/www/zmjh/Application/Common/Common/function.php 第 1562 行.
SQL: SELECT `name` FROM `jdi_model` WHERE `id` = 58 LIMIT 1   [ RunTime:0.000095s ]
SQL: SELECT COUNT(id) AS tp_count FROM `jdi_recruitment` WHERE `status` = 1 AND `category_id` = 1 AND `create_time` < 1428573710 AND ( deadline <= 0 OR deadline > 1428573710 ) LIMIT 1   [ RunTime:0.000147s ]
INFO: [ view_parse ] --START--
INFO: [ template_filter ] --START--
INFO: Run Behavior\ContentReplaceBehavior [ RunTime:0.000095s ]
INFO: [ template_filter ] --END-- [ RunTime:0.000156s ]
NOTIC: [8] Undefined variable: index_style /Users/tiptimes/Desktop/www/zmjh/Runtime/Cache/Home/394ca46ada227a535bea67931415f56a.php 第 71 行.
SQL: SHOW COLUMNS FROM `jdi_node` [ RunTime:0.001580s ]
SQL: SELECT * FROM `jdi_node` WHERE `status` = 1 AND `type` IN ('1','2','3') AND `pid` = 0 AND `index_show` = 1 ORDER BY sort  [ RunTime:0.000186s ]
SQL: SELECT COUNT(*) AS tp_count FROM `jdi_node` WHERE `pid` = 1 AND `status` = 1 AND `type` IN ('1','2','3') AND `index_show` = 1 LIMIT 1   [ RunTime:0.000123s ]
SQL: SELECT COUNT(*) AS tp_count FROM `jdi_node` WHERE `pid` = 2 AND `status` = 1 AND `type` IN ('1','2','3') AND `index_show` = 1 LIMIT 1   [ RunTime:0.000106s ]
SQL: SELECT COUNT(*) AS tp_count FROM `jdi_node` WHERE `pid` = 3 AND `status` = 1 AND `type` IN ('1','2','3') AND `index_show` = 1 LIMIT 1   [ RunTime:0.000133s ]
SQL: SELECT COUNT(*) AS tp_count FROM `jdi_node` WHERE `pid` = 4 AND `status` = 1 AND `type` IN ('1','2','3') AND `index_show` = 1 LIMIT 1   [ RunTime:0.000102s ]
SQL: SELECT * FROM `jdi_node` WHERE `status` = 1 AND `type` IN ('1','2','3') AND `id` = 16 LIMIT 1   [ RunTime:0.000102s ]
NOTIC: [2] Illegal string offset 'url' /Users/tiptimes/Desktop/www/zmjh/Application/Common/Common/function.php 第 1774 行.
NOTIC: [8] Uninitialized string offset: 0 /Users/tiptimes/Desktop/www/zmjh/Application/Common/Common/function.php 第 1774 行.
SQL: SELECT * FROM `jdi_node` WHERE `status` = 1 AND `type` IN ('1','2','3') AND `id` = 17 LIMIT 1   [ RunTime:0.000095s ]
NOTIC: [2] Illegal string offset 'url' /Users/tiptimes/Desktop/www/zmjh/Application/Common/Common/function.php 第 1774 行.
NOTIC: [8] Uninitialized string offset: 0 /Users/tiptimes/Desktop/www/zmjh/Application/Common/Common/function.php 第 1774 行.
SQL: SHOW COLUMNS FROM `jdi_addons` [ RunTime:0.002606s ]
SQL: SELECT * FROM `jdi_addons` WHERE `name` = 'IPlistener' LIMIT 1   [ RunTime:0.000115s ]
SQL: SHOW COLUMNS FROM `jdi_iplistener` [ RunTime:0.001098s ]
SQL: SELECT COUNT(*) AS tp_count FROM `jdi_iplistener` WHERE `visit_time` > 1428487310 LIMIT 1   [ RunTime:0.000164s ]
SQL: SELECT COUNT(*) AS tp_count FROM `jdi_iplistener` WHERE `visit_time` > 1425981710 LIMIT 1   [ RunTime:0.000117s ]
SQL: SELECT COUNT(*) AS tp_count FROM `jdi_iplistener` LIMIT 1   [ RunTime:0.000066s ]
INFO: [ view_parse ] --START--
INFO: [ template_filter ] --START--
INFO: Run Behavior\ContentReplaceBehavior [ RunTime:0.000038s ]
INFO: [ template_filter ] --END-- [ RunTime:-0.015407s ]
INFO: Run Behavior\ParseTemplateBehavior [ RunTime:0.001493s ]
INFO: [ view_parse ] --END-- [ RunTime:0.001567s ]
INFO: [ view_filter ] --START--
INFO: Run Behavior\WriteHtmlCacheBehavior [ RunTime:0.000149s ]
INFO: [ view_filter ] --END-- [ RunTime:0.000218s ]
INFO: [ pageFooter ] --START--
SQL: SELECT `config` FROM `jdi_addons` WHERE `name` = 'IPlistener' AND `status` = 1 LIMIT 1   [ RunTime:0.000147s ]
INFO: [ view_parse ] --START--
INFO: [ template_filter ] --START--
INFO: Run Behavior\ContentReplaceBehavior [ RunTime:0.000038s ]
INFO: [ template_filter ] --END-- [ RunTime:-0.018069s ]
INFO: Run Behavior\ParseTemplateBehavior [ RunTime:0.001795s ]
INFO: [ view_parse ] --END-- [ RunTime:-0.000816s ]
INFO: [ view_filter ] --START--
INFO: Run Behavior\WriteHtmlCacheBehavior [ RunTime:0.000011s ]
INFO: [ view_filter ] --END-- [ RunTime:-0.002422s ]
INFO: Run Addons\IPlistener\IPlistenerAddon [ RunTime:0.002407s ]
INFO: [ pageFooter ] --END-- [ RunTime:0.002443s ]
INFO: Run Behavior\ParseTemplateBehavior [ RunTime:0.001970s ]
INFO: [ view_parse ] --END-- [ RunTime:-0.000816s ]
INFO: [ view_filter ] --START--
INFO: Run Behavior\WriteHtmlCacheBehavior [ RunTime:0.000009s ]
INFO: [ view_filter ] --END-- [ RunTime:-0.002591s ]
INFO: [ app_end ] --START--
INFO: Run Behavior\ShowPageTraceBehavior [ RunTime:0.000571s ]
INFO: [ app_end ] --END-- [ RunTime:0.000635s ]

