[ 2015-04-11T11:01:53+08:00 ] ::1 /zmjh/index.php/
INFO: [ app_init ] --START--
INFO: Run Behavior\BuildLiteBehavior [ RunTime:0.000013s ]
INFO: Run Common\Behavior\InitHookBehavior [ RunTime:0.001142s ]
INFO: [ app_init ] --END-- [ RunTime:0.001495s ]
INFO: [ app_begin ] --START--
INFO: Run Behavior\ReadHtmlCacheBehavior [ RunTime:0.000684s ]
INFO: [ app_begin ] --END-- [ RunTime:0.000759s ]
INFO: [ app_exec_start ] --START--
INFO: Run Common\Behavior\ExtendBehavior [ RunTime:0.000341s ]
INFO: [ app_exec_start ] --END-- [ RunTime:0.000392s ]
INFO: [ view_parse ] --START--
INFO: [ template_filter ] --START--
INFO: Run Behavior\ContentReplaceBehavior [ RunTime:0.000115s ]
INFO: [ template_filter ] --END-- [ RunTime:0.000180s ]

[ 2015-04-11T11:27:36+08:00 ] ::1 /zmjh/index.php/
INFO: [ app_init ] --START--
INFO: Run Behavior\BuildLiteBehavior [ RunTime:0.000014s ]
INFO: Run Common\Behavior\InitHookBehavior [ RunTime:0.001140s ]
INFO: [ app_init ] --END-- [ RunTime:0.001484s ]
INFO: [ app_begin ] --START--
INFO: Run Behavior\ReadHtmlCacheBehavior [ RunTime:0.000400s ]
INFO: [ app_begin ] --END-- [ RunTime:0.000453s ]
INFO: [ app_exec_start ] --START--
INFO: Run Common\Behavior\ExtendBehavior [ RunTime:0.000318s ]
INFO: [ app_exec_start ] --END-- [ RunTime:0.000366s ]
INFO: [ view_parse ] --START--
INFO: [ template_filter ] --START--
INFO: Run Behavior\ContentReplaceBehavior [ RunTime:0.000108s ]
INFO: [ template_filter ] --END-- [ RunTime:0.000172s ]

[ 2015-04-11T11:28:19+08:00 ] ::1 /zmjh/index.php/
INFO: [ app_init ] --START--
INFO: Run Behavior\BuildLiteBehavior [ RunTime:0.000013s ]
INFO: Run Common\Behavior\InitHookBehavior [ RunTime:0.001105s ]
INFO: [ app_init ] --END-- [ RunTime:0.001440s ]
INFO: [ app_begin ] --START--
INFO: Run Behavior\ReadHtmlCacheBehavior [ RunTime:0.000410s ]
INFO: [ app_begin ] --END-- [ RunTime:0.000464s ]
INFO: [ app_exec_start ] --START--
INFO: Run Common\Behavior\ExtendBehavior [ RunTime:0.000334s ]
INFO: [ app_exec_start ] --END-- [ RunTime:0.000383s ]

[ 2015-04-11T11:28:41+08:00 ] ::1 /zmjh/index.php/
INFO: [ app_init ] --START--
INFO: Run Behavior\BuildLiteBehavior [ RunTime:0.000013s ]
INFO: Run Common\Behavior\InitHookBehavior [ RunTime:0.001205s ]
INFO: [ app_init ] --END-- [ RunTime:0.001552s ]
INFO: [ app_begin ] --START--
INFO: Run Behavior\ReadHtmlCacheBehavior [ RunTime:0.000394s ]
INFO: [ app_begin ] --END-- [ RunTime:0.000447s ]
INFO: [ app_exec_start ] --START--
INFO: Run Common\Behavior\ExtendBehavior [ RunTime:0.000314s ]
INFO: [ app_exec_start ] --END-- [ RunTime:0.000363s ]
INFO: [ view_parse ] --START--
INFO: [ template_filter ] --START--
INFO: Run Behavior\ContentReplaceBehavior [ RunTime:0.000113s ]
INFO: [ template_filter ] --END-- [ RunTime:0.000181s ]
NOTIC: [8] Undefined variable: rootNav /Users/tiptimes/Desktop/www/zmjh/Runtime/Cache/Home/c50d1b4cd417a3f9d3d63abb8c3e1fab.php 第 74 行.
NOTIC: [8192] mysql_connect(): The mysql extension is deprecated and will be removed in the future: use mysqli or PDO instead /Users/tiptimes/Desktop/www/zmjh/ThinkPHP/Library/Think/Db/Driver/Mysql.class.php 第 52 行.
SQL: SHOW COLUMNS FROM `jdi_node` [ RunTime:0.001771s ]
SQL: SELECT * FROM `jdi_node` WHERE `status` = 1 AND `type` IN ('1','2','3') AND `pid` = 0 AND `index_show` = 1 ORDER BY sort  [ RunTime:0.000185s ]
SQL: SELECT COUNT(*) AS tp_count FROM `jdi_node` WHERE `pid` = 1 AND `status` = 1 AND `type` IN ('1','2','3') AND `index_show` = 1 LIMIT 1   [ RunTime:0.000187s ]
SQL: SELECT COUNT(*) AS tp_count FROM `jdi_node` WHERE `pid` = 2 AND `status` = 1 AND `type` IN ('1','2','3') AND `index_show` = 1 LIMIT 1   [ RunTime:0.000103s ]
SQL: SELECT COUNT(*) AS tp_count FROM `jdi_node` WHERE `pid` = 3 AND `status` = 1 AND `type` IN ('1','2','3') AND `index_show` = 1 LIMIT 1   [ RunTime:0.000102s ]
SQL: SELECT COUNT(*) AS tp_count FROM `jdi_node` WHERE `pid` = 4 AND `status` = 1 AND `type` IN ('1','2','3') AND `index_show` = 1 LIMIT 1   [ RunTime:0.000098s ]
SQL: SHOW COLUMNS FROM `jdi_link` [ RunTime:0.001357s ]
SQL: SELECT * FROM `jdi_link` WHERE `status` = 1 AND `group` = 'p-1' ORDER BY sort asc,id asc  [ RunTime:0.000101s ]
NOTIC: [2] array_slice() expects parameter 1 to be array, string given /Users/tiptimes/Desktop/www/zmjh/Application/Common/Common/cms.php 第 299 行.
SQL: SHOW COLUMNS FROM `jdi_model` [ RunTime:0.001600s ]
SQL: SELECT `name` FROM `jdi_model` WHERE `id` = 20 LIMIT 1   [ RunTime:0.000116s ]
SQL: SHOW COLUMNS FROM `jdi_article` [ RunTime:0.001612s ]
SQL: SELECT `id`,`title`,`uid`,`category_id`,`description`,`link`,`deadline`,`view`,`create_time`,`update_time`,`url`,`status`,`title_color`,`list_color`,`content`,`is_up`,`position`,`cover`,`extend`,`weight`,`keyword`,`auto_image` FROM `jdi_article` WHERE `status` = 1 AND `category_id` = 3 AND `create_time` < 1428722920 AND ( deadline <= 0 OR deadline > 1428722920 ) ORDER BY `weight` DESC, `update_time` DESC LIMIT 0,6   [ RunTime:0.000133s ]
SQL: SELECT * FROM `jdi_node` WHERE `status` = 1 AND `type` IN ('1','2','3') AND `id` = 14 LIMIT 1   [ RunTime:0.000108s ]
SQL: SELECT * FROM `jdi_node` WHERE `status` = 1 AND `type` IN ('1','2','3') AND `id` = 14 LIMIT 1   [ RunTime:0.000093s ]
NOTIC: [2] Illegal string offset 'model_id' /Users/tiptimes/Desktop/www/zmjh/Application/Common/Api/DocumentApi.class.php 第 67 行.
NOTIC: [8] Uninitialized string offset: 0 /Users/tiptimes/Desktop/www/zmjh/Application/Common/Api/DocumentApi.class.php 第 67 行.
SQL: SELECT * FROM `jdi_node` WHERE `status` = 1 AND `type` IN ('1','2','3') AND `id` = 12 LIMIT 1   [ RunTime:0.000092s ]
NOTIC: [2] Illegal string offset 'url' /Users/tiptimes/Desktop/www/zmjh/Application/Common/Common/cms.php 第 254 行.
NOTIC: [8] Uninitialized string offset: 0 /Users/tiptimes/Desktop/www/zmjh/Application/Common/Common/cms.php 第 254 行.
SQL: SELECT * FROM `jdi_node` WHERE `status` = 1 AND `type` IN ('1','2','3') AND `id` = 12 LIMIT 1   [ RunTime:0.000091s ]
NOTIC: [2] Illegal string offset 'name' /Users/tiptimes/Desktop/www/zmjh/Application/Common/Common/cms.php 第 254 行.
NOTIC: [8] Uninitialized string offset: 0 /Users/tiptimes/Desktop/www/zmjh/Application/Common/Common/cms.php 第 254 行.
SQL: SELECT * FROM `jdi_node` WHERE `status` = 1 AND `type` IN ('1','2','3') AND `id` = 12 LIMIT 1   [ RunTime:0.000133s ]
SQL: SELECT * FROM `jdi_node` WHERE `status` = 1 AND `type` IN ('1','2','3') AND `id` = 12 LIMIT 1   [ RunTime:0.000180s ]
NOTIC: [2] Illegal string offset 'model_id' /Users/tiptimes/Desktop/www/zmjh/Application/Common/Api/DocumentApi.class.php 第 67 行.
NOTIC: [8] Uninitialized string offset: 0 /Users/tiptimes/Desktop/www/zmjh/Application/Common/Api/DocumentApi.class.php 第 67 行.
SQL: SELECT * FROM `jdi_node` WHERE `status` = 1 AND `type` IN ('1','2','3') AND `id` = 16 LIMIT 1   [ RunTime:0.000093s ]
NOTIC: [2] Illegal string offset 'url' /Users/tiptimes/Desktop/www/zmjh/Application/Common/Common/cms.php 第 254 行.
NOTIC: [8] Uninitialized string offset: 0 /Users/tiptimes/Desktop/www/zmjh/Application/Common/Common/cms.php 第 254 行.
SQL: SELECT * FROM `jdi_node` WHERE `status` = 1 AND `type` IN ('1','2','3') AND `id` = 17 LIMIT 1   [ RunTime:0.000091s ]
NOTIC: [2] Illegal string offset 'url' /Users/tiptimes/Desktop/www/zmjh/Application/Common/Common/cms.php 第 254 行.
NOTIC: [8] Uninitialized string offset: 0 /Users/tiptimes/Desktop/www/zmjh/Application/Common/Common/cms.php 第 254 行.
SQL: SHOW COLUMNS FROM `jdi_addons` [ RunTime:0.001350s ]
SQL: SELECT * FROM `jdi_addons` WHERE `name` = 'IPlistener' LIMIT 1   [ RunTime:0.000202s ]
SQL: SHOW COLUMNS FROM `jdi_iplistener` [ RunTime:0.001207s ]
SQL: SELECT COUNT(*) AS tp_count FROM `jdi_iplistener` WHERE `visit_time` > 1428636520 LIMIT 1   [ RunTime:0.000140s ]
SQL: SELECT COUNT(*) AS tp_count FROM `jdi_iplistener` WHERE `visit_time` > 1426130920 LIMIT 1   [ RunTime:0.000087s ]
SQL: SELECT COUNT(*) AS tp_count FROM `jdi_iplistener` LIMIT 1   [ RunTime:0.000062s ]
INFO: [ view_parse ] --START--
INFO: [ template_filter ] --START--
INFO: Run Behavior\ContentReplaceBehavior [ RunTime:0.000038s ]
INFO: [ template_filter ] --END-- [ RunTime:-0.167525s ]
INFO: Run Behavior\ParseTemplateBehavior [ RunTime:0.002786s ]
INFO: [ view_parse ] --END-- [ RunTime:0.002839s ]
INFO: [ view_filter ] --START--
INFO: Run Behavior\WriteHtmlCacheBehavior [ RunTime:0.029777s ]
INFO: [ view_filter ] --END-- [ RunTime:0.029852s ]
INFO: [ pageFooter ] --START--
SQL: SELECT `config` FROM `jdi_addons` WHERE `name` = 'IPlistener' AND `status` = 1 LIMIT 1   [ RunTime:0.000199s ]
INFO: [ view_parse ] --START--
INFO: [ template_filter ] --START--
INFO: Run Behavior\ContentReplaceBehavior [ RunTime:0.000041s ]
INFO: [ template_filter ] --END-- [ RunTime:-0.201188s ]
INFO: Run Behavior\ParseTemplateBehavior [ RunTime:0.002001s ]
INFO: [ view_parse ] --END-- [ RunTime:-0.030607s ]
INFO: [ view_filter ] --START--
INFO: Run Behavior\WriteHtmlCacheBehavior [ RunTime:0.000010s ]
INFO: [ view_filter ] --END-- [ RunTime:-0.002802s ]
INFO: Run Addons\IPlistener\IPlistenerAddon [ RunTime:0.002776s ]
INFO: [ pageFooter ] --END-- [ RunTime:0.002823s ]
INFO: Run Behavior\ParseTemplateBehavior [ RunTime:0.002180s ]
INFO: [ view_parse ] --END-- [ RunTime:-0.030607s ]
INFO: [ view_filter ] --START--
INFO: Run Behavior\WriteHtmlCacheBehavior [ RunTime:0.000008s ]
INFO: [ view_filter ] --END-- [ RunTime:-0.002972s ]
INFO: [ app_end ] --START--
INFO: Run Behavior\ShowPageTraceBehavior [ RunTime:0.000917s ]
INFO: [ app_end ] --END-- [ RunTime:0.000992s ]

[ 2015-04-11T11:29:11+08:00 ] ::1 /zmjh/index.php/Home/Index/index/_extend/addons/_addons/IPlistener/_controller/IPlistener/_action/updateIp.html
INFO: [ app_init ] --START--
INFO: Run Behavior\BuildLiteBehavior [ RunTime:0.000013s ]
INFO: Run Common\Behavior\InitHookBehavior [ RunTime:0.001111s ]
INFO: [ app_init ] --END-- [ RunTime:0.001468s ]
INFO: [ app_begin ] --START--
INFO: Run Behavior\ReadHtmlCacheBehavior [ RunTime:0.000405s ]
INFO: [ app_begin ] --END-- [ RunTime:0.000457s ]
INFO: [ app_exec_start ] --START--
NOTIC: [8192] mysql_connect(): The mysql extension is deprecated and will be removed in the future: use mysqli or PDO instead /Users/tiptimes/Desktop/www/zmjh/ThinkPHP/Library/Think/Db/Driver/Mysql.class.php 第 52 行.
SQL: SHOW COLUMNS FROM `jdi_addons` [ RunTime:0.008285s ]
SQL: SELECT * FROM `jdi_addons` WHERE `name` = 'IPlistener' LIMIT 1   [ RunTime:0.000148s ]
NOTIC: [2] file_get_contents(): php_network_getaddresses: getaddrinfo failed: nodename nor servname provided, or not known /Users/tiptimes/Desktop/www/zmjh/Addons/IPlistener/Controller/IPlistenerController.class.php 第 104 行.
NOTIC: [2] file_get_contents(http://ip.taobao.com/service/getIpInfo.php?ip=::1): failed to open stream: php_network_getaddresses: getaddrinfo failed: nodename nor servname provided, or not known /Users/tiptimes/Desktop/www/zmjh/Addons/IPlistener/Controller/IPlistenerController.class.php 第 104 行.
NOTIC: [8] Trying to get property of non-object /Users/tiptimes/Desktop/www/zmjh/Addons/IPlistener/Controller/IPlistenerController.class.php 第 105 行.
NOTIC: [8] Trying to get property of non-object /Users/tiptimes/Desktop/www/zmjh/Addons/IPlistener/Controller/IPlistenerController.class.php 第 108 行.
SQL: SHOW COLUMNS FROM `jdi_iplistener` [ RunTime:0.001355s ]
SQL: INSERT INTO `jdi_iplistener` (`ip`,`visit_time`,`visit_url`,`city`,`isp`) VALUES ('::1',1428722921,'http://localhost/zmjh/index.php/','未知','未知') [ RunTime:0.000172s ]

[ 2015-04-11T11:42:55+08:00 ] ::1 /zmjh/index.php/Home/Index/category/cate/shixixinxi/p/1.html
INFO: [ app_init ] --START--
INFO: Run Behavior\BuildLiteBehavior [ RunTime:0.000012s ]
INFO: Run Common\Behavior\InitHookBehavior [ RunTime:0.001143s ]
INFO: [ app_init ] --END-- [ RunTime:0.001244s ]
INFO: [ app_begin ] --START--
INFO: Run Behavior\ReadHtmlCacheBehavior [ RunTime:0.000395s ]
INFO: [ app_begin ] --END-- [ RunTime:0.000448s ]
INFO: [ app_exec_start ] --START--
INFO: Run Common\Behavior\ExtendBehavior [ RunTime:0.000311s ]
INFO: [ app_exec_start ] --END-- [ RunTime:0.000362s ]
NOTIC: [8192] mysql_connect(): The mysql extension is deprecated and will be removed in the future: use mysqli or PDO instead /Users/tiptimes/Desktop/www/zmjh/ThinkPHP/Library/Think/Db/Driver/Mysql.class.php 第 52 行.
SQL: SHOW COLUMNS FROM `jdi_model` [ RunTime:0.001819s ]
SQL: SELECT `name` FROM `jdi_model` WHERE `id` = 58 LIMIT 1   [ RunTime:0.000134s ]
SQL: SHOW COLUMNS FROM `jdi_recruitment` [ RunTime:0.001745s ]
SQL: SELECT `id`,`title`,`uid`,`category_id`,`description`,`link`,`deadline`,`view`,`create_time`,`update_time`,`url`,`status`,`weight`,`position`,`salary`,`number`,`welfare`,`position_des`,`is_up` FROM `jdi_recruitment` WHERE `status` = 1 AND `category_id` = 1 AND `create_time` < 1428723774 AND ( deadline <= 0 OR deadline > 1428723774 ) ORDER BY `weight` DESC, `update_time` DESC LIMIT 0,10   [ RunTime:0.000143s ]
NOTIC: [8] Undefined index: cover /Users/tiptimes/Desktop/www/zmjh/Application/Common/Common/cms.php 第 40 行.
NOTIC: [8] Undefined index: auto_image /Users/tiptimes/Desktop/www/zmjh/Application/Common/Common/cms.php 第 42 行.
SQL: SELECT `name` FROM `jdi_model` WHERE `id` = 58 LIMIT 1   [ RunTime:0.000092s ]
SQL: SELECT COUNT(id) AS tp_count FROM `jdi_recruitment` WHERE `status` = 1 AND `category_id` = 1 AND `create_time` < 1428723774 AND ( deadline <= 0 OR deadline > 1428723774 ) LIMIT 1   [ RunTime:0.000102s ]
INFO: [ view_parse ] --START--
INFO: [ template_filter ] --START--
INFO: Run Behavior\ContentReplaceBehavior [ RunTime:0.000097s ]
INFO: [ template_filter ] --END-- [ RunTime:0.000172s ]
NOTIC: [8] Undefined variable: index_style /Users/tiptimes/Desktop/www/zmjh/Runtime/Cache/Home/394ca46ada227a535bea67931415f56a.php 第 71 行.
SQL: SHOW COLUMNS FROM `jdi_node` [ RunTime:0.001539s ]
SQL: SELECT * FROM `jdi_node` WHERE `status` = 1 AND `type` IN ('1','2','3') AND `pid` = 0 AND `index_show` = 1 ORDER BY sort  [ RunTime:0.000173s ]
SQL: SELECT COUNT(*) AS tp_count FROM `jdi_node` WHERE `pid` = 1 AND `status` = 1 AND `type` IN ('1','2','3') AND `index_show` = 1 LIMIT 1   [ RunTime:0.000111s ]
SQL: SELECT COUNT(*) AS tp_count FROM `jdi_node` WHERE `pid` = 2 AND `status` = 1 AND `type` IN ('1','2','3') AND `index_show` = 1 LIMIT 1   [ RunTime:0.000146s ]
SQL: SELECT COUNT(*) AS tp_count FROM `jdi_node` WHERE `pid` = 3 AND `status` = 1 AND `type` IN ('1','2','3') AND `index_show` = 1 LIMIT 1   [ RunTime:0.000111s ]
SQL: SELECT COUNT(*) AS tp_count FROM `jdi_node` WHERE `pid` = 4 AND `status` = 1 AND `type` IN ('1','2','3') AND `index_show` = 1 LIMIT 1   [ RunTime:0.000098s ]
SQL: SELECT * FROM `jdi_node` WHERE `status` = 1 AND `type` IN ('1','2','3') AND `id` = 16 LIMIT 1   [ RunTime:0.000102s ]
NOTIC: [2] Illegal string offset 'url' /Users/tiptimes/Desktop/www/zmjh/Application/Common/Common/cms.php 第 254 行.
NOTIC: [8] Uninitialized string offset: 0 /Users/tiptimes/Desktop/www/zmjh/Application/Common/Common/cms.php 第 254 行.
SQL: SELECT * FROM `jdi_node` WHERE `status` = 1 AND `type` IN ('1','2','3') AND `id` = 17 LIMIT 1   [ RunTime:0.000093s ]
NOTIC: [2] Illegal string offset 'url' /Users/tiptimes/Desktop/www/zmjh/Application/Common/Common/cms.php 第 254 行.
NOTIC: [8] Uninitialized string offset: 0 /Users/tiptimes/Desktop/www/zmjh/Application/Common/Common/cms.php 第 254 行.
SQL: SHOW COLUMNS FROM `jdi_addons` [ RunTime:0.001240s ]
SQL: SELECT * FROM `jdi_addons` WHERE `name` = 'IPlistener' LIMIT 1   [ RunTime:0.000112s ]
SQL: SHOW COLUMNS FROM `jdi_iplistener` [ RunTime:0.001032s ]
SQL: SELECT COUNT(*) AS tp_count FROM `jdi_iplistener` WHERE `visit_time` > 1428637374 LIMIT 1   [ RunTime:0.000111s ]
SQL: SELECT COUNT(*) AS tp_count FROM `jdi_iplistener` WHERE `visit_time` > 1426131774 LIMIT 1   [ RunTime:0.000086s ]
SQL: SELECT COUNT(*) AS tp_count FROM `jdi_iplistener` LIMIT 1   [ RunTime:0.000061s ]
INFO: [ view_parse ] --START--
INFO: [ template_filter ] --START--
INFO: Run Behavior\ContentReplaceBehavior [ RunTime:0.000038s ]
INFO: [ template_filter ] --END-- [ RunTime:-0.034624s ]
INFO: Run Behavior\ParseTemplateBehavior [ RunTime:0.001463s ]
INFO: [ view_parse ] --END-- [ RunTime:0.001544s ]
INFO: [ view_filter ] --START--
INFO: Run Behavior\WriteHtmlCacheBehavior [ RunTime:0.000143s ]
INFO: [ view_filter ] --END-- [ RunTime:0.000218s ]
INFO: [ pageFooter ] --START--
SQL: SELECT `config` FROM `jdi_addons` WHERE `name` = 'IPlistener' AND `status` = 1 LIMIT 1   [ RunTime:0.000227s ]
ERR: 模板不存在:./Addons/IPlistener/JDICMS_ADDON_PATHIPlistener/View/first/Home/content.html.html

[ 2015-04-11T11:42:56+08:00 ] ::1 /zmjh/index.php/Home/Index/category/cate/qiuzhizhidao/p/1.html
INFO: [ app_init ] --START--
INFO: Run Behavior\BuildLiteBehavior [ RunTime:0.000012s ]
INFO: Run Common\Behavior\InitHookBehavior [ RunTime:0.001097s ]
INFO: [ app_init ] --END-- [ RunTime:0.001195s ]
INFO: [ app_begin ] --START--
INFO: Run Behavior\ReadHtmlCacheBehavior [ RunTime:0.000389s ]
INFO: [ app_begin ] --END-- [ RunTime:0.000443s ]
INFO: [ app_exec_start ] --START--
INFO: Run Common\Behavior\ExtendBehavior [ RunTime:0.000304s ]
INFO: [ app_exec_start ] --END-- [ RunTime:0.000353s ]
NOTIC: [8192] mysql_connect(): The mysql extension is deprecated and will be removed in the future: use mysqli or PDO instead /Users/tiptimes/Desktop/www/zmjh/ThinkPHP/Library/Think/Db/Driver/Mysql.class.php 第 52 行.
SQL: SHOW COLUMNS FROM `jdi_node` [ RunTime:0.001577s ]
SQL: SELECT * FROM `jdi_node` WHERE `status` = 1 AND `type` IN ('1','2','3') AND `symbol` = 'qiuzhizhidao' LIMIT 1   [ RunTime:0.000184s ]
SQL: SHOW COLUMNS FROM `jdi_model` [ RunTime:0.001383s ]
SQL: SELECT `name` FROM `jdi_model` WHERE `id` = 20 LIMIT 1   [ RunTime:0.000106s ]
SQL: SHOW COLUMNS FROM `jdi_article` [ RunTime:0.001817s ]
SQL: SELECT `id`,`title`,`uid`,`category_id`,`description`,`link`,`deadline`,`view`,`create_time`,`update_time`,`url`,`status`,`title_color`,`list_color`,`content`,`is_up`,`position`,`cover`,`extend`,`weight`,`keyword`,`auto_image` FROM `jdi_article` WHERE `status` = 1 AND `category_id` = 2 AND `create_time` < 1428723776 AND ( deadline <= 0 OR deadline > 1428723776 ) ORDER BY `weight` DESC, `update_time` DESC LIMIT 0,10   [ RunTime:0.000173s ]
SQL: SELECT `name` FROM `jdi_model` WHERE `id` = 20 LIMIT 1   [ RunTime:0.000105s ]
SQL: SELECT COUNT(id) AS tp_count FROM `jdi_article` WHERE `status` = 1 AND `category_id` = 2 AND `create_time` < 1428723776 AND ( deadline <= 0 OR deadline > 1428723776 ) LIMIT 1   [ RunTime:0.000090s ]
INFO: [ view_parse ] --START--
INFO: [ template_filter ] --START--
INFO: Run Behavior\ContentReplaceBehavior [ RunTime:0.000097s ]
INFO: [ template_filter ] --END-- [ RunTime:0.000157s ]
NOTIC: [8] Undefined variable: index_style /Users/tiptimes/Desktop/www/zmjh/Runtime/Cache/Home/394ca46ada227a535bea67931415f56a.php 第 71 行.
SQL: SELECT * FROM `jdi_node` WHERE `status` = 1 AND `type` IN ('1','2','3') AND `pid` = 0 AND `index_show` = 1 ORDER BY sort  [ RunTime:0.000221s ]
SQL: SELECT COUNT(*) AS tp_count FROM `jdi_node` WHERE `pid` = 1 AND `status` = 1 AND `type` IN ('1','2','3') AND `index_show` = 1 LIMIT 1   [ RunTime:0.000113s ]
SQL: SELECT COUNT(*) AS tp_count FROM `jdi_node` WHERE `pid` = 2 AND `status` = 1 AND `type` IN ('1','2','3') AND `index_show` = 1 LIMIT 1   [ RunTime:0.000100s ]
SQL: SELECT COUNT(*) AS tp_count FROM `jdi_node` WHERE `pid` = 3 AND `status` = 1 AND `type` IN ('1','2','3') AND `index_show` = 1 LIMIT 1   [ RunTime:0.000100s ]
SQL: SELECT COUNT(*) AS tp_count FROM `jdi_node` WHERE `pid` = 4 AND `status` = 1 AND `type` IN ('1','2','3') AND `index_show` = 1 LIMIT 1   [ RunTime:0.000097s ]
SQL: SELECT * FROM `jdi_node` WHERE `status` = 1 AND `type` IN ('1','2','3') AND `id` = 16 LIMIT 1   [ RunTime:0.000097s ]
NOTIC: [2] Illegal string offset 'url' /Users/tiptimes/Desktop/www/zmjh/Application/Common/Common/cms.php 第 254 行.
NOTIC: [8] Uninitialized string offset: 0 /Users/tiptimes/Desktop/www/zmjh/Application/Common/Common/cms.php 第 254 行.
SQL: SELECT * FROM `jdi_node` WHERE `status` = 1 AND `type` IN ('1','2','3') AND `id` = 17 LIMIT 1   [ RunTime:0.000093s ]
NOTIC: [2] Illegal string offset 'url' /Users/tiptimes/Desktop/www/zmjh/Application/Common/Common/cms.php 第 254 行.
NOTIC: [8] Uninitialized string offset: 0 /Users/tiptimes/Desktop/www/zmjh/Application/Common/Common/cms.php 第 254 行.
SQL: SHOW COLUMNS FROM `jdi_addons` [ RunTime:0.001141s ]
SQL: SELECT * FROM `jdi_addons` WHERE `name` = 'IPlistener' LIMIT 1   [ RunTime:0.000112s ]
SQL: SHOW COLUMNS FROM `jdi_iplistener` [ RunTime:0.000939s ]
SQL: SELECT COUNT(*) AS tp_count FROM `jdi_iplistener` WHERE `visit_time` > 1428637376 LIMIT 1   [ RunTime:0.000104s ]
SQL: SELECT COUNT(*) AS tp_count FROM `jdi_iplistener` WHERE `visit_time` > 1426131776 LIMIT 1   [ RunTime:0.000087s ]
SQL: SELECT COUNT(*) AS tp_count FROM `jdi_iplistener` LIMIT 1   [ RunTime:0.000062s ]
INFO: [ view_parse ] --START--
INFO: [ template_filter ] --START--
INFO: Run Behavior\ContentReplaceBehavior [ RunTime:0.000036s ]
INFO: [ template_filter ] --END-- [ RunTime:-0.011337s ]
INFO: Run Behavior\ParseTemplateBehavior [ RunTime:0.001379s ]
INFO: [ view_parse ] --END-- [ RunTime:0.001431s ]
INFO: [ view_filter ] --START--
INFO: Run Behavior\WriteHtmlCacheBehavior [ RunTime:0.000121s ]
INFO: [ view_filter ] --END-- [ RunTime:0.000164s ]
INFO: [ pageFooter ] --START--
SQL: SELECT `config` FROM `jdi_addons` WHERE `name` = 'IPlistener' AND `status` = 1 LIMIT 1   [ RunTime:0.000113s ]
ERR: 模板不存在:./Addons/IPlistener/JDICMS_ADDON_PATHIPlistener/View/first/Home/content.html.html

[ 2015-04-11T11:42:57+08:00 ] ::1 /zmjh/index.php/Home/Index/category/cate/shixixinxi/p/1.html
INFO: [ app_init ] --START--
INFO: Run Behavior\BuildLiteBehavior [ RunTime:0.000012s ]
INFO: Run Common\Behavior\InitHookBehavior [ RunTime:0.001075s ]
INFO: [ app_init ] --END-- [ RunTime:0.001174s ]
INFO: [ app_begin ] --START--
INFO: Run Behavior\ReadHtmlCacheBehavior [ RunTime:0.000415s ]
INFO: [ app_begin ] --END-- [ RunTime:0.000467s ]
INFO: [ app_exec_start ] --START--
INFO: Run Common\Behavior\ExtendBehavior [ RunTime:0.000306s ]
INFO: [ app_exec_start ] --END-- [ RunTime:0.000356s ]
NOTIC: [8192] mysql_connect(): The mysql extension is deprecated and will be removed in the future: use mysqli or PDO instead /Users/tiptimes/Desktop/www/zmjh/ThinkPHP/Library/Think/Db/Driver/Mysql.class.php 第 52 行.
SQL: SHOW COLUMNS FROM `jdi_model` [ RunTime:0.006127s ]
SQL: SELECT `name` FROM `jdi_model` WHERE `id` = 58 LIMIT 1   [ RunTime:0.000120s ]
SQL: SHOW COLUMNS FROM `jdi_recruitment` [ RunTime:0.006514s ]
SQL: SELECT `id`,`title`,`uid`,`category_id`,`description`,`link`,`deadline`,`view`,`create_time`,`update_time`,`url`,`status`,`weight`,`position`,`salary`,`number`,`welfare`,`position_des`,`is_up` FROM `jdi_recruitment` WHERE `status` = 1 AND `category_id` = 1 AND `create_time` < 1428723777 AND ( deadline <= 0 OR deadline > 1428723777 ) ORDER BY `weight` DESC, `update_time` DESC LIMIT 0,10   [ RunTime:0.000181s ]
NOTIC: [8] Undefined index: cover /Users/tiptimes/Desktop/www/zmjh/Application/Common/Common/cms.php 第 40 行.
NOTIC: [8] Undefined index: auto_image /Users/tiptimes/Desktop/www/zmjh/Application/Common/Common/cms.php 第 42 行.
SQL: SELECT `name` FROM `jdi_model` WHERE `id` = 58 LIMIT 1   [ RunTime:0.000113s ]
SQL: SELECT COUNT(id) AS tp_count FROM `jdi_recruitment` WHERE `status` = 1 AND `category_id` = 1 AND `create_time` < 1428723777 AND ( deadline <= 0 OR deadline > 1428723777 ) LIMIT 1   [ RunTime:0.000107s ]
INFO: [ view_parse ] --START--
INFO: [ template_filter ] --START--
INFO: Run Behavior\ContentReplaceBehavior [ RunTime:0.000120s ]
INFO: [ template_filter ] --END-- [ RunTime:0.000216s ]
NOTIC: [8] Undefined variable: index_style /Users/tiptimes/Desktop/www/zmjh/Runtime/Cache/Home/394ca46ada227a535bea67931415f56a.php 第 71 行.
SQL: SHOW COLUMNS FROM `jdi_node` [ RunTime:0.001655s ]
SQL: SELECT * FROM `jdi_node` WHERE `status` = 1 AND `type` IN ('1','2','3') AND `pid` = 0 AND `index_show` = 1 ORDER BY sort  [ RunTime:0.000180s ]
SQL: SELECT COUNT(*) AS tp_count FROM `jdi_node` WHERE `pid` = 1 AND `status` = 1 AND `type` IN ('1','2','3') AND `index_show` = 1 LIMIT 1   [ RunTime:0.000113s ]
SQL: SELECT COUNT(*) AS tp_count FROM `jdi_node` WHERE `pid` = 2 AND `status` = 1 AND `type` IN ('1','2','3') AND `index_show` = 1 LIMIT 1   [ RunTime:0.000101s ]
SQL: SELECT COUNT(*) AS tp_count FROM `jdi_node` WHERE `pid` = 3 AND `status` = 1 AND `type` IN ('1','2','3') AND `index_show` = 1 LIMIT 1   [ RunTime:0.000098s ]
SQL: SELECT COUNT(*) AS tp_count FROM `jdi_node` WHERE `pid` = 4 AND `status` = 1 AND `type` IN ('1','2','3') AND `index_show` = 1 LIMIT 1   [ RunTime:0.000097s ]
SQL: SELECT * FROM `jdi_node` WHERE `status` = 1 AND `type` IN ('1','2','3') AND `id` = 16 LIMIT 1   [ RunTime:0.000099s ]
NOTIC: [2] Illegal string offset 'url' /Users/tiptimes/Desktop/www/zmjh/Application/Common/Common/cms.php 第 254 行.
NOTIC: [8] Uninitialized string offset: 0 /Users/tiptimes/Desktop/www/zmjh/Application/Common/Common/cms.php 第 254 行.
SQL: SELECT * FROM `jdi_node` WHERE `status` = 1 AND `type` IN ('1','2','3') AND `id` = 17 LIMIT 1   [ RunTime:0.000092s ]
NOTIC: [2] Illegal string offset 'url' /Users/tiptimes/Desktop/www/zmjh/Application/Common/Common/cms.php 第 254 行.
NOTIC: [8] Uninitialized string offset: 0 /Users/tiptimes/Desktop/www/zmjh/Application/Common/Common/cms.php 第 254 行.
SQL: SHOW COLUMNS FROM `jdi_addons` [ RunTime:0.001286s ]
SQL: SELECT * FROM `jdi_addons` WHERE `name` = 'IPlistener' LIMIT 1   [ RunTime:0.000128s ]
SQL: SHOW COLUMNS FROM `jdi_iplistener` [ RunTime:0.001051s ]
SQL: SELECT COUNT(*) AS tp_count FROM `jdi_iplistener` WHERE `visit_time` > 1428637377 LIMIT 1   [ RunTime:0.000111s ]
SQL: SELECT COUNT(*) AS tp_count FROM `jdi_iplistener` WHERE `visit_time` > 1426131777 LIMIT 1   [ RunTime:0.000086s ]
SQL: SELECT COUNT(*) AS tp_count FROM `jdi_iplistener` LIMIT 1   [ RunTime:0.000062s ]
INFO: [ view_parse ] --START--
INFO: [ template_filter ] --START--
INFO: Run Behavior\ContentReplaceBehavior [ RunTime:0.000041s ]
INFO: [ template_filter ] --END-- [ RunTime:-0.013758s ]
INFO: Run Behavior\ParseTemplateBehavior [ RunTime:0.001528s ]
INFO: [ view_parse ] --END-- [ RunTime:0.001593s ]
INFO: [ view_filter ] --START--
INFO: Run Behavior\WriteHtmlCacheBehavior [ RunTime:0.000135s ]
INFO: [ view_filter ] --END-- [ RunTime:0.000180s ]
INFO: [ pageFooter ] --START--
SQL: SELECT `config` FROM `jdi_addons` WHERE `name` = 'IPlistener' AND `status` = 1 LIMIT 1   [ RunTime:0.000159s ]
ERR: 模板不存在:./Addons/IPlistener/JDICMS_ADDON_PATHIPlistener/View/first/Home/content.html.html

[ 2015-04-11T11:42:59+08:00 ] ::1 /zmjh/index.php/Home/Index/content/cate/shixixinxi/id/2.htmll
INFO: [ app_init ] --START--
INFO: Run Behavior\BuildLiteBehavior [ RunTime:0.000012s ]
INFO: Run Common\Behavior\InitHookBehavior [ RunTime:0.001071s ]
INFO: [ app_init ] --END-- [ RunTime:0.001170s ]
INFO: [ app_begin ] --START--
INFO: Run Behavior\ReadHtmlCacheBehavior [ RunTime:0.000393s ]
INFO: [ app_begin ] --END-- [ RunTime:0.000446s ]
INFO: [ app_exec_start ] --START--
INFO: Run Common\Behavior\ExtendBehavior [ RunTime:0.000309s ]
INFO: [ app_exec_start ] --END-- [ RunTime:0.000359s ]
NOTIC: [8192] mysql_connect(): The mysql extension is deprecated and will be removed in the future: use mysqli or PDO instead /Users/tiptimes/Desktop/www/zmjh/ThinkPHP/Library/Think/Db/Driver/Mysql.class.php 第 52 行.
SQL: SHOW COLUMNS FROM `jdi_model` [ RunTime:0.006659s ]
SQL: SELECT `name` FROM `jdi_model` WHERE `id` = 58 LIMIT 1   [ RunTime:0.000118s ]
SQL: SHOW COLUMNS FROM `jdi_recruitment` [ RunTime:0.001393s ]
SQL: SELECT * FROM `jdi_recruitment` WHERE `status` = 1 AND `category_id` = 1 AND `create_time` < 1428723778 AND ( deadline <= 0 OR deadline > 1428723778 ) AND `id` = 2 LIMIT 1   [ RunTime:0.000133s ]
SQL: UPDATE `jdi_recruitment` SET `view`=view+1 WHERE `status` = 1 AND `category_id` = 1 AND `create_time` < 1428723778 AND ( deadline <= 0 OR deadline > 1428723778 ) AND `id` = 2 [ RunTime:0.000195s ]
NOTIC: [8] Undefined index: cover /Users/tiptimes/Desktop/www/zmjh/Application/Common/Common/cms.php 第 89 行.
NOTIC: [8] Undefined index: auto_image /Users/tiptimes/Desktop/www/zmjh/Application/Common/Common/cms.php 第 91 行.
INFO: [ view_parse ] --START--
INFO: [ template_filter ] --START--
INFO: Run Behavior\ContentReplaceBehavior [ RunTime:0.000096s ]
INFO: [ template_filter ] --END-- [ RunTime:0.000160s ]
NOTIC: [8] Undefined variable: index_style /Users/tiptimes/Desktop/www/zmjh/Runtime/Cache/Home/949c268ee4285e5223f913c11fcb640f.php 第 71 行.
SQL: SHOW COLUMNS FROM `jdi_node` [ RunTime:0.001587s ]
SQL: SELECT * FROM `jdi_node` WHERE `status` = 1 AND `type` IN ('1','2','3') AND `pid` = 0 AND `index_show` = 1 ORDER BY sort  [ RunTime:0.000176s ]
SQL: SELECT COUNT(*) AS tp_count FROM `jdi_node` WHERE `pid` = 1 AND `status` = 1 AND `type` IN ('1','2','3') AND `index_show` = 1 LIMIT 1   [ RunTime:0.000110s ]
SQL: SELECT COUNT(*) AS tp_count FROM `jdi_node` WHERE `pid` = 2 AND `status` = 1 AND `type` IN ('1','2','3') AND `index_show` = 1 LIMIT 1   [ RunTime:0.000100s ]
SQL: SELECT COUNT(*) AS tp_count FROM `jdi_node` WHERE `pid` = 3 AND `status` = 1 AND `type` IN ('1','2','3') AND `index_show` = 1 LIMIT 1   [ RunTime:0.000098s ]
SQL: SELECT COUNT(*) AS tp_count FROM `jdi_node` WHERE `pid` = 4 AND `status` = 1 AND `type` IN ('1','2','3') AND `index_show` = 1 LIMIT 1   [ RunTime:0.000097s ]
NOTIC: [8] Use of undefined constant info - assumed 'info' /Users/tiptimes/Desktop/www/zmjh/Runtime/Cache/Home/949c268ee4285e5223f913c11fcb640f.php 第 125 行.
NOTIC: [8] Use of undefined constant title_color - assumed 'title_color' /Users/tiptimes/Desktop/www/zmjh/Runtime/Cache/Home/949c268ee4285e5223f913c11fcb640f.php 第 125 行.
NOTIC: [8] Undefined index: title_color /Users/tiptimes/Desktop/www/zmjh/Runtime/Cache/Home/949c268ee4285e5223f913c11fcb640f.php 第 127 行.
SQL: SHOW COLUMNS FROM `jdi_member` [ RunTime:0.001623s ]
SQL: SELECT * FROM `jdi_member` WHERE `id` = 1 LIMIT 1   [ RunTime:0.000155s ]
SQL: SHOW COLUMNS FROM `jdi_addons` [ RunTime:0.001294s ]
SQL: SELECT * FROM `jdi_addons` WHERE `name` = 'SocialShare' LIMIT 1   [ RunTime:0.000119s ]
NOTIC: [8] Undefined index: content /Users/tiptimes/Desktop/www/zmjh/Runtime/Cache/Home/949c268ee4285e5223f913c11fcb640f.php 第 140 行.
SQL: SELECT * FROM `jdi_addons` WHERE `name` = 'SocialButton' LIMIT 1   [ RunTime:0.000109s ]
SQL: SELECT `name` FROM `jdi_model` WHERE `id` = 58 LIMIT 1   [ RunTime:0.000098s ]
SQL: SELECT `id`,`title`,`uid`,`category_id`,`description`,`link`,`deadline`,`view`,`create_time`,`update_time`,`url`,`status`,`weight`,`position`,`salary`,`number`,`welfare`,`position_des`,`is_up` FROM `jdi_recruitment` WHERE `id` > '2' AND `category_id` = 1 AND `status` = 1 AND `create_time` < 1428723778 AND ( deadline <= 0 OR deadline > 1428723778 ) ORDER BY `id` asc LIMIT 1   [ RunTime:0.000132s ]
SQL: SELECT `name` FROM `jdi_model` WHERE `id` = 58 LIMIT 1   [ RunTime:0.000086s ]
SQL: SELECT `id`,`title`,`uid`,`category_id`,`description`,`link`,`deadline`,`view`,`create_time`,`update_time`,`url`,`status`,`weight`,`position`,`salary`,`number`,`welfare`,`position_des`,`is_up` FROM `jdi_recruitment` WHERE `id` < '2' AND `category_id` = 1 AND `status` = 1 AND `create_time` < 1428723778 AND ( deadline <= 0 OR deadline > 1428723778 ) ORDER BY `id` Desc LIMIT 1   [ RunTime:0.000118s ]
SQL: SELECT * FROM `jdi_node` WHERE `status` = 1 AND `type` IN ('1','2','3') AND `id` = 16 LIMIT 1   [ RunTime:0.000179s ]
NOTIC: [2] Illegal string offset 'url' /Users/tiptimes/Desktop/www/zmjh/Application/Common/Common/cms.php 第 254 行.
NOTIC: [8] Uninitialized string offset: 0 /Users/tiptimes/Desktop/www/zmjh/Application/Common/Common/cms.php 第 254 行.
SQL: SELECT * FROM `jdi_node` WHERE `status` = 1 AND `type` IN ('1','2','3') AND `id` = 17 LIMIT 1   [ RunTime:0.000137s ]
NOTIC: [2] Illegal string offset 'url' /Users/tiptimes/Desktop/www/zmjh/Application/Common/Common/cms.php 第 254 行.
NOTIC: [8] Uninitialized string offset: 0 /Users/tiptimes/Desktop/www/zmjh/Application/Common/Common/cms.php 第 254 行.
SQL: SELECT * FROM `jdi_addons` WHERE `name` = 'IPlistener' LIMIT 1   [ RunTime:0.000111s ]
SQL: SHOW COLUMNS FROM `jdi_iplistener` [ RunTime:0.001173s ]
SQL: SELECT COUNT(*) AS tp_count FROM `jdi_iplistener` WHERE `visit_time` > 1428637378 LIMIT 1   [ RunTime:0.000109s ]
SQL: SELECT COUNT(*) AS tp_count FROM `jdi_iplistener` WHERE `visit_time` > 1426131778 LIMIT 1   [ RunTime:0.000086s ]
SQL: SELECT COUNT(*) AS tp_count FROM `jdi_iplistener` LIMIT 1   [ RunTime:0.000060s ]
INFO: [ view_parse ] --START--
INFO: [ template_filter ] --START--
INFO: Run Behavior\ContentReplaceBehavior [ RunTime:0.000036s ]
INFO: [ template_filter ] --END-- [ RunTime:-0.088418s ]
INFO: Run Behavior\ParseTemplateBehavior [ RunTime:0.001367s ]
INFO: [ view_parse ] --END-- [ RunTime:0.001416s ]
INFO: [ view_filter ] --START--
INFO: Run Behavior\WriteHtmlCacheBehavior [ RunTime:0.000123s ]
INFO: [ view_filter ] --END-- [ RunTime:0.000166s ]
INFO: [ pageFooter ] --START--
SQL: SELECT `config` FROM `jdi_addons` WHERE `name` = 'IPlistener' AND `status` = 1 LIMIT 1   [ RunTime:0.000112s ]
ERR: 模板不存在:./Addons/IPlistener/JDICMS_ADDON_PATHIPlistener/View/first/Home/content.html.html

[ 2015-04-11T11:43:43+08:00 ] ::1 /zmjh/index.php/Home/Index/content/cate/shixixinxi/id/2.htmll
INFO: [ app_init ] --START--
INFO: Run Behavior\BuildLiteBehavior [ RunTime:0.000013s ]
INFO: Run Common\Behavior\InitHookBehavior [ RunTime:0.001085s ]
INFO: [ app_init ] --END-- [ RunTime:0.001418s ]
INFO: [ app_begin ] --START--
INFO: Run Behavior\ReadHtmlCacheBehavior [ RunTime:0.000391s ]
INFO: [ app_begin ] --END-- [ RunTime:0.000444s ]
INFO: [ app_exec_start ] --START--
INFO: Run Common\Behavior\ExtendBehavior [ RunTime:0.000304s ]
INFO: [ app_exec_start ] --END-- [ RunTime:0.000354s ]
NOTIC: [8192] mysql_connect(): The mysql extension is deprecated and will be removed in the future: use mysqli or PDO instead /Users/tiptimes/Desktop/www/zmjh/ThinkPHP/Library/Think/Db/Driver/Mysql.class.php 第 52 行.
SQL: SHOW COLUMNS FROM `jdi_model` [ RunTime:0.001579s ]
SQL: SELECT `name` FROM `jdi_model` WHERE `id` = 58 LIMIT 1   [ RunTime:0.000116s ]
SQL: SHOW COLUMNS FROM `jdi_recruitment` [ RunTime:0.005411s ]
SQL: SELECT * FROM `jdi_recruitment` WHERE `status` = 1 AND `category_id` = 1 AND `create_time` < 1428723823 AND ( deadline <= 0 OR deadline > 1428723823 ) AND `id` = 2 LIMIT 1   [ RunTime:0.000145s ]
SQL: UPDATE `jdi_recruitment` SET `view`=view+1 WHERE `status` = 1 AND `category_id` = 1 AND `create_time` < 1428723823 AND ( deadline <= 0 OR deadline > 1428723823 ) AND `id` = 2 [ RunTime:0.000125s ]
NOTIC: [8] Undefined index: cover /Users/tiptimes/Desktop/www/zmjh/Application/Common/Common/cms.php 第 89 行.
NOTIC: [8] Undefined index: auto_image /Users/tiptimes/Desktop/www/zmjh/Application/Common/Common/cms.php 第 91 行.
INFO: [ view_parse ] --START--
INFO: [ template_filter ] --START--
INFO: Run Behavior\ContentReplaceBehavior [ RunTime:0.000095s ]
INFO: [ template_filter ] --END-- [ RunTime:0.000156s ]
NOTIC: [8] Undefined variable: index_style /Users/tiptimes/Desktop/www/zmjh/Runtime/Cache/Home/949c268ee4285e5223f913c11fcb640f.php 第 71 行.
SQL: SHOW COLUMNS FROM `jdi_node` [ RunTime:0.001446s ]
SQL: SELECT * FROM `jdi_node` WHERE `status` = 1 AND `type` IN ('1','2','3') AND `pid` = 0 AND `index_show` = 1 ORDER BY sort  [ RunTime:0.000168s ]
SQL: SELECT COUNT(*) AS tp_count FROM `jdi_node` WHERE `pid` = 1 AND `status` = 1 AND `type` IN ('1','2','3') AND `index_show` = 1 LIMIT 1   [ RunTime:0.000112s ]
SQL: SELECT COUNT(*) AS tp_count FROM `jdi_node` WHERE `pid` = 2 AND `status` = 1 AND `type` IN ('1','2','3') AND `index_show` = 1 LIMIT 1   [ RunTime:0.000101s ]
SQL: SELECT COUNT(*) AS tp_count FROM `jdi_node` WHERE `pid` = 3 AND `status` = 1 AND `type` IN ('1','2','3') AND `index_show` = 1 LIMIT 1   [ RunTime:0.000099s ]
SQL: SELECT COUNT(*) AS tp_count FROM `jdi_node` WHERE `pid` = 4 AND `status` = 1 AND `type` IN ('1','2','3') AND `index_show` = 1 LIMIT 1   [ RunTime:0.000098s ]
NOTIC: [8] Use of undefined constant info - assumed 'info' /Users/tiptimes/Desktop/www/zmjh/Runtime/Cache/Home/949c268ee4285e5223f913c11fcb640f.php 第 125 行.
NOTIC: [8] Use of undefined constant title_color - assumed 'title_color' /Users/tiptimes/Desktop/www/zmjh/Runtime/Cache/Home/949c268ee4285e5223f913c11fcb640f.php 第 125 行.
NOTIC: [8] Undefined index: title_color /Users/tiptimes/Desktop/www/zmjh/Runtime/Cache/Home/949c268ee4285e5223f913c11fcb640f.php 第 127 行.
SQL: SHOW COLUMNS FROM `jdi_member` [ RunTime:0.001514s ]
SQL: SELECT * FROM `jdi_member` WHERE `id` = 1 LIMIT 1   [ RunTime:0.000119s ]
SQL: SHOW COLUMNS FROM `jdi_addons` [ RunTime:0.001386s ]
SQL: SELECT * FROM `jdi_addons` WHERE `name` = 'SocialShare' LIMIT 1   [ RunTime:0.000117s ]
NOTIC: [8] Undefined index: content /Users/tiptimes/Desktop/www/zmjh/Runtime/Cache/Home/949c268ee4285e5223f913c11fcb640f.php 第 140 行.
SQL: SELECT * FROM `jdi_addons` WHERE `name` = 'SocialButton' LIMIT 1   [ RunTime:0.000124s ]
SQL: SELECT `name` FROM `jdi_model` WHERE `id` = 58 LIMIT 1   [ RunTime:0.000096s ]
SQL: SELECT `id`,`title`,`uid`,`category_id`,`description`,`link`,`deadline`,`view`,`create_time`,`update_time`,`url`,`status`,`weight`,`position`,`salary`,`number`,`welfare`,`position_des`,`is_up` FROM `jdi_recruitment` WHERE `id` > '2' AND `category_id` = 1 AND `status` = 1 AND `create_time` < 1428723823 AND ( deadline <= 0 OR deadline > 1428723823 ) ORDER BY `id` asc LIMIT 1   [ RunTime:0.000196s ]
SQL: SELECT `name` FROM `jdi_model` WHERE `id` = 58 LIMIT 1   [ RunTime:0.000107s ]
SQL: SELECT `id`,`title`,`uid`,`category_id`,`description`,`link`,`deadline`,`view`,`create_time`,`update_time`,`url`,`status`,`weight`,`position`,`salary`,`number`,`welfare`,`position_des`,`is_up` FROM `jdi_recruitment` WHERE `id` < '2' AND `category_id` = 1 AND `status` = 1 AND `create_time` < 1428723823 AND ( deadline <= 0 OR deadline > 1428723823 ) ORDER BY `id` Desc LIMIT 1   [ RunTime:0.000124s ]
SQL: SELECT * FROM `jdi_node` WHERE `status` = 1 AND `type` IN ('1','2','3') AND `id` = 16 LIMIT 1   [ RunTime:0.000099s ]
NOTIC: [2] Illegal string offset 'url' /Users/tiptimes/Desktop/www/zmjh/Application/Common/Common/cms.php 第 254 行.
NOTIC: [8] Uninitialized string offset: 0 /Users/tiptimes/Desktop/www/zmjh/Application/Common/Common/cms.php 第 254 行.
SQL: SELECT * FROM `jdi_node` WHERE `status` = 1 AND `type` IN ('1','2','3') AND `id` = 17 LIMIT 1   [ RunTime:0.000093s ]
NOTIC: [2] Illegal string offset 'url' /Users/tiptimes/Desktop/www/zmjh/Application/Common/Common/cms.php 第 254 行.
NOTIC: [8] Uninitialized string offset: 0 /Users/tiptimes/Desktop/www/zmjh/Application/Common/Common/cms.php 第 254 行.
SQL: SELECT * FROM `jdi_addons` WHERE `name` = 'IPlistener' LIMIT 1   [ RunTime:0.000104s ]
SQL: SHOW COLUMNS FROM `jdi_iplistener` [ RunTime:0.001096s ]
SQL: SELECT COUNT(*) AS tp_count FROM `jdi_iplistener` WHERE `visit_time` > 1428637423 LIMIT 1   [ RunTime:0.000131s ]
SQL: SELECT COUNT(*) AS tp_count FROM `jdi_iplistener` WHERE `visit_time` > 1426131823 LIMIT 1   [ RunTime:0.000087s ]
SQL: SELECT COUNT(*) AS tp_count FROM `jdi_iplistener` LIMIT 1   [ RunTime:0.000060s ]
INFO: [ view_parse ] --START--
INFO: [ template_filter ] --START--
INFO: Run Behavior\ContentReplaceBehavior [ RunTime:0.000036s ]
INFO: [ template_filter ] --END-- [ RunTime:-0.019033s ]
INFO: Run Behavior\ParseTemplateBehavior [ RunTime:0.001364s ]
INFO: [ view_parse ] --END-- [ RunTime:0.001436s ]
INFO: [ view_filter ] --START--
INFO: Run Behavior\WriteHtmlCacheBehavior [ RunTime:0.000122s ]
INFO: [ view_filter ] --END-- [ RunTime:0.000166s ]
INFO: [ pageFooter ] --START--
SQL: SELECT `config` FROM `jdi_addons` WHERE `name` = 'IPlistener' AND `status` = 1 LIMIT 1   [ RunTime:0.000112s ]
INFO: [ view_parse ] --START--
INFO: [ template_filter ] --START--
INFO: Run Behavior\ContentReplaceBehavior [ RunTime:0.000036s ]
INFO: [ template_filter ] --END-- [ RunTime:-0.021374s ]
INFO: Run Behavior\ParseTemplateBehavior [ RunTime:0.001725s ]
INFO: [ view_parse ] --END-- [ RunTime:-0.000678s ]
INFO: [ view_filter ] --START--
INFO: Run Behavior\WriteHtmlCacheBehavior [ RunTime:0.000011s ]
INFO: [ view_filter ] --END-- [ RunTime:-0.002318s ]
INFO: Run Addons\IPlistener\IPlistenerAddon [ RunTime:0.002331s ]
INFO: [ pageFooter ] --END-- [ RunTime:0.002367s ]
INFO: Run Behavior\ParseTemplateBehavior [ RunTime:0.001957s ]
INFO: [ view_parse ] --END-- [ RunTime:-0.000678s ]
INFO: [ view_filter ] --START--
INFO: Run Behavior\WriteHtmlCacheBehavior [ RunTime:0.000009s ]
INFO: [ view_filter ] --END-- [ RunTime:-0.002500s ]
INFO: [ app_end ] --START--
INFO: Run Behavior\ShowPageTraceBehavior [ RunTime:0.000585s ]
INFO: [ app_end ] --END-- [ RunTime:0.000654s ]

[ 2015-04-11T11:43:44+08:00 ] ::1 /zmjh/index.php/Home/Index/content/_extend/addons/_addons/IPlistener/_controller/IPlistener/_action/updateIp.html
INFO: [ app_init ] --START--
INFO: Run Behavior\BuildLiteBehavior [ RunTime:0.000016s ]
INFO: Run Common\Behavior\InitHookBehavior [ RunTime:0.001182s ]
INFO: [ app_init ] --END-- [ RunTime:0.001559s ]
INFO: [ app_begin ] --START--
INFO: Run Behavior\ReadHtmlCacheBehavior [ RunTime:0.000419s ]
INFO: [ app_begin ] --END-- [ RunTime:0.000470s ]
INFO: [ app_exec_start ] --START--

[ 2015-04-11T11:48:11+08:00 ] ::1 /zmjh/index.php/Home/Index/content/cate/shixixinxi/id/2.htmll
INFO: [ app_init ] --START--
INFO: Run Behavior\BuildLiteBehavior [ RunTime:0.000012s ]
INFO: Run Common\Behavior\InitHookBehavior [ RunTime:0.001172s ]
INFO: [ app_init ] --END-- [ RunTime:0.001274s ]
INFO: [ app_begin ] --START--
INFO: Run Behavior\ReadHtmlCacheBehavior [ RunTime:0.000399s ]
INFO: [ app_begin ] --END-- [ RunTime:0.000452s ]
INFO: [ app_exec_start ] --START--
INFO: Run Common\Behavior\ExtendBehavior [ RunTime:0.004105s ]
INFO: [ app_exec_start ] --END-- [ RunTime:0.004168s ]
NOTIC: [8192] mysql_connect(): The mysql extension is deprecated and will be removed in the future: use mysqli or PDO instead /Users/tiptimes/Desktop/www/zmjh/ThinkPHP/Library/Think/Db/Driver/Mysql.class.php 第 52 行.
SQL: SHOW COLUMNS FROM `jdi_model` [ RunTime:0.001627s ]
SQL: SELECT `name` FROM `jdi_model` WHERE `id` = 58 LIMIT 1   [ RunTime:0.000142s ]
SQL: SHOW COLUMNS FROM `jdi_recruitment` [ RunTime:0.001776s ]
SQL: SELECT * FROM `jdi_recruitment` WHERE `status` = 1 AND `category_id` = 1 AND `create_time` < 1428724091 AND ( deadline <= 0 OR deadline > 1428724091 ) AND `id` = 2 LIMIT 1   [ RunTime:0.000146s ]
SQL: UPDATE `jdi_recruitment` SET `view`=view+1 WHERE `status` = 1 AND `category_id` = 1 AND `create_time` < 1428724091 AND ( deadline <= 0 OR deadline > 1428724091 ) AND `id` = 2 [ RunTime:0.000126s ]
NOTIC: [8] Undefined index: cover /Users/tiptimes/Desktop/www/zmjh/Application/Common/Common/cms.php 第 89 行.
NOTIC: [8] Undefined index: auto_image /Users/tiptimes/Desktop/www/zmjh/Application/Common/Common/cms.php 第 91 行.
INFO: [ view_parse ] --START--
INFO: [ template_filter ] --START--
INFO: Run Behavior\ContentReplaceBehavior [ RunTime:0.000096s ]
INFO: [ template_filter ] --END-- [ RunTime:0.000159s ]
NOTIC: [8] Undefined variable: index_style /Users/tiptimes/Desktop/www/zmjh/Runtime/Cache/Home/949c268ee4285e5223f913c11fcb640f.php 第 71 行.
SQL: SHOW COLUMNS FROM `jdi_node` [ RunTime:0.004111s ]
SQL: SELECT * FROM `jdi_node` WHERE `status` = 1 AND `type` IN ('1','2','3') AND `pid` = 0 AND `index_show` = 1 ORDER BY sort  [ RunTime:0.000175s ]
SQL: SELECT COUNT(*) AS tp_count FROM `jdi_node` WHERE `pid` = 1 AND `status` = 1 AND `type` IN ('1','2','3') AND `index_show` = 1 LIMIT 1   [ RunTime:0.000110s ]
SQL: SELECT COUNT(*) AS tp_count FROM `jdi_node` WHERE `pid` = 2 AND `status` = 1 AND `type` IN ('1','2','3') AND `index_show` = 1 LIMIT 1   [ RunTime:0.000111s ]
SQL: SELECT COUNT(*) AS tp_count FROM `jdi_node` WHERE `pid` = 3 AND `status` = 1 AND `type` IN ('1','2','3') AND `index_show` = 1 LIMIT 1   [ RunTime:0.000099s ]
SQL: SELECT COUNT(*) AS tp_count FROM `jdi_node` WHERE `pid` = 4 AND `status` = 1 AND `type` IN ('1','2','3') AND `index_show` = 1 LIMIT 1   [ RunTime:0.000098s ]
NOTIC: [8] Use of undefined constant info - assumed 'info' /Users/tiptimes/Desktop/www/zmjh/Runtime/Cache/Home/949c268ee4285e5223f913c11fcb640f.php 第 125 行.
NOTIC: [8] Use of undefined constant title_color - assumed 'title_color' /Users/tiptimes/Desktop/www/zmjh/Runtime/Cache/Home/949c268ee4285e5223f913c11fcb640f.php 第 125 行.
NOTIC: [8] Undefined index: title_color /Users/tiptimes/Desktop/www/zmjh/Runtime/Cache/Home/949c268ee4285e5223f913c11fcb640f.php 第 127 行.
SQL: SHOW COLUMNS FROM `jdi_member` [ RunTime:0.001393s ]
SQL: SELECT * FROM `jdi_member` WHERE `id` = 1 LIMIT 1   [ RunTime:0.000118s ]
SQL: SHOW COLUMNS FROM `jdi_addons` [ RunTime:0.001141s ]
SQL: SELECT * FROM `jdi_addons` WHERE `name` = 'SocialShare' LIMIT 1   [ RunTime:0.000116s ]
NOTIC: [8] Undefined index: content /Users/tiptimes/Desktop/www/zmjh/Runtime/Cache/Home/949c268ee4285e5223f913c11fcb640f.php 第 140 行.
SQL: SELECT * FROM `jdi_addons` WHERE `name` = 'SocialButton' LIMIT 1   [ RunTime:0.000098s ]
SQL: SELECT `name` FROM `jdi_model` WHERE `id` = 58 LIMIT 1   [ RunTime:0.000096s ]
SQL: SELECT `id`,`title`,`uid`,`category_id`,`description`,`link`,`deadline`,`view`,`create_time`,`update_time`,`url`,`status`,`weight`,`position`,`salary`,`number`,`welfare`,`position_des`,`is_up` FROM `jdi_recruitment` WHERE `id` > '2' AND `category_id` = 1 AND `status` = 1 AND `create_time` < 1428724091 AND ( deadline <= 0 OR deadline > 1428724091 ) ORDER BY `id` asc LIMIT 1   [ RunTime:0.000131s ]
SQL: SELECT `name` FROM `jdi_model` WHERE `id` = 58 LIMIT 1   [ RunTime:0.000126s ]
SQL: SELECT `id`,`title`,`uid`,`category_id`,`description`,`link`,`deadline`,`view`,`create_time`,`update_time`,`url`,`status`,`weight`,`position`,`salary`,`number`,`welfare`,`position_des`,`is_up` FROM `jdi_recruitment` WHERE `id` < '2' AND `category_id` = 1 AND `status` = 1 AND `create_time` < 1428724091 AND ( deadline <= 0 OR deadline > 1428724091 ) ORDER BY `id` Desc LIMIT 1   [ RunTime:0.000166s ]
SQL: SELECT * FROM `jdi_node` WHERE `status` = 1 AND `type` IN ('1','2','3') AND `id` = 16 LIMIT 1   [ RunTime:0.000099s ]
NOTIC: [2] Illegal string offset 'url' /Users/tiptimes/Desktop/www/zmjh/Application/Common/Common/cms.php 第 254 行.
NOTIC: [8] Uninitialized string offset: 0 /Users/tiptimes/Desktop/www/zmjh/Application/Common/Common/cms.php 第 254 行.
SQL: SELECT * FROM `jdi_node` WHERE `status` = 1 AND `type` IN ('1','2','3') AND `id` = 17 LIMIT 1   [ RunTime:0.000092s ]
NOTIC: [2] Illegal string offset 'url' /Users/tiptimes/Desktop/www/zmjh/Application/Common/Common/cms.php 第 254 行.
NOTIC: [8] Uninitialized string offset: 0 /Users/tiptimes/Desktop/www/zmjh/Application/Common/Common/cms.php 第 254 行.
SQL: SELECT * FROM `jdi_addons` WHERE `name` = 'IPlistener' LIMIT 1   [ RunTime:0.000123s ]
SQL: SHOW COLUMNS FROM `jdi_iplistener` [ RunTime:0.001339s ]
SQL: SELECT COUNT(*) AS tp_count FROM `jdi_iplistener` WHERE `visit_time` > 1428637691 LIMIT 1   [ RunTime:0.000104s ]
SQL: SELECT COUNT(*) AS tp_count FROM `jdi_iplistener` WHERE `visit_time` > 1426132091 LIMIT 1   [ RunTime:0.000086s ]
SQL: SELECT COUNT(*) AS tp_count FROM `jdi_iplistener` LIMIT 1   [ RunTime:0.000061s ]
INFO: [ view_parse ] --START--
INFO: [ template_filter ] --START--
INFO: Run Behavior\ContentReplaceBehavior [ RunTime:0.000036s ]
INFO: [ template_filter ] --END-- [ RunTime:-0.021465s ]
INFO: Run Behavior\ParseTemplateBehavior [ RunTime:0.002385s ]
INFO: [ view_parse ] --END-- [ RunTime:0.002437s ]
INFO: [ view_filter ] --START--
INFO: Run Behavior\WriteHtmlCacheBehavior [ RunTime:0.000126s ]
INFO: [ view_filter ] --END-- [ RunTime:0.000169s ]
INFO: [ pageFooter ] --START--
SQL: SELECT `config` FROM `jdi_addons` WHERE `name` = 'IPlistener' AND `status` = 1 LIMIT 1   [ RunTime:0.000111s ]
ERR: 模板不存在:./Addons/IPlistener/JDICMS_ADDON_PATHIPlistener/View/first/Home/content.html.html

[ 2015-04-11T11:48:12+08:00 ] ::1 /zmjh/index.php/Home/Index/category/cate/qiuzhizhidao/p/1.html
INFO: [ app_init ] --START--
INFO: Run Behavior\BuildLiteBehavior [ RunTime:0.000012s ]
INFO: Run Common\Behavior\InitHookBehavior [ RunTime:0.001072s ]
INFO: [ app_init ] --END-- [ RunTime:0.001171s ]
INFO: [ app_begin ] --START--
INFO: Run Behavior\ReadHtmlCacheBehavior [ RunTime:0.000391s ]
INFO: [ app_begin ] --END-- [ RunTime:0.000444s ]
INFO: [ app_exec_start ] --START--
INFO: Run Common\Behavior\ExtendBehavior [ RunTime:0.003836s ]
INFO: [ app_exec_start ] --END-- [ RunTime:0.003889s ]
NOTIC: [8192] mysql_connect(): The mysql extension is deprecated and will be removed in the future: use mysqli or PDO instead /Users/tiptimes/Desktop/www/zmjh/ThinkPHP/Library/Think/Db/Driver/Mysql.class.php 第 52 行.
SQL: SHOW COLUMNS FROM `jdi_model` [ RunTime:0.001616s ]
SQL: SELECT `name` FROM `jdi_model` WHERE `id` = 20 LIMIT 1   [ RunTime:0.000110s ]
SQL: SHOW COLUMNS FROM `jdi_article` [ RunTime:0.001770s ]
SQL: SELECT `id`,`title`,`uid`,`category_id`,`description`,`link`,`deadline`,`view`,`create_time`,`update_time`,`url`,`status`,`title_color`,`list_color`,`content`,`is_up`,`position`,`cover`,`extend`,`weight`,`keyword`,`auto_image` FROM `jdi_article` WHERE `status` = 1 AND `category_id` = 2 AND `create_time` < 1428724092 AND ( deadline <= 0 OR deadline > 1428724092 ) ORDER BY `weight` DESC, `update_time` DESC LIMIT 0,10   [ RunTime:0.000127s ]
SQL: SELECT `name` FROM `jdi_model` WHERE `id` = 20 LIMIT 1   [ RunTime:0.000086s ]
SQL: SELECT COUNT(id) AS tp_count FROM `jdi_article` WHERE `status` = 1 AND `category_id` = 2 AND `create_time` < 1428724092 AND ( deadline <= 0 OR deadline > 1428724092 ) LIMIT 1   [ RunTime:0.000089s ]
INFO: [ view_parse ] --START--
INFO: [ template_filter ] --START--
INFO: Run Behavior\ContentReplaceBehavior [ RunTime:0.000097s ]
INFO: [ template_filter ] --END-- [ RunTime:0.000162s ]
NOTIC: [8] Undefined variable: index_style /Users/tiptimes/Desktop/www/zmjh/Runtime/Cache/Home/394ca46ada227a535bea67931415f56a.php 第 71 行.
SQL: SHOW COLUMNS FROM `jdi_node` [ RunTime:0.001519s ]
SQL: SELECT * FROM `jdi_node` WHERE `status` = 1 AND `type` IN ('1','2','3') AND `pid` = 0 AND `index_show` = 1 ORDER BY sort  [ RunTime:0.000174s ]
SQL: SELECT COUNT(*) AS tp_count FROM `jdi_node` WHERE `pid` = 1 AND `status` = 1 AND `type` IN ('1','2','3') AND `index_show` = 1 LIMIT 1   [ RunTime:0.000112s ]
SQL: SELECT COUNT(*) AS tp_count FROM `jdi_node` WHERE `pid` = 2 AND `status` = 1 AND `type` IN ('1','2','3') AND `index_show` = 1 LIMIT 1   [ RunTime:0.000100s ]
SQL: SELECT COUNT(*) AS tp_count FROM `jdi_node` WHERE `pid` = 3 AND `status` = 1 AND `type` IN ('1','2','3') AND `index_show` = 1 LIMIT 1   [ RunTime:0.000098s ]
SQL: SELECT COUNT(*) AS tp_count FROM `jdi_node` WHERE `pid` = 4 AND `status` = 1 AND `type` IN ('1','2','3') AND `index_show` = 1 LIMIT 1   [ RunTime:0.000097s ]
SQL: SELECT * FROM `jdi_node` WHERE `status` = 1 AND `type` IN ('1','2','3') AND `id` = 16 LIMIT 1   [ RunTime:0.000096s ]
NOTIC: [2] Illegal string offset 'url' /Users/tiptimes/Desktop/www/zmjh/Application/Common/Common/cms.php 第 254 行.
NOTIC: [8] Uninitialized string offset: 0 /Users/tiptimes/Desktop/www/zmjh/Application/Common/Common/cms.php 第 254 行.
SQL: SELECT * FROM `jdi_node` WHERE `status` = 1 AND `type` IN ('1','2','3') AND `id` = 17 LIMIT 1   [ RunTime:0.000092s ]
NOTIC: [2] Illegal string offset 'url' /Users/tiptimes/Desktop/www/zmjh/Application/Common/Common/cms.php 第 254 行.
NOTIC: [8] Uninitialized string offset: 0 /Users/tiptimes/Desktop/www/zmjh/Application/Common/Common/cms.php 第 254 行.
SQL: SHOW COLUMNS FROM `jdi_addons` [ RunTime:0.005351s ]
SQL: SELECT * FROM `jdi_addons` WHERE `name` = 'IPlistener' LIMIT 1   [ RunTime:0.000121s ]
SQL: SHOW COLUMNS FROM `jdi_iplistener` [ RunTime:0.001001s ]
SQL: SELECT COUNT(*) AS tp_count FROM `jdi_iplistener` WHERE `visit_time` > 1428637692 LIMIT 1   [ RunTime:0.000105s ]
SQL: SELECT COUNT(*) AS tp_count FROM `jdi_iplistener` WHERE `visit_time` > 1426132092 LIMIT 1   [ RunTime:0.000086s ]
SQL: SELECT COUNT(*) AS tp_count FROM `jdi_iplistener` LIMIT 1   [ RunTime:0.000061s ]
INFO: [ view_parse ] --START--
INFO: [ template_filter ] --START--
INFO: Run Behavior\ContentReplaceBehavior [ RunTime:0.000039s ]
INFO: [ template_filter ] --END-- [ RunTime:-0.017474s ]
INFO: Run Behavior\ParseTemplateBehavior [ RunTime:0.006552s ]
INFO: [ view_parse ] --END-- [ RunTime:0.006605s ]
INFO: [ view_filter ] --START--
INFO: Run Behavior\WriteHtmlCacheBehavior [ RunTime:0.000128s ]
INFO: [ view_filter ] --END-- [ RunTime:0.000171s ]
INFO: [ pageFooter ] --START--
SQL: SELECT `config` FROM `jdi_addons` WHERE `name` = 'IPlistener' AND `status` = 1 LIMIT 1   [ RunTime:0.000145s ]
ERR: 模板不存在:./Addons/IPlistener/JDICMS_ADDON_PATHIPlistener/View/first/Home/content.html.html

[ 2015-04-11T11:48:14+08:00 ] ::1 /zmjh/index.php/Home/Index/index.html
INFO: [ app_init ] --START--
INFO: Run Behavior\BuildLiteBehavior [ RunTime:0.000012s ]
INFO: Run Common\Behavior\InitHookBehavior [ RunTime:0.001104s ]
INFO: [ app_init ] --END-- [ RunTime:0.001203s ]
INFO: [ app_begin ] --START--
INFO: Run Behavior\ReadHtmlCacheBehavior [ RunTime:0.000395s ]
INFO: [ app_begin ] --END-- [ RunTime:0.000453s ]
INFO: [ app_exec_start ] --START--
INFO: Run Common\Behavior\ExtendBehavior [ RunTime:0.003867s ]
INFO: [ app_exec_start ] --END-- [ RunTime:0.003923s ]
INFO: [ view_parse ] --START--
INFO: [ template_filter ] --START--
INFO: Run Behavior\ContentReplaceBehavior [ RunTime:0.000121s ]
INFO: [ template_filter ] --END-- [ RunTime:0.000188s ]
NOTIC: [8] Undefined variable: rootNav /Users/tiptimes/Desktop/www/zmjh/Runtime/Cache/Home/c50d1b4cd417a3f9d3d63abb8c3e1fab.php 第 74 行.
NOTIC: [8192] mysql_connect(): The mysql extension is deprecated and will be removed in the future: use mysqli or PDO instead /Users/tiptimes/Desktop/www/zmjh/ThinkPHP/Library/Think/Db/Driver/Mysql.class.php 第 52 行.
SQL: SHOW COLUMNS FROM `jdi_node` [ RunTime:0.001626s ]
SQL: SELECT * FROM `jdi_node` WHERE `status` = 1 AND `type` IN ('1','2','3') AND `pid` = 0 AND `index_show` = 1 ORDER BY sort  [ RunTime:0.000314s ]
SQL: SELECT COUNT(*) AS tp_count FROM `jdi_node` WHERE `pid` = 1 AND `status` = 1 AND `type` IN ('1','2','3') AND `index_show` = 1 LIMIT 1   [ RunTime:0.000114s ]
SQL: SELECT COUNT(*) AS tp_count FROM `jdi_node` WHERE `pid` = 2 AND `status` = 1 AND `type` IN ('1','2','3') AND `index_show` = 1 LIMIT 1   [ RunTime:0.000100s ]
SQL: SELECT COUNT(*) AS tp_count FROM `jdi_node` WHERE `pid` = 3 AND `status` = 1 AND `type` IN ('1','2','3') AND `index_show` = 1 LIMIT 1   [ RunTime:0.000098s ]
SQL: SELECT COUNT(*) AS tp_count FROM `jdi_node` WHERE `pid` = 4 AND `status` = 1 AND `type` IN ('1','2','3') AND `index_show` = 1 LIMIT 1   [ RunTime:0.000096s ]
SQL: SHOW COLUMNS FROM `jdi_link` [ RunTime:0.006423s ]
SQL: SELECT * FROM `jdi_link` WHERE `status` = 1 AND `group` = 'p-1' ORDER BY sort asc,id asc  [ RunTime:0.000121s ]
NOTIC: [2] array_slice() expects parameter 1 to be array, string given /Users/tiptimes/Desktop/www/zmjh/Application/Common/Common/cms.php 第 299 行.
SQL: SHOW COLUMNS FROM `jdi_model` [ RunTime:0.006819s ]
SQL: SELECT `name` FROM `jdi_model` WHERE `id` = 20 LIMIT 1   [ RunTime:0.000197s ]
SQL: SHOW COLUMNS FROM `jdi_article` [ RunTime:0.007070s ]
SQL: SELECT `id`,`title`,`uid`,`category_id`,`description`,`link`,`deadline`,`view`,`create_time`,`update_time`,`url`,`status`,`title_color`,`list_color`,`content`,`is_up`,`position`,`cover`,`extend`,`weight`,`keyword`,`auto_image` FROM `jdi_article` WHERE `status` = 1 AND `category_id` = 3 AND `create_time` < 1428724094 AND ( deadline <= 0 OR deadline > 1428724094 ) ORDER BY `weight` DESC, `update_time` DESC LIMIT 0,6   [ RunTime:0.000133s ]
SQL: SELECT * FROM `jdi_node` WHERE `status` = 1 AND `type` IN ('1','2','3') AND `id` = 14 LIMIT 1   [ RunTime:0.000102s ]
SQL: SELECT * FROM `jdi_node` WHERE `status` = 1 AND `type` IN ('1','2','3') AND `id` = 14 LIMIT 1   [ RunTime:0.000092s ]
NOTIC: [2] Illegal string offset 'model_id' /Users/tiptimes/Desktop/www/zmjh/Application/Common/Api/DocumentApi.class.php 第 67 行.
NOTIC: [8] Uninitialized string offset: 0 /Users/tiptimes/Desktop/www/zmjh/Application/Common/Api/DocumentApi.class.php 第 67 行.
SQL: SELECT * FROM `jdi_node` WHERE `status` = 1 AND `type` IN ('1','2','3') AND `id` = 12 LIMIT 1   [ RunTime:0.000091s ]
NOTIC: [2] Illegal string offset 'url' /Users/tiptimes/Desktop/www/zmjh/Application/Common/Common/cms.php 第 254 行.
NOTIC: [8] Uninitialized string offset: 0 /Users/tiptimes/Desktop/www/zmjh/Application/Common/Common/cms.php 第 254 行.
SQL: SELECT * FROM `jdi_node` WHERE `status` = 1 AND `type` IN ('1','2','3') AND `id` = 12 LIMIT 1   [ RunTime:0.000091s ]
NOTIC: [2] Illegal string offset 'name' /Users/tiptimes/Desktop/www/zmjh/Application/Common/Common/cms.php 第 254 行.
NOTIC: [8] Uninitialized string offset: 0 /Users/tiptimes/Desktop/www/zmjh/Application/Common/Common/cms.php 第 254 行.
SQL: SELECT * FROM `jdi_node` WHERE `status` = 1 AND `type` IN ('1','2','3') AND `id` = 12 LIMIT 1   [ RunTime:0.000090s ]
SQL: SELECT * FROM `jdi_node` WHERE `status` = 1 AND `type` IN ('1','2','3') AND `id` = 12 LIMIT 1   [ RunTime:0.000132s ]
NOTIC: [2] Illegal string offset 'model_id' /Users/tiptimes/Desktop/www/zmjh/Application/Common/Api/DocumentApi.class.php 第 67 行.
NOTIC: [8] Uninitialized string offset: 0 /Users/tiptimes/Desktop/www/zmjh/Application/Common/Api/DocumentApi.class.php 第 67 行.
SQL: SELECT * FROM `jdi_node` WHERE `status` = 1 AND `type` IN ('1','2','3') AND `id` = 16 LIMIT 1   [ RunTime:0.000090s ]
NOTIC: [2] Illegal string offset 'url' /Users/tiptimes/Desktop/www/zmjh/Application/Common/Common/cms.php 第 254 行.
NOTIC: [8] Uninitialized string offset: 0 /Users/tiptimes/Desktop/www/zmjh/Application/Common/Common/cms.php 第 254 行.
SQL: SELECT * FROM `jdi_node` WHERE `status` = 1 AND `type` IN ('1','2','3') AND `id` = 17 LIMIT 1   [ RunTime:0.000089s ]
NOTIC: [2] Illegal string offset 'url' /Users/tiptimes/Desktop/www/zmjh/Application/Common/Common/cms.php 第 254 行.
NOTIC: [8] Uninitialized string offset: 0 /Users/tiptimes/Desktop/www/zmjh/Application/Common/Common/cms.php 第 254 行.
SQL: SHOW COLUMNS FROM `jdi_addons` [ RunTime:0.002186s ]
SQL: SELECT * FROM `jdi_addons` WHERE `name` = 'IPlistener' LIMIT 1   [ RunTime:0.000106s ]
SQL: SHOW COLUMNS FROM `jdi_iplistener` [ RunTime:0.001243s ]
SQL: SELECT COUNT(*) AS tp_count FROM `jdi_iplistener` WHERE `visit_time` > 1428637694 LIMIT 1   [ RunTime:0.000145s ]
SQL: SELECT COUNT(*) AS tp_count FROM `jdi_iplistener` WHERE `visit_time` > 1426132094 LIMIT 1   [ RunTime:0.000085s ]
SQL: SELECT COUNT(*) AS tp_count FROM `jdi_iplistener` LIMIT 1   [ RunTime:0.000060s ]
INFO: [ view_parse ] --START--
INFO: [ template_filter ] --START--
INFO: Run Behavior\ContentReplaceBehavior [ RunTime:0.000035s ]
INFO: [ template_filter ] --END-- [ RunTime:-0.049106s ]
INFO: Run Behavior\ParseTemplateBehavior [ RunTime:0.004977s ]
INFO: [ view_parse ] --END-- [ RunTime:0.005039s ]
INFO: [ view_filter ] --START--
INFO: Run Behavior\WriteHtmlCacheBehavior [ RunTime:0.000121s ]
INFO: [ view_filter ] --END-- [ RunTime:0.000165s ]
INFO: [ pageFooter ] --START--
SQL: SELECT `config` FROM `jdi_addons` WHERE `name` = 'IPlistener' AND `status` = 1 LIMIT 1   [ RunTime:0.000134s ]
ERR: 模板不存在:./Addons/IPlistener/JDICMS_ADDON_PATHIPlistener/View/first/Home/content.html.html

[ 2015-04-11T11:48:15+08:00 ] ::1 /zmjh/index.php/Home/Index/category/cate/shixixinxi/p/1.html
INFO: [ app_init ] --START--
INFO: Run Behavior\BuildLiteBehavior [ RunTime:0.000012s ]
INFO: Run Common\Behavior\InitHookBehavior [ RunTime:0.001074s ]
INFO: [ app_init ] --END-- [ RunTime:0.001172s ]
INFO: [ app_begin ] --START--
INFO: Run Behavior\ReadHtmlCacheBehavior [ RunTime:0.000390s ]
INFO: [ app_begin ] --END-- [ RunTime:0.000442s ]
INFO: [ app_exec_start ] --START--
INFO: Run Common\Behavior\ExtendBehavior [ RunTime:0.003907s ]
INFO: [ app_exec_start ] --END-- [ RunTime:0.003970s ]
NOTIC: [8192] mysql_connect(): The mysql extension is deprecated and will be removed in the future: use mysqli or PDO instead /Users/tiptimes/Desktop/www/zmjh/ThinkPHP/Library/Think/Db/Driver/Mysql.class.php 第 52 行.
SQL: SHOW COLUMNS FROM `jdi_model` [ RunTime:0.001571s ]
SQL: SELECT `name` FROM `jdi_model` WHERE `id` = 58 LIMIT 1   [ RunTime:0.000132s ]
SQL: SHOW COLUMNS FROM `jdi_recruitment` [ RunTime:0.007244s ]
SQL: SELECT `id`,`title`,`uid`,`category_id`,`description`,`link`,`deadline`,`view`,`create_time`,`update_time`,`url`,`status`,`weight`,`position`,`salary`,`number`,`welfare`,`position_des`,`is_up` FROM `jdi_recruitment` WHERE `status` = 1 AND `category_id` = 1 AND `create_time` < 1428724095 AND ( deadline <= 0 OR deadline > 1428724095 ) ORDER BY `weight` DESC, `update_time` DESC LIMIT 0,10   [ RunTime:0.000195s ]
NOTIC: [8] Undefined index: cover /Users/tiptimes/Desktop/www/zmjh/Application/Common/Common/cms.php 第 40 行.
NOTIC: [8] Undefined index: auto_image /Users/tiptimes/Desktop/www/zmjh/Application/Common/Common/cms.php 第 42 行.
SQL: SELECT `name` FROM `jdi_model` WHERE `id` = 58 LIMIT 1   [ RunTime:0.000131s ]
SQL: SELECT COUNT(id) AS tp_count FROM `jdi_recruitment` WHERE `status` = 1 AND `category_id` = 1 AND `create_time` < 1428724095 AND ( deadline <= 0 OR deadline > 1428724095 ) LIMIT 1   [ RunTime:0.000139s ]
INFO: [ view_parse ] --START--
INFO: [ template_filter ] --START--
INFO: Run Behavior\ContentReplaceBehavior [ RunTime:0.000100s ]
INFO: [ template_filter ] --END-- [ RunTime:0.000163s ]
NOTIC: [8] Undefined variable: index_style /Users/tiptimes/Desktop/www/zmjh/Runtime/Cache/Home/394ca46ada227a535bea67931415f56a.php 第 71 行.
SQL: SHOW COLUMNS FROM `jdi_node` [ RunTime:0.001628s ]
SQL: SELECT * FROM `jdi_node` WHERE `status` = 1 AND `type` IN ('1','2','3') AND `pid` = 0 AND `index_show` = 1 ORDER BY sort  [ RunTime:0.000173s ]
SQL: SELECT COUNT(*) AS tp_count FROM `jdi_node` WHERE `pid` = 1 AND `status` = 1 AND `type` IN ('1','2','3') AND `index_show` = 1 LIMIT 1   [ RunTime:0.000116s ]
SQL: SELECT COUNT(*) AS tp_count FROM `jdi_node` WHERE `pid` = 2 AND `status` = 1 AND `type` IN ('1','2','3') AND `index_show` = 1 LIMIT 1   [ RunTime:0.000100s ]
SQL: SELECT COUNT(*) AS tp_count FROM `jdi_node` WHERE `pid` = 3 AND `status` = 1 AND `type` IN ('1','2','3') AND `index_show` = 1 LIMIT 1   [ RunTime:0.000098s ]
SQL: SELECT COUNT(*) AS tp_count FROM `jdi_node` WHERE `pid` = 4 AND `status` = 1 AND `type` IN ('1','2','3') AND `index_show` = 1 LIMIT 1   [ RunTime:0.000117s ]
SQL: SELECT * FROM `jdi_node` WHERE `status` = 1 AND `type` IN ('1','2','3') AND `id` = 16 LIMIT 1   [ RunTime:0.000099s ]
NOTIC: [2] Illegal string offset 'url' /Users/tiptimes/Desktop/www/zmjh/Application/Common/Common/cms.php 第 254 行.
NOTIC: [8] Uninitialized string offset: 0 /Users/tiptimes/Desktop/www/zmjh/Application/Common/Common/cms.php 第 254 行.
SQL: SELECT * FROM `jdi_node` WHERE `status` = 1 AND `type` IN ('1','2','3') AND `id` = 17 LIMIT 1   [ RunTime:0.000092s ]
NOTIC: [2] Illegal string offset 'url' /Users/tiptimes/Desktop/www/zmjh/Application/Common/Common/cms.php 第 254 行.
NOTIC: [8] Uninitialized string offset: 0 /Users/tiptimes/Desktop/www/zmjh/Application/Common/Common/cms.php 第 254 行.
SQL: SHOW COLUMNS FROM `jdi_addons` [ RunTime:0.006480s ]
SQL: SELECT * FROM `jdi_addons` WHERE `name` = 'IPlistener' LIMIT 1   [ RunTime:0.000114s ]
SQL: SHOW COLUMNS FROM `jdi_iplistener` [ RunTime:0.006466s ]
SQL: SELECT COUNT(*) AS tp_count FROM `jdi_iplistener` WHERE `visit_time` > 1428637695 LIMIT 1   [ RunTime:0.000104s ]
SQL: SELECT COUNT(*) AS tp_count FROM `jdi_iplistener` WHERE `visit_time` > 1426132095 LIMIT 1   [ RunTime:0.000086s ]
SQL: SELECT COUNT(*) AS tp_count FROM `jdi_iplistener` LIMIT 1   [ RunTime:0.000060s ]
INFO: [ view_parse ] --START--
INFO: [ template_filter ] --START--
INFO: Run Behavior\ContentReplaceBehavior [ RunTime:0.000037s ]
INFO: [ template_filter ] --END-- [ RunTime:-0.025647s ]
INFO: Run Behavior\ParseTemplateBehavior [ RunTime:0.006622s ]
INFO: [ view_parse ] --END-- [ RunTime:0.006678s ]
INFO: [ view_filter ] --START--
INFO: Run Behavior\WriteHtmlCacheBehavior [ RunTime:0.000129s ]
INFO: [ view_filter ] --END-- [ RunTime:0.000173s ]
INFO: [ pageFooter ] --START--
SQL: SELECT `config` FROM `jdi_addons` WHERE `name` = 'IPlistener' AND `status` = 1 LIMIT 1   [ RunTime:0.000130s ]
ERR: 模板不存在:./Addons/IPlistener/JDICMS_ADDON_PATHIPlistener/View/first/Home/content.html.html

[ 2015-04-11T11:49:14+08:00 ] ::1 /zmjh/index.php/Home/Index/content/cate/shixixinxi/id/2.html
INFO: [ app_init ] --START--
INFO: Run Behavior\BuildLiteBehavior [ RunTime:0.000020s ]
INFO: Run Common\Behavior\InitHookBehavior [ RunTime:0.001326s ]
INFO: [ app_init ] --END-- [ RunTime:0.001484s ]
INFO: [ app_begin ] --START--
INFO: Run Behavior\ReadHtmlCacheBehavior [ RunTime:0.000466s ]
INFO: [ app_begin ] --END-- [ RunTime:0.000526s ]
INFO: [ app_exec_start ] --START--
INFO: Run Common\Behavior\ExtendBehavior [ RunTime:0.004352s ]
INFO: [ app_exec_start ] --END-- [ RunTime:0.004417s ]
NOTIC: [8192] mysql_connect(): The mysql extension is deprecated and will be removed in the future: use mysqli or PDO instead /Users/tiptimes/Desktop/www/zmjh/ThinkPHP/Library/Think/Db/Driver/Mysql.class.php 第 52 行.
SQL: SHOW COLUMNS FROM `jdi_model` [ RunTime:0.001635s ]
SQL: SELECT `name` FROM `jdi_model` WHERE `id` = 58 LIMIT 1   [ RunTime:0.000113s ]
SQL: SHOW COLUMNS FROM `jdi_recruitment` [ RunTime:0.005460s ]
SQL: SELECT * FROM `jdi_recruitment` WHERE `status` = 1 AND `category_id` = 1 AND `create_time` < 1428724154 AND ( deadline <= 0 OR deadline > 1428724154 ) AND `id` = 2 LIMIT 1   [ RunTime:0.000213s ]
SQL: UPDATE `jdi_recruitment` SET `view`=view+1 WHERE `status` = 1 AND `category_id` = 1 AND `create_time` < 1428724154 AND ( deadline <= 0 OR deadline > 1428724154 ) AND `id` = 2 [ RunTime:0.000488s ]
NOTIC: [8] Undefined index: cover /Users/tiptimes/Desktop/www/zmjh/Application/Common/Common/cms.php 第 89 行.
NOTIC: [8] Undefined index: auto_image /Users/tiptimes/Desktop/www/zmjh/Application/Common/Common/cms.php 第 91 行.
INFO: [ view_parse ] --START--
INFO: [ template_filter ] --START--
INFO: Run Behavior\ContentReplaceBehavior [ RunTime:0.000103s ]
INFO: [ template_filter ] --END-- [ RunTime:0.000165s ]
NOTIC: [8] Undefined variable: index_style /Users/tiptimes/Desktop/www/zmjh/Runtime/Cache/Home/949c268ee4285e5223f913c11fcb640f.php 第 71 行.
SQL: SHOW COLUMNS FROM `jdi_node` [ RunTime:0.001623s ]
SQL: SELECT * FROM `jdi_node` WHERE `status` = 1 AND `type` IN ('1','2','3') AND `pid` = 0 AND `index_show` = 1 ORDER BY sort  [ RunTime:0.000174s ]
SQL: SELECT COUNT(*) AS tp_count FROM `jdi_node` WHERE `pid` = 1 AND `status` = 1 AND `type` IN ('1','2','3') AND `index_show` = 1 LIMIT 1   [ RunTime:0.000110s ]
SQL: SELECT COUNT(*) AS tp_count FROM `jdi_node` WHERE `pid` = 2 AND `status` = 1 AND `type` IN ('1','2','3') AND `index_show` = 1 LIMIT 1   [ RunTime:0.000100s ]
SQL: SELECT COUNT(*) AS tp_count FROM `jdi_node` WHERE `pid` = 3 AND `status` = 1 AND `type` IN ('1','2','3') AND `index_show` = 1 LIMIT 1   [ RunTime:0.000125s ]
SQL: SELECT COUNT(*) AS tp_count FROM `jdi_node` WHERE `pid` = 4 AND `status` = 1 AND `type` IN ('1','2','3') AND `index_show` = 1 LIMIT 1   [ RunTime:0.000097s ]
NOTIC: [8] Use of undefined constant info - assumed 'info' /Users/tiptimes/Desktop/www/zmjh/Runtime/Cache/Home/949c268ee4285e5223f913c11fcb640f.php 第 125 行.
NOTIC: [8] Use of undefined constant title_color - assumed 'title_color' /Users/tiptimes/Desktop/www/zmjh/Runtime/Cache/Home/949c268ee4285e5223f913c11fcb640f.php 第 125 行.
NOTIC: [8] Undefined index: title_color /Users/tiptimes/Desktop/www/zmjh/Runtime/Cache/Home/949c268ee4285e5223f913c11fcb640f.php 第 127 行.
SQL: SHOW COLUMNS FROM `jdi_member` [ RunTime:0.005504s ]
SQL: SELECT * FROM `jdi_member` WHERE `id` = 1 LIMIT 1   [ RunTime:0.000177s ]
SQL: SHOW COLUMNS FROM `jdi_addons` [ RunTime:0.006040s ]
SQL: SELECT * FROM `jdi_addons` WHERE `name` = 'SocialShare' LIMIT 1   [ RunTime:0.000117s ]
NOTIC: [8] Undefined index: content /Users/tiptimes/Desktop/www/zmjh/Runtime/Cache/Home/949c268ee4285e5223f913c11fcb640f.php 第 140 行.
SQL: SELECT * FROM `jdi_addons` WHERE `name` = 'SocialButton' LIMIT 1   [ RunTime:0.000100s ]
SQL: SELECT `name` FROM `jdi_model` WHERE `id` = 58 LIMIT 1   [ RunTime:0.000096s ]
SQL: SELECT `id`,`title`,`uid`,`category_id`,`description`,`link`,`deadline`,`view`,`create_time`,`update_time`,`url`,`status`,`weight`,`position`,`salary`,`number`,`welfare`,`position_des`,`is_up` FROM `jdi_recruitment` WHERE `id` > '2' AND `category_id` = 1 AND `status` = 1 AND `create_time` < 1428724154 AND ( deadline <= 0 OR deadline > 1428724154 ) ORDER BY `id` asc LIMIT 1   [ RunTime:0.000133s ]
SQL: SELECT `name` FROM `jdi_model` WHERE `id` = 58 LIMIT 1   [ RunTime:0.000087s ]
SQL: SELECT `id`,`title`,`uid`,`category_id`,`description`,`link`,`deadline`,`view`,`create_time`,`update_time`,`url`,`status`,`weight`,`position`,`salary`,`number`,`welfare`,`position_des`,`is_up` FROM `jdi_recruitment` WHERE `id` < '2' AND `category_id` = 1 AND `status` = 1 AND `create_time` < 1428724154 AND ( deadline <= 0 OR deadline > 1428724154 ) ORDER BY `id` Desc LIMIT 1   [ RunTime:0.000136s ]
SQL: SELECT * FROM `jdi_node` WHERE `status` = 1 AND `type` IN ('1','2','3') AND `id` = 16 LIMIT 1   [ RunTime:0.000099s ]
NOTIC: [2] Illegal string offset 'url' /Users/tiptimes/Desktop/www/zmjh/Application/Common/Common/cms.php 第 254 行.
NOTIC: [8] Uninitialized string offset: 0 /Users/tiptimes/Desktop/www/zmjh/Application/Common/Common/cms.php 第 254 行.
SQL: SELECT * FROM `jdi_node` WHERE `status` = 1 AND `type` IN ('1','2','3') AND `id` = 17 LIMIT 1   [ RunTime:0.000093s ]
NOTIC: [2] Illegal string offset 'url' /Users/tiptimes/Desktop/www/zmjh/Application/Common/Common/cms.php 第 254 行.
NOTIC: [8] Uninitialized string offset: 0 /Users/tiptimes/Desktop/www/zmjh/Application/Common/Common/cms.php 第 254 行.
SQL: SELECT * FROM `jdi_addons` WHERE `name` = 'IPlistener' LIMIT 1   [ RunTime:0.000102s ]
SQL: SHOW COLUMNS FROM `jdi_iplistener` [ RunTime:0.001026s ]
SQL: SELECT COUNT(*) AS tp_count FROM `jdi_iplistener` WHERE `visit_time` > 1428637754 LIMIT 1   [ RunTime:0.000109s ]
SQL: SELECT COUNT(*) AS tp_count FROM `jdi_iplistener` WHERE `visit_time` > 1426132154 LIMIT 1   [ RunTime:0.000086s ]
SQL: SELECT COUNT(*) AS tp_count FROM `jdi_iplistener` LIMIT 1   [ RunTime:0.000061s ]
INFO: [ view_parse ] --START--
INFO: [ template_filter ] --START--
INFO: Run Behavior\ContentReplaceBehavior [ RunTime:0.000036s ]
INFO: [ template_filter ] --END-- [ RunTime:-0.028379s ]
INFO: Run Behavior\ParseTemplateBehavior [ RunTime:0.001356s ]
INFO: [ view_parse ] --END-- [ RunTime:0.001406s ]
INFO: [ view_filter ] --START--
INFO: Run Behavior\WriteHtmlCacheBehavior [ RunTime:0.000128s ]
INFO: [ view_filter ] --END-- [ RunTime:0.000172s ]
INFO: [ pageFooter ] --START--
SQL: SELECT `config` FROM `jdi_addons` WHERE `name` = 'IPlistener' AND `status` = 1 LIMIT 1   [ RunTime:0.000180s ]
ERR: 模板不存在:./Addons/IPlistener/JDICMS_ADDON_PATHIPlistener/View/first/Home/content.html.html

[ 2015-04-11T11:49:16+08:00 ] ::1 /zmjh/index.php/Home/Index/index.html
INFO: [ app_init ] --START--
INFO: Run Behavior\BuildLiteBehavior [ RunTime:0.000012s ]
INFO: Run Common\Behavior\InitHookBehavior [ RunTime:0.001132s ]
INFO: [ app_init ] --END-- [ RunTime:0.001233s ]
INFO: [ app_begin ] --START--
INFO: Run Behavior\ReadHtmlCacheBehavior [ RunTime:0.000397s ]
INFO: [ app_begin ] --END-- [ RunTime:0.000454s ]
INFO: [ app_exec_start ] --START--
INFO: Run Common\Behavior\ExtendBehavior [ RunTime:0.003914s ]
INFO: [ app_exec_start ] --END-- [ RunTime:0.003992s ]
INFO: [ view_parse ] --START--
INFO: [ template_filter ] --START--
INFO: Run Behavior\ContentReplaceBehavior [ RunTime:0.000110s ]
INFO: [ template_filter ] --END-- [ RunTime:0.000173s ]
NOTIC: [8] Undefined variable: rootNav /Users/tiptimes/Desktop/www/zmjh/Runtime/Cache/Home/c50d1b4cd417a3f9d3d63abb8c3e1fab.php 第 74 行.
NOTIC: [8192] mysql_connect(): The mysql extension is deprecated and will be removed in the future: use mysqli or PDO instead /Users/tiptimes/Desktop/www/zmjh/ThinkPHP/Library/Think/Db/Driver/Mysql.class.php 第 52 行.
SQL: SHOW COLUMNS FROM `jdi_node` [ RunTime:0.011745s ]
SQL: SELECT * FROM `jdi_node` WHERE `status` = 1 AND `type` IN ('1','2','3') AND `pid` = 0 AND `index_show` = 1 ORDER BY sort  [ RunTime:0.000187s ]
SQL: SELECT COUNT(*) AS tp_count FROM `jdi_node` WHERE `pid` = 1 AND `status` = 1 AND `type` IN ('1','2','3') AND `index_show` = 1 LIMIT 1   [ RunTime:0.000116s ]
SQL: SELECT COUNT(*) AS tp_count FROM `jdi_node` WHERE `pid` = 2 AND `status` = 1 AND `type` IN ('1','2','3') AND `index_show` = 1 LIMIT 1   [ RunTime:0.000101s ]
SQL: SELECT COUNT(*) AS tp_count FROM `jdi_node` WHERE `pid` = 3 AND `status` = 1 AND `type` IN ('1','2','3') AND `index_show` = 1 LIMIT 1   [ RunTime:0.000098s ]
SQL: SELECT COUNT(*) AS tp_count FROM `jdi_node` WHERE `pid` = 4 AND `status` = 1 AND `type` IN ('1','2','3') AND `index_show` = 1 LIMIT 1   [ RunTime:0.000098s ]
SQL: SHOW COLUMNS FROM `jdi_link` [ RunTime:0.001069s ]
SQL: SELECT * FROM `jdi_link` WHERE `status` = 1 AND `group` = 'p-1' ORDER BY sort asc,id asc  [ RunTime:0.000102s ]
NOTIC: [2] array_slice() expects parameter 1 to be array, string given /Users/tiptimes/Desktop/www/zmjh/Application/Common/Common/cms.php 第 299 行.
SQL: SHOW COLUMNS FROM `jdi_model` [ RunTime:0.001701s ]
SQL: SELECT `name` FROM `jdi_model` WHERE `id` = 20 LIMIT 1   [ RunTime:0.000150s ]
SQL: SHOW COLUMNS FROM `jdi_article` [ RunTime:0.001658s ]
SQL: SELECT `id`,`title`,`uid`,`category_id`,`description`,`link`,`deadline`,`view`,`create_time`,`update_time`,`url`,`status`,`title_color`,`list_color`,`content`,`is_up`,`position`,`cover`,`extend`,`weight`,`keyword`,`auto_image` FROM `jdi_article` WHERE `status` = 1 AND `category_id` = 3 AND `create_time` < 1428724156 AND ( deadline <= 0 OR deadline > 1428724156 ) ORDER BY `weight` DESC, `update_time` DESC LIMIT 0,6   [ RunTime:0.000132s ]
SQL: SELECT * FROM `jdi_node` WHERE `status` = 1 AND `type` IN ('1','2','3') AND `id` = 14 LIMIT 1   [ RunTime:0.000103s ]
SQL: SELECT * FROM `jdi_node` WHERE `status` = 1 AND `type` IN ('1','2','3') AND `id` = 14 LIMIT 1   [ RunTime:0.000092s ]
NOTIC: [2] Illegal string offset 'model_id' /Users/tiptimes/Desktop/www/zmjh/Application/Common/Api/DocumentApi.class.php 第 67 行.
NOTIC: [8] Uninitialized string offset: 0 /Users/tiptimes/Desktop/www/zmjh/Application/Common/Api/DocumentApi.class.php 第 67 行.
SQL: SELECT * FROM `jdi_node` WHERE `status` = 1 AND `type` IN ('1','2','3') AND `id` = 12 LIMIT 1   [ RunTime:0.000092s ]
NOTIC: [2] Illegal string offset 'url' /Users/tiptimes/Desktop/www/zmjh/Application/Common/Common/cms.php 第 254 行.
NOTIC: [8] Uninitialized string offset: 0 /Users/tiptimes/Desktop/www/zmjh/Application/Common/Common/cms.php 第 254 行.
SQL: SELECT * FROM `jdi_node` WHERE `status` = 1 AND `type` IN ('1','2','3') AND `id` = 12 LIMIT 1   [ RunTime:0.000091s ]
NOTIC: [2] Illegal string offset 'name' /Users/tiptimes/Desktop/www/zmjh/Application/Common/Common/cms.php 第 254 行.
NOTIC: [8] Uninitialized string offset: 0 /Users/tiptimes/Desktop/www/zmjh/Application/Common/Common/cms.php 第 254 行.
SQL: SELECT * FROM `jdi_node` WHERE `status` = 1 AND `type` IN ('1','2','3') AND `id` = 12 LIMIT 1   [ RunTime:0.000090s ]
SQL: SELECT * FROM `jdi_node` WHERE `status` = 1 AND `type` IN ('1','2','3') AND `id` = 12 LIMIT 1   [ RunTime:0.000090s ]
NOTIC: [2] Illegal string offset 'model_id' /Users/tiptimes/Desktop/www/zmjh/Application/Common/Api/DocumentApi.class.php 第 67 行.
NOTIC: [8] Uninitialized string offset: 0 /Users/tiptimes/Desktop/www/zmjh/Application/Common/Api/DocumentApi.class.php 第 67 行.
SQL: SELECT * FROM `jdi_node` WHERE `status` = 1 AND `type` IN ('1','2','3') AND `id` = 16 LIMIT 1   [ RunTime:0.000090s ]
NOTIC: [2] Illegal string offset 'url' /Users/tiptimes/Desktop/www/zmjh/Application/Common/Common/cms.php 第 254 行.
NOTIC: [8] Uninitialized string offset: 0 /Users/tiptimes/Desktop/www/zmjh/Application/Common/Common/cms.php 第 254 行.
SQL: SELECT * FROM `jdi_node` WHERE `status` = 1 AND `type` IN ('1','2','3') AND `id` = 17 LIMIT 1   [ RunTime:0.000121s ]
NOTIC: [2] Illegal string offset 'url' /Users/tiptimes/Desktop/www/zmjh/Application/Common/Common/cms.php 第 254 行.
NOTIC: [8] Uninitialized string offset: 0 /Users/tiptimes/Desktop/www/zmjh/Application/Common/Common/cms.php 第 254 行.
SQL: SHOW COLUMNS FROM `jdi_addons` [ RunTime:0.001615s ]
SQL: SELECT * FROM `jdi_addons` WHERE `name` = 'IPlistener' LIMIT 1   [ RunTime:0.000107s ]
SQL: SHOW COLUMNS FROM `jdi_iplistener` [ RunTime:0.001056s ]
SQL: SELECT COUNT(*) AS tp_count FROM `jdi_iplistener` WHERE `visit_time` > 1428637756 LIMIT 1   [ RunTime:0.000105s ]
SQL: SELECT COUNT(*) AS tp_count FROM `jdi_iplistener` WHERE `visit_time` > 1426132156 LIMIT 1   [ RunTime:0.000086s ]
SQL: SELECT COUNT(*) AS tp_count FROM `jdi_iplistener` LIMIT 1   [ RunTime:0.000060s ]
INFO: [ view_parse ] --START--
INFO: [ template_filter ] --START--
INFO: Run Behavior\ContentReplaceBehavior [ RunTime:0.000036s ]
INFO: [ template_filter ] --END-- [ RunTime:-0.042064s ]
INFO: Run Behavior\ParseTemplateBehavior [ RunTime:0.001350s ]
INFO: [ view_parse ] --END-- [ RunTime:0.001410s ]
INFO: [ view_filter ] --START--
INFO: Run Behavior\WriteHtmlCacheBehavior [ RunTime:0.000112s ]
INFO: [ view_filter ] --END-- [ RunTime:0.000156s ]
INFO: [ pageFooter ] --START--
SQL: SELECT `config` FROM `jdi_addons` WHERE `name` = 'IPlistener' AND `status` = 1 LIMIT 1   [ RunTime:0.000120s ]
ERR: 模板不存在:./Addons/IPlistener/JDICMS_ADDON_PATHIPlistener/View/first/Home/content.html.html

[ 2015-04-11T12:43:29+08:00 ] 192.168.99.22 /zmjh/
INFO: [ app_init ] --START--
INFO: Run Behavior\BuildLiteBehavior [ RunTime:0.000012s ]
INFO: Run Common\Behavior\InitHookBehavior [ RunTime:0.001058s ]
INFO: [ app_init ] --END-- [ RunTime:0.001385s ]
INFO: [ app_begin ] --START--
INFO: Run Behavior\ReadHtmlCacheBehavior [ RunTime:0.000490s ]
INFO: [ app_begin ] --END-- [ RunTime:0.000555s ]
INFO: [ app_exec_start ] --START--
INFO: Run Common\Behavior\ExtendBehavior [ RunTime:0.000312s ]
INFO: [ app_exec_start ] --END-- [ RunTime:0.000364s ]
INFO: [ view_parse ] --START--
INFO: [ template_filter ] --START--
INFO: Run Behavior\ContentReplaceBehavior [ RunTime:0.000114s ]
INFO: [ template_filter ] --END-- [ RunTime:0.000177s ]
NOTIC: [8] Undefined variable: rootNav /Users/tiptimes/Desktop/www/zmjh/Runtime/Cache/Home/c50d1b4cd417a3f9d3d63abb8c3e1fab.php 第 74 行.
NOTIC: [8192] mysql_connect(): The mysql extension is deprecated and will be removed in the future: use mysqli or PDO instead /Users/tiptimes/Desktop/www/zmjh/ThinkPHP/Library/Think/Db/Driver/Mysql.class.php 第 52 行.
SQL: SHOW COLUMNS FROM `jdi_node` [ RunTime:0.001672s ]
SQL: SELECT * FROM `jdi_node` WHERE `status` = 1 AND `type` IN ('1','2','3') AND `pid` = 0 AND `index_show` = 1 ORDER BY sort  [ RunTime:0.000172s ]
SQL: SELECT COUNT(*) AS tp_count FROM `jdi_node` WHERE `pid` = 1 AND `status` = 1 AND `type` IN ('1','2','3') AND `index_show` = 1 LIMIT 1   [ RunTime:0.000113s ]
SQL: SELECT COUNT(*) AS tp_count FROM `jdi_node` WHERE `pid` = 2 AND `status` = 1 AND `type` IN ('1','2','3') AND `index_show` = 1 LIMIT 1   [ RunTime:0.000100s ]
SQL: SELECT COUNT(*) AS tp_count FROM `jdi_node` WHERE `pid` = 3 AND `status` = 1 AND `type` IN ('1','2','3') AND `index_show` = 1 LIMIT 1   [ RunTime:0.000097s ]
SQL: SELECT COUNT(*) AS tp_count FROM `jdi_node` WHERE `pid` = 4 AND `status` = 1 AND `type` IN ('1','2','3') AND `index_show` = 1 LIMIT 1   [ RunTime:0.000097s ]
SQL: SHOW COLUMNS FROM `jdi_link` [ RunTime:0.001144s ]
SQL: SELECT * FROM `jdi_link` WHERE `status` = 1 AND `group` = 'p-1' ORDER BY sort asc,id asc  [ RunTime:0.000105s ]
NOTIC: [2] array_slice() expects parameter 1 to be array, string given /Users/tiptimes/Desktop/www/zmjh/Application/Common/Common/cms.php 第 299 行.
SQL: SHOW COLUMNS FROM `jdi_model` [ RunTime:0.001453s ]
SQL: SELECT `name` FROM `jdi_model` WHERE `id` = 20 LIMIT 1   [ RunTime:0.000105s ]
SQL: SHOW COLUMNS FROM `jdi_article` [ RunTime:0.001652s ]
SQL: SELECT `id`,`title`,`uid`,`category_id`,`description`,`link`,`deadline`,`view`,`create_time`,`update_time`,`url`,`status`,`title_color`,`list_color`,`content`,`is_up`,`position`,`cover`,`extend`,`weight`,`keyword`,`auto_image` FROM `jdi_article` WHERE `status` = 1 AND `category_id` = 3 AND `create_time` < 1428727408 AND ( deadline <= 0 OR deadline > 1428727408 ) ORDER BY `weight` DESC, `update_time` DESC LIMIT 0,6   [ RunTime:0.000127s ]
SQL: SELECT * FROM `jdi_node` WHERE `status` = 1 AND `type` IN ('1','2','3') AND `id` = 14 LIMIT 1   [ RunTime:0.000101s ]
SQL: SELECT * FROM `jdi_node` WHERE `status` = 1 AND `type` IN ('1','2','3') AND `id` = 14 LIMIT 1   [ RunTime:0.000093s ]
NOTIC: [2] Illegal string offset 'model_id' /Users/tiptimes/Desktop/www/zmjh/Application/Common/Api/DocumentApi.class.php 第 67 行.
NOTIC: [8] Uninitialized string offset: 0 /Users/tiptimes/Desktop/www/zmjh/Application/Common/Api/DocumentApi.class.php 第 67 行.
SQL: SELECT * FROM `jdi_node` WHERE `status` = 1 AND `type` IN ('1','2','3') AND `id` = 12 LIMIT 1   [ RunTime:0.000092s ]
NOTIC: [2] Illegal string offset 'url' /Users/tiptimes/Desktop/www/zmjh/Application/Common/Common/cms.php 第 254 行.
NOTIC: [8] Uninitialized string offset: 0 /Users/tiptimes/Desktop/www/zmjh/Application/Common/Common/cms.php 第 254 行.
SQL: SELECT * FROM `jdi_node` WHERE `status` = 1 AND `type` IN ('1','2','3') AND `id` = 12 LIMIT 1   [ RunTime:0.000092s ]
NOTIC: [2] Illegal string offset 'name' /Users/tiptimes/Desktop/www/zmjh/Application/Common/Common/cms.php 第 254 行.
NOTIC: [8] Uninitialized string offset: 0 /Users/tiptimes/Desktop/www/zmjh/Application/Common/Common/cms.php 第 254 行.
SQL: SELECT * FROM `jdi_node` WHERE `status` = 1 AND `type` IN ('1','2','3') AND `id` = 12 LIMIT 1   [ RunTime:0.000091s ]
SQL: SELECT * FROM `jdi_node` WHERE `status` = 1 AND `type` IN ('1','2','3') AND `id` = 12 LIMIT 1   [ RunTime:0.000090s ]
NOTIC: [2] Illegal string offset 'model_id' /Users/tiptimes/Desktop/www/zmjh/Application/Common/Api/DocumentApi.class.php 第 67 行.
NOTIC: [8] Uninitialized string offset: 0 /Users/tiptimes/Desktop/www/zmjh/Application/Common/Api/DocumentApi.class.php 第 67 行.
SQL: SELECT * FROM `jdi_node` WHERE `status` = 1 AND `type` IN ('1','2','3') AND `id` = 16 LIMIT 1   [ RunTime:0.000090s ]
NOTIC: [2] Illegal string offset 'url' /Users/tiptimes/Desktop/www/zmjh/Application/Common/Common/cms.php 第 254 行.
NOTIC: [8] Uninitialized string offset: 0 /Users/tiptimes/Desktop/www/zmjh/Application/Common/Common/cms.php 第 254 行.
SQL: SELECT * FROM `jdi_node` WHERE `status` = 1 AND `type` IN ('1','2','3') AND `id` = 17 LIMIT 1   [ RunTime:0.000090s ]
NOTIC: [2] Illegal string offset 'url' /Users/tiptimes/Desktop/www/zmjh/Application/Common/Common/cms.php 第 254 行.
NOTIC: [8] Uninitialized string offset: 0 /Users/tiptimes/Desktop/www/zmjh/Application/Common/Common/cms.php 第 254 行.
SQL: SHOW COLUMNS FROM `jdi_addons` [ RunTime:0.004533s ]
SQL: SELECT * FROM `jdi_addons` WHERE `name` = 'IPlistener' LIMIT 1   [ RunTime:0.000113s ]
SQL: SHOW COLUMNS FROM `jdi_iplistener` [ RunTime:0.001157s ]
SQL: SELECT COUNT(*) AS tp_count FROM `jdi_iplistener` WHERE `visit_time` > 1428641008 LIMIT 1   [ RunTime:0.000103s ]
SQL: SELECT COUNT(*) AS tp_count FROM `jdi_iplistener` WHERE `visit_time` > 1426135408 LIMIT 1   [ RunTime:0.000086s ]
SQL: SELECT COUNT(*) AS tp_count FROM `jdi_iplistener` LIMIT 1   [ RunTime:0.000060s ]
INFO: [ view_parse ] --START--
INFO: [ template_filter ] --START--
INFO: Run Behavior\ContentReplaceBehavior [ RunTime:0.000038s ]
INFO: [ template_filter ] --END-- [ RunTime:-0.054173s ]
INFO: Run Behavior\ParseTemplateBehavior [ RunTime:0.027675s ]
INFO: [ view_parse ] --END-- [ RunTime:0.027727s ]
INFO: [ view_filter ] --START--
INFO: Run Behavior\WriteHtmlCacheBehavior [ RunTime:0.000119s ]
INFO: [ view_filter ] --END-- [ RunTime:0.000162s ]
INFO: [ pageFooter ] --START--
SQL: SELECT `config` FROM `jdi_addons` WHERE `name` = 'IPlistener' AND `status` = 1 LIMIT 1   [ RunTime:0.000124s ]
INFO: [ view_parse ] --START--
INFO: [ template_filter ] --START--
INFO: Run Behavior\ContentReplaceBehavior [ RunTime:0.000038s ]
INFO: [ template_filter ] --END-- [ RunTime:-0.061717s ]
INFO: Run Behavior\ParseTemplateBehavior [ RunTime:0.001905s ]
INFO: [ view_parse ] --END-- [ RunTime:-0.000679s ]
INFO: [ view_filter ] --START--
INFO: Run Behavior\WriteHtmlCacheBehavior [ RunTime:0.000011s ]
INFO: [ view_filter ] --END-- [ RunTime:-0.002470s ]
INFO: Run Addons\IPlistener\IPlistenerAddon [ RunTime:0.002476s ]
INFO: [ pageFooter ] --END-- [ RunTime:0.002518s ]
INFO: Run Behavior\ParseTemplateBehavior [ RunTime:0.002096s ]
INFO: [ view_parse ] --END-- [ RunTime:-0.000679s ]
INFO: [ view_filter ] --START--
INFO: Run Behavior\WriteHtmlCacheBehavior [ RunTime:0.000010s ]
INFO: [ view_filter ] --END-- [ RunTime:-0.002653s ]
INFO: [ app_end ] --START--
INFO: Run Behavior\ShowPageTraceBehavior [ RunTime:0.000460s ]
INFO: [ app_end ] --END-- [ RunTime:0.000511s ]

[ 2015-04-11T12:43:30+08:00 ] 192.168.99.22 /zmjh/index.php/Home/Index/index/_extend/addons/_addons/IPlistener/_controller/IPlistener/_action/updateIp.html
INFO: [ app_init ] --START--
INFO: Run Behavior\BuildLiteBehavior [ RunTime:0.000013s ]
INFO: Run Common\Behavior\InitHookBehavior [ RunTime:0.001075s ]
INFO: [ app_init ] --END-- [ RunTime:0.001403s ]
INFO: [ app_begin ] --START--
INFO: Run Behavior\ReadHtmlCacheBehavior [ RunTime:0.000379s ]
INFO: [ app_begin ] --END-- [ RunTime:0.000428s ]
INFO: [ app_exec_start ] --START--

