[ 2015-03-26T11:42:25+08:00 ] ::1 /jdicms/
INFO: [ app_init ] --START--
INFO: Run Behavior\BuildLiteBehavior [ RunTime:0.000033s ]
INFO: Run Common\Behavior\InitHookBehavior [ RunTime:0.004820s ]
INFO: [ app_init ] --END-- [ RunTime:0.006183s ]
INFO: [ app_begin ] --START--
INFO: Run Behavior\ReadHtmlCacheBehavior [ RunTime:0.001155s ]
INFO: [ app_begin ] --END-- [ RunTime:0.001254s ]

[ 2015-03-26T11:42:25+08:00 ] ::1 /jdicms/index.php/Home/dispatch/execute_addons/_addons/IPlistener/_controller/IPlistener/_action/updateIp.html
INFO: [ app_init ] --START--
INFO: Run Behavior\BuildLiteBehavior [ RunTime:0.000016s ]
INFO: Run Common\Behavior\InitHookBehavior [ RunTime:0.002014s ]
INFO: [ app_init ] --END-- [ RunTime:0.002551s ]
INFO: [ app_begin ] --START--
INFO: Run Behavior\ReadHtmlCacheBehavior [ RunTime:0.000685s ]
INFO: [ app_begin ] --END-- [ RunTime:0.000795s ]
NOTIC: [8192] mysql_connect(): The mysql extension is deprecated and will be removed in the future: use mysqli or PDO instead /Users/haoli/Desktop/www/jdicms/ThinkPHP/Library/Think/Db/Driver/Mysql.class.php 第 52 行.
SQL: SHOW COLUMNS FROM `jdi_addons` [ RunTime:0.001204s ]
SQL: SELECT * FROM `jdi_addons` WHERE `name` = 'IPlistener' LIMIT 1   [ RunTime:0.000192s ]
NOTIC: [2] file_get_contents(): php_network_getaddresses: getaddrinfo failed: nodename nor servname provided, or not known /Users/haoli/Desktop/www/jdicms/Addons/IPlistener/Controller/IPlistenerController.class.php 第 104 行.
NOTIC: [2] file_get_contents(http://ip.taobao.com/service/getIpInfo.php?ip=::1): failed to open stream: php_network_getaddresses: getaddrinfo failed: nodename nor servname provided, or not known /Users/haoli/Desktop/www/jdicms/Addons/IPlistener/Controller/IPlistenerController.class.php 第 104 行.
NOTIC: [8] Trying to get property of non-object /Users/haoli/Desktop/www/jdicms/Addons/IPlistener/Controller/IPlistenerController.class.php 第 105 行.
NOTIC: [8] Trying to get property of non-object /Users/haoli/Desktop/www/jdicms/Addons/IPlistener/Controller/IPlistenerController.class.php 第 108 行.
SQL: SHOW COLUMNS FROM `jdi_iplistener` [ RunTime:0.002051s ]
SQL: INSERT INTO `jdi_iplistener` (`ip`,`visit_time`,`visit_url`,`city`,`isp`) VALUES ('::1',1427341345,'http://localhost/jdicms/','未知','未知') [ RunTime:0.000718s ]

[ 2015-03-26T11:43:07+08:00 ] ::1 /jdicms/
INFO: [ app_init ] --START--
INFO: Run Behavior\BuildLiteBehavior [ RunTime:0.000018s ]
INFO: Run Common\Behavior\InitHookBehavior [ RunTime:0.001228s ]
INFO: [ app_init ] --END-- [ RunTime:0.001689s ]
INFO: [ app_begin ] --START--
INFO: Run Behavior\ReadHtmlCacheBehavior [ RunTime:0.000615s ]
INFO: [ app_begin ] --END-- [ RunTime:0.000690s ]

[ 2015-03-26T11:43:08+08:00 ] ::1 /jdicms/index.php/Home/dispatch/execute_addons/_addons/IPlistener/_controller/IPlistener/_action/updateIp.html
INFO: [ app_init ] --START--
INFO: Run Behavior\BuildLiteBehavior [ RunTime:0.000022s ]
INFO: Run Common\Behavior\InitHookBehavior [ RunTime:0.001926s ]
INFO: [ app_init ] --END-- [ RunTime:0.002482s ]
INFO: [ app_begin ] --START--
INFO: Run Behavior\ReadHtmlCacheBehavior [ RunTime:0.000931s ]
INFO: [ app_begin ] --END-- [ RunTime:0.001208s ]
NOTIC: [8192] mysql_connect(): The mysql extension is deprecated and will be removed in the future: use mysqli or PDO instead /Users/haoli/Desktop/www/jdicms/ThinkPHP/Library/Think/Db/Driver/Mysql.class.php 第 52 行.
SQL: SHOW COLUMNS FROM `jdi_addons` [ RunTime:0.001688s ]
SQL: SELECT * FROM `jdi_addons` WHERE `name` = 'IPlistener' LIMIT 1   [ RunTime:0.000532s ]
NOTIC: [2] file_get_contents(): php_network_getaddresses: getaddrinfo failed: nodename nor servname provided, or not known /Users/haoli/Desktop/www/jdicms/Addons/IPlistener/Controller/IPlistenerController.class.php 第 104 行.
NOTIC: [2] file_get_contents(http://ip.taobao.com/service/getIpInfo.php?ip=::1): failed to open stream: php_network_getaddresses: getaddrinfo failed: nodename nor servname provided, or not known /Users/haoli/Desktop/www/jdicms/Addons/IPlistener/Controller/IPlistenerController.class.php 第 104 行.
NOTIC: [8] Trying to get property of non-object /Users/haoli/Desktop/www/jdicms/Addons/IPlistener/Controller/IPlistenerController.class.php 第 105 行.
NOTIC: [8] Trying to get property of non-object /Users/haoli/Desktop/www/jdicms/Addons/IPlistener/Controller/IPlistenerController.class.php 第 108 行.
SQL: SHOW COLUMNS FROM `jdi_iplistener` [ RunTime:0.001074s ]
SQL: INSERT INTO `jdi_iplistener` (`ip`,`visit_time`,`visit_url`,`city`,`isp`) VALUES ('::1',1427341388,'http://localhost/jdicms/','未知','未知') [ RunTime:0.000183s ]

[ 2015-03-26T11:43:09+08:00 ] ::1 /jdicms/index.php/Home/index/category/cate/erjifenlei/p/1.html
INFO: [ app_init ] --START--
INFO: Run Behavior\BuildLiteBehavior [ RunTime:0.000025s ]
INFO: Run Common\Behavior\InitHookBehavior [ RunTime:0.007226s ]
INFO: [ app_init ] --END-- [ RunTime:0.007899s ]
INFO: [ app_begin ] --START--
INFO: Run Behavior\ReadHtmlCacheBehavior [ RunTime:0.003170s ]
INFO: [ app_begin ] --END-- [ RunTime:0.003304s ]

[ 2015-03-26T11:43:11+08:00 ] ::1 /jdicms/index.php/Home/index/content/cate/erjifenlei/id/1.html
INFO: [ app_init ] --START--
INFO: Run Behavior\BuildLiteBehavior [ RunTime:0.000026s ]
INFO: Run Common\Behavior\InitHookBehavior [ RunTime:0.002032s ]
INFO: [ app_init ] --END-- [ RunTime:0.002736s ]
INFO: [ app_begin ] --START--
INFO: Run Behavior\ReadHtmlCacheBehavior [ RunTime:0.000631s ]
INFO: [ app_begin ] --END-- [ RunTime:0.000733s ]

[ 2015-03-26T11:44:33+08:00 ] ::1 /jdicms/index.php/Home/index/category/cate/jiagou/p/1.html
INFO: [ app_init ] --START--
INFO: Run Behavior\BuildLiteBehavior [ RunTime:0.000017s ]
INFO: Run Common\Behavior\InitHookBehavior [ RunTime:0.001329s ]
INFO: [ app_init ] --END-- [ RunTime:0.001734s ]
INFO: [ app_begin ] --START--
INFO: Run Behavior\ReadHtmlCacheBehavior [ RunTime:0.000732s ]
INFO: [ app_begin ] --END-- [ RunTime:0.000900s ]

[ 2015-03-26T11:44:33+08:00 ] ::1 /jdicms/index.php/Home/dispatch/execute_addons/_addons/IPlistener/_controller/IPlistener/_action/updateIp.html
INFO: [ app_init ] --START--
INFO: Run Behavior\BuildLiteBehavior [ RunTime:0.000026s ]
INFO: Run Common\Behavior\InitHookBehavior [ RunTime:0.001939s ]
INFO: [ app_init ] --END-- [ RunTime:0.002499s ]
INFO: [ app_begin ] --START--
INFO: Run Behavior\ReadHtmlCacheBehavior [ RunTime:0.000942s ]
INFO: [ app_begin ] --END-- [ RunTime:0.001178s ]
NOTIC: [8192] mysql_connect(): The mysql extension is deprecated and will be removed in the future: use mysqli or PDO instead /Users/haoli/Desktop/www/jdicms/ThinkPHP/Library/Think/Db/Driver/Mysql.class.php 第 52 行.
SQL: SHOW COLUMNS FROM `jdi_addons` [ RunTime:0.001657s ]
SQL: SELECT * FROM `jdi_addons` WHERE `name` = 'IPlistener' LIMIT 1   [ RunTime:0.000574s ]
NOTIC: [2] file_get_contents(): php_network_getaddresses: getaddrinfo failed: nodename nor servname provided, or not known /Users/haoli/Desktop/www/jdicms/Addons/IPlistener/Controller/IPlistenerController.class.php 第 104 行.
NOTIC: [2] file_get_contents(http://ip.taobao.com/service/getIpInfo.php?ip=::1): failed to open stream: php_network_getaddresses: getaddrinfo failed: nodename nor servname provided, or not known /Users/haoli/Desktop/www/jdicms/Addons/IPlistener/Controller/IPlistenerController.class.php 第 104 行.
NOTIC: [8] Trying to get property of non-object /Users/haoli/Desktop/www/jdicms/Addons/IPlistener/Controller/IPlistenerController.class.php 第 105 行.
NOTIC: [8] Trying to get property of non-object /Users/haoli/Desktop/www/jdicms/Addons/IPlistener/Controller/IPlistenerController.class.php 第 108 行.
SQL: SHOW COLUMNS FROM `jdi_iplistener` [ RunTime:0.000942s ]
SQL: INSERT INTO `jdi_iplistener` (`ip`,`visit_time`,`visit_url`,`city`,`isp`) VALUES ('::1',1427341473,'http://localhost/jdicms/index.php/Home/index/category/cate/jiagou/p/1.html','未知','未知') [ RunTime:0.000140s ]

[ 2015-03-26T11:49:10+08:00 ] ::1 /jdicms/index.php/Home/index/category/cate/xiazai/p/1.html
INFO: [ app_init ] --START--
INFO: Run Behavior\BuildLiteBehavior [ RunTime:0.000015s ]
INFO: Run Common\Behavior\InitHookBehavior [ RunTime:0.001054s ]
INFO: [ app_init ] --END-- [ RunTime:0.001388s ]
INFO: [ app_begin ] --START--
INFO: Run Behavior\ReadHtmlCacheBehavior [ RunTime:0.000385s ]
INFO: [ app_begin ] --END-- [ RunTime:0.000441s ]

[ 2015-03-26T11:49:11+08:00 ] ::1 /jdicms/index.php/Home/dispatch/execute_addons/_addons/IPlistener/_controller/IPlistener/_action/updateIp.html
INFO: [ app_init ] --START--
INFO: Run Behavior\BuildLiteBehavior [ RunTime:0.000028s ]
INFO: Run Common\Behavior\InitHookBehavior [ RunTime:0.002029s ]
INFO: [ app_init ] --END-- [ RunTime:0.002721s ]
INFO: [ app_begin ] --START--
INFO: Run Behavior\ReadHtmlCacheBehavior [ RunTime:0.000703s ]
INFO: [ app_begin ] --END-- [ RunTime:0.000850s ]
NOTIC: [8192] mysql_connect(): The mysql extension is deprecated and will be removed in the future: use mysqli or PDO instead /Users/haoli/Desktop/www/jdicms/ThinkPHP/Library/Think/Db/Driver/Mysql.class.php 第 52 行.
SQL: SHOW COLUMNS FROM `jdi_addons` [ RunTime:0.001489s ]
SQL: SELECT * FROM `jdi_addons` WHERE `name` = 'IPlistener' LIMIT 1   [ RunTime:0.000154s ]
NOTIC: [2] file_get_contents(): php_network_getaddresses: getaddrinfo failed: nodename nor servname provided, or not known /Users/haoli/Desktop/www/jdicms/Addons/IPlistener/Controller/IPlistenerController.class.php 第 104 行.
NOTIC: [2] file_get_contents(http://ip.taobao.com/service/getIpInfo.php?ip=::1): failed to open stream: php_network_getaddresses: getaddrinfo failed: nodename nor servname provided, or not known /Users/haoli/Desktop/www/jdicms/Addons/IPlistener/Controller/IPlistenerController.class.php 第 104 行.
NOTIC: [8] Trying to get property of non-object /Users/haoli/Desktop/www/jdicms/Addons/IPlistener/Controller/IPlistenerController.class.php 第 105 行.
NOTIC: [8] Trying to get property of non-object /Users/haoli/Desktop/www/jdicms/Addons/IPlistener/Controller/IPlistenerController.class.php 第 108 行.
SQL: SHOW COLUMNS FROM `jdi_iplistener` [ RunTime:0.001224s ]
SQL: INSERT INTO `jdi_iplistener` (`ip`,`visit_time`,`visit_url`,`city`,`isp`) VALUES ('::1',1427341750,'http://localhost/jdicms/index.php/Home/index/category/cate/xiazai/p/1.html','未知','未知') [ RunTime:0.001646s ]

[ 2015-03-26T12:36:55+08:00 ] ::1 /jdicms/index.php/Home/index/category/cate/xiazai/p/1.html
INFO: [ app_init ] --START--
INFO: Run Behavior\BuildLiteBehavior [ RunTime:0.000014s ]
INFO: Run Common\Behavior\InitHookBehavior [ RunTime:0.001082s ]
INFO: [ app_init ] --END-- [ RunTime:0.001415s ]
INFO: [ app_begin ] --START--
INFO: Run Behavior\ReadHtmlCacheBehavior [ RunTime:0.000482s ]
INFO: [ app_begin ] --END-- [ RunTime:0.000551s ]

[ 2015-03-26T12:37:03+08:00 ] ::1 /jdicms/index.php/
INFO: [ app_init ] --START--
INFO: Run Behavior\BuildLiteBehavior [ RunTime:0.000014s ]
INFO: Run Common\Behavior\InitHookBehavior [ RunTime:0.001095s ]
INFO: [ app_init ] --END-- [ RunTime:0.001430s ]
INFO: [ app_begin ] --START--
INFO: Run Behavior\ReadHtmlCacheBehavior [ RunTime:0.000392s ]
INFO: [ app_begin ] --END-- [ RunTime:0.000445s ]

[ 2015-03-26T12:37:39+08:00 ] ::1 /jdicms/index.php/
INFO: [ app_init ] --START--
INFO: Run Behavior\BuildLiteBehavior [ RunTime:0.000017s ]
INFO: Run Common\Behavior\InitHookBehavior [ RunTime:0.002023s ]
INFO: [ app_init ] --END-- [ RunTime:0.002566s ]
INFO: [ app_begin ] --START--
INFO: Run Behavior\ReadHtmlCacheBehavior [ RunTime:0.000481s ]
INFO: [ app_begin ] --END-- [ RunTime:0.000546s ]

[ 2015-03-26T12:38:00+08:00 ] ::1 /jdicms/index.php/
INFO: [ app_init ] --START--
INFO: Run Behavior\BuildLiteBehavior [ RunTime:0.000015s ]
INFO: Run Common\Behavior\InitHookBehavior [ RunTime:0.001118s ]
INFO: [ app_init ] --END-- [ RunTime:0.001502s ]
INFO: [ app_begin ] --START--
INFO: Run Behavior\ReadHtmlCacheBehavior [ RunTime:0.000463s ]
INFO: [ app_begin ] --END-- [ RunTime:0.000529s ]

[ 2015-03-26T15:52:51+08:00 ] ::1 /jdicms/
INFO: [ app_init ] --START--
INFO: Run Behavior\BuildLiteBehavior [ RunTime:0.000022s ]
INFO: Run Common\Behavior\InitHookBehavior [ RunTime:0.003413s ]
INFO: [ app_init ] --END-- [ RunTime:0.004216s ]
INFO: [ app_begin ] --START--
INFO: Run Behavior\ReadHtmlCacheBehavior [ RunTime:0.000903s ]
INFO: [ app_begin ] --END-- [ RunTime:0.000990s ]

[ 2015-03-26T15:53:05+08:00 ] ::1 /jdicms/index.php/Home/index/category/cate/xiazai/p/1.html
INFO: [ app_init ] --START--
INFO: Run Behavior\BuildLiteBehavior [ RunTime:0.000015s ]
INFO: Run Common\Behavior\InitHookBehavior [ RunTime:0.001113s ]
INFO: [ app_init ] --END-- [ RunTime:0.001456s ]
INFO: [ app_begin ] --START--
INFO: Run Behavior\ReadHtmlCacheBehavior [ RunTime:0.000415s ]
INFO: [ app_begin ] --END-- [ RunTime:0.000471s ]
NOTIC: [8192] mysql_connect(): The mysql extension is deprecated and will be removed in the future: use mysqli or PDO instead /Users/haoli/Desktop/www/jdicms/ThinkPHP/Library/Think/Db/Driver/Mysql.class.php 第 52 行.
SQL: SHOW COLUMNS FROM `jdi_model` [ RunTime:0.001899s ]
SQL: SELECT `name` FROM `jdi_model` WHERE `id` = 22 LIMIT 1   [ RunTime:0.000474s ]
SQL: SHOW COLUMNS FROM `jdi_download` [ RunTime:0.001148s ]
SQL: SELECT `id`,`title`,`uid`,`category_id`,`description`,`link`,`deadline`,`view`,`create_time`,`update_time`,`url`,`status`,`file`,`weight`,`is_up` FROM `jdi_download` WHERE `status` = 1 AND `category_id` = 9 AND `create_time` < 1427356385 AND ( deadline <= 0 OR deadline > 1427356385 ) ORDER BY `weight` DESC, `update_time` DESC LIMIT 0,10   [ RunTime:0.000490s ]
NOTIC: [8] Undefined index: cover /Users/haoli/Desktop/www/jdicms/Application/Common/Common/function.php 第 1441 行.
NOTIC: [8] Undefined index: auto_image /Users/haoli/Desktop/www/jdicms/Application/Common/Common/function.php 第 1443 行.
SQL: SELECT `name` FROM `jdi_model` WHERE `id` = 22 LIMIT 1   [ RunTime:0.000129s ]
SQL: SELECT COUNT(id) AS tp_count FROM `jdi_download` WHERE `status` = 1 AND `category_id` = 9 AND `create_time` < 1427356385 AND ( deadline <= 0 OR deadline > 1427356385 ) LIMIT 1   [ RunTime:0.000136s ]
INFO: [ view_parse ] --START--
INFO: [ template_filter ] --START--
INFO: Run Behavior\ContentReplaceBehavior [ RunTime:0.000051s ]
INFO: [ template_filter ] --END-- [ RunTime:0.000112s ]
INFO: Run Behavior\ParseTemplateBehavior [ RunTime:0.010080s ]
INFO: [ view_parse ] --END-- [ RunTime:0.010156s ]
INFO: [ view_filter ] --START--
INFO: Run Behavior\WriteHtmlCacheBehavior [ RunTime:0.000149s ]
INFO: [ view_filter ] --END-- [ RunTime:0.000189s ]
INFO: [ app_end ] --START--
INFO: Run Behavior\ShowPageTraceBehavior [ RunTime:0.000489s ]
INFO: [ app_end ] --END-- [ RunTime:0.000563s ]

[ 2015-03-26T15:53:07+08:00 ] ::1 /jdicms/index.php/Home/index/category/cate/jiagou/p/1.html
INFO: [ app_init ] --START--
INFO: Run Behavior\BuildLiteBehavior [ RunTime:0.000014s ]
INFO: Run Common\Behavior\InitHookBehavior [ RunTime:0.001071s ]
INFO: [ app_init ] --END-- [ RunTime:0.001402s ]
INFO: [ app_begin ] --START--
INFO: Run Behavior\ReadHtmlCacheBehavior [ RunTime:0.000386s ]
INFO: [ app_begin ] --END-- [ RunTime:0.000437s ]
NOTIC: [8192] mysql_connect(): The mysql extension is deprecated and will be removed in the future: use mysqli or PDO instead /Users/haoli/Desktop/www/jdicms/ThinkPHP/Library/Think/Db/Driver/Mysql.class.php 第 52 行.
SQL: SHOW COLUMNS FROM `jdi_model` [ RunTime:0.002393s ]
SQL: SELECT `name` FROM `jdi_model` WHERE `id` = 20 LIMIT 1   [ RunTime:0.000459s ]
SQL: SHOW COLUMNS FROM `jdi_article` [ RunTime:0.001410s ]
SQL: SELECT `id`,`title`,`uid`,`category_id`,`description`,`link`,`deadline`,`view`,`create_time`,`update_time`,`url`,`status`,`title_color`,`list_color`,`content`,`is_up`,`position`,`cover`,`extend`,`weight`,`keyword`,`auto_image` FROM `jdi_article` WHERE `status` = 1 AND `category_id` = 7 AND `create_time` < 1427356387 AND ( deadline <= 0 OR deadline > 1427356387 ) ORDER BY `weight` DESC, `update_time` DESC LIMIT 0,10   [ RunTime:0.000552s ]
SQL: SELECT `name` FROM `jdi_model` WHERE `id` = 20 LIMIT 1   [ RunTime:0.000135s ]
SQL: SELECT COUNT(id) AS tp_count FROM `jdi_article` WHERE `status` = 1 AND `category_id` = 7 AND `create_time` < 1427356387 AND ( deadline <= 0 OR deadline > 1427356387 ) LIMIT 1   [ RunTime:0.000116s ]
INFO: [ view_parse ] --START--
INFO: [ template_filter ] --START--
INFO: Run Behavior\ContentReplaceBehavior [ RunTime:0.000048s ]
INFO: [ template_filter ] --END-- [ RunTime:0.000105s ]
INFO: Run Behavior\ParseTemplateBehavior [ RunTime:0.008463s ]
INFO: [ view_parse ] --END-- [ RunTime:0.008518s ]
INFO: [ view_filter ] --START--
INFO: Run Behavior\WriteHtmlCacheBehavior [ RunTime:0.000118s ]
INFO: [ view_filter ] --END-- [ RunTime:0.000155s ]
INFO: [ app_end ] --START--
INFO: Run Behavior\ShowPageTraceBehavior [ RunTime:0.000423s ]
INFO: [ app_end ] --END-- [ RunTime:0.000465s ]

[ 2015-03-26T15:53:09+08:00 ] ::1 /jdicms/index.php/Home/index/category/cate/php/p/1.html
INFO: [ app_init ] --START--
INFO: Run Behavior\BuildLiteBehavior [ RunTime:0.000017s ]
INFO: Run Common\Behavior\InitHookBehavior [ RunTime:0.001255s ]
INFO: [ app_init ] --END-- [ RunTime:0.001644s ]
INFO: [ app_begin ] --START--
INFO: Run Behavior\ReadHtmlCacheBehavior [ RunTime:0.000443s ]
INFO: [ app_begin ] --END-- [ RunTime:0.000501s ]
NOTIC: [8192] mysql_connect(): The mysql extension is deprecated and will be removed in the future: use mysqli or PDO instead /Users/haoli/Desktop/www/jdicms/ThinkPHP/Library/Think/Db/Driver/Mysql.class.php 第 52 行.
SQL: SHOW COLUMNS FROM `jdi_model` [ RunTime:0.002900s ]
SQL: SELECT `name` FROM `jdi_model` WHERE `id` = 20 LIMIT 1   [ RunTime:0.000145s ]
SQL: SHOW COLUMNS FROM `jdi_article` [ RunTime:0.001416s ]
SQL: SELECT `id`,`title`,`uid`,`category_id`,`description`,`link`,`deadline`,`view`,`create_time`,`update_time`,`url`,`status`,`title_color`,`list_color`,`content`,`is_up`,`position`,`cover`,`extend`,`weight`,`keyword`,`auto_image` FROM `jdi_article` WHERE `status` = 1 AND `category_id` = 6 AND `create_time` < 1427356389 AND ( deadline <= 0 OR deadline > 1427356389 ) ORDER BY `weight` DESC, `update_time` DESC LIMIT 0,10   [ RunTime:0.000180s ]
SQL: SELECT `name` FROM `jdi_model` WHERE `id` = 20 LIMIT 1   [ RunTime:0.000093s ]
SQL: SELECT COUNT(id) AS tp_count FROM `jdi_article` WHERE `status` = 1 AND `category_id` = 6 AND `create_time` < 1427356389 AND ( deadline <= 0 OR deadline > 1427356389 ) LIMIT 1   [ RunTime:0.000108s ]
INFO: [ view_parse ] --START--
INFO: [ template_filter ] --START--
INFO: Run Behavior\ContentReplaceBehavior [ RunTime:0.000056s ]
INFO: [ template_filter ] --END-- [ RunTime:0.000122s ]
INFO: Run Behavior\ParseTemplateBehavior [ RunTime:0.010216s ]
INFO: [ view_parse ] --END-- [ RunTime:0.010285s ]
INFO: [ view_filter ] --START--
INFO: Run Behavior\WriteHtmlCacheBehavior [ RunTime:0.000160s ]
INFO: [ view_filter ] --END-- [ RunTime:0.000216s ]
INFO: [ app_end ] --START--
INFO: Run Behavior\ShowPageTraceBehavior [ RunTime:0.000839s ]
INFO: [ app_end ] --END-- [ RunTime:0.000939s ]

[ 2015-03-26T15:53:13+08:00 ] ::1 /jdicms/index.php/Home/index/category/cate/sui/p/1.html
INFO: [ app_init ] --START--
INFO: Run Behavior\BuildLiteBehavior [ RunTime:0.000016s ]
INFO: Run Common\Behavior\InitHookBehavior [ RunTime:0.001255s ]
INFO: [ app_init ] --END-- [ RunTime:0.001713s ]
INFO: [ app_begin ] --START--
INFO: Run Behavior\ReadHtmlCacheBehavior [ RunTime:0.000454s ]
INFO: [ app_begin ] --END-- [ RunTime:0.000513s ]
NOTIC: [8192] mysql_connect(): The mysql extension is deprecated and will be removed in the future: use mysqli or PDO instead /Users/haoli/Desktop/www/jdicms/ThinkPHP/Library/Think/Db/Driver/Mysql.class.php 第 52 行.
SQL: SHOW COLUMNS FROM `jdi_node` [ RunTime:0.001843s ]
SQL: SELECT * FROM `jdi_node` WHERE `status` = 1 AND `type` IN ('1','2','3') AND `symbol` = 'sui' LIMIT 1   [ RunTime:0.000186s ]
SQL: SHOW COLUMNS FROM `jdi_model` [ RunTime:0.001363s ]
SQL: SELECT `name` FROM `jdi_model` WHERE `id` = 20 LIMIT 1   [ RunTime:0.000147s ]
SQL: SHOW COLUMNS FROM `jdi_article` [ RunTime:0.001444s ]
SQL: SELECT `id`,`title`,`uid`,`category_id`,`description`,`link`,`deadline`,`view`,`create_time`,`update_time`,`url`,`status`,`title_color`,`list_color`,`content`,`is_up`,`position`,`cover`,`extend`,`weight`,`keyword`,`auto_image` FROM `jdi_article` WHERE `status` = 1 AND `category_id` = 4 AND `create_time` < 1427356393 AND ( deadline <= 0 OR deadline > 1427356393 ) ORDER BY `weight` DESC, `update_time` DESC LIMIT 0,10   [ RunTime:0.000192s ]
SQL: SELECT `name` FROM `jdi_model` WHERE `id` = 20 LIMIT 1   [ RunTime:0.000146s ]
SQL: SELECT COUNT(id) AS tp_count FROM `jdi_article` WHERE `status` = 1 AND `category_id` = 4 AND `create_time` < 1427356393 AND ( deadline <= 0 OR deadline > 1427356393 ) LIMIT 1   [ RunTime:0.000116s ]
INFO: [ view_parse ] --START--
INFO: [ template_filter ] --START--
INFO: Run Behavior\ContentReplaceBehavior [ RunTime:0.000116s ]
INFO: [ template_filter ] --END-- [ RunTime:0.000232s ]
INFO: Run Behavior\ParseTemplateBehavior [ RunTime:0.008630s ]
INFO: [ view_parse ] --END-- [ RunTime:0.008707s ]
INFO: [ view_filter ] --START--
INFO: Run Behavior\WriteHtmlCacheBehavior [ RunTime:0.000162s ]
INFO: [ view_filter ] --END-- [ RunTime:0.000232s ]
INFO: [ app_end ] --START--
INFO: Run Behavior\ShowPageTraceBehavior [ RunTime:0.000618s ]
INFO: [ app_end ] --END-- [ RunTime:0.000719s ]

[ 2015-03-26T15:53:16+08:00 ] ::1 /jdicms/index.php/Home/index/category/cate/jiagou/p/1.html
INFO: [ app_init ] --START--
INFO: Run Behavior\BuildLiteBehavior [ RunTime:0.000015s ]
INFO: Run Common\Behavior\InitHookBehavior [ RunTime:0.001102s ]
INFO: [ app_init ] --END-- [ RunTime:0.001449s ]
INFO: [ app_begin ] --START--
INFO: Run Behavior\ReadHtmlCacheBehavior [ RunTime:0.000396s ]
INFO: [ app_begin ] --END-- [ RunTime:0.000445s ]
NOTIC: [8192] mysql_connect(): The mysql extension is deprecated and will be removed in the future: use mysqli or PDO instead /Users/haoli/Desktop/www/jdicms/ThinkPHP/Library/Think/Db/Driver/Mysql.class.php 第 52 行.
SQL: SHOW COLUMNS FROM `jdi_model` [ RunTime:0.002453s ]
SQL: SELECT `name` FROM `jdi_model` WHERE `id` = 20 LIMIT 1   [ RunTime:0.000170s ]
SQL: SHOW COLUMNS FROM `jdi_article` [ RunTime:0.001555s ]
SQL: SELECT `id`,`title`,`uid`,`category_id`,`description`,`link`,`deadline`,`view`,`create_time`,`update_time`,`url`,`status`,`title_color`,`list_color`,`content`,`is_up`,`position`,`cover`,`extend`,`weight`,`keyword`,`auto_image` FROM `jdi_article` WHERE `status` = 1 AND `category_id` = 7 AND `create_time` < 1427356396 AND ( deadline <= 0 OR deadline > 1427356396 ) ORDER BY `weight` DESC, `update_time` DESC LIMIT 0,10   [ RunTime:0.000203s ]
SQL: SELECT `name` FROM `jdi_model` WHERE `id` = 20 LIMIT 1   [ RunTime:0.000104s ]
SQL: SELECT COUNT(id) AS tp_count FROM `jdi_article` WHERE `status` = 1 AND `category_id` = 7 AND `create_time` < 1427356396 AND ( deadline <= 0 OR deadline > 1427356396 ) LIMIT 1   [ RunTime:0.000101s ]
INFO: [ view_parse ] --START--
INFO: [ template_filter ] --START--
INFO: Run Behavior\ContentReplaceBehavior [ RunTime:0.000100s ]
INFO: [ template_filter ] --END-- [ RunTime:0.000185s ]
INFO: Run Behavior\ParseTemplateBehavior [ RunTime:0.010411s ]
INFO: [ view_parse ] --END-- [ RunTime:0.010484s ]
INFO: [ view_filter ] --START--
INFO: Run Behavior\WriteHtmlCacheBehavior [ RunTime:0.000143s ]
INFO: [ view_filter ] --END-- [ RunTime:0.000184s ]
INFO: [ app_end ] --START--
INFO: Run Behavior\ShowPageTraceBehavior [ RunTime:0.000606s ]
INFO: [ app_end ] --END-- [ RunTime:0.000715s ]

[ 2015-03-26T15:53:18+08:00 ] ::1 /jdicms/index.php/Home/index/category/cate/wo/p/1.html
INFO: [ app_init ] --START--
INFO: Run Behavior\BuildLiteBehavior [ RunTime:0.000033s ]
INFO: Run Common\Behavior\InitHookBehavior [ RunTime:0.002065s ]
INFO: [ app_init ] --END-- [ RunTime:0.003010s ]
INFO: [ app_begin ] --START--
INFO: Run Behavior\ReadHtmlCacheBehavior [ RunTime:0.000416s ]
INFO: [ app_begin ] --END-- [ RunTime:0.000470s ]
NOTIC: [8192] mysql_connect(): The mysql extension is deprecated and will be removed in the future: use mysqli or PDO instead /Users/haoli/Desktop/www/jdicms/ThinkPHP/Library/Think/Db/Driver/Mysql.class.php 第 52 行.
SQL: SHOW COLUMNS FROM `jdi_model` [ RunTime:0.001132s ]
SQL: SELECT `name` FROM `jdi_model` WHERE `id` = 20 LIMIT 1   [ RunTime:0.000124s ]
SQL: SHOW COLUMNS FROM `jdi_article` [ RunTime:0.001302s ]
SQL: SELECT * FROM `jdi_article` WHERE `status` = 1 AND `category_id` = 3 AND `create_time` < 1427356398 AND ( deadline <= 0 OR deadline > 1427356398 ) LIMIT 1   [ RunTime:0.000170s ]
SQL: UPDATE `jdi_article` SET `view`=view+1 WHERE `status` = 1 AND `category_id` = 3 AND `create_time` < 1427356398 AND ( deadline <= 0 OR deadline > 1427356398 ) [ RunTime:0.000839s ]
NOTIC: [8] Undefined index: picture /Users/haoli/Desktop/www/jdicms/Application/Home/Controller/IndexController.class.php 第 110 行.
INFO: [ view_parse ] --START--
INFO: [ template_filter ] --START--
INFO: Run Behavior\ContentReplaceBehavior [ RunTime:0.000048s ]
INFO: [ template_filter ] --END-- [ RunTime:0.000103s ]
NOTIC: [8] Use of undefined constant info - assumed 'info' /Users/haoli/Desktop/www/jdicms/Runtime/Cache/Home/e2fb648bf6a7e1f4efeeafd5358b0756.php 第 19 行.
NOTIC: [8] Use of undefined constant title_color - assumed 'title_color' /Users/haoli/Desktop/www/jdicms/Runtime/Cache/Home/e2fb648bf6a7e1f4efeeafd5358b0756.php 第 19 行.
INFO: Run Behavior\ParseTemplateBehavior [ RunTime:0.006971s ]
INFO: [ view_parse ] --END-- [ RunTime:0.007015s ]
INFO: [ view_filter ] --START--
INFO: Run Behavior\WriteHtmlCacheBehavior [ RunTime:0.000120s ]
INFO: [ view_filter ] --END-- [ RunTime:0.000158s ]
INFO: [ app_end ] --START--
INFO: Run Behavior\ShowPageTraceBehavior [ RunTime:0.000420s ]
INFO: [ app_end ] --END-- [ RunTime:0.000460s ]

[ 2015-03-26T15:54:02+08:00 ] ::1 /jdicms/index.php/Home/index/category/cate/xiazai/p/1.html
INFO: [ app_init ] --START--
INFO: Run Behavior\BuildLiteBehavior [ RunTime:0.000021s ]
INFO: Run Common\Behavior\InitHookBehavior [ RunTime:0.001271s ]
INFO: [ app_init ] --END-- [ RunTime:0.001710s ]
INFO: [ app_begin ] --START--
INFO: Run Behavior\ReadHtmlCacheBehavior [ RunTime:0.000595s ]
INFO: [ app_begin ] --END-- [ RunTime:0.000667s ]
NOTIC: [8192] mysql_connect(): The mysql extension is deprecated and will be removed in the future: use mysqli or PDO instead /Users/haoli/Desktop/www/jdicms/ThinkPHP/Library/Think/Db/Driver/Mysql.class.php 第 52 行.
SQL: SHOW COLUMNS FROM `jdi_model` [ RunTime:0.001372s ]
SQL: SELECT `name` FROM `jdi_model` WHERE `id` = 22 LIMIT 1   [ RunTime:0.000153s ]
SQL: SHOW COLUMNS FROM `jdi_download` [ RunTime:0.001087s ]
SQL: SELECT `id`,`title`,`uid`,`category_id`,`description`,`link`,`deadline`,`view`,`create_time`,`update_time`,`url`,`status`,`file`,`weight`,`is_up` FROM `jdi_download` WHERE `status` = 1 AND `category_id` = 9 AND `create_time` < 1427356441 AND ( deadline <= 0 OR deadline > 1427356441 ) ORDER BY `weight` DESC, `update_time` DESC LIMIT 0,10   [ RunTime:0.000181s ]
NOTIC: [8] Undefined index: cover /Users/haoli/Desktop/www/jdicms/Application/Common/Common/function.php 第 1441 行.
NOTIC: [8] Undefined index: auto_image /Users/haoli/Desktop/www/jdicms/Application/Common/Common/function.php 第 1443 行.
SQL: SELECT `name` FROM `jdi_model` WHERE `id` = 22 LIMIT 1   [ RunTime:0.000094s ]
SQL: SELECT COUNT(id) AS tp_count FROM `jdi_download` WHERE `status` = 1 AND `category_id` = 9 AND `create_time` < 1427356441 AND ( deadline <= 0 OR deadline > 1427356441 ) LIMIT 1   [ RunTime:0.000102s ]
INFO: [ view_parse ] --START--
INFO: [ template_filter ] --START--
INFO: Run Behavior\ContentReplaceBehavior [ RunTime:0.000190s ]
INFO: [ template_filter ] --END-- [ RunTime:0.000361s ]
NOTIC: [8] Undefined variable: index_style /Users/haoli/Desktop/www/jdicms/Runtime/Cache/Home/18b98f8b566bebcae21a585ab4705295.php 第 75 行.
SQL: SHOW COLUMNS FROM `jdi_node` [ RunTime:0.001451s ]
SQL: SELECT * FROM `jdi_node` WHERE `status` = 1 AND `type` IN ('1','2','3') AND `pid` = 0 ORDER BY sort  [ RunTime:0.000982s ]
SQL: SELECT COUNT(*) AS tp_count FROM `jdi_node` WHERE `pid` = 7 AND `status` = 1 AND `type` IN ('1','2','3') AND `index_show` = 1 LIMIT 1   [ RunTime:0.000203s ]
SQL: SELECT COUNT(*) AS tp_count FROM `jdi_node` WHERE `pid` = 9 AND `status` = 1 AND `type` IN ('1','2','3') AND `index_show` = 1 LIMIT 1   [ RunTime:0.000114s ]
SQL: SELECT COUNT(*) AS tp_count FROM `jdi_node` WHERE `pid` = 4 AND `status` = 1 AND `type` IN ('1','2','3') AND `index_show` = 1 LIMIT 1   [ RunTime:0.000109s ]
SQL: SELECT COUNT(*) AS tp_count FROM `jdi_node` WHERE `pid` = 6 AND `status` = 1 AND `type` IN ('1','2','3') AND `index_show` = 1 LIMIT 1   [ RunTime:0.000109s ]
SQL: SELECT COUNT(*) AS tp_count FROM `jdi_node` WHERE `pid` = 3 AND `status` = 1 AND `type` IN ('1','2','3') AND `index_show` = 1 LIMIT 1   [ RunTime:0.000098s ]
SQL: SELECT * FROM `jdi_node` WHERE `status` = 1 AND `pid` = 4 AND `type` IN ('1','2','3') ORDER BY sort  [ RunTime:0.000133s ]
NOTIC: [8] Undefined index: list_color /Users/haoli/Desktop/www/jdicms/Runtime/Cache/Home/18b98f8b566bebcae21a585ab4705295.php 第 146 行.
SQL: SHOW COLUMNS FROM `jdi_member` [ RunTime:0.001382s ]
SQL: SELECT * FROM `jdi_member` WHERE `id` = 1 LIMIT 1   [ RunTime:0.000476s ]
INFO: [ pageFooter ] --START--
SQL: SHOW COLUMNS FROM `jdi_addons` [ RunTime:0.002400s ]
SQL: SELECT `config` FROM `jdi_addons` WHERE `name` = 'IPlistener' AND `status` = 1 LIMIT 1   [ RunTime:0.000943s ]
INFO: [ view_parse ] --START--
INFO: [ template_filter ] --START--
INFO: Run Behavior\ContentReplaceBehavior [ RunTime:0.000081s ]
INFO: [ template_filter ] --END-- [ RunTime:-0.028874s ]
INFO: Run Behavior\ParseTemplateBehavior [ RunTime:0.004712s ]
INFO: [ view_parse ] --END-- [ RunTime:0.004973s ]
INFO: [ view_filter ] --START--
INFO: Run Behavior\WriteHtmlCacheBehavior [ RunTime:0.000980s ]
INFO: [ view_filter ] --END-- [ RunTime:0.001189s ]
INFO: Run Addons\IPlistener\IPlistenerAddon [ RunTime:0.013420s ]
INFO: [ pageFooter ] --END-- [ RunTime:0.013498s ]
INFO: Run Behavior\ParseTemplateBehavior [ RunTime:0.006470s ]
INFO: [ view_parse ] --END-- [ RunTime:0.004973s ]
INFO: [ view_filter ] --START--
INFO: Run Behavior\WriteHtmlCacheBehavior [ RunTime:0.000048s ]
INFO: [ view_filter ] --END-- [ RunTime:-0.000464s ]
INFO: [ app_end ] --START--
INFO: Run Behavior\ShowPageTraceBehavior [ RunTime:0.000902s ]
INFO: [ app_end ] --END-- [ RunTime:0.001013s ]

