[ 2015-01-26T10:06:05+08:00 ] ::1 /jdicms/
INFO: [ app_init ] --START--
INFO: Run Behavior\BuildLiteBehavior [ RunTime:0.000033s ]
INFO: Run Common\Behavior\InitHookBehavior [ RunTime:0.002157s ]
INFO: [ app_init ] --END-- [ RunTime:0.002983s ]
INFO: [ app_begin ] --START--
INFO: Run Behavior\ReadHtmlCacheBehavior [ RunTime:0.000672s ]
INFO: [ app_begin ] --END-- [ RunTime:0.000770s ]

[ 2015-01-26T10:06:07+08:00 ] ::1 /jdicms/Index-category-id-MDAwMDAwMDAwMIZycqI.html
INFO: [ app_init ] --START--
INFO: Run Behavior\BuildLiteBehavior [ RunTime:0.000028s ]
INFO: Run Common\Behavior\InitHookBehavior [ RunTime:0.001958s ]
INFO: [ app_init ] --END-- [ RunTime:0.002629s ]
INFO: [ app_begin ] --START--
INFO: Run Behavior\ReadHtmlCacheBehavior [ RunTime:0.000403s ]
INFO: [ app_begin ] --END-- [ RunTime:0.000453s ]
NOTIC: [8192] mysql_connect(): The mysql extension is deprecated and will be removed in the future: use mysqli or PDO instead /Users/haoli/Desktop/www/jdicms/ThinkPHP/Library/Think/Db/Driver/Mysql.class.php 第 52 行.
SQL: SHOW COLUMNS FROM `jdi_node` [ RunTime:0.001976s ]
SQL: SELECT COUNT(*) AS tp_count FROM `jdi_node` WHERE `pid` = 4 AND `status` = 1 AND `type` IN ('1','2','3') LIMIT 1   [ RunTime:0.000253s ]
SQL: SHOW COLUMNS FROM `jdi_model` [ RunTime:0.001302s ]
SQL: SELECT `name` FROM `jdi_model` WHERE `id` = 20 LIMIT 1   [ RunTime:0.000490s ]
SQL: SHOW COLUMNS FROM `jdi_article` [ RunTime:0.001307s ]
SQL: SELECT `id`,`title`,`uid`,`category_id`,`description`,`link`,`deadline`,`view`,`create_time`,`update_time`,`url`,`status`,`title_color`,`list_color`,`content`,`is_up`,`position`,`cover`,`extend`,`weight`,`keyword`,`auto_image` FROM `jdi_article` WHERE `status` = 1 AND `category_id` = 4 AND `create_time` < 1422237967 AND ( deadline <= 0 OR deadline > 1422237967 ) ORDER BY `weight` DESC, `update_time` DESC LIMIT 0,10   [ RunTime:0.001091s ]
NOTIC: [2] Missing argument 2 for content_url(), called in /Users/haoli/Desktop/www/jdicms/Application/Common/Api/DocumentApi.class.php on line 75 and defined /Users/haoli/Desktop/www/jdicms/Application/Common/Common/function.php 第 976 行.
NOTIC: [8] Undefined variable: fun /Users/haoli/Desktop/www/jdicms/Application/Common/Common/function.php 第 1013 行.
NOTIC: [8] Undefined variable: fun /Users/haoli/Desktop/www/jdicms/Application/Common/Common/function.php 第 1013 行.
NOTIC: [8] Undefined variable: fun /Users/haoli/Desktop/www/jdicms/Application/Common/Common/function.php 第 1013 行.
SQL: SELECT `name` FROM `jdi_model` WHERE `id` = 20 LIMIT 1   [ RunTime:0.000193s ]
SQL: SELECT COUNT(id) AS tp_count FROM `jdi_article` WHERE `status` = 1 AND `category_id` = 4 AND `create_time` < 1422237967 AND ( deadline <= 0 OR deadline > 1422237967 ) LIMIT 1   [ RunTime:0.000155s ]
INFO: [ view_parse ] --START--
INFO: [ template_filter ] --START--
INFO: Run Behavior\ContentReplaceBehavior [ RunTime:0.000123s ]
INFO: [ template_filter ] --END-- [ RunTime:0.000225s ]
INFO: Run Behavior\ParseTemplateBehavior [ RunTime:0.009058s ]
INFO: [ view_parse ] --END-- [ RunTime:0.009123s ]
INFO: [ view_filter ] --START--
INFO: Run Behavior\WriteHtmlCacheBehavior [ RunTime:0.000140s ]
INFO: [ view_filter ] --END-- [ RunTime:0.000180s ]
INFO: [ app_end ] --START--
INFO: Run Behavior\ShowPageTraceBehavior [ RunTime:0.000505s ]
INFO: [ app_end ] --END-- [ RunTime:0.000563s ]

[ 2015-01-26T10:06:09+08:00 ] ::1 /jdicms/Index-content-id-MDAwMDAwMDAwMIWYcqI-catid-MDAwMDAwMDAwMIZycqI.html
INFO: [ app_init ] --START--
INFO: Run Behavior\BuildLiteBehavior [ RunTime:0.000034s ]
INFO: Run Common\Behavior\InitHookBehavior [ RunTime:0.001675s ]
INFO: [ app_init ] --END-- [ RunTime:0.002279s ]
INFO: [ app_begin ] --START--
INFO: Run Behavior\ReadHtmlCacheBehavior [ RunTime:0.000634s ]
INFO: [ app_begin ] --END-- [ RunTime:0.000732s ]
NOTIC: [8192] mysql_connect(): The mysql extension is deprecated and will be removed in the future: use mysqli or PDO instead /Users/haoli/Desktop/www/jdicms/ThinkPHP/Library/Think/Db/Driver/Mysql.class.php 第 52 行.
SQL: SHOW COLUMNS FROM `jdi_model` [ RunTime:0.001998s ]
SQL: SELECT `name` FROM `jdi_model` WHERE `id` = 20 LIMIT 1   [ RunTime:0.000145s ]
NOTIC: [2048] call_user_func_array() expects parameter 1 to be a valid callback, non-static method Common\Api\DocumentApi::record() should not be called statically /Users/haoli/Desktop/www/jdicms/Application/Common/Common/function.php 第 925 行.
SQL: SHOW COLUMNS FROM `jdi_article` [ RunTime:0.001220s ]
SQL: SELECT * FROM `jdi_article` WHERE `status` = 1 AND `category_id` = 4 AND `create_time` < 1422237969 AND ( deadline <= 0 OR deadline > 1422237969 ) AND `id` = 2 LIMIT 1   [ RunTime:0.000220s ]
SQL: UPDATE `jdi_article` SET `view`=view+1 WHERE `status` = 1 AND `category_id` = 4 AND `create_time` < 1422237969 AND ( deadline <= 0 OR deadline > 1422237969 ) AND `id` = 2 [ RunTime:0.000148s ]
NOTIC: [2] Missing argument 2 for content_url(), called in /Users/haoli/Desktop/www/jdicms/Application/Common/Api/DocumentApi.class.php on line 182 and defined /Users/haoli/Desktop/www/jdicms/Application/Common/Common/function.php 第 976 行.
NOTIC: [8] Undefined variable: fun /Users/haoli/Desktop/www/jdicms/Application/Common/Common/function.php 第 1052 行.
NOTIC: [8] Undefined index: picture /Users/haoli/Desktop/www/jdicms/Application/Home/Controller/IndexController.class.php 第 212 行.
INFO: [ view_parse ] --START--
INFO: [ template_filter ] --START--
INFO: Run Behavior\ContentReplaceBehavior [ RunTime:0.000060s ]
INFO: [ template_filter ] --END-- [ RunTime:0.000133s ]
NOTIC: [8] Use of undefined constant info - assumed 'info' /Users/haoli/Desktop/www/jdicms/Application/Runtime/Cache/Home/5efb7af9eb76ab50b442d65b06e8fa8f.php 第 19 行.
NOTIC: [8] Use of undefined constant title_color - assumed 'title_color' /Users/haoli/Desktop/www/jdicms/Application/Runtime/Cache/Home/5efb7af9eb76ab50b442d65b06e8fa8f.php 第 19 行.
INFO: Run Behavior\ParseTemplateBehavior [ RunTime:0.006681s ]
INFO: [ view_parse ] --END-- [ RunTime:0.006726s ]
INFO: [ view_filter ] --START--
INFO: Run Behavior\WriteHtmlCacheBehavior [ RunTime:0.000115s ]
INFO: [ view_filter ] --END-- [ RunTime:0.000156s ]
INFO: [ app_end ] --START--
INFO: Run Behavior\ShowPageTraceBehavior [ RunTime:0.000591s ]
INFO: [ app_end ] --END-- [ RunTime:0.000682s ]

[ 2015-01-26T10:06:11+08:00 ] ::1 /jdicms/Index-category-id-MDAwMDAwMDAwMIZycqI.html
INFO: [ app_init ] --START--
INFO: Run Behavior\BuildLiteBehavior [ RunTime:0.000015s ]
INFO: Run Common\Behavior\InitHookBehavior [ RunTime:0.001085s ]
INFO: [ app_init ] --END-- [ RunTime:0.001426s ]
INFO: [ app_begin ] --START--
INFO: Run Behavior\ReadHtmlCacheBehavior [ RunTime:0.000382s ]
INFO: [ app_begin ] --END-- [ RunTime:0.000429s ]
NOTIC: [8192] mysql_connect(): The mysql extension is deprecated and will be removed in the future: use mysqli or PDO instead /Users/haoli/Desktop/www/jdicms/ThinkPHP/Library/Think/Db/Driver/Mysql.class.php 第 52 行.
SQL: SHOW COLUMNS FROM `jdi_node` [ RunTime:0.001907s ]
SQL: SELECT COUNT(*) AS tp_count FROM `jdi_node` WHERE `pid` = 4 AND `status` = 1 AND `type` IN ('1','2','3') LIMIT 1   [ RunTime:0.000217s ]
SQL: SHOW COLUMNS FROM `jdi_model` [ RunTime:0.001710s ]
SQL: SELECT `name` FROM `jdi_model` WHERE `id` = 20 LIMIT 1   [ RunTime:0.000476s ]
SQL: SHOW COLUMNS FROM `jdi_article` [ RunTime:0.001342s ]
SQL: SELECT `id`,`title`,`uid`,`category_id`,`description`,`link`,`deadline`,`view`,`create_time`,`update_time`,`url`,`status`,`title_color`,`list_color`,`content`,`is_up`,`position`,`cover`,`extend`,`weight`,`keyword`,`auto_image` FROM `jdi_article` WHERE `status` = 1 AND `category_id` = 4 AND `create_time` < 1422237971 AND ( deadline <= 0 OR deadline > 1422237971 ) ORDER BY `weight` DESC, `update_time` DESC LIMIT 0,10   [ RunTime:0.000475s ]
NOTIC: [2] Missing argument 2 for content_url(), called in /Users/haoli/Desktop/www/jdicms/Application/Common/Api/DocumentApi.class.php on line 75 and defined /Users/haoli/Desktop/www/jdicms/Application/Common/Common/function.php 第 976 行.
NOTIC: [8] Undefined variable: fun /Users/haoli/Desktop/www/jdicms/Application/Common/Common/function.php 第 1013 行.
NOTIC: [8] Undefined variable: fun /Users/haoli/Desktop/www/jdicms/Application/Common/Common/function.php 第 1013 行.
NOTIC: [8] Undefined variable: fun /Users/haoli/Desktop/www/jdicms/Application/Common/Common/function.php 第 1013 行.
SQL: SELECT `name` FROM `jdi_model` WHERE `id` = 20 LIMIT 1   [ RunTime:0.000166s ]
SQL: SELECT COUNT(id) AS tp_count FROM `jdi_article` WHERE `status` = 1 AND `category_id` = 4 AND `create_time` < 1422237971 AND ( deadline <= 0 OR deadline > 1422237971 ) LIMIT 1   [ RunTime:0.000157s ]
INFO: [ view_parse ] --START--
INFO: [ template_filter ] --START--
INFO: Run Behavior\ContentReplaceBehavior [ RunTime:0.000125s ]
INFO: [ template_filter ] --END-- [ RunTime:0.000378s ]
INFO: Run Behavior\ParseTemplateBehavior [ RunTime:0.012288s ]
INFO: [ view_parse ] --END-- [ RunTime:0.012408s ]
INFO: [ view_filter ] --START--
INFO: Run Behavior\WriteHtmlCacheBehavior [ RunTime:0.000277s ]
INFO: [ view_filter ] --END-- [ RunTime:0.000361s ]
INFO: [ app_end ] --START--
INFO: Run Behavior\ShowPageTraceBehavior [ RunTime:0.000894s ]
INFO: [ app_end ] --END-- [ RunTime:0.001016s ]

[ 2015-01-26T10:06:14+08:00 ] ::1 /jdicms/Index-content-id-MDAwMDAwMDAwMIZycqI-catid-MDAwMDAwMDAwMIZycqI.html
INFO: [ app_init ] --START--
INFO: Run Behavior\BuildLiteBehavior [ RunTime:0.000030s ]
INFO: Run Common\Behavior\InitHookBehavior [ RunTime:0.001290s ]
INFO: [ app_init ] --END-- [ RunTime:0.001913s ]
INFO: [ app_begin ] --START--
INFO: Run Behavior\ReadHtmlCacheBehavior [ RunTime:0.000455s ]
INFO: [ app_begin ] --END-- [ RunTime:0.000517s ]
NOTIC: [8192] mysql_connect(): The mysql extension is deprecated and will be removed in the future: use mysqli or PDO instead /Users/haoli/Desktop/www/jdicms/ThinkPHP/Library/Think/Db/Driver/Mysql.class.php 第 52 行.
SQL: SHOW COLUMNS FROM `jdi_model` [ RunTime:0.001950s ]
SQL: SELECT `name` FROM `jdi_model` WHERE `id` = 20 LIMIT 1   [ RunTime:0.000124s ]
NOTIC: [2048] call_user_func_array() expects parameter 1 to be a valid callback, non-static method Common\Api\DocumentApi::record() should not be called statically /Users/haoli/Desktop/www/jdicms/Application/Common/Common/function.php 第 925 行.
SQL: SHOW COLUMNS FROM `jdi_article` [ RunTime:0.001340s ]
SQL: SELECT * FROM `jdi_article` WHERE `status` = 1 AND `category_id` = 4 AND `create_time` < 1422237974 AND ( deadline <= 0 OR deadline > 1422237974 ) AND `id` = 4 LIMIT 1   [ RunTime:0.000363s ]
SQL: UPDATE `jdi_article` SET `view`=view+1 WHERE `status` = 1 AND `category_id` = 4 AND `create_time` < 1422237974 AND ( deadline <= 0 OR deadline > 1422237974 ) AND `id` = 4 [ RunTime:0.000298s ]
NOTIC: [2] Missing argument 2 for content_url(), called in /Users/haoli/Desktop/www/jdicms/Application/Common/Api/DocumentApi.class.php on line 182 and defined /Users/haoli/Desktop/www/jdicms/Application/Common/Common/function.php 第 976 行.
NOTIC: [8] Undefined variable: fun /Users/haoli/Desktop/www/jdicms/Application/Common/Common/function.php 第 1052 行.
NOTIC: [8] Undefined index: picture /Users/haoli/Desktop/www/jdicms/Application/Home/Controller/IndexController.class.php 第 212 行.
INFO: [ view_parse ] --START--
INFO: [ template_filter ] --START--
INFO: Run Behavior\ContentReplaceBehavior [ RunTime:0.000049s ]
INFO: [ template_filter ] --END-- [ RunTime:0.000104s ]
NOTIC: [8] Use of undefined constant info - assumed 'info' /Users/haoli/Desktop/www/jdicms/Application/Runtime/Cache/Home/5efb7af9eb76ab50b442d65b06e8fa8f.php 第 19 行.
NOTIC: [8] Use of undefined constant title_color - assumed 'title_color' /Users/haoli/Desktop/www/jdicms/Application/Runtime/Cache/Home/5efb7af9eb76ab50b442d65b06e8fa8f.php 第 19 行.
INFO: Run Behavior\ParseTemplateBehavior [ RunTime:0.007934s ]
INFO: [ view_parse ] --END-- [ RunTime:0.008109s ]
INFO: [ view_filter ] --START--
INFO: Run Behavior\WriteHtmlCacheBehavior [ RunTime:0.000451s ]
INFO: [ view_filter ] --END-- [ RunTime:0.000595s ]
INFO: [ app_end ] --START--
INFO: Run Behavior\ShowPageTraceBehavior [ RunTime:0.001112s ]
INFO: [ app_end ] --END-- [ RunTime:0.001318s ]

[ 2015-01-26T10:06:15+08:00 ] ::1 /jdicms/Index-category-id-MDAwMDAwMDAwMIZycqI.html
INFO: [ app_init ] --START--
INFO: Run Behavior\BuildLiteBehavior [ RunTime:0.000014s ]
INFO: Run Common\Behavior\InitHookBehavior [ RunTime:0.001045s ]
INFO: [ app_init ] --END-- [ RunTime:0.001367s ]
INFO: [ app_begin ] --START--
INFO: Run Behavior\ReadHtmlCacheBehavior [ RunTime:0.000824s ]
INFO: [ app_begin ] --END-- [ RunTime:0.000980s ]
NOTIC: [8192] mysql_connect(): The mysql extension is deprecated and will be removed in the future: use mysqli or PDO instead /Users/haoli/Desktop/www/jdicms/ThinkPHP/Library/Think/Db/Driver/Mysql.class.php 第 52 行.
SQL: SHOW COLUMNS FROM `jdi_node` [ RunTime:0.001297s ]
SQL: SELECT COUNT(*) AS tp_count FROM `jdi_node` WHERE `pid` = 4 AND `status` = 1 AND `type` IN ('1','2','3') LIMIT 1   [ RunTime:0.000189s ]
SQL: SHOW COLUMNS FROM `jdi_model` [ RunTime:0.002022s ]
SQL: SELECT `name` FROM `jdi_model` WHERE `id` = 20 LIMIT 1   [ RunTime:0.000232s ]
SQL: SHOW COLUMNS FROM `jdi_article` [ RunTime:0.002345s ]
SQL: SELECT `id`,`title`,`uid`,`category_id`,`description`,`link`,`deadline`,`view`,`create_time`,`update_time`,`url`,`status`,`title_color`,`list_color`,`content`,`is_up`,`position`,`cover`,`extend`,`weight`,`keyword`,`auto_image` FROM `jdi_article` WHERE `status` = 1 AND `category_id` = 4 AND `create_time` < 1422237975 AND ( deadline <= 0 OR deadline > 1422237975 ) ORDER BY `weight` DESC, `update_time` DESC LIMIT 0,10   [ RunTime:0.000503s ]
NOTIC: [2] Missing argument 2 for content_url(), called in /Users/haoli/Desktop/www/jdicms/Application/Common/Api/DocumentApi.class.php on line 75 and defined /Users/haoli/Desktop/www/jdicms/Application/Common/Common/function.php 第 976 行.
NOTIC: [8] Undefined variable: fun /Users/haoli/Desktop/www/jdicms/Application/Common/Common/function.php 第 1013 行.
NOTIC: [8] Undefined variable: fun /Users/haoli/Desktop/www/jdicms/Application/Common/Common/function.php 第 1013 行.
NOTIC: [8] Undefined variable: fun /Users/haoli/Desktop/www/jdicms/Application/Common/Common/function.php 第 1013 行.
SQL: SELECT `name` FROM `jdi_model` WHERE `id` = 20 LIMIT 1   [ RunTime:0.000207s ]
SQL: SELECT COUNT(id) AS tp_count FROM `jdi_article` WHERE `status` = 1 AND `category_id` = 4 AND `create_time` < 1422237975 AND ( deadline <= 0 OR deadline > 1422237975 ) LIMIT 1   [ RunTime:0.000175s ]
INFO: [ view_parse ] --START--
INFO: [ template_filter ] --START--
INFO: Run Behavior\ContentReplaceBehavior [ RunTime:0.000077s ]
INFO: [ template_filter ] --END-- [ RunTime:0.000164s ]
INFO: Run Behavior\ParseTemplateBehavior [ RunTime:0.012289s ]
INFO: [ view_parse ] --END-- [ RunTime:0.012385s ]
INFO: [ view_filter ] --START--
INFO: Run Behavior\WriteHtmlCacheBehavior [ RunTime:0.000197s ]
INFO: [ view_filter ] --END-- [ RunTime:0.000254s ]
INFO: [ app_end ] --START--
INFO: Run Behavior\ShowPageTraceBehavior [ RunTime:0.001099s ]
INFO: [ app_end ] --END-- [ RunTime:0.001212s ]

[ 2015-01-26T10:23:18+08:00 ] ::1 /jdicms/
INFO: [ app_init ] --START--
INFO: Run Behavior\BuildLiteBehavior [ RunTime:0.000019s ]
INFO: Run Common\Behavior\InitHookBehavior [ RunTime:0.001323s ]
INFO: [ app_init ] --END-- [ RunTime:0.001740s ]
INFO: [ app_begin ] --START--
INFO: Run Behavior\ReadHtmlCacheBehavior [ RunTime:0.000423s ]
INFO: [ app_begin ] --END-- [ RunTime:0.000498s ]

[ 2015-01-26T10:23:18+08:00 ] ::1 /jdicms/Public/default/css/home.css
INFO: [ app_init ] --START--
INFO: Run Behavior\BuildLiteBehavior [ RunTime:0.000024s ]
INFO: Run Common\Behavior\InitHookBehavior [ RunTime:0.001869s ]
INFO: [ app_init ] --END-- [ RunTime:0.002477s ]
INFO: [ app_begin ] --START--
INFO: Run Behavior\ReadHtmlCacheBehavior [ RunTime:0.001280s ]
INFO: [ app_begin ] --END-- [ RunTime:0.001414s ]

[ 2015-01-26T10:23:18+08:00 ] ::1 /jdicms/Public/default/css/am.min.css
INFO: [ app_init ] --START--
INFO: Run Behavior\BuildLiteBehavior [ RunTime:0.000023s ]
INFO: Run Common\Behavior\InitHookBehavior [ RunTime:0.001719s ]
INFO: [ app_init ] --END-- [ RunTime:0.002252s ]
INFO: [ app_begin ] --START--
INFO: Run Behavior\ReadHtmlCacheBehavior [ RunTime:0.000466s ]
INFO: [ app_begin ] --END-- [ RunTime:0.000533s ]

[ 2015-01-26T10:23:20+08:00 ] ::1 /jdicms/Index-content-id-MDAwMDAwMDAwMIZycqI-catid-MDAwMDAwMDAwMIZycqI.html
INFO: [ app_init ] --START--
INFO: Run Behavior\BuildLiteBehavior [ RunTime:0.000017s ]
INFO: Run Common\Behavior\InitHookBehavior [ RunTime:0.001142s ]
INFO: [ app_init ] --END-- [ RunTime:0.001522s ]
INFO: [ app_begin ] --START--
INFO: Run Behavior\ReadHtmlCacheBehavior [ RunTime:0.000431s ]
INFO: [ app_begin ] --END-- [ RunTime:0.000495s ]

[ 2015-01-26T10:23:20+08:00 ] ::1 /jdicms/Public/default/css/am.min.css
INFO: [ app_init ] --START--
INFO: Run Behavior\BuildLiteBehavior [ RunTime:0.000014s ]
INFO: Run Common\Behavior\InitHookBehavior [ RunTime:0.001056s ]
INFO: [ app_init ] --END-- [ RunTime:0.001382s ]
INFO: [ app_begin ] --START--
INFO: Run Behavior\ReadHtmlCacheBehavior [ RunTime:0.000375s ]
INFO: [ app_begin ] --END-- [ RunTime:0.000428s ]

[ 2015-01-26T10:23:20+08:00 ] ::1 /jdicms/Public/default/css/home.css
INFO: [ app_init ] --START--
INFO: Run Behavior\BuildLiteBehavior [ RunTime:0.000013s ]
INFO: Run Common\Behavior\InitHookBehavior [ RunTime:0.001052s ]
INFO: [ app_init ] --END-- [ RunTime:0.001383s ]
INFO: [ app_begin ] --START--
INFO: Run Behavior\ReadHtmlCacheBehavior [ RunTime:0.000408s ]
INFO: [ app_begin ] --END-- [ RunTime:0.000463s ]

[ 2015-01-26T10:23:20+08:00 ] ::1 /jdicms/Index-getComments-t-MDAwMDAwMDAwMJGJf5WZh7CnjbVtcQ-id-MDAwMDAwMDAwMIZycqI.html
INFO: [ app_init ] --START--
INFO: Run Behavior\BuildLiteBehavior [ RunTime:0.000015s ]
INFO: Run Common\Behavior\InitHookBehavior [ RunTime:0.001197s ]
INFO: [ app_init ] --END-- [ RunTime:0.001540s ]
INFO: [ app_begin ] --START--
INFO: Run Behavior\ReadHtmlCacheBehavior [ RunTime:0.000424s ]
INFO: [ app_begin ] --END-- [ RunTime:0.000483s ]
NOTIC: [2048] call_user_func_array() expects parameter 1 to be a valid callback, non-static method Common\Api\CommentApi::comment_num() should not be called statically /Users/haoli/Desktop/www/jdicms/Application/Common/Common/function.php 第 925 行.
NOTIC: [8192] mysql_connect(): The mysql extension is deprecated and will be removed in the future: use mysqli or PDO instead /Users/haoli/Desktop/www/jdicms/ThinkPHP/Library/Think/Db/Driver/Mysql.class.php 第 52 行.
SQL: SHOW COLUMNS FROM `jdi_comment` [ RunTime:0.000997s ]
SQL: SELECT COUNT(*) AS tp_count FROM `jdi_comment` WHERE `topic_table` = 'article' AND `topic_id` = 4 AND `pid` = 0 LIMIT 1   [ RunTime:0.000403s ]
NOTIC: [2048] call_user_func_array() expects parameter 1 to be a valid callback, non-static method Common\Api\CommentApi::comments() should not be called statically /Users/haoli/Desktop/www/jdicms/Application/Common/Common/function.php 第 925 行.
SQL: SELECT * FROM `jdi_comment` WHERE `topic_table` = 'article' AND `topic_id` = 4 ORDER BY create_time DESC LIMIT 0,10   [ RunTime:0.000214s ]
INFO: [ view_parse ] --START--
INFO: [ template_filter ] --START--
INFO: Run Behavior\ContentReplaceBehavior [ RunTime:0.000062s ]
INFO: [ template_filter ] --END-- [ RunTime:0.000129s ]
NOTIC: [8] Undefined variable: comment_tip /Users/haoli/Desktop/www/jdicms/Application/Runtime/Cache/Home/d9aa990a48d71a3d2471d95dda8ee7fe.php 第 2 行.
INFO: Run Behavior\ParseTemplateBehavior [ RunTime:0.014576s ]
INFO: [ view_parse ] --END-- [ RunTime:0.014675s ]
INFO: [ view_filter ] --START--
INFO: Run Behavior\WriteHtmlCacheBehavior [ RunTime:0.000238s ]
INFO: [ view_filter ] --END-- [ RunTime:0.000284s ]
INFO: [ app_end ] --START--
INFO: Run Behavior\ShowPageTraceBehavior [ RunTime:0.000654s ]
INFO: [ app_end ] --END-- [ RunTime:0.000753s ]

[ 2015-01-26T10:23:39+08:00 ] ::1 /jdicms/Public/default/css/am.min.css
INFO: [ app_init ] --START--
INFO: Run Behavior\BuildLiteBehavior [ RunTime:0.000016s ]
INFO: Run Common\Behavior\InitHookBehavior [ RunTime:0.001104s ]
INFO: [ app_init ] --END-- [ RunTime:0.001565s ]
INFO: [ app_begin ] --START--
INFO: Run Behavior\ReadHtmlCacheBehavior [ RunTime:0.000536s ]
INFO: [ app_begin ] --END-- [ RunTime:0.000616s ]

[ 2015-01-26T10:23:39+08:00 ] ::1 /jdicms/Public/default/css/home.css
INFO: [ app_init ] --START--
INFO: Run Behavior\BuildLiteBehavior [ RunTime:0.000059s ]
INFO: Run Common\Behavior\InitHookBehavior [ RunTime:0.002710s ]
INFO: [ app_init ] --END-- [ RunTime:0.004339s ]
INFO: [ app_begin ] --START--
INFO: Run Behavior\ReadHtmlCacheBehavior [ RunTime:0.000752s ]
INFO: [ app_begin ] --END-- [ RunTime:0.000846s ]

[ 2015-01-26T10:25:52+08:00 ] ::1 /jdicms/Index-content-id-MDAwMDAwMDAwMIZycqI-catid-MDAwMDAwMDAwMIZycqI.html
INFO: [ app_init ] --START--
INFO: Run Behavior\BuildLiteBehavior [ RunTime:0.000047s ]
INFO: Run Common\Behavior\InitHookBehavior [ RunTime:0.003237s ]
INFO: [ app_init ] --END-- [ RunTime:0.004220s ]
INFO: [ app_begin ] --START--
INFO: Run Behavior\ReadHtmlCacheBehavior [ RunTime:0.000559s ]
INFO: [ app_begin ] --END-- [ RunTime:0.000652s ]

[ 2015-01-26T10:25:53+08:00 ] ::1 /jdicms/Index-getComments-t-MDAwMDAwMDAwMJGJf5WZh7CnjbVtcQ-id-MDAwMDAwMDAwMIZycqI.html
INFO: [ app_init ] --START--
INFO: Run Behavior\BuildLiteBehavior [ RunTime:0.000027s ]
INFO: Run Common\Behavior\InitHookBehavior [ RunTime:0.001713s ]
INFO: [ app_init ] --END-- [ RunTime:0.002288s ]
INFO: [ app_begin ] --START--
INFO: Run Behavior\ReadHtmlCacheBehavior [ RunTime:0.000591s ]
INFO: [ app_begin ] --END-- [ RunTime:0.000677s ]
NOTIC: [2048] call_user_func_array() expects parameter 1 to be a valid callback, non-static method Common\Api\CommentApi::comment_num() should not be called statically /Users/haoli/Desktop/www/jdicms/Application/Common/Common/function.php 第 925 行.
NOTIC: [8192] mysql_connect(): The mysql extension is deprecated and will be removed in the future: use mysqli or PDO instead /Users/haoli/Desktop/www/jdicms/ThinkPHP/Library/Think/Db/Driver/Mysql.class.php 第 52 行.
SQL: SHOW COLUMNS FROM `jdi_comment` [ RunTime:0.001059s ]
SQL: SELECT COUNT(*) AS tp_count FROM `jdi_comment` WHERE `topic_table` = 'article' AND `topic_id` = 4 AND `pid` = 0 LIMIT 1   [ RunTime:0.000212s ]
NOTIC: [2048] call_user_func_array() expects parameter 1 to be a valid callback, non-static method Common\Api\CommentApi::comments() should not be called statically /Users/haoli/Desktop/www/jdicms/Application/Common/Common/function.php 第 925 行.
SQL: SELECT * FROM `jdi_comment` WHERE `topic_table` = 'article' AND `topic_id` = 4 ORDER BY create_time DESC LIMIT 0,10   [ RunTime:0.000504s ]
INFO: [ view_parse ] --START--
INFO: [ template_filter ] --START--
INFO: Run Behavior\ContentReplaceBehavior [ RunTime:0.000110s ]
INFO: [ template_filter ] --END-- [ RunTime:0.000231s ]
NOTIC: [8] Undefined variable: comment_tip /Users/haoli/Desktop/www/jdicms/Application/Runtime/Cache/Home/d9aa990a48d71a3d2471d95dda8ee7fe.php 第 2 行.
INFO: Run Behavior\ParseTemplateBehavior [ RunTime:0.011774s ]
INFO: [ view_parse ] --END-- [ RunTime:0.011861s ]
INFO: [ view_filter ] --START--
INFO: Run Behavior\WriteHtmlCacheBehavior [ RunTime:0.000219s ]
INFO: [ view_filter ] --END-- [ RunTime:0.000283s ]
INFO: [ app_end ] --START--
INFO: Run Behavior\ShowPageTraceBehavior [ RunTime:0.001609s ]
INFO: [ app_end ] --END-- [ RunTime:0.001816s ]

[ 2015-01-26T10:27:18+08:00 ] ::1 /jdicms/Index-content-id-MDAwMDAwMDAwMIZycqI-catid-MDAwMDAwMDAwMIZycqI.html
INFO: [ app_init ] --START--
INFO: Run Behavior\BuildLiteBehavior [ RunTime:0.000015s ]
INFO: Run Common\Behavior\InitHookBehavior [ RunTime:0.001113s ]
INFO: [ app_init ] --END-- [ RunTime:0.001456s ]
INFO: [ app_begin ] --START--
INFO: Run Behavior\ReadHtmlCacheBehavior [ RunTime:0.000941s ]
INFO: [ app_begin ] --END-- [ RunTime:0.001128s ]

[ 2015-01-26T10:27:18+08:00 ] ::1 /jdicms/Index-getComments-t-MDAwMDAwMDAwMJGJf5WZh7CnjbVtcQ-id-MDAwMDAwMDAwMIZycqI.html
INFO: [ app_init ] --START--
INFO: Run Behavior\BuildLiteBehavior [ RunTime:0.000032s ]
INFO: Run Common\Behavior\InitHookBehavior [ RunTime:0.002920s ]
INFO: [ app_init ] --END-- [ RunTime:0.003714s ]
INFO: [ app_begin ] --START--
INFO: Run Behavior\ReadHtmlCacheBehavior [ RunTime:0.000522s ]
INFO: [ app_begin ] --END-- [ RunTime:0.000580s ]
NOTIC: [2048] call_user_func_array() expects parameter 1 to be a valid callback, non-static method Common\Api\CommentApi::comment_num() should not be called statically /Users/haoli/Desktop/www/jdicms/Application/Common/Common/function.php 第 925 行.
NOTIC: [8192] mysql_connect(): The mysql extension is deprecated and will be removed in the future: use mysqli or PDO instead /Users/haoli/Desktop/www/jdicms/ThinkPHP/Library/Think/Db/Driver/Mysql.class.php 第 52 行.
SQL: SHOW COLUMNS FROM `jdi_comment` [ RunTime:0.001420s ]
SQL: SELECT COUNT(*) AS tp_count FROM `jdi_comment` WHERE `topic_table` = 'article' AND `topic_id` = 4 AND `pid` = 0 LIMIT 1   [ RunTime:0.000265s ]
NOTIC: [2048] call_user_func_array() expects parameter 1 to be a valid callback, non-static method Common\Api\CommentApi::comments() should not be called statically /Users/haoli/Desktop/www/jdicms/Application/Common/Common/function.php 第 925 行.
SQL: SELECT * FROM `jdi_comment` WHERE `topic_table` = 'article' AND `topic_id` = 4 ORDER BY create_time DESC LIMIT 0,10   [ RunTime:0.000450s ]
INFO: [ view_parse ] --START--
INFO: [ template_filter ] --START--
INFO: Run Behavior\ContentReplaceBehavior [ RunTime:0.000068s ]
INFO: [ template_filter ] --END-- [ RunTime:0.000151s ]
NOTIC: [8] Undefined variable: comment_tip /Users/haoli/Desktop/www/jdicms/Application/Runtime/Cache/Home/d9aa990a48d71a3d2471d95dda8ee7fe.php 第 2 行.
INFO: Run Behavior\ParseTemplateBehavior [ RunTime:0.014570s ]
INFO: [ view_parse ] --END-- [ RunTime:0.014706s ]
INFO: [ view_filter ] --START--
INFO: Run Behavior\WriteHtmlCacheBehavior [ RunTime:0.000186s ]
INFO: [ view_filter ] --END-- [ RunTime:0.000263s ]
INFO: [ app_end ] --START--
INFO: Run Behavior\ShowPageTraceBehavior [ RunTime:0.000675s ]
INFO: [ app_end ] --END-- [ RunTime:0.000748s ]

[ 2015-01-26T10:28:34+08:00 ] ::1 /jdicms/Index-category-id-MDAwMDAwMDAwMIZycqI.html
INFO: [ app_init ] --START--
INFO: Run Behavior\BuildLiteBehavior [ RunTime:0.000028s ]
INFO: Run Common\Behavior\InitHookBehavior [ RunTime:0.001378s ]
INFO: [ app_init ] --END-- [ RunTime:0.001924s ]
INFO: [ app_begin ] --START--
INFO: Run Behavior\ReadHtmlCacheBehavior [ RunTime:0.000477s ]
INFO: [ app_begin ] --END-- [ RunTime:0.000537s ]
NOTIC: [8192] mysql_connect(): The mysql extension is deprecated and will be removed in the future: use mysqli or PDO instead /Users/haoli/Desktop/www/jdicms/ThinkPHP/Library/Think/Db/Driver/Mysql.class.php 第 52 行.
SQL: SHOW COLUMNS FROM `jdi_node` [ RunTime:0.001846s ]
SQL: SELECT COUNT(*) AS tp_count FROM `jdi_node` WHERE `pid` = 4 AND `status` = 1 AND `type` IN ('1','2','3') LIMIT 1   [ RunTime:0.000159s ]
SQL: SHOW COLUMNS FROM `jdi_model` [ RunTime:0.001218s ]
SQL: SELECT `name` FROM `jdi_model` WHERE `id` = 20 LIMIT 1   [ RunTime:0.000148s ]
SQL: SHOW COLUMNS FROM `jdi_article` [ RunTime:0.001371s ]
SQL: SELECT `id`,`title`,`uid`,`category_id`,`description`,`link`,`deadline`,`view`,`create_time`,`update_time`,`url`,`status`,`title_color`,`list_color`,`content`,`is_up`,`position`,`cover`,`extend`,`weight`,`keyword`,`auto_image` FROM `jdi_article` WHERE `status` = 1 AND `category_id` = 4 AND `create_time` < 1422239314 AND ( deadline <= 0 OR deadline > 1422239314 ) ORDER BY `weight` DESC, `update_time` DESC LIMIT 0,10   [ RunTime:0.000489s ]
NOTIC: [2] Missing argument 2 for content_url(), called in /Users/haoli/Desktop/www/jdicms/Application/Common/Api/DocumentApi.class.php on line 75 and defined /Users/haoli/Desktop/www/jdicms/Application/Common/Common/function.php 第 976 行.
NOTIC: [8] Undefined variable: fun /Users/haoli/Desktop/www/jdicms/Application/Common/Common/function.php 第 1013 行.
NOTIC: [8] Undefined variable: fun /Users/haoli/Desktop/www/jdicms/Application/Common/Common/function.php 第 1013 行.
NOTIC: [8] Undefined variable: fun /Users/haoli/Desktop/www/jdicms/Application/Common/Common/function.php 第 1013 行.
SQL: SELECT `name` FROM `jdi_model` WHERE `id` = 20 LIMIT 1   [ RunTime:0.000106s ]
SQL: SELECT COUNT(id) AS tp_count FROM `jdi_article` WHERE `status` = 1 AND `category_id` = 4 AND `create_time` < 1422239314 AND ( deadline <= 0 OR deadline > 1422239314 ) LIMIT 1   [ RunTime:0.000123s ]
INFO: [ view_parse ] --START--
INFO: [ template_filter ] --START--
INFO: Run Behavior\ContentReplaceBehavior [ RunTime:0.000105s ]
INFO: [ template_filter ] --END-- [ RunTime:0.000162s ]
NOTIC: [8] Undefined variable: index_style /Users/haoli/Desktop/www/jdicms/Application/Runtime/Cache/Home/74d99a63bd7da0ff1951aa6dfffadc6f.php 第 75 行.
SQL: SELECT * FROM `jdi_node` WHERE `index_show` = 1 AND `status` = 1 AND `type` IN ('1','2','3') AND `pid` = 0 ORDER BY sort  [ RunTime:0.000313s ]
SQL: SELECT COUNT(*) AS tp_count FROM `jdi_node` WHERE `pid` = 3 AND `status` = 1 AND `type` IN ('1','2','3') LIMIT 1   [ RunTime:0.000125s ]
SQL: SELECT COUNT(*) AS tp_count FROM `jdi_node` WHERE `pid` = 4 AND `status` = 1 AND `type` IN ('1','2','3') LIMIT 1   [ RunTime:0.000104s ]
SQL: SELECT COUNT(*) AS tp_count FROM `jdi_node` WHERE `pid` = 5 AND `status` = 1 AND `type` IN ('1','2','3') LIMIT 1   [ RunTime:0.000117s ]
SQL: SELECT COUNT(*) AS tp_count FROM `jdi_node` WHERE `pid` = 6 AND `status` = 1 AND `type` IN ('1','2','3') LIMIT 1   [ RunTime:0.000092s ]
SQL: SELECT COUNT(*) AS tp_count FROM `jdi_node` WHERE `pid` = 7 AND `status` = 1 AND `type` IN ('1','2','3') LIMIT 1   [ RunTime:0.000092s ]
SQL: SELECT COUNT(*) AS tp_count FROM `jdi_node` WHERE `pid` = 8 AND `status` = 1 AND `type` IN ('1','2','3') LIMIT 1   [ RunTime:0.000090s ]
INFO: Run Behavior\ParseTemplateBehavior [ RunTime:0.032041s ]
INFO: [ view_parse ] --END-- [ RunTime:0.032113s ]
INFO: [ view_filter ] --START--
INFO: Run Behavior\WriteHtmlCacheBehavior [ RunTime:0.000112s ]
INFO: [ view_filter ] --END-- [ RunTime:0.000150s ]
INFO: [ app_end ] --START--
INFO: Run Behavior\ShowPageTraceBehavior [ RunTime:0.000622s ]
INFO: [ app_end ] --END-- [ RunTime:0.000714s ]

[ 2015-01-26T10:28:46+08:00 ] ::1 /jdicms/Index-category-id-MDAwMDAwMDAwMIaocqI.html
INFO: [ app_init ] --START--
INFO: Run Behavior\BuildLiteBehavior [ RunTime:0.000014s ]
INFO: Run Common\Behavior\InitHookBehavior [ RunTime:0.001073s ]
INFO: [ app_init ] --END-- [ RunTime:0.001401s ]
INFO: [ app_begin ] --START--
INFO: Run Behavior\ReadHtmlCacheBehavior [ RunTime:0.000746s ]
INFO: [ app_begin ] --END-- [ RunTime:0.000828s ]
NOTIC: [8192] mysql_connect(): The mysql extension is deprecated and will be removed in the future: use mysqli or PDO instead /Users/haoli/Desktop/www/jdicms/ThinkPHP/Library/Think/Db/Driver/Mysql.class.php 第 52 行.
SQL: SHOW COLUMNS FROM `jdi_node` [ RunTime:0.001997s ]
SQL: SELECT COUNT(*) AS tp_count FROM `jdi_node` WHERE `pid` = 7 AND `status` = 1 AND `type` IN ('1','2','3') LIMIT 1   [ RunTime:0.000189s ]
SQL: SHOW COLUMNS FROM `jdi_model` [ RunTime:0.001335s ]
SQL: SELECT `name` FROM `jdi_model` WHERE `id` = 20 LIMIT 1   [ RunTime:0.000146s ]
SQL: SHOW COLUMNS FROM `jdi_article` [ RunTime:0.001363s ]
SQL: SELECT `id`,`title`,`uid`,`category_id`,`description`,`link`,`deadline`,`view`,`create_time`,`update_time`,`url`,`status`,`title_color`,`list_color`,`content`,`is_up`,`position`,`cover`,`extend`,`weight`,`keyword`,`auto_image` FROM `jdi_article` WHERE `status` = 1 AND `category_id` = 7 AND `create_time` < 1422239326 AND ( deadline <= 0 OR deadline > 1422239326 ) ORDER BY `weight` DESC, `update_time` DESC LIMIT 0,10   [ RunTime:0.000229s ]
NOTIC: [2] Missing argument 2 for content_url(), called in /Users/haoli/Desktop/www/jdicms/Application/Common/Api/DocumentApi.class.php on line 75 and defined /Users/haoli/Desktop/www/jdicms/Application/Common/Common/function.php 第 976 行.
SQL: SELECT `name` FROM `jdi_model` WHERE `id` = 20 LIMIT 1   [ RunTime:0.000115s ]
SQL: SELECT COUNT(id) AS tp_count FROM `jdi_article` WHERE `status` = 1 AND `category_id` = 7 AND `create_time` < 1422239326 AND ( deadline <= 0 OR deadline > 1422239326 ) LIMIT 1   [ RunTime:0.000140s ]
INFO: [ view_parse ] --START--
INFO: [ template_filter ] --START--
INFO: Run Behavior\ContentReplaceBehavior [ RunTime:0.000265s ]
INFO: [ template_filter ] --END-- [ RunTime:0.000484s ]
NOTIC: [8] Undefined variable: index_style /Users/haoli/Desktop/www/jdicms/Application/Runtime/Cache/Home/74d99a63bd7da0ff1951aa6dfffadc6f.php 第 75 行.
SQL: SELECT * FROM `jdi_node` WHERE `index_show` = 1 AND `status` = 1 AND `type` IN ('1','2','3') AND `pid` = 0 ORDER BY sort  [ RunTime:0.000258s ]
SQL: SELECT COUNT(*) AS tp_count FROM `jdi_node` WHERE `pid` = 3 AND `status` = 1 AND `type` IN ('1','2','3') LIMIT 1   [ RunTime:0.000138s ]
SQL: SELECT COUNT(*) AS tp_count FROM `jdi_node` WHERE `pid` = 4 AND `status` = 1 AND `type` IN ('1','2','3') LIMIT 1   [ RunTime:0.000131s ]
SQL: SELECT COUNT(*) AS tp_count FROM `jdi_node` WHERE `pid` = 5 AND `status` = 1 AND `type` IN ('1','2','3') LIMIT 1   [ RunTime:0.000112s ]
SQL: SELECT COUNT(*) AS tp_count FROM `jdi_node` WHERE `pid` = 6 AND `status` = 1 AND `type` IN ('1','2','3') LIMIT 1   [ RunTime:0.000108s ]
SQL: SELECT COUNT(*) AS tp_count FROM `jdi_node` WHERE `pid` = 7 AND `status` = 1 AND `type` IN ('1','2','3') LIMIT 1   [ RunTime:0.000106s ]
SQL: SELECT COUNT(*) AS tp_count FROM `jdi_node` WHERE `pid` = 8 AND `status` = 1 AND `type` IN ('1','2','3') LIMIT 1   [ RunTime:0.000099s ]
INFO: Run Behavior\ParseTemplateBehavior [ RunTime:0.028526s ]
INFO: [ view_parse ] --END-- [ RunTime:0.028579s ]
INFO: [ view_filter ] --START--
INFO: Run Behavior\WriteHtmlCacheBehavior [ RunTime:0.000171s ]
INFO: [ view_filter ] --END-- [ RunTime:0.000214s ]
INFO: [ app_end ] --START--
INFO: Run Behavior\ShowPageTraceBehavior [ RunTime:0.000672s ]
INFO: [ app_end ] --END-- [ RunTime:0.000764s ]

[ 2015-01-26T10:28:51+08:00 ] ::1 /jdicms/Index-category-id-MDAwMDAwMDAwMIaYcqI.html
INFO: [ app_init ] --START--
INFO: Run Behavior\BuildLiteBehavior [ RunTime:0.000014s ]
INFO: Run Common\Behavior\InitHookBehavior [ RunTime:0.001065s ]
INFO: [ app_init ] --END-- [ RunTime:0.001390s ]
INFO: [ app_begin ] --START--
INFO: Run Behavior\ReadHtmlCacheBehavior [ RunTime:0.000376s ]
INFO: [ app_begin ] --END-- [ RunTime:0.000423s ]
NOTIC: [8192] mysql_connect(): The mysql extension is deprecated and will be removed in the future: use mysqli or PDO instead /Users/haoli/Desktop/www/jdicms/ThinkPHP/Library/Think/Db/Driver/Mysql.class.php 第 52 行.
SQL: SHOW COLUMNS FROM `jdi_node` [ RunTime:0.001862s ]
SQL: SELECT COUNT(*) AS tp_count FROM `jdi_node` WHERE `pid` = 6 AND `status` = 1 AND `type` IN ('1','2','3') LIMIT 1   [ RunTime:0.000157s ]
SQL: SHOW COLUMNS FROM `jdi_model` [ RunTime:0.001315s ]
SQL: SELECT `name` FROM `jdi_model` WHERE `id` = 20 LIMIT 1   [ RunTime:0.000157s ]
SQL: SHOW COLUMNS FROM `jdi_article` [ RunTime:0.001362s ]
SQL: SELECT `id`,`title`,`uid`,`category_id`,`description`,`link`,`deadline`,`view`,`create_time`,`update_time`,`url`,`status`,`title_color`,`list_color`,`content`,`is_up`,`position`,`cover`,`extend`,`weight`,`keyword`,`auto_image` FROM `jdi_article` WHERE `status` = 1 AND `category_id` = 6 AND `create_time` < 1422239331 AND ( deadline <= 0 OR deadline > 1422239331 ) ORDER BY `weight` DESC, `update_time` DESC LIMIT 0,10   [ RunTime:0.000224s ]
NOTIC: [2] Missing argument 2 for content_url(), called in /Users/haoli/Desktop/www/jdicms/Application/Common/Api/DocumentApi.class.php on line 75 and defined /Users/haoli/Desktop/www/jdicms/Application/Common/Common/function.php 第 976 行.
SQL: SELECT `name` FROM `jdi_model` WHERE `id` = 20 LIMIT 1   [ RunTime:0.000093s ]
SQL: SELECT COUNT(id) AS tp_count FROM `jdi_article` WHERE `status` = 1 AND `category_id` = 6 AND `create_time` < 1422239331 AND ( deadline <= 0 OR deadline > 1422239331 ) LIMIT 1   [ RunTime:0.000120s ]
INFO: [ view_parse ] --START--
INFO: [ template_filter ] --START--
INFO: Run Behavior\ContentReplaceBehavior [ RunTime:0.000097s ]
INFO: [ template_filter ] --END-- [ RunTime:0.000151s ]
NOTIC: [8] Undefined variable: index_style /Users/haoli/Desktop/www/jdicms/Application/Runtime/Cache/Home/74d99a63bd7da0ff1951aa6dfffadc6f.php 第 75 行.
SQL: SELECT * FROM `jdi_node` WHERE `index_show` = 1 AND `status` = 1 AND `type` IN ('1','2','3') AND `pid` = 0 ORDER BY sort  [ RunTime:0.000314s ]
SQL: SELECT COUNT(*) AS tp_count FROM `jdi_node` WHERE `pid` = 3 AND `status` = 1 AND `type` IN ('1','2','3') LIMIT 1   [ RunTime:0.000179s ]
SQL: SELECT COUNT(*) AS tp_count FROM `jdi_node` WHERE `pid` = 4 AND `status` = 1 AND `type` IN ('1','2','3') LIMIT 1   [ RunTime:0.000135s ]
SQL: SELECT COUNT(*) AS tp_count FROM `jdi_node` WHERE `pid` = 5 AND `status` = 1 AND `type` IN ('1','2','3') LIMIT 1   [ RunTime:0.000134s ]
SQL: SELECT COUNT(*) AS tp_count FROM `jdi_node` WHERE `pid` = 6 AND `status` = 1 AND `type` IN ('1','2','3') LIMIT 1   [ RunTime:0.000114s ]
SQL: SELECT COUNT(*) AS tp_count FROM `jdi_node` WHERE `pid` = 7 AND `status` = 1 AND `type` IN ('1','2','3') LIMIT 1   [ RunTime:0.000113s ]
SQL: SELECT COUNT(*) AS tp_count FROM `jdi_node` WHERE `pid` = 8 AND `status` = 1 AND `type` IN ('1','2','3') LIMIT 1   [ RunTime:0.000124s ]
INFO: Run Behavior\ParseTemplateBehavior [ RunTime:0.022940s ]
INFO: [ view_parse ] --END-- [ RunTime:0.022994s ]
INFO: [ view_filter ] --START--
INFO: Run Behavior\WriteHtmlCacheBehavior [ RunTime:0.000218s ]
INFO: [ view_filter ] --END-- [ RunTime:0.000271s ]
INFO: [ app_end ] --START--
INFO: Run Behavior\ShowPageTraceBehavior [ RunTime:0.000640s ]
INFO: [ app_end ] --END-- [ RunTime:0.000728s ]

[ 2015-01-26T10:28:53+08:00 ] ::1 /jdicms/Index-category-id-MDAwMDAwMDAwMIZycqI.html
INFO: [ app_init ] --START--
INFO: Run Behavior\BuildLiteBehavior [ RunTime:0.000014s ]
INFO: Run Common\Behavior\InitHookBehavior [ RunTime:0.001053s ]
INFO: [ app_init ] --END-- [ RunTime:0.001382s ]
INFO: [ app_begin ] --START--
INFO: Run Behavior\ReadHtmlCacheBehavior [ RunTime:0.000398s ]
INFO: [ app_begin ] --END-- [ RunTime:0.000450s ]
NOTIC: [8192] mysql_connect(): The mysql extension is deprecated and will be removed in the future: use mysqli or PDO instead /Users/haoli/Desktop/www/jdicms/ThinkPHP/Library/Think/Db/Driver/Mysql.class.php 第 52 行.
SQL: SHOW COLUMNS FROM `jdi_node` [ RunTime:0.002045s ]
SQL: SELECT COUNT(*) AS tp_count FROM `jdi_node` WHERE `pid` = 4 AND `status` = 1 AND `type` IN ('1','2','3') LIMIT 1   [ RunTime:0.000159s ]
SQL: SHOW COLUMNS FROM `jdi_model` [ RunTime:0.001326s ]
SQL: SELECT `name` FROM `jdi_model` WHERE `id` = 20 LIMIT 1   [ RunTime:0.000150s ]
SQL: SHOW COLUMNS FROM `jdi_article` [ RunTime:0.001325s ]
SQL: SELECT `id`,`title`,`uid`,`category_id`,`description`,`link`,`deadline`,`view`,`create_time`,`update_time`,`url`,`status`,`title_color`,`list_color`,`content`,`is_up`,`position`,`cover`,`extend`,`weight`,`keyword`,`auto_image` FROM `jdi_article` WHERE `status` = 1 AND `category_id` = 4 AND `create_time` < 1422239333 AND ( deadline <= 0 OR deadline > 1422239333 ) ORDER BY `weight` DESC, `update_time` DESC LIMIT 0,10   [ RunTime:0.000470s ]
NOTIC: [2] Missing argument 2 for content_url(), called in /Users/haoli/Desktop/www/jdicms/Application/Common/Api/DocumentApi.class.php on line 75 and defined /Users/haoli/Desktop/www/jdicms/Application/Common/Common/function.php 第 976 行.
NOTIC: [8] Undefined variable: fun /Users/haoli/Desktop/www/jdicms/Application/Common/Common/function.php 第 1013 行.
NOTIC: [8] Undefined variable: fun /Users/haoli/Desktop/www/jdicms/Application/Common/Common/function.php 第 1013 行.
NOTIC: [8] Undefined variable: fun /Users/haoli/Desktop/www/jdicms/Application/Common/Common/function.php 第 1013 行.
SQL: SELECT `name` FROM `jdi_model` WHERE `id` = 20 LIMIT 1   [ RunTime:0.000114s ]
SQL: SELECT COUNT(id) AS tp_count FROM `jdi_article` WHERE `status` = 1 AND `category_id` = 4 AND `create_time` < 1422239333 AND ( deadline <= 0 OR deadline > 1422239333 ) LIMIT 1   [ RunTime:0.000151s ]
INFO: [ view_parse ] --START--
INFO: [ template_filter ] --START--
INFO: Run Behavior\ContentReplaceBehavior [ RunTime:0.000101s ]
INFO: [ template_filter ] --END-- [ RunTime:0.000160s ]
NOTIC: [8] Undefined variable: index_style /Users/haoli/Desktop/www/jdicms/Application/Runtime/Cache/Home/74d99a63bd7da0ff1951aa6dfffadc6f.php 第 75 行.
SQL: SELECT * FROM `jdi_node` WHERE `index_show` = 1 AND `status` = 1 AND `type` IN ('1','2','3') AND `pid` = 0 ORDER BY sort  [ RunTime:0.000264s ]
SQL: SELECT COUNT(*) AS tp_count FROM `jdi_node` WHERE `pid` = 3 AND `status` = 1 AND `type` IN ('1','2','3') LIMIT 1   [ RunTime:0.000437s ]
SQL: SELECT COUNT(*) AS tp_count FROM `jdi_node` WHERE `pid` = 4 AND `status` = 1 AND `type` IN ('1','2','3') LIMIT 1   [ RunTime:0.000104s ]
SQL: SELECT COUNT(*) AS tp_count FROM `jdi_node` WHERE `pid` = 5 AND `status` = 1 AND `type` IN ('1','2','3') LIMIT 1   [ RunTime:0.000145s ]
SQL: SELECT COUNT(*) AS tp_count FROM `jdi_node` WHERE `pid` = 6 AND `status` = 1 AND `type` IN ('1','2','3') LIMIT 1   [ RunTime:0.000134s ]
SQL: SELECT COUNT(*) AS tp_count FROM `jdi_node` WHERE `pid` = 7 AND `status` = 1 AND `type` IN ('1','2','3') LIMIT 1   [ RunTime:0.000117s ]
SQL: SELECT COUNT(*) AS tp_count FROM `jdi_node` WHERE `pid` = 8 AND `status` = 1 AND `type` IN ('1','2','3') LIMIT 1   [ RunTime:0.000162s ]
INFO: Run Behavior\ParseTemplateBehavior [ RunTime:0.026494s ]
INFO: [ view_parse ] --END-- [ RunTime:0.026593s ]
INFO: [ view_filter ] --START--
INFO: Run Behavior\WriteHtmlCacheBehavior [ RunTime:0.000262s ]
INFO: [ view_filter ] --END-- [ RunTime:0.000327s ]
INFO: [ app_end ] --START--
INFO: Run Behavior\ShowPageTraceBehavior [ RunTime:0.000555s ]
INFO: [ app_end ] --END-- [ RunTime:0.000626s ]

[ 2015-01-26T10:29:04+08:00 ] ::1 /jdicms/Index-category-id-MDAwMDAwMDAwMIZycqI.html
INFO: [ app_init ] --START--
INFO: Run Behavior\BuildLiteBehavior [ RunTime:0.000022s ]
INFO: Run Common\Behavior\InitHookBehavior [ RunTime:0.001251s ]
INFO: [ app_init ] --END-- [ RunTime:0.001794s ]
INFO: [ app_begin ] --START--
INFO: Run Behavior\ReadHtmlCacheBehavior [ RunTime:0.000594s ]
INFO: [ app_begin ] --END-- [ RunTime:0.000668s ]

[ 2015-01-26T10:29:20+08:00 ] ::1 /jdicms/Index-content-id-MDAwMDAwMDAwMIWocqI-catid-MDAwMDAwMDAwMIZycqI.html
INFO: [ app_init ] --START--
INFO: Run Behavior\BuildLiteBehavior [ RunTime:0.000014s ]
INFO: Run Common\Behavior\InitHookBehavior [ RunTime:0.001036s ]
INFO: [ app_init ] --END-- [ RunTime:0.001365s ]
INFO: [ app_begin ] --START--
INFO: Run Behavior\ReadHtmlCacheBehavior [ RunTime:0.000382s ]
INFO: [ app_begin ] --END-- [ RunTime:0.000436s ]

[ 2015-01-26T10:29:20+08:00 ] ::1 /jdicms/Index-getComments-t-MDAwMDAwMDAwMJGJf5WZh7CnjbVtcQ-id-MDAwMDAwMDAwMIWocqI.html
INFO: [ app_init ] --START--
INFO: Run Behavior\BuildLiteBehavior [ RunTime:0.000015s ]
INFO: Run Common\Behavior\InitHookBehavior [ RunTime:0.001117s ]
INFO: [ app_init ] --END-- [ RunTime:0.001482s ]
INFO: [ app_begin ] --START--
INFO: Run Behavior\ReadHtmlCacheBehavior [ RunTime:0.000431s ]
INFO: [ app_begin ] --END-- [ RunTime:0.000494s ]
NOTIC: [2048] call_user_func_array() expects parameter 1 to be a valid callback, non-static method Common\Api\CommentApi::comment_num() should not be called statically /Users/haoli/Desktop/www/jdicms/Application/Common/Common/function.php 第 925 行.
NOTIC: [8192] mysql_connect(): The mysql extension is deprecated and will be removed in the future: use mysqli or PDO instead /Users/haoli/Desktop/www/jdicms/ThinkPHP/Library/Think/Db/Driver/Mysql.class.php 第 52 行.
SQL: SHOW COLUMNS FROM `jdi_comment` [ RunTime:0.002273s ]
SQL: SELECT COUNT(*) AS tp_count FROM `jdi_comment` WHERE `topic_table` = 'article' AND `topic_id` = 3 AND `pid` = 0 LIMIT 1   [ RunTime:0.000524s ]
NOTIC: [2048] call_user_func_array() expects parameter 1 to be a valid callback, non-static method Common\Api\CommentApi::comments() should not be called statically /Users/haoli/Desktop/www/jdicms/Application/Common/Common/function.php 第 925 行.
SQL: SELECT * FROM `jdi_comment` WHERE `topic_table` = 'article' AND `topic_id` = 3 ORDER BY create_time DESC LIMIT 0,10   [ RunTime:0.000977s ]
INFO: [ view_parse ] --START--
INFO: [ template_filter ] --START--
INFO: Run Behavior\ContentReplaceBehavior [ RunTime:0.000189s ]
INFO: [ template_filter ] --END-- [ RunTime:0.000327s ]
NOTIC: [8] Undefined variable: comment_tip /Users/haoli/Desktop/www/jdicms/Application/Runtime/Cache/Home/d9aa990a48d71a3d2471d95dda8ee7fe.php 第 2 行.
INFO: Run Behavior\ParseTemplateBehavior [ RunTime:0.016475s ]
INFO: [ view_parse ] --END-- [ RunTime:0.016589s ]
INFO: [ view_filter ] --START--
INFO: Run Behavior\WriteHtmlCacheBehavior [ RunTime:0.000292s ]
INFO: [ view_filter ] --END-- [ RunTime:0.000371s ]
INFO: [ app_end ] --START--
INFO: Run Behavior\ShowPageTraceBehavior [ RunTime:0.000438s ]
INFO: [ app_end ] --END-- [ RunTime:0.000483s ]

[ 2015-01-26T10:29:42+08:00 ] ::1 /jdicms/Index-index.html
INFO: [ app_init ] --START--
INFO: Run Behavior\BuildLiteBehavior [ RunTime:0.000023s ]
INFO: Run Common\Behavior\InitHookBehavior [ RunTime:0.001804s ]
INFO: [ app_init ] --END-- [ RunTime:0.002596s ]
INFO: [ app_begin ] --START--
INFO: Run Behavior\ReadHtmlCacheBehavior [ RunTime:0.000512s ]
INFO: [ app_begin ] --END-- [ RunTime:0.000596s ]

[ 2015-01-26T10:29:44+08:00 ] ::1 /jdicms/Index-category-id-MDAwMDAwMDAwMIdycqI.html
INFO: [ app_init ] --START--
INFO: Run Behavior\BuildLiteBehavior [ RunTime:0.000016s ]
INFO: Run Common\Behavior\InitHookBehavior [ RunTime:0.001069s ]
INFO: [ app_init ] --END-- [ RunTime:0.001421s ]
INFO: [ app_begin ] --START--
INFO: Run Behavior\ReadHtmlCacheBehavior [ RunTime:0.000388s ]
INFO: [ app_begin ] --END-- [ RunTime:0.000441s ]

[ 2015-01-26T10:29:45+08:00 ] ::1 /jdicms/Index-category-id-MDAwMDAwMDAwMIaocqI.html
INFO: [ app_init ] --START--
INFO: Run Behavior\BuildLiteBehavior [ RunTime:0.000015s ]
INFO: Run Common\Behavior\InitHookBehavior [ RunTime:0.001071s ]
INFO: [ app_init ] --END-- [ RunTime:0.001422s ]
INFO: [ app_begin ] --START--
INFO: Run Behavior\ReadHtmlCacheBehavior [ RunTime:0.000388s ]
INFO: [ app_begin ] --END-- [ RunTime:0.000440s ]

[ 2015-01-26T10:29:45+08:00 ] ::1 /jdicms/Index-category-id-MDAwMDAwMDAwMIaYcqI.html
INFO: [ app_init ] --START--
INFO: Run Behavior\BuildLiteBehavior [ RunTime:0.000013s ]
INFO: Run Common\Behavior\InitHookBehavior [ RunTime:0.001026s ]
INFO: [ app_init ] --END-- [ RunTime:0.001345s ]
INFO: [ app_begin ] --START--
INFO: Run Behavior\ReadHtmlCacheBehavior [ RunTime:0.000374s ]
INFO: [ app_begin ] --END-- [ RunTime:0.000427s ]

[ 2015-01-26T10:29:46+08:00 ] ::1 /jdicms/Index-category-id-MDAwMDAwMDAwMIaCcqI.html
INFO: [ app_init ] --START--
INFO: Run Behavior\BuildLiteBehavior [ RunTime:0.000013s ]
INFO: Run Common\Behavior\InitHookBehavior [ RunTime:0.001046s ]
INFO: [ app_init ] --END-- [ RunTime:0.001372s ]
INFO: [ app_begin ] --START--
INFO: Run Behavior\ReadHtmlCacheBehavior [ RunTime:0.000380s ]
INFO: [ app_begin ] --END-- [ RunTime:0.000433s ]

[ 2015-01-26T10:29:47+08:00 ] ::1 /jdicms/Index-category-id-MDAwMDAwMDAwMIZycqI.html
INFO: [ app_init ] --START--
INFO: Run Behavior\BuildLiteBehavior [ RunTime:0.000016s ]
INFO: Run Common\Behavior\InitHookBehavior [ RunTime:0.001060s ]
INFO: [ app_init ] --END-- [ RunTime:0.001404s ]
INFO: [ app_begin ] --START--
INFO: Run Behavior\ReadHtmlCacheBehavior [ RunTime:0.000385s ]
INFO: [ app_begin ] --END-- [ RunTime:0.000438s ]

[ 2015-01-26T10:30:01+08:00 ] ::1 /jdicms/Index-content-id-MDAwMDAwMDAwMIWYcqI-catid-MDAwMDAwMDAwMIZycqI.html
INFO: [ app_init ] --START--
INFO: Run Behavior\BuildLiteBehavior [ RunTime:0.000014s ]
INFO: Run Common\Behavior\InitHookBehavior [ RunTime:0.001059s ]
INFO: [ app_init ] --END-- [ RunTime:0.001384s ]
INFO: [ app_begin ] --START--
INFO: Run Behavior\ReadHtmlCacheBehavior [ RunTime:0.000388s ]
INFO: [ app_begin ] --END-- [ RunTime:0.000443s ]

[ 2015-01-26T10:30:01+08:00 ] ::1 /jdicms/Index-getComments-t-MDAwMDAwMDAwMJGJf5WZh7CnjbVtcQ-id-MDAwMDAwMDAwMIWYcqI.html
INFO: [ app_init ] --START--
INFO: Run Behavior\BuildLiteBehavior [ RunTime:0.000017s ]
INFO: Run Common\Behavior\InitHookBehavior [ RunTime:0.001126s ]
INFO: [ app_init ] --END-- [ RunTime:0.001496s ]
INFO: [ app_begin ] --START--
INFO: Run Behavior\ReadHtmlCacheBehavior [ RunTime:0.000555s ]
INFO: [ app_begin ] --END-- [ RunTime:0.000615s ]
NOTIC: [2048] call_user_func_array() expects parameter 1 to be a valid callback, non-static method Common\Api\CommentApi::comment_num() should not be called statically /Users/haoli/Desktop/www/jdicms/Application/Common/Common/function.php 第 925 行.
NOTIC: [8192] mysql_connect(): The mysql extension is deprecated and will be removed in the future: use mysqli or PDO instead /Users/haoli/Desktop/www/jdicms/ThinkPHP/Library/Think/Db/Driver/Mysql.class.php 第 52 行.
SQL: SHOW COLUMNS FROM `jdi_comment` [ RunTime:0.001695s ]
SQL: SELECT COUNT(*) AS tp_count FROM `jdi_comment` WHERE `topic_table` = 'article' AND `topic_id` = 2 AND `pid` = 0 LIMIT 1   [ RunTime:0.000478s ]
NOTIC: [2048] call_user_func_array() expects parameter 1 to be a valid callback, non-static method Common\Api\CommentApi::comments() should not be called statically /Users/haoli/Desktop/www/jdicms/Application/Common/Common/function.php 第 925 行.
SQL: SELECT * FROM `jdi_comment` WHERE `topic_table` = 'article' AND `topic_id` = 2 ORDER BY create_time DESC LIMIT 0,10   [ RunTime:0.000249s ]
INFO: [ view_parse ] --START--
INFO: [ template_filter ] --START--
INFO: Run Behavior\ContentReplaceBehavior [ RunTime:0.000104s ]
INFO: [ template_filter ] --END-- [ RunTime:0.000209s ]
NOTIC: [8] Undefined variable: comment_tip /Users/haoli/Desktop/www/jdicms/Application/Runtime/Cache/Home/d9aa990a48d71a3d2471d95dda8ee7fe.php 第 2 行.
INFO: Run Behavior\ParseTemplateBehavior [ RunTime:0.017272s ]
INFO: [ view_parse ] --END-- [ RunTime:0.017425s ]
INFO: [ view_filter ] --START--
INFO: Run Behavior\WriteHtmlCacheBehavior [ RunTime:0.000305s ]
INFO: [ view_filter ] --END-- [ RunTime:0.000430s ]
INFO: [ app_end ] --START--
INFO: Run Behavior\ShowPageTraceBehavior [ RunTime:0.000989s ]
INFO: [ app_end ] --END-- [ RunTime:0.001155s ]

[ 2015-01-26T10:31:17+08:00 ] ::1 /jdicms/Index-category-id-MDAwMDAwMDAwMIWocqI.html
INFO: [ app_init ] --START--
INFO: Run Behavior\BuildLiteBehavior [ RunTime:0.000029s ]
INFO: Run Common\Behavior\InitHookBehavior [ RunTime:0.003540s ]
INFO: [ app_init ] --END-- [ RunTime:0.004274s ]
INFO: [ app_begin ] --START--
INFO: Run Behavior\ReadHtmlCacheBehavior [ RunTime:0.000768s ]
INFO: [ app_begin ] --END-- [ RunTime:0.000920s ]

[ 2015-01-26T10:31:17+08:00 ] ::1 /jdicms/Index-getComments-t-MDAwMDAwMDAwMJGJf5WZh7CnjbVtcQ-id-MDAwMDAwMDAwMIWCcqI.html
INFO: [ app_init ] --START--
INFO: Run Behavior\BuildLiteBehavior [ RunTime:0.000092s ]
INFO: Run Common\Behavior\InitHookBehavior [ RunTime:0.002198s ]
INFO: [ app_init ] --END-- [ RunTime:0.003187s ]
INFO: [ app_begin ] --START--
INFO: Run Behavior\ReadHtmlCacheBehavior [ RunTime:0.000651s ]
INFO: [ app_begin ] --END-- [ RunTime:0.000726s ]
NOTIC: [2048] call_user_func_array() expects parameter 1 to be a valid callback, non-static method Common\Api\CommentApi::comment_num() should not be called statically /Users/haoli/Desktop/www/jdicms/Application/Common/Common/function.php 第 925 行.
NOTIC: [8192] mysql_connect(): The mysql extension is deprecated and will be removed in the future: use mysqli or PDO instead /Users/haoli/Desktop/www/jdicms/ThinkPHP/Library/Think/Db/Driver/Mysql.class.php 第 52 行.
SQL: SHOW COLUMNS FROM `jdi_comment` [ RunTime:0.001385s ]
SQL: SELECT COUNT(*) AS tp_count FROM `jdi_comment` WHERE `topic_table` = 'article' AND `topic_id` = 1 AND `pid` = 0 LIMIT 1   [ RunTime:0.000246s ]
NOTIC: [2048] call_user_func_array() expects parameter 1 to be a valid callback, non-static method Common\Api\CommentApi::comments() should not be called statically /Users/haoli/Desktop/www/jdicms/Application/Common/Common/function.php 第 925 行.
SQL: SELECT * FROM `jdi_comment` WHERE `topic_table` = 'article' AND `topic_id` = 1 ORDER BY create_time DESC LIMIT 0,10   [ RunTime:0.000217s ]
INFO: [ view_parse ] --START--
INFO: [ template_filter ] --START--
INFO: Run Behavior\ContentReplaceBehavior [ RunTime:0.000099s ]
INFO: [ template_filter ] --END-- [ RunTime:0.000211s ]
NOTIC: [8] Undefined variable: comment_tip /Users/haoli/Desktop/www/jdicms/Application/Runtime/Cache/Home/d9aa990a48d71a3d2471d95dda8ee7fe.php 第 2 行.
INFO: Run Behavior\ParseTemplateBehavior [ RunTime:0.012892s ]
INFO: [ view_parse ] --END-- [ RunTime:0.013071s ]
INFO: [ view_filter ] --START--
INFO: Run Behavior\WriteHtmlCacheBehavior [ RunTime:0.000667s ]
INFO: [ view_filter ] --END-- [ RunTime:0.000806s ]
INFO: [ app_end ] --START--
INFO: Run Behavior\ShowPageTraceBehavior [ RunTime:0.001206s ]
INFO: [ app_end ] --END-- [ RunTime:0.001592s ]

[ 2015-01-26T10:31:18+08:00 ] ::1 /jdicms/Index-category-id-MDAwMDAwMDAwMIZycqI.html
INFO: [ app_init ] --START--
INFO: Run Behavior\BuildLiteBehavior [ RunTime:0.000019s ]
INFO: Run Common\Behavior\InitHookBehavior [ RunTime:0.001143s ]
INFO: [ app_init ] --END-- [ RunTime:0.001602s ]
INFO: [ app_begin ] --START--
INFO: Run Behavior\ReadHtmlCacheBehavior [ RunTime:0.001689s ]
INFO: [ app_begin ] --END-- [ RunTime:0.001890s ]

[ 2015-01-26T11:00:13+08:00 ] ::1 /jdicms/index-index.html
INFO: [ app_init ] --START--
INFO: Run Behavior\BuildLiteBehavior [ RunTime:0.000018s ]
INFO: Run Common\Behavior\InitHookBehavior [ RunTime:0.001187s ]
INFO: [ app_init ] --END-- [ RunTime:0.001643s ]
INFO: [ app_begin ] --START--
INFO: Run Behavior\ReadHtmlCacheBehavior [ RunTime:0.000405s ]
INFO: [ app_begin ] --END-- [ RunTime:0.000463s ]

[ 2015-01-26T11:00:15+08:00 ] ::1 /jdicms/Index-content-id-MDAwMDAwMDAwMIWYcqI-catid-MDAwMDAwMDAwMIZycqI.html
INFO: [ app_init ] --START--
INFO: Run Behavior\BuildLiteBehavior [ RunTime:0.000015s ]
INFO: Run Common\Behavior\InitHookBehavior [ RunTime:0.001048s ]
INFO: [ app_init ] --END-- [ RunTime:0.001375s ]
INFO: [ app_begin ] --START--
INFO: Run Behavior\ReadHtmlCacheBehavior [ RunTime:0.000495s ]
INFO: [ app_begin ] --END-- [ RunTime:0.000558s ]

[ 2015-01-26T11:00:15+08:00 ] ::1 /jdicms/Index-getComments-t-MDAwMDAwMDAwMJGJf5WZh7CnjbVtcQ-id-MDAwMDAwMDAwMIWYcqI.html
INFO: [ app_init ] --START--
INFO: Run Behavior\BuildLiteBehavior [ RunTime:0.000018s ]
INFO: Run Common\Behavior\InitHookBehavior [ RunTime:0.001669s ]
INFO: [ app_init ] --END-- [ RunTime:0.002057s ]
INFO: [ app_begin ] --START--
INFO: Run Behavior\ReadHtmlCacheBehavior [ RunTime:0.000485s ]
INFO: [ app_begin ] --END-- [ RunTime:0.000549s ]
NOTIC: [2048] call_user_func_array() expects parameter 1 to be a valid callback, non-static method Common\Api\CommentApi::comment_num() should not be called statically /Users/haoli/Desktop/www/jdicms/Application/Common/Common/function.php 第 925 行.
NOTIC: [8192] mysql_connect(): The mysql extension is deprecated and will be removed in the future: use mysqli or PDO instead /Users/haoli/Desktop/www/jdicms/ThinkPHP/Library/Think/Db/Driver/Mysql.class.php 第 52 行.
SQL: SHOW COLUMNS FROM `jdi_comment` [ RunTime:0.002016s ]
SQL: SELECT COUNT(*) AS tp_count FROM `jdi_comment` WHERE `topic_table` = 'article' AND `topic_id` = 2 AND `pid` = 0 LIMIT 1   [ RunTime:0.000285s ]
NOTIC: [2048] call_user_func_array() expects parameter 1 to be a valid callback, non-static method Common\Api\CommentApi::comments() should not be called statically /Users/haoli/Desktop/www/jdicms/Application/Common/Common/function.php 第 925 行.
SQL: SELECT * FROM `jdi_comment` WHERE `topic_table` = 'article' AND `topic_id` = 2 ORDER BY create_time DESC LIMIT 0,10   [ RunTime:0.000208s ]
INFO: [ view_parse ] --START--
INFO: [ template_filter ] --START--
INFO: Run Behavior\ContentReplaceBehavior [ RunTime:0.000085s ]
INFO: [ template_filter ] --END-- [ RunTime:0.000178s ]
NOTIC: [8] Undefined variable: comment_tip /Users/haoli/Desktop/www/jdicms/Application/Runtime/Cache/Home/d9aa990a48d71a3d2471d95dda8ee7fe.php 第 2 行.
INFO: Run Behavior\ParseTemplateBehavior [ RunTime:0.014739s ]
INFO: [ view_parse ] --END-- [ RunTime:0.014840s ]
INFO: [ view_filter ] --START--
INFO: Run Behavior\WriteHtmlCacheBehavior [ RunTime:0.000123s ]
INFO: [ view_filter ] --END-- [ RunTime:0.000162s ]
INFO: [ app_end ] --START--
INFO: Run Behavior\ShowPageTraceBehavior [ RunTime:0.000426s ]
INFO: [ app_end ] --END-- [ RunTime:0.000468s ]

[ 2015-01-26T11:00:18+08:00 ] ::1 /jdicms/index-index.html
INFO: [ app_init ] --START--
INFO: Run Behavior\BuildLiteBehavior [ RunTime:0.000018s ]
INFO: Run Common\Behavior\InitHookBehavior [ RunTime:0.001205s ]
INFO: [ app_init ] --END-- [ RunTime:0.001656s ]
INFO: [ app_begin ] --START--
INFO: Run Behavior\ReadHtmlCacheBehavior [ RunTime:0.000386s ]
INFO: [ app_begin ] --END-- [ RunTime:0.000441s ]

[ 2015-01-26T15:44:37+08:00 ] ::1 /jdicms/
INFO: [ app_init ] --START--
INFO: Run Behavior\BuildLiteBehavior [ RunTime:0.000019s ]
INFO: Run Common\Behavior\InitHookBehavior [ RunTime:0.003310s ]
INFO: [ app_init ] --END-- [ RunTime:0.004105s ]
INFO: [ app_begin ] --START--
INFO: Run Behavior\ReadHtmlCacheBehavior [ RunTime:0.000940s ]
INFO: [ app_begin ] --END-- [ RunTime:0.001039s ]

[ 2015-01-26T16:03:42+08:00 ] ::1 /jdicms/Index-content-id-MDAwMDAwMDAwMIZycqI-catid-MDAwMDAwMDAwMIZycqI.html
INFO: [ app_init ] --START--
INFO: Run Behavior\BuildLiteBehavior [ RunTime:0.000024s ]
INFO: Run Common\Behavior\InitHookBehavior [ RunTime:0.001619s ]
INFO: [ app_init ] --END-- [ RunTime:0.002446s ]
INFO: [ app_begin ] --START--
INFO: Run Behavior\ReadHtmlCacheBehavior [ RunTime:0.000436s ]
INFO: [ app_begin ] --END-- [ RunTime:0.000493s ]

[ 2015-01-26T16:03:42+08:00 ] ::1 /jdicms/Index-getComments-t-MDAwMDAwMDAwMJGJf5WZh7CnjbVtcQ-id-MDAwMDAwMDAwMIZycqI.html
INFO: [ app_init ] --START--
INFO: Run Behavior\BuildLiteBehavior [ RunTime:0.000019s ]
INFO: Run Common\Behavior\InitHookBehavior [ RunTime:0.001144s ]
INFO: [ app_init ] --END-- [ RunTime:0.001564s ]
INFO: [ app_begin ] --START--
INFO: Run Behavior\ReadHtmlCacheBehavior [ RunTime:0.000410s ]
INFO: [ app_begin ] --END-- [ RunTime:0.000463s ]
NOTIC: [2048] call_user_func_array() expects parameter 1 to be a valid callback, non-static method Common\Api\CommentApi::comment_num() should not be called statically /Users/haoli/Desktop/www/jdicms/Application/Common/Common/function.php 第 925 行.
NOTIC: [8192] mysql_connect(): The mysql extension is deprecated and will be removed in the future: use mysqli or PDO instead /Users/haoli/Desktop/www/jdicms/ThinkPHP/Library/Think/Db/Driver/Mysql.class.php 第 52 行.
SQL: SHOW COLUMNS FROM `jdi_comment` [ RunTime:0.001010s ]
SQL: SELECT COUNT(*) AS tp_count FROM `jdi_comment` WHERE `topic_table` = 'article' AND `topic_id` = 4 AND `pid` = 0 LIMIT 1   [ RunTime:0.000211s ]
NOTIC: [2048] call_user_func_array() expects parameter 1 to be a valid callback, non-static method Common\Api\CommentApi::comments() should not be called statically /Users/haoli/Desktop/www/jdicms/Application/Common/Common/function.php 第 925 行.
SQL: SELECT * FROM `jdi_comment` WHERE `topic_table` = 'article' AND `topic_id` = 4 ORDER BY create_time DESC LIMIT 0,10   [ RunTime:0.000178s ]
INFO: [ view_parse ] --START--
INFO: [ template_filter ] --START--
INFO: Run Behavior\ContentReplaceBehavior [ RunTime:0.000057s ]
INFO: [ template_filter ] --END-- [ RunTime:0.000116s ]
NOTIC: [8] Undefined variable: comment_tip /Users/haoli/Desktop/www/jdicms/Application/Runtime/Cache/Home/d9aa990a48d71a3d2471d95dda8ee7fe.php 第 2 行.
INFO: Run Behavior\ParseTemplateBehavior [ RunTime:0.008713s ]
INFO: [ view_parse ] --END-- [ RunTime:0.008782s ]
INFO: [ view_filter ] --START--
INFO: Run Behavior\WriteHtmlCacheBehavior [ RunTime:0.000216s ]
INFO: [ view_filter ] --END-- [ RunTime:0.000267s ]
INFO: [ app_end ] --START--
INFO: Run Behavior\ShowPageTraceBehavior [ RunTime:0.000778s ]
INFO: [ app_end ] --END-- [ RunTime:0.000842s ]

[ 2015-01-26T17:59:40+08:00 ] ::1 /jdicms/Index-category-id-MDAwMDAwMDAwMIdycqI.html
INFO: [ app_init ] --START--
INFO: Run Behavior\BuildLiteBehavior [ RunTime:0.000023s ]
INFO: Run Common\Behavior\InitHookBehavior [ RunTime:0.003257s ]
INFO: [ app_init ] --END-- [ RunTime:0.004150s ]
INFO: [ app_begin ] --START--
INFO: Run Behavior\ReadHtmlCacheBehavior [ RunTime:0.000870s ]
INFO: [ app_begin ] --END-- [ RunTime:0.000961s ]

[ 2015-01-26T17:59:43+08:00 ] ::1 /jdicms/Index-category-id-MDAwMDAwMDAwMIZycqI.html
INFO: [ app_init ] --START--
INFO: Run Behavior\BuildLiteBehavior [ RunTime:0.000014s ]
INFO: Run Common\Behavior\InitHookBehavior [ RunTime:0.001040s ]
INFO: [ app_init ] --END-- [ RunTime:0.001367s ]
INFO: [ app_begin ] --START--
INFO: Run Behavior\ReadHtmlCacheBehavior [ RunTime:0.000379s ]
INFO: [ app_begin ] --END-- [ RunTime:0.000432s ]

[ 2015-01-26T17:59:45+08:00 ] ::1 /jdicms/Index-content-id-MDAwMDAwMDAwMIWocqI-catid-MDAwMDAwMDAwMIZycqI.html
INFO: [ app_init ] --START--
INFO: Run Behavior\BuildLiteBehavior [ RunTime:0.000016s ]
INFO: Run Common\Behavior\InitHookBehavior [ RunTime:0.001383s ]
INFO: [ app_init ] --END-- [ RunTime:0.001752s ]
INFO: [ app_begin ] --START--
INFO: Run Behavior\ReadHtmlCacheBehavior [ RunTime:0.001040s ]
INFO: [ app_begin ] --END-- [ RunTime:0.001217s ]

[ 2015-01-26T17:59:45+08:00 ] ::1 /jdicms/Index-getComments-t-MDAwMDAwMDAwMJGJf5WZh7CnjbVtcQ-id-MDAwMDAwMDAwMIWocqI.html
INFO: [ app_init ] --START--
INFO: Run Behavior\BuildLiteBehavior [ RunTime:0.000018s ]
INFO: Run Common\Behavior\InitHookBehavior [ RunTime:0.001193s ]
INFO: [ app_init ] --END-- [ RunTime:0.001607s ]
INFO: [ app_begin ] --START--
INFO: Run Behavior\ReadHtmlCacheBehavior [ RunTime:0.000456s ]
INFO: [ app_begin ] --END-- [ RunTime:0.000524s ]
NOTIC: [2048] call_user_func_array() expects parameter 1 to be a valid callback, non-static method Common\Api\CommentApi::comment_num() should not be called statically /Users/haoli/Desktop/www/jdicms/Application/Common/Common/function.php 第 925 行.
NOTIC: [8192] mysql_connect(): The mysql extension is deprecated and will be removed in the future: use mysqli or PDO instead /Users/haoli/Desktop/www/jdicms/ThinkPHP/Library/Think/Db/Driver/Mysql.class.php 第 52 行.
SQL: SHOW COLUMNS FROM `jdi_comment` [ RunTime:0.001156s ]
SQL: SELECT COUNT(*) AS tp_count FROM `jdi_comment` WHERE `topic_table` = 'article' AND `topic_id` = 3 AND `pid` = 0 LIMIT 1   [ RunTime:0.000203s ]
NOTIC: [2048] call_user_func_array() expects parameter 1 to be a valid callback, non-static method Common\Api\CommentApi::comments() should not be called statically /Users/haoli/Desktop/www/jdicms/Application/Common/Common/function.php 第 925 行.
SQL: SELECT * FROM `jdi_comment` WHERE `topic_table` = 'article' AND `topic_id` = 3 ORDER BY create_time DESC LIMIT 0,10   [ RunTime:0.000143s ]
INFO: [ view_parse ] --START--
INFO: [ template_filter ] --START--
INFO: Run Behavior\ContentReplaceBehavior [ RunTime:0.000088s ]
INFO: [ template_filter ] --END-- [ RunTime:0.000160s ]
NOTIC: [8] Undefined variable: comment_tip /Users/haoli/Desktop/www/jdicms/Application/Runtime/Cache/Home/d9aa990a48d71a3d2471d95dda8ee7fe.php 第 2 行.
INFO: Run Behavior\ParseTemplateBehavior [ RunTime:0.007914s ]
INFO: [ view_parse ] --END-- [ RunTime:0.007978s ]
INFO: [ view_filter ] --START--
INFO: Run Behavior\WriteHtmlCacheBehavior [ RunTime:0.000208s ]
INFO: [ view_filter ] --END-- [ RunTime:0.000261s ]
INFO: [ app_end ] --START--
INFO: Run Behavior\ShowPageTraceBehavior [ RunTime:0.000467s ]
INFO: [ app_end ] --END-- [ RunTime:0.000512s ]

[ 2015-01-26T22:40:06+08:00 ] ::1 /jdicms/
INFO: [ app_init ] --START--
INFO: Run Behavior\BuildLiteBehavior [ RunTime:0.000030s ]
INFO: Run Common\Behavior\InitHookBehavior [ RunTime:0.003579s ]
INFO: [ app_init ] --END-- [ RunTime:0.004453s ]
INFO: [ app_begin ] --START--
INFO: Run Behavior\ReadHtmlCacheBehavior [ RunTime:0.000954s ]
INFO: [ app_begin ] --END-- [ RunTime:0.001048s ]

