[ 2015-03-05T09:55:37+08:00 ] ::1 /xuegaobang/api.php?_R=App&_M=Common&_C=User&_A=login&_time=1425520537&_hash=2597471e3ac2e40fdcc34720bfa6ff8c95740974
NOTIC: [8192] mysql_connect(): The mysql extension is deprecated and will be removed in the future: use mysqli or PDO instead /Users/haoli/Desktop/www/xuegaobang/ThinkPHP/Library/Think/Db/Driver/Mysql.class.php 第 52 行.
SQL: SHOW COLUMNS FROM `jdi_member` [ RunTime:0.001544s ]
SQL: SELECT * FROM `jdi_member` WHERE `username` = 'admin' LIMIT 1   [ RunTime:0.000168s ]
SQL: UPDATE `jdi_member` SET `login_times`=`login_times`+1,`last_login_time`=1425520537,`last_login_ip`=0 WHERE `id` = 1 [ RunTime:0.000524s ]

[ 2015-03-05T09:57:27+08:00 ] ::1 /xuegaobang/api.php?_R=App&_M=Common&_C=User&_A=login&_time=1425520647&_hash=05ecca60cfc89da1f06fd76957d0de755949ff26
NOTIC: [8192] mysql_connect(): The mysql extension is deprecated and will be removed in the future: use mysqli or PDO instead /Users/haoli/Desktop/www/xuegaobang/ThinkPHP/Library/Think/Db/Driver/Mysql.class.php 第 52 行.
SQL: SHOW COLUMNS FROM `jdi_member` [ RunTime:0.001895s ]
SQL: SELECT * FROM `jdi_member` WHERE `username` = 'admin' LIMIT 1   [ RunTime:0.000150s ]
SQL: UPDATE `jdi_member` SET `login_times`=`login_times`+1,`last_login_time`=1425520647,`last_login_ip`=0 WHERE `id` = 1 [ RunTime:0.000126s ]

[ 2015-03-05T10:08:21+08:00 ] ::1 /xuegaobang/api.php?_R=App&_M=Common&_C=User&_A=login&_time=1425521301&_hash=0a832cbab85224de2296cd8edee61450de093076
NOTIC: [8192] mysql_connect(): The mysql extension is deprecated and will be removed in the future: use mysqli or PDO instead /Users/haoli/Desktop/www/xuegaobang/ThinkPHP/Library/Think/Db/Driver/Mysql.class.php 第 52 行.
SQL: SHOW COLUMNS FROM `jdi_notice` [ RunTime:0.003007s ]
SQL: INSERT INTO `jdi_notice` (`uid`,`title`,`detail`,`create_time`,`update_time`) VALUES (1,'12','21',1425521301,1425521301) [ RunTime:0.005171s ]

[ 2015-03-05T11:52:04+08:00 ] 192.168.0.104 /xuegaobang/api.php?_R=App&_M=Common&_C=User&_A=login&_time=1425527520&_hash=d0ed8095ba75ac7b555305cb60503cf6c392fe70
NOTIC: [8192] mysql_connect(): The mysql extension is deprecated and will be removed in the future: use mysqli or PDO instead /Users/haoli/Desktop/www/xuegaobang/ThinkPHP/Library/Think/Db/Driver/Mysql.class.php 第 52 行.
SQL: SHOW COLUMNS FROM `jdi_member` [ RunTime:0.001283s ]
SQL: SELECT * FROM `jdi_member` WHERE `username` = '123' LIMIT 1   [ RunTime:0.000157s ]

[ 2015-03-05T15:24:56+08:00 ] ::1 /xuegaobang/api.php?_R=Modules&_M=Person&_C=Person&_A=company&_time=1425540296&_hash=4a0ee1f2e04326caad325dbab7e32d534df2a8f1
NOTIC: [8192] mysql_connect(): The mysql extension is deprecated and will be removed in the future: use mysqli or PDO instead /Users/haoli/Desktop/www/xuegaobang/ThinkPHP/Library/Think/Db/Driver/Mysql.class.php 第 52 行.
SQL: SHOW COLUMNS FROM `jdi_company` [ RunTime:0.001785s ]
SQL: SELECT * FROM `jdi_company` WHERE `uid` = 1 LIMIT 1   [ RunTime:0.000133s ]
SQL: SHOW COLUMNS FROM `jdi_picture` [ RunTime:0.000881s ]
SQL: SELECT * FROM `jdi_picture` WHERE `status` = 1 AND `id` = 53 LIMIT 1   [ RunTime:0.000131s ]

[ 2015-03-05T16:17:00+08:00 ] ::1 /xuegaobang/api.php?_R=Modules&_M=Person&_C=Person&_A=company&_time=1425543420&_hash=495101e763bb07cac4627fcfa841f2115c1a08c3
NOTIC: [8192] mysql_connect(): The mysql extension is deprecated and will be removed in the future: use mysqli or PDO instead /Users/haoli/Desktop/www/xuegaobang/ThinkPHP/Library/Think/Db/Driver/Mysql.class.php 第 52 行.
SQL: SHOW COLUMNS FROM `jdi_company` [ RunTime:0.001125s ]
SQL: SELECT * FROM `jdi_company` WHERE `uid` = 1 LIMIT 1   [ RunTime:0.000327s ]
SQL: SHOW COLUMNS FROM `jdi_picture` [ RunTime:0.000811s ]
SQL: SELECT * FROM `jdi_picture` WHERE `status` = 1 AND `id` = 53 LIMIT 1   [ RunTime:0.000397s ]

[ 2015-03-05T17:20:54+08:00 ] 192.168.0.104 /xuegaobang/api.php?_R=App&_M=Common&_C=User&_A=login&_time=1425547254&_hash=b1662f42c9cf2f3a704c4eef6ac600d9f4831be3
NOTIC: [8192] mysql_connect(): The mysql extension is deprecated and will be removed in the future: use mysqli or PDO instead /Users/haoli/Desktop/www/xuegaobang/ThinkPHP/Library/Think/Db/Driver/Mysql.class.php 第 52 行.
SQL: SHOW COLUMNS FROM `jdi_member` [ RunTime:0.001201s ]
SQL: SELECT * FROM `jdi_member` WHERE `username` = '123123' LIMIT 1   [ RunTime:0.000145s ]

[ 2015-03-05T17:31:52+08:00 ] ::1 /xuegaobang/api.php?_R=App&_M=Common&_C=User&_A=register&_time=1425547912&_hash=c03d58f0f787326c1b73bb58075cdf8252dc4b29
NOTIC: [2] Cannot modify header information - headers already sent by (output started at /Users/haoli/Desktop/www/xuegaobang/Application/Common/Common/function.php:184) /Users/haoli/Desktop/www/xuegaobang/ThinkPHP/Mode/Api/Controller.class.php 第 60 行.

[ 2015-03-05T17:39:23+08:00 ] ::1 /xuegaobang/api.php?_R=App&_M=Common&_C=User&_A=register&_time=1425548363&_hash=113b1f875ba85e9209d39eedf2c5dcdd8b9e6423
NOTIC: [2] Cannot modify header information - headers already sent by (output started at /Users/haoli/Desktop/www/xuegaobang/Application/Common/Common/function.php:184) /Users/haoli/Desktop/www/xuegaobang/ThinkPHP/Mode/Api/Controller.class.php 第 60 行.

[ 2015-03-05T17:48:35+08:00 ] ::1 /xuegaobang/api.php?_R=App&_M=Common&_C=User&_A=register&_time=1425548915&_hash=76076061daa3d552abeb6570a79a9c0675378db6
NOTIC: [2] Cannot modify header information - headers already sent by (output started at /Users/haoli/Desktop/www/xuegaobang/Application/Common/Common/function.php:188) /Users/haoli/Desktop/www/xuegaobang/ThinkPHP/Mode/Api/Controller.class.php 第 60 行.

[ 2015-03-05T17:49:00+08:00 ] ::1 /xuegaobang/api.php?_R=App&_M=Common&_C=User&_A=register&_time=1425548940&_hash=cb5495e44cecf850080cba49c97a434461cba236
NOTIC: [2] Cannot modify header information - headers already sent by (output started at /Users/haoli/Desktop/www/xuegaobang/Application/Common/Common/function.php:188) /Users/haoli/Desktop/www/xuegaobang/ThinkPHP/Mode/Api/Controller.class.php 第 60 行.

[ 2015-03-05T17:49:12+08:00 ] ::1 /xuegaobang/api.php?_R=App&_M=Common&_C=User&_A=register&_time=1425548952&_hash=8826fe7eef6fa5c65725b9027e93b396f9c7955f
NOTIC: [2] Cannot modify header information - headers already sent by (output started at /Users/haoli/Desktop/www/xuegaobang/Application/Common/Common/function.php:188) /Users/haoli/Desktop/www/xuegaobang/ThinkPHP/Mode/Api/Controller.class.php 第 60 行.

[ 2015-03-05T17:50:02+08:00 ] ::1 /xuegaobang/api.php?_R=App&_M=Common&_C=User&_A=register&_time=1425549002&_hash=65777415f0b76ddd3a25f7bd5d54b5a3babd1cd5
NOTIC: [2] Cannot modify header information - headers already sent by (output started at /Users/haoli/Desktop/www/xuegaobang/Application/Common/Common/function.php:185) /Users/haoli/Desktop/www/xuegaobang/ThinkPHP/Mode/Api/Controller.class.php 第 60 行.

[ 2015-03-05T17:50:26+08:00 ] ::1 /xuegaobang/api.php?_R=App&_M=Common&_C=User&_A=register&_time=1425549026&_hash=2bce904825e984418efe36be92926ca8758dcf4a
NOTIC: [8192] mysql_connect(): The mysql extension is deprecated and will be removed in the future: use mysqli or PDO instead /Users/haoli/Desktop/www/xuegaobang/ThinkPHP/Library/Think/Db/Driver/Mysql.class.php 第 52 行.
SQL: SHOW COLUMNS FROM `jdi_member` [ RunTime:0.001816s ]
NOTIC: [2] Missing argument 7 for Common\Model\MemberModel::register(), called in /Users/haoli/Desktop/www/xuegaobang/Application/Common/Api/UserApi.class.php on line 193 and defined /Users/haoli/Desktop/www/xuegaobang/Application/Common/Model/MemberModel.class.php 第 119 行.
NOTIC: [8] Undefined variable: mobile /Users/haoli/Desktop/www/xuegaobang/Application/Common/Model/MemberModel.class.php 第 126 行.
SQL: SELECT * FROM `jdi_member` WHERE `username` = 'llhh' LIMIT 1   [ RunTime:0.000155s ]
SQL: INSERT INTO `jdi_member` (`username`,`nickname`,`password`,`type`,`status`,`reg_time`,`reg_ip`,`update_time`) VALUES ('llhh','ljdd','644bdda02dff64f25b94f5a656a9966578d3d0e9',1,1,1425549026,0,1425549026) [ RunTime:0.003821s ]
SQL: SHOW COLUMNS FROM `jdi_auth_group` [ RunTime:0.000958s ]
ERR: Think\Model:addToGroup方法不存在！
NOTIC: [2] Cannot modify header information - headers already sent by (output started at /Users/haoli/Desktop/www/xuegaobang/Application/Common/Common/function.php:188) /Users/haoli/Desktop/www/xuegaobang/ThinkPHP/Library/Think/Think.class.php 第 229 行.
NOTIC: [2] Cannot modify header information - headers already sent by (output started at /Users/haoli/Desktop/www/xuegaobang/Application/Common/Common/function.php:188) /Users/haoli/Desktop/www/xuegaobang/ThinkPHP/Library/Think/Think.class.php 第 230 行.

[ 2015-03-05T17:53:44+08:00 ] ::1 /xuegaobang/api.php?_R=App&_M=Common&_C=User&_A=register&_time=1425549224&_hash=d0fcf76d292f0d5eab7d5111722f6ca6a1595d5c
NOTIC: [8192] mysql_connect(): The mysql extension is deprecated and will be removed in the future: use mysqli or PDO instead /Users/haoli/Desktop/www/xuegaobang/ThinkPHP/Library/Think/Db/Driver/Mysql.class.php 第 52 行.
SQL: SHOW COLUMNS FROM `jdi_member` [ RunTime:0.001963s ]
NOTIC: [2] Missing argument 7 for Common\Model\MemberModel::register(), called in /Users/haoli/Desktop/www/xuegaobang/Application/Common/Api/UserApi.class.php on line 193 and defined /Users/haoli/Desktop/www/xuegaobang/Application/Common/Model/MemberModel.class.php 第 119 行.
NOTIC: [8] Undefined variable: mobile /Users/haoli/Desktop/www/xuegaobang/Application/Common/Model/MemberModel.class.php 第 126 行.
SQL: SELECT * FROM `jdi_member` WHERE `username` = 'llhh' LIMIT 1   [ RunTime:0.000168s ]

[ 2015-03-05T17:54:59+08:00 ] ::1 /xuegaobang/api.php?_R=App&_M=Common&_C=User&_A=register&_time=1425549299&_hash=dca446395b9d4359fc413e710659a32a8db447e9
NOTIC: [8192] mysql_connect(): The mysql extension is deprecated and will be removed in the future: use mysqli or PDO instead /Users/haoli/Desktop/www/xuegaobang/ThinkPHP/Library/Think/Db/Driver/Mysql.class.php 第 52 行.
SQL: SHOW COLUMNS FROM `jdi_member` [ RunTime:0.001992s ]
NOTIC: [2] Missing argument 7 for Common\Model\MemberModel::register(), called in /Users/haoli/Desktop/www/xuegaobang/Application/Common/Api/UserApi.class.php on line 193 and defined /Users/haoli/Desktop/www/xuegaobang/Application/Common/Model/MemberModel.class.php 第 119 行.
NOTIC: [8] Undefined variable: mobile /Users/haoli/Desktop/www/xuegaobang/Application/Common/Model/MemberModel.class.php 第 126 行.
SQL: SELECT * FROM `jdi_member` WHERE `username` = 'llhh' LIMIT 1   [ RunTime:0.000224s ]

[ 2015-03-05T17:55:08+08:00 ] ::1 /xuegaobang/api.php?_R=App&_M=Common&_C=User&_A=register&_time=1425549308&_hash=91fa2523905000a93b8fc7c66de80a53b9314bd0
NOTIC: [8192] mysql_connect(): The mysql extension is deprecated and will be removed in the future: use mysqli or PDO instead /Users/haoli/Desktop/www/xuegaobang/ThinkPHP/Library/Think/Db/Driver/Mysql.class.php 第 52 行.
SQL: SHOW COLUMNS FROM `jdi_member` [ RunTime:0.001888s ]
NOTIC: [2] Missing argument 7 for Common\Model\MemberModel::register(), called in /Users/haoli/Desktop/www/xuegaobang/Application/Common/Api/UserApi.class.php on line 193 and defined /Users/haoli/Desktop/www/xuegaobang/Application/Common/Model/MemberModel.class.php 第 119 行.
NOTIC: [8] Undefined variable: mobile /Users/haoli/Desktop/www/xuegaobang/Application/Common/Model/MemberModel.class.php 第 126 行.
SQL: SELECT * FROM `jdi_member` WHERE `username` = 'llhha' LIMIT 1   [ RunTime:0.000152s ]
SQL: INSERT INTO `jdi_member` (`username`,`nickname`,`password`,`type`,`status`,`reg_time`,`reg_ip`,`update_time`) VALUES ('llhha','ljdd','644bdda02dff64f25b94f5a656a9966578d3d0e9',1,1,1425549308,0,1425549308) [ RunTime:0.000110s ]
SQL: SHOW COLUMNS FROM `jdi_auth_group` [ RunTime:0.000972s ]
NOTIC: [2] Missing argument 3 for str2arr(), called in /Users/haoli/Desktop/www/xuegaobang/Application/Common/Model/AuthGroupModel.class.php on line 54 and defined /Users/haoli/Desktop/www/xuegaobang/Application/Common/Common/function.php 第 374 行.
NOTIC: [2] Missing argument 3 for str2arr(), called in /Users/haoli/Desktop/www/xuegaobang/Application/Common/Model/AuthGroupModel.class.php on line 55 and defined /Users/haoli/Desktop/www/xuegaobang/Application/Common/Common/function.php 第 374 行.
SQL: SHOW COLUMNS FROM `jdi_auth_group_access` [ RunTime:0.000910s ]
NOTIC: [8] Undefined variable: del /Users/haoli/Desktop/www/xuegaobang/Application/Common/Model/AuthGroupModel.class.php 第 64 行.
SQL: INSERT INTO `jdi_auth_group_access` (`group_id`,`uid`) VALUES (13,42) [ RunTime:0.000800s ]
SQL: SELECT `id`,`username`,`password`,`mobile`,`reg_time`,`reg_ip`,`last_login_time`,`last_login_ip`,`update_time`,`status`,`login_times`,`nickname`,`type`,`score`,`head` FROM `jdi_member` WHERE `id` = 42 LIMIT 1   [ RunTime:0.000175s ]
SQL: SHOW COLUMNS FROM `jdi_action` [ RunTime:0.001000s ]
SQL: SELECT * FROM `jdi_action` WHERE `name` = 'user_login' LIMIT 1   [ RunTime:0.000304s ]
SQL: SHOW COLUMNS FROM `jdi_member` [ RunTime:0.002658s ]
SQL: SELECT * FROM `jdi_member` WHERE `id` = 42 LIMIT 1   [ RunTime:0.000171s ]
SQL: SHOW COLUMNS FROM `jdi_action_log` [ RunTime:0.001017s ]
SQL: INSERT INTO `jdi_action_log` (`action_id`,`user_id`,`action_ip`,`model`,`record_id`,`create_time`,`remark`) VALUES (1,42,0,'member',42,1425549308,'ljdd在2015-03-05 17:55登录了后台') [ RunTime:0.000992s ]
SQL: SELECT * FROM `jdi_action` WHERE `name` = 'user_login' LIMIT 1   [ RunTime:0.000161s ]
NOTIC: [8] Undefined offset: 1 /Users/haoli/Desktop/www/xuegaobang/Application/Common/Common/function.php 第 996 行.
NOTIC: [2] array_key_exists() expects parameter 2 to be array, null given /Users/haoli/Desktop/www/xuegaobang/Application/Common/Common/function.php 第 996 行.
SQL: SELECT COUNT(*) AS tp_count FROM `jdi_action_log` WHERE `action_id` = 1 AND `user_id` = 42 AND `create_time` > 1425462908 LIMIT 1   [ RunTime:0.000902s ]
SQL: UPDATE `jdi_member` SET `score`=score+10 WHERE ( uid=42 AND status>-1 ) [ RunTime:0.001029s ]
ERR: 1054:Unknown column 'uid' in 'where clause'
 [ SQL语句 ] : UPDATE `jdi_member` SET `score`=score+10 WHERE ( uid=42 AND status>-1 )
SQL: UPDATE `jdi_member` SET `login_times`=`login_times`+1,`last_login_time`=1425549308,`last_login_ip`=0 WHERE `id` = 42 [ RunTime:0.000560s ]

[ 2015-03-05T17:56:27+08:00 ] 192.168.0.104 /xuegaobang/api.php?_R=App&_M=Common&_C=User&_A=register&_time=1425549386&_hash=2c5b2c7e65b22fa58c5e9cca4b538c86408c6132
NOTIC: [8192] mysql_connect(): The mysql extension is deprecated and will be removed in the future: use mysqli or PDO instead /Users/haoli/Desktop/www/xuegaobang/ThinkPHP/Library/Think/Db/Driver/Mysql.class.php 第 52 行.
SQL: SHOW COLUMNS FROM `jdi_member` [ RunTime:0.001576s ]
NOTIC: [2] Missing argument 7 for Common\Model\MemberModel::register(), called in /Users/haoli/Desktop/www/xuegaobang/Application/Common/Api/UserApi.class.php on line 193 and defined /Users/haoli/Desktop/www/xuegaobang/Application/Common/Model/MemberModel.class.php 第 119 行.
NOTIC: [8] Undefined variable: mobile /Users/haoli/Desktop/www/xuegaobang/Application/Common/Model/MemberModel.class.php 第 126 行.
SQL: SELECT * FROM `jdi_member` WHERE `username` = '123123' LIMIT 1   [ RunTime:0.000148s ]
SQL: INSERT INTO `jdi_member` (`username`,`nickname`,`password`,`type`,`status`,`reg_time`,`reg_ip`,`update_time`) VALUES ('123123','nick','644bdda02dff64f25b94f5a656a9966578d3d0e9',1,1,1425549387,'3232235624',1425549387) [ RunTime:0.000134s ]
SQL: SHOW COLUMNS FROM `jdi_auth_group` [ RunTime:0.000835s ]
NOTIC: [2] Missing argument 3 for str2arr(), called in /Users/haoli/Desktop/www/xuegaobang/Application/Common/Model/AuthGroupModel.class.php on line 54 and defined /Users/haoli/Desktop/www/xuegaobang/Application/Common/Common/function.php 第 374 行.
NOTIC: [2] Missing argument 3 for str2arr(), called in /Users/haoli/Desktop/www/xuegaobang/Application/Common/Model/AuthGroupModel.class.php on line 55 and defined /Users/haoli/Desktop/www/xuegaobang/Application/Common/Common/function.php 第 374 行.
SQL: SHOW COLUMNS FROM `jdi_auth_group_access` [ RunTime:0.000739s ]
NOTIC: [8] Undefined variable: del /Users/haoli/Desktop/www/xuegaobang/Application/Common/Model/AuthGroupModel.class.php 第 64 行.
SQL: INSERT INTO `jdi_auth_group_access` (`group_id`,`uid`) VALUES (13,43) [ RunTime:0.000156s ]
SQL: SELECT `id`,`username`,`password`,`mobile`,`reg_time`,`reg_ip`,`last_login_time`,`last_login_ip`,`update_time`,`status`,`login_times`,`nickname`,`type`,`score`,`head` FROM `jdi_member` WHERE `id` = 43 LIMIT 1   [ RunTime:0.000146s ]
SQL: SHOW COLUMNS FROM `jdi_action` [ RunTime:0.000913s ]
SQL: SELECT * FROM `jdi_action` WHERE `name` = 'user_login' LIMIT 1   [ RunTime:0.000147s ]
SQL: SHOW COLUMNS FROM `jdi_member` [ RunTime:0.001053s ]
SQL: SELECT * FROM `jdi_member` WHERE `id` = 43 LIMIT 1   [ RunTime:0.000160s ]
SQL: SHOW COLUMNS FROM `jdi_action_log` [ RunTime:0.001120s ]
SQL: INSERT INTO `jdi_action_log` (`action_id`,`user_id`,`action_ip`,`model`,`record_id`,`create_time`,`remark`) VALUES (1,43,3232235624,'member',43,1425549387,'nick在2015-03-05 17:56登录了后台') [ RunTime:0.000150s ]
SQL: SELECT * FROM `jdi_action` WHERE `name` = 'user_login' LIMIT 1   [ RunTime:0.000183s ]
NOTIC: [8] Undefined offset: 1 /Users/haoli/Desktop/www/xuegaobang/Application/Common/Common/function.php 第 996 行.
NOTIC: [2] array_key_exists() expects parameter 2 to be array, null given /Users/haoli/Desktop/www/xuegaobang/Application/Common/Common/function.php 第 996 行.
SQL: SELECT COUNT(*) AS tp_count FROM `jdi_action_log` WHERE `action_id` = 1 AND `user_id` = 43 AND `create_time` > 1425462987 LIMIT 1   [ RunTime:0.000137s ]
SQL: UPDATE `jdi_member` SET `score`=score+10 WHERE ( uid=43 AND status>-1 ) [ RunTime:0.000082s ]
ERR: 1054:Unknown column 'uid' in 'where clause'
 [ SQL语句 ] : UPDATE `jdi_member` SET `score`=score+10 WHERE ( uid=43 AND status>-1 )
SQL: UPDATE `jdi_member` SET `login_times`=`login_times`+1,`last_login_time`=1425549387,`last_login_ip`='3232235624' WHERE `id` = 43 [ RunTime:0.000130s ]
NOTIC: [8] Undefined index: jdi_ /Users/haoli/Desktop/www/xuegaobang/ThinkPHP/Mode/Api/functions.php 第 899 行.

[ 2015-03-05T17:56:46+08:00 ] 192.168.0.104 /xuegaobang/api.php?_R=App&_M=Common&_C=User&_A=login&_time=1425549406&_hash=8e4ce5aca3f29c61d98a533c1f514d589d6f53db
NOTIC: [8192] mysql_connect(): The mysql extension is deprecated and will be removed in the future: use mysqli or PDO instead /Users/haoli/Desktop/www/xuegaobang/ThinkPHP/Library/Think/Db/Driver/Mysql.class.php 第 52 行.
SQL: SHOW COLUMNS FROM `jdi_member` [ RunTime:0.002331s ]
SQL: SELECT * FROM `jdi_member` WHERE `username` = '123123' LIMIT 1   [ RunTime:0.000156s ]

[ 2015-03-05T17:59:31+08:00 ] ::1 /xuegaobang/api.php?_R=App&_M=Common&_C=User&_A=login&_time=1425549571&_hash=44e80716f3b84ca7474280006ffb166c4c82ef5a
NOTIC: [8192] mysql_connect(): The mysql extension is deprecated and will be removed in the future: use mysqli or PDO instead /Users/haoli/Desktop/www/xuegaobang/ThinkPHP/Library/Think/Db/Driver/Mysql.class.php 第 52 行.
SQL: SHOW COLUMNS FROM `jdi_member` [ RunTime:0.001876s ]
SQL: SELECT * FROM `jdi_member` WHERE `username` = '123123' LIMIT 1   [ RunTime:0.000150s ]
SQL: UPDATE `jdi_member` SET `login_times`=`login_times`+1,`last_login_time`=1425549571,`last_login_ip`=0 WHERE `id` = 43 [ RunTime:0.000140s ]
NOTIC: [8] Undefined index: uid /Users/haoli/Desktop/www/xuegaobang/Application/Common/Api/UserApi.class.php 第 137 行.

[ 2015-03-05T18:00:00+08:00 ] ::1 /xuegaobang/api.php?_R=App&_M=Common&_C=User&_A=login&_time=1425549600&_hash=aa3c3a9dfcf2c94ec68709990594685c5cc58209
NOTIC: [8192] mysql_connect(): The mysql extension is deprecated and will be removed in the future: use mysqli or PDO instead /Users/haoli/Desktop/www/xuegaobang/ThinkPHP/Library/Think/Db/Driver/Mysql.class.php 第 52 行.
SQL: SHOW COLUMNS FROM `jdi_member` [ RunTime:0.002249s ]
SQL: SELECT * FROM `jdi_member` WHERE `username` = '123123' LIMIT 1   [ RunTime:0.000609s ]
SQL: UPDATE `jdi_member` SET `login_times`=`login_times`+1,`last_login_time`=1425549600,`last_login_ip`=0 WHERE `id` = 43 [ RunTime:0.000141s ]

[ 2015-03-05T18:00:44+08:00 ] 192.168.0.104 /xuegaobang/api.php?_R=App&_M=Common&_C=User&_A=login&_time=1425549644&_hash=f4d91c1427df9779bc80068b05798d2639f85e7f
NOTIC: [8192] mysql_connect(): The mysql extension is deprecated and will be removed in the future: use mysqli or PDO instead /Users/haoli/Desktop/www/xuegaobang/ThinkPHP/Library/Think/Db/Driver/Mysql.class.php 第 52 行.
SQL: SHOW COLUMNS FROM `jdi_member` [ RunTime:0.001844s ]
SQL: SELECT * FROM `jdi_member` WHERE `username` = '123123' LIMIT 1   [ RunTime:0.000163s ]
SQL: UPDATE `jdi_member` SET `login_times`=`login_times`+1,`last_login_time`=1425549644,`last_login_ip`='3232235624' WHERE `id` = 43 [ RunTime:0.000131s ]
NOTIC: [8] Undefined index: jdi_ /Users/haoli/Desktop/www/xuegaobang/ThinkPHP/Mode/Api/functions.php 第 899 行.

[ 2015-03-05T18:04:44+08:00 ] ::1 /xuegaobang/api.php?_R=App&_M=Common&_C=User&_A=get_username&_time=1425549884&_hash=ed601197e058e37de8cdcf014aac2400b69c3f41
NOTIC: [8192] mysql_connect(): The mysql extension is deprecated and will be removed in the future: use mysqli or PDO instead /Users/haoli/Desktop/www/xuegaobang/ThinkPHP/Library/Think/Db/Driver/Mysql.class.php 第 52 行.
SQL: SHOW COLUMNS FROM `jdi_member` [ RunTime:0.002142s ]
SQL: SELECT * FROM `jdi_member` WHERE `id` = 43 LIMIT 1   [ RunTime:0.000155s ]

[ 2015-03-05T18:04:57+08:00 ] ::1 /xuegaobang/api.php?_R=App&_M=Common&_C=User&_A=get_username&_time=1425549897&_hash=728e47dd61e455cb53b43feea516feb5787c4fc2
NOTIC: [8192] mysql_connect(): The mysql extension is deprecated and will be removed in the future: use mysqli or PDO instead /Users/haoli/Desktop/www/xuegaobang/ThinkPHP/Library/Think/Db/Driver/Mysql.class.php 第 52 行.
SQL: SHOW COLUMNS FROM `jdi_member` [ RunTime:0.002119s ]
SQL: SELECT * FROM `jdi_member` WHERE `id` = 43 LIMIT 1   [ RunTime:0.000341s ]

[ 2015-03-05T18:05:46+08:00 ] ::1 /xuegaobang/api.php?_R=App&_M=Common&_C=User&_A=get_username&_time=1425549945&_hash=db0a21a2557cf1c447d79e5f3b4013c5f5c863c7
NOTIC: [8] Use of undefined constant UID - assumed 'UID' /Users/haoli/Desktop/www/xuegaobang/Application/Common/Api/UserApi.class.php 第 82 行.
NOTIC: [8192] mysql_connect(): The mysql extension is deprecated and will be removed in the future: use mysqli or PDO instead /Users/haoli/Desktop/www/xuegaobang/ThinkPHP/Library/Think/Db/Driver/Mysql.class.php 第 52 行.
SQL: SHOW COLUMNS FROM `jdi_member` [ RunTime:0.001568s ]
SQL: SELECT * FROM `jdi_member` WHERE `id` = 0 LIMIT 1   [ RunTime:0.000140s ]
NOTIC: [8] Undefined index: username /Users/haoli/Desktop/www/xuegaobang/Application/Common/Api/UserApi.class.php 第 102 行.

[ 2015-03-05T18:06:12+08:00 ] ::1 /xuegaobang/api.php?_R=App&_M=Common&_C=User&_A=get_username&_time=1425549971&_hash=20901b50220ffd784c37c8b2b05ffa9b5dd889a1
NOTIC: [8] Use of undefined constant UID - assumed 'UID' /Users/haoli/Desktop/www/xuegaobang/Application/Common/Api/UserApi.class.php 第 82 行.
NOTIC: [8192] mysql_connect(): The mysql extension is deprecated and will be removed in the future: use mysqli or PDO instead /Users/haoli/Desktop/www/xuegaobang/ThinkPHP/Library/Think/Db/Driver/Mysql.class.php 第 52 行.
SQL: SHOW COLUMNS FROM `jdi_member` [ RunTime:0.002396s ]
SQL: SELECT * FROM `jdi_member` WHERE `id` = 0 LIMIT 1   [ RunTime:0.000137s ]
NOTIC: [8] Undefined index: username /Users/haoli/Desktop/www/xuegaobang/Application/Common/Api/UserApi.class.php 第 102 行.
NOTIC: [2] Cannot modify header information - headers already sent by (output started at /Users/haoli/Desktop/www/xuegaobang/Application/Api/Controller/ApiController.class.php:51) /Users/haoli/Desktop/www/xuegaobang/ThinkPHP/Mode/Api/Controller.class.php 第 60 行.

[ 2015-03-05T18:06:23+08:00 ] ::1 /xuegaobang/api.php?_R=App&_M=Common&_C=User&_A=get_username&_time=1425549983&_hash=450ece7e100f5cfd25d93831c7d7a8da671bcd1f
NOTIC: [8192] mysql_connect(): The mysql extension is deprecated and will be removed in the future: use mysqli or PDO instead /Users/haoli/Desktop/www/xuegaobang/ThinkPHP/Library/Think/Db/Driver/Mysql.class.php 第 52 行.
SQL: SHOW COLUMNS FROM `jdi_member` [ RunTime:0.002417s ]
SQL: SELECT * FROM `jdi_member` WHERE `id` = 43 LIMIT 1   [ RunTime:0.000164s ]
NOTIC: [2] Cannot modify header information - headers already sent by (output started at /Users/haoli/Desktop/www/xuegaobang/Application/Api/Controller/ApiController.class.php:51) /Users/haoli/Desktop/www/xuegaobang/ThinkPHP/Mode/Api/Controller.class.php 第 60 行.

[ 2015-03-05T18:06:39+08:00 ] ::1 /xuegaobang/api.php?_R=App&_M=Common&_C=User&_A=get_username&_time=1425549998&_hash=1d7c6426c24ff8793ce330da28e8a9468e09e9ba
NOTIC: [8192] mysql_connect(): The mysql extension is deprecated and will be removed in the future: use mysqli or PDO instead /Users/haoli/Desktop/www/xuegaobang/ThinkPHP/Library/Think/Db/Driver/Mysql.class.php 第 52 行.
SQL: SHOW COLUMNS FROM `jdi_member` [ RunTime:0.001676s ]
SQL: SELECT * FROM `jdi_member` WHERE `id` = 43 LIMIT 1   [ RunTime:0.000173s ]

