[ 2015-03-13T00:39:07+08:00 ] 192.168.0.107 /xuegaobang/api.php?_R=Modules&_M=BaiBang&_C=TieBa&_A=TieZilists&_time=1426178346&_hash=a394614bab82fdba2f98a2c64f9518bf911e9779
NOTIC: [8192] mysql_connect(): The mysql extension is deprecated and will be removed in the future: use mysqli or PDO instead /Users/haoli/Desktop/www/xuegaobang/ThinkPHP/Library/Think/Db/Driver/Mysql.class.php 第 52 行.
SQL: SHOW COLUMNS FROM `jdi_tieba` [ RunTime:0.002153s ]
SQL: SELECT `id`,`name`,`content`,`create_time`,`update_time`,`status`,`uid`,`is_top`,`recommend`,`excellent`,`comment_num`,`collect_num`,`like_num` FROM `jdi_tieba` WHERE `status` > '0' ORDER BY `is_top` DESC,`update_time` DESC LIMIT 0,10   [ RunTime:0.000440s ]
SQL: SHOW COLUMNS FROM `jdi_member` [ RunTime:0.001350s ]
SQL: SELECT * FROM `jdi_member` WHERE `id` = 45 LIMIT 1   [ RunTime:0.000147s ]
SQL: SELECT * FROM `jdi_member` WHERE `id` = 44 LIMIT 1   [ RunTime:0.000127s ]
SQL: SHOW COLUMNS FROM `jdi_picture` [ RunTime:0.000971s ]
SQL: SELECT * FROM `jdi_picture` WHERE `status` = 1 AND `id` = 52 LIMIT 1   [ RunTime:0.000438s ]
SQL: SELECT * FROM `jdi_picture` WHERE `status` = 1 AND `id` = 52 LIMIT 1   [ RunTime:0.000153s ]
SQL: SELECT * FROM `jdi_picture` WHERE `status` = 1 AND `id` = 52 LIMIT 1   [ RunTime:0.000108s ]
SQL: SELECT * FROM `jdi_member` WHERE `id` = 0 LIMIT 1   [ RunTime:0.000107s ]
NOTIC: [8] Undefined index: head /Users/haoli/Desktop/www/xuegaobang/Modules/BaiBang/Api/TieBaApi.class.php 第 39 行.
NOTIC: [8] Undefined index: nickname /Users/haoli/Desktop/www/xuegaobang/Modules/BaiBang/Api/TieBaApi.class.php 第 40 行.

[ 2015-03-13T05:14:56+08:00 ] 192.168.0.107 //xuegaobang/api.php?_R=Modules&_M=Person&_C=Person&_A=companyLists&_time=1426194896&_hash=dcba6f20c296383a458da403b0ca306d722b9442
NOTIC: [8192] mysql_connect(): The mysql extension is deprecated and will be removed in the future: use mysqli or PDO instead /Users/haoli/Desktop/www/xuegaobang/ThinkPHP/Library/Think/Db/Driver/Mysql.class.php 第 52 行.
SQL: SHOW COLUMNS FROM `jdi_company` [ RunTime:0.001730s ]
SQL: SELECT `id`,`picture`,`name`,`telephone`,`uid`,`introduce`,`status`,`category`,`point`,`place`,`create_time`,`update_time`,`comment_num`,`collect_num` FROM `jdi_company` WHERE `status` = 1 LIMIT 0,10   [ RunTime:0.000149s ]
SQL: SHOW COLUMNS FROM `jdi_user_staff` [ RunTime:0.000867s ]
SQL: SELECT COUNT(*) AS tp_count FROM `jdi_user_staff` WHERE `topic_table` = 'company' AND `topic_id` = 3 AND `action` = 'collect' AND `uid` = 44 LIMIT 1   [ RunTime:0.000248s ]

[ 2015-03-13T05:15:32+08:00 ] 192.168.0.107 //xuegaobang/api.php?_R=Modules&_M=Person&_C=Person&_A=companyLists&_time=1426194932&_hash=59181a533fcfd01683daa37acd2943bef8cc63cb
NOTIC: [8192] mysql_connect(): The mysql extension is deprecated and will be removed in the future: use mysqli or PDO instead /Users/haoli/Desktop/www/xuegaobang/ThinkPHP/Library/Think/Db/Driver/Mysql.class.php 第 52 行.
SQL: SHOW COLUMNS FROM `jdi_company` [ RunTime:0.001954s ]
SQL: SELECT `id`,`picture`,`name`,`telephone`,`uid`,`introduce`,`status`,`category`,`point`,`place`,`create_time`,`update_time`,`comment_num`,`collect_num` FROM `jdi_company` WHERE `status` = 1 LIMIT 0,10   [ RunTime:0.000573s ]
SQL: SHOW COLUMNS FROM `jdi_user_staff` [ RunTime:0.001066s ]
SQL: SELECT COUNT(*) AS tp_count FROM `jdi_user_staff` WHERE `topic_table` = 'company' AND `topic_id` = 3 AND `action` = 'collect' AND `uid` = 44 LIMIT 1   [ RunTime:0.000280s ]
NOTIC: [2] Cannot modify header information - headers already sent by (output started at /Users/haoli/Desktop/www/xuegaobang/Modules/Person/Api/PersonApi.class.php:70) /Users/haoli/Desktop/www/xuegaobang/ThinkPHP/Mode/Api/Controller.class.php 第 60 行.

[ 2015-03-13T10:06:06+08:00 ] 192.168.0.107 //xuegaobang/api.php?_R=Modules&_M=Person&_C=Person&_A=companyLists&_time=1426212366&_hash=206abd287104924b2fa9590507b185dc87c33cbf
NOTIC: [8192] mysql_connect(): The mysql extension is deprecated and will be removed in the future: use mysqli or PDO instead /Users/haoli/Desktop/www/xuegaobang/ThinkPHP/Library/Think/Db/Driver/Mysql.class.php 第 52 行.
SQL: SHOW COLUMNS FROM `jdi_company` [ RunTime:0.001399s ]
SQL: SELECT `id`,`picture`,`name`,`telephone`,`uid`,`introduce`,`status`,`category`,`point`,`place`,`create_time`,`update_time`,`comment_num`,`collect_num`,`detail_banner` FROM `jdi_company` WHERE `status` = 1 LIMIT 0,10   [ RunTime:0.000179s ]
SQL: SHOW COLUMNS FROM `jdi_user_staff` [ RunTime:0.001049s ]
SQL: SELECT COUNT(*) AS tp_count FROM `jdi_user_staff` WHERE `topic_table` = 'company' AND `topic_id` = 3 AND `action` = 'collect' AND `uid` = 44 LIMIT 1   [ RunTime:0.000246s ]
SQL: SHOW COLUMNS FROM `jdi_picture` [ RunTime:0.000967s ]
SQL: SELECT * FROM `jdi_picture` WHERE `status` = 1 AND `id` = 69 LIMIT 1   [ RunTime:0.000177s ]
SQL: SELECT COUNT(*) AS tp_count FROM `jdi_user_staff` WHERE `topic_table` = 'company' AND `topic_id` = 7 AND `action` = 'collect' AND `uid` = 44 LIMIT 1   [ RunTime:0.000142s ]

[ 2015-03-13T14:13:44+08:00 ] 192.168.0.107 /xuegaobang/api.php?_R=Modules&_M=Person&_C=Person&_A=deleteNotice&_time=1426227224&_hash=28bbb86744bae89f3adfb8c035d6af6df908ca81
NOTIC: [8192] mysql_connect(): The mysql extension is deprecated and will be removed in the future: use mysqli or PDO instead /Users/haoli/Desktop/www/xuegaobang/ThinkPHP/Library/Think/Db/Driver/Mysql.class.php 第 52 行.
SQL: SHOW COLUMNS FROM `jdi_notice` [ RunTime:0.001884s ]
SQL: UPDATE `jdi_notice` SET `status`=-1,`update_time`=1426227224 WHERE `id` = 44 [ RunTime:0.010959s ]

[ 2015-03-13T14:13:53+08:00 ] 192.168.0.107 /xuegaobang/api.php?_R=Modules&_M=Person&_C=Person&_A=notice&_time=1426227233&_hash=6826b68d112edca13cf0ff1a9fef9f94ecc700f3
NOTIC: [8192] mysql_connect(): The mysql extension is deprecated and will be removed in the future: use mysqli or PDO instead /Users/haoli/Desktop/www/xuegaobang/ThinkPHP/Library/Think/Db/Driver/Mysql.class.php 第 52 行.
SQL: SHOW COLUMNS FROM `jdi_notice` [ RunTime:0.001950s ]
SQL: SELECT * FROM `jdi_notice` WHERE `uid` = 45 AND `status` > -1  [ RunTime:0.001221s ]

[ 2015-03-13T14:13:54+08:00 ] 192.168.0.107 /xuegaobang/api.php?_R=Modules&_M=Person&_C=Person&_A=notice&_time=1426227234&_hash=24c6af5d331b574723932236af60170eb5b47f92
NOTIC: [8192] mysql_connect(): The mysql extension is deprecated and will be removed in the future: use mysqli or PDO instead /Users/haoli/Desktop/www/xuegaobang/ThinkPHP/Library/Think/Db/Driver/Mysql.class.php 第 52 行.
SQL: SHOW COLUMNS FROM `jdi_notice` [ RunTime:0.001074s ]
SQL: SELECT * FROM `jdi_notice` WHERE `uid` = 45 AND `status` > -1  [ RunTime:0.000225s ]

[ 2015-03-13T14:13:55+08:00 ] 192.168.0.107 /xuegaobang/api.php?_R=Modules&_M=Person&_C=Person&_A=notice&_time=1426227235&_hash=5a8f4ca2945f183feb98605749b315e4f5b68e5b
NOTIC: [8192] mysql_connect(): The mysql extension is deprecated and will be removed in the future: use mysqli or PDO instead /Users/haoli/Desktop/www/xuegaobang/ThinkPHP/Library/Think/Db/Driver/Mysql.class.php 第 52 行.
SQL: SHOW COLUMNS FROM `jdi_notice` [ RunTime:0.001085s ]
SQL: SELECT * FROM `jdi_notice` WHERE `uid` = 45 AND `status` > -1  [ RunTime:0.000218s ]

[ 2015-03-13T14:46:40+08:00 ] 192.168.0.107 /xuegaobang/api.php?_R=Modules&_M=Person&_C=Person&_A=notice&_time=1426229200&_hash=ff84dd64fb50a7b382095a28e24c01cbbdc87ebf
NOTIC: [8192] mysql_connect(): The mysql extension is deprecated and will be removed in the future: use mysqli or PDO instead /Users/haoli/Desktop/www/xuegaobang/ThinkPHP/Library/Think/Db/Driver/Mysql.class.php 第 52 行.
SQL: SHOW COLUMNS FROM `jdi_notice` [ RunTime:0.000935s ]
SQL: SELECT * FROM `jdi_notice` WHERE `uid` = 45 AND `status` > -1  [ RunTime:0.000186s ]

[ 2015-03-13T15:22:00+08:00 ] 192.168.0.107 /xuegaobang/api.php?_R=Modules&_M=Person&_C=Person&_A=notice&_time=1426231319&_hash=48e37944bac5193254c65a211268b67bc2779b0c
NOTIC: [8192] mysql_connect(): The mysql extension is deprecated and will be removed in the future: use mysqli or PDO instead /Users/haoli/Desktop/www/xuegaobang/ThinkPHP/Library/Think/Db/Driver/Mysql.class.php 第 52 行.
SQL: SHOW COLUMNS FROM `jdi_notice` [ RunTime:0.001392s ]
SQL: SELECT * FROM `jdi_notice` WHERE `uid` = 1 AND `status` > -1  [ RunTime:0.000218s ]

[ 2015-03-13T15:23:22+08:00 ] 192.168.0.107 /xuegaobang/api.php?_R=Modules&_M=Person&_C=Person&_A=notice&_time=1426231401&_hash=cce1db7911dc5044aee5da7bc1ec5508abbfd784
NOTIC: [8192] mysql_connect(): The mysql extension is deprecated and will be removed in the future: use mysqli or PDO instead /Users/haoli/Desktop/www/xuegaobang/ThinkPHP/Library/Think/Db/Driver/Mysql.class.php 第 52 行.
SQL: SHOW COLUMNS FROM `jdi_notice` [ RunTime:0.000897s ]
SQL: SELECT * FROM `jdi_notice` WHERE `uid` = 1 AND `status` > -1  [ RunTime:0.000218s ]

[ 2015-03-13T15:23:23+08:00 ] 192.168.0.107 /xuegaobang/api.php?_R=Modules&_M=Person&_C=Person&_A=notice&_time=1426231402&_hash=e07f84cc50646777415c0d6fdf28df9de6392ee6
NOTIC: [8192] mysql_connect(): The mysql extension is deprecated and will be removed in the future: use mysqli or PDO instead /Users/haoli/Desktop/www/xuegaobang/ThinkPHP/Library/Think/Db/Driver/Mysql.class.php 第 52 行.
SQL: SHOW COLUMNS FROM `jdi_notice` [ RunTime:0.001654s ]
SQL: SELECT * FROM `jdi_notice` WHERE `uid` = 1 AND `status` > -1  [ RunTime:0.000233s ]

[ 2015-03-13T15:23:23+08:00 ] 192.168.0.107 /xuegaobang/api.php?_R=Modules&_M=Person&_C=Person&_A=notice&_time=1426231403&_hash=1e6962b05ccb67087a2bf9735b26195c2467b5e3
NOTIC: [8192] mysql_connect(): The mysql extension is deprecated and will be removed in the future: use mysqli or PDO instead /Users/haoli/Desktop/www/xuegaobang/ThinkPHP/Library/Think/Db/Driver/Mysql.class.php 第 52 行.
SQL: SHOW COLUMNS FROM `jdi_notice` [ RunTime:0.001627s ]
SQL: SELECT * FROM `jdi_notice` WHERE `uid` = 1 AND `status` > -1  [ RunTime:0.000192s ]

[ 2015-03-13T15:23:24+08:00 ] 192.168.0.107 /xuegaobang/api.php?_R=Modules&_M=Person&_C=Person&_A=notice&_time=1426231404&_hash=012afef7921270be7f9948bd87178b0ce4a6c7e5
NOTIC: [8192] mysql_connect(): The mysql extension is deprecated and will be removed in the future: use mysqli or PDO instead /Users/haoli/Desktop/www/xuegaobang/ThinkPHP/Library/Think/Db/Driver/Mysql.class.php 第 52 行.
SQL: SHOW COLUMNS FROM `jdi_notice` [ RunTime:0.002110s ]
SQL: SELECT * FROM `jdi_notice` WHERE `uid` = 1 AND `status` > -1  [ RunTime:0.000228s ]

[ 2015-03-13T15:23:25+08:00 ] 192.168.0.107 /xuegaobang/api.php?_R=Modules&_M=Person&_C=Person&_A=notice&_time=1426231404&_hash=012afef7921270be7f9948bd87178b0ce4a6c7e5
NOTIC: [8192] mysql_connect(): The mysql extension is deprecated and will be removed in the future: use mysqli or PDO instead /Users/haoli/Desktop/www/xuegaobang/ThinkPHP/Library/Think/Db/Driver/Mysql.class.php 第 52 行.
SQL: SHOW COLUMNS FROM `jdi_notice` [ RunTime:0.001755s ]
SQL: SELECT * FROM `jdi_notice` WHERE `uid` = 1 AND `status` > -1  [ RunTime:0.000191s ]

[ 2015-03-13T15:23:40+08:00 ] 192.168.0.107 /xuegaobang/api.php?_R=Modules&_M=Person&_C=Person&_A=notice&_time=1426231420&_hash=1c1f2ae40be13bb27c91addd7e34e5497b5ec4fc
NOTIC: [8192] mysql_connect(): The mysql extension is deprecated and will be removed in the future: use mysqli or PDO instead /Users/haoli/Desktop/www/xuegaobang/ThinkPHP/Library/Think/Db/Driver/Mysql.class.php 第 52 行.
SQL: SHOW COLUMNS FROM `jdi_notice` [ RunTime:0.001044s ]
SQL: SELECT * FROM `jdi_notice` WHERE `uid` = 1 AND `status` > -1  [ RunTime:0.000184s ]

[ 2015-03-13T15:23:42+08:00 ] 192.168.0.107 /xuegaobang/api.php?_R=Modules&_M=Person&_C=Person&_A=notice&_time=1426231421&_hash=d6b02967330bbbe743a0e639a6f848915303323b
NOTIC: [8192] mysql_connect(): The mysql extension is deprecated and will be removed in the future: use mysqli or PDO instead /Users/haoli/Desktop/www/xuegaobang/ThinkPHP/Library/Think/Db/Driver/Mysql.class.php 第 52 行.
SQL: SHOW COLUMNS FROM `jdi_notice` [ RunTime:0.002196s ]
SQL: SELECT * FROM `jdi_notice` WHERE `uid` = 1 AND `status` > -1  [ RunTime:0.000209s ]

[ 2015-03-13T15:25:22+08:00 ] 192.168.0.107 /xuegaobang/api.php?_R=Modules&_M=Person&_C=Person&_A=notice&_time=1426231522&_hash=1563b92444ef62a36f93217bf3f1a62e3c8b3d93
NOTIC: [8192] mysql_connect(): The mysql extension is deprecated and will be removed in the future: use mysqli or PDO instead /Users/haoli/Desktop/www/xuegaobang/ThinkPHP/Library/Think/Db/Driver/Mysql.class.php 第 52 行.
SQL: SHOW COLUMNS FROM `jdi_notice` [ RunTime:0.100955s ]
SQL: SELECT * FROM `jdi_notice` WHERE `uid` = 44 AND `status` > -1  [ RunTime:0.000467s ]

[ 2015-03-13T15:39:46+08:00 ] 192.168.0.107 /xuegaobang/api.php?_R=Modules&_M=Person&_C=Person&_A=notice&_time=1426232386&_hash=2a507f8cecb7d4dcdd1b8beb72b69ddddffa0630
NOTIC: [8192] mysql_connect(): The mysql extension is deprecated and will be removed in the future: use mysqli or PDO instead /Users/haoli/Desktop/www/xuegaobang/ThinkPHP/Library/Think/Db/Driver/Mysql.class.php 第 52 行.
SQL: SHOW COLUMNS FROM `jdi_notice` [ RunTime:0.001095s ]
SQL: SELECT * FROM `jdi_notice` WHERE `uid` = 44 AND `status` > -1  [ RunTime:0.000191s ]

[ 2015-03-13T15:39:48+08:00 ] 192.168.0.107 /xuegaobang/api.php?_R=Modules&_M=Person&_C=Person&_A=notice&_time=1426232388&_hash=b9977f9acd83e566bba6d672ae2b2f307ae7d80e
NOTIC: [8192] mysql_connect(): The mysql extension is deprecated and will be removed in the future: use mysqli or PDO instead /Users/haoli/Desktop/www/xuegaobang/ThinkPHP/Library/Think/Db/Driver/Mysql.class.php 第 52 行.
SQL: SHOW COLUMNS FROM `jdi_notice` [ RunTime:0.001582s ]
SQL: SELECT * FROM `jdi_notice` WHERE `uid` = 44 AND `status` > -1  [ RunTime:0.000204s ]

[ 2015-03-13T15:39:49+08:00 ] 192.168.0.107 /xuegaobang/api.php?_R=Modules&_M=Person&_C=Person&_A=notice&_time=1426232389&_hash=a61721d0f95db13c78cf3f59da6bbd2b589a8ef7
NOTIC: [8192] mysql_connect(): The mysql extension is deprecated and will be removed in the future: use mysqli or PDO instead /Users/haoli/Desktop/www/xuegaobang/ThinkPHP/Library/Think/Db/Driver/Mysql.class.php 第 52 行.
SQL: SHOW COLUMNS FROM `jdi_notice` [ RunTime:0.001424s ]
SQL: SELECT * FROM `jdi_notice` WHERE `uid` = 44 AND `status` > -1  [ RunTime:0.000210s ]

